tracks {
  binding: IS_VISIBLE
  targetid: 520033
  targetname: "Loader"
  keytimes {
    datatype: AE_INT_DATA
    timeOffset: 0
    inttype: AE_INTERP_HOLD
    ivalue1: 1
  }
}
tracks {
  binding: POSITION
  targetid: 520033
  targetname: "Loader"
  keytimes {
    datatype: AE_FLOAT_VECTOR_DATA
    timeOffset: 0
    inttype: AE_INTERP_LINEAR
    fvalue1: 59
    fvalue2: -141
    fvalue3: 0
  }
  keytimes {
    datatype: AE_FLOAT_VECTOR_DATA
    timeOffset: 1
    inttype: AE_INTERP_LINEAR
    fvalue1: 59
    fvalue2: -141
    fvalue3: 0
  }
  keytimes {
    datatype: AE_FLOAT_VECTOR_DATA
    timeOffset: 1.01666
    inttype: AE_INTERP_LINEAR
    fvalue1: 59
    fvalue2: -137.5685
    fvalue3: 0
    isCookedKeytime: true
  }
  keytimes {
    datatype: AE_FLOAT_VECTOR_DATA
    timeOffset: 1.03332
    inttype: AE_INTERP_LINEAR
    fvalue1: 59
    fvalue2: -121.4442
    fvalue3: 0
    isCookedKeytime: true
  }
  keytimes {
    datatype: AE_FLOAT_VECTOR_DATA
    timeOffset: 1.0499799
    inttype: AE_INTERP_LINEAR
    fvalue1: 59
    fvalue2: -77.395515
    fvalue3: 0
    isCookedKeytime: true
  }
  keytimes {
    datatype: AE_FLOAT_VECTOR_DATA
    timeOffset: 1.0666399
    inttype: AE_INTERP_LINEAR
    fvalue1: 59
    fvalue2: -31.909769
    fvalue3: 0
    isCookedKeytime: true
  }
  keytimes {
    datatype: AE_FLOAT_VECTOR_DATA
    timeOffset: 1.0832999
    inttype: AE_INTERP_LINEAR
    fvalue1: 59
    fvalue2: -4.0669985
    fvalue3: 0
    isCookedKeytime: true
  }
  keytimes {
    datatype: AE_FLOAT_VECTOR_DATA
    timeOffset: 1.0999599
    inttype: AE_INTERP_LINEAR
    fvalue1: 59
    fvalue2: 14.267392
    fvalue3: 0
    isCookedKeytime: true
  }
  keytimes {
    datatype: AE_FLOAT_VECTOR_DATA
    timeOffset: 1.1166198
    inttype: AE_INTERP_LINEAR
    fvalue1: 59
    fvalue2: 27.248093
    fvalue3: 0
    isCookedKeytime: true
  }
  keytimes {
    datatype: AE_FLOAT_VECTOR_DATA
    timeOffset: 1.1332798
    inttype: AE_INTERP_LINEAR
    fvalue1: 59
    fvalue2: 36.792767
    fvalue3: 0
    isCookedKeytime: true
  }
  keytimes {
    datatype: AE_FLOAT_VECTOR_DATA
    timeOffset: 1.1499398
    inttype: AE_INTERP_LINEAR
    fvalue1: 59
    fvalue2: 43.897278
    fvalue3: 0
    isCookedKeytime: true
  }
  keytimes {
    datatype: AE_FLOAT_VECTOR_DATA
    timeOffset: 1.1665998
    inttype: AE_INTERP_LINEAR
    fvalue1: 59
    fvalue2: 49.203976
    fvalue3: 0
    isCookedKeytime: true
  }
  keytimes {
    datatype: AE_FLOAT_VECTOR_DATA
    timeOffset: 1.1832597
    inttype: AE_INTERP_LINEAR
    fvalue1: 59
    fvalue2: 53.1024
    fvalue3: 0
    isCookedKeytime: true
  }
  keytimes {
    datatype: AE_FLOAT_VECTOR_DATA
    timeOffset: 1.1999197
    inttype: AE_INTERP_LINEAR
    fvalue1: 59
    fvalue2: 55.854336
    fvalue3: 0
    isCookedKeytime: true
  }
  keytimes {
    datatype: AE_FLOAT_VECTOR_DATA
    timeOffset: 1.2165797
    inttype: AE_INTERP_LINEAR
    fvalue1: 59
    fvalue2: 57.661407
    fvalue3: 0
    isCookedKeytime: true
  }
  keytimes {
    datatype: AE_FLOAT_VECTOR_DATA
    timeOffset: 1.2332397
    inttype: AE_INTERP_LINEAR
    fvalue1: 59
    fvalue2: 58.674816
    fvalue3: 0
    isCookedKeytime: true
  }
  keytimes {
    datatype: AE_FLOAT_VECTOR_DATA
    timeOffset: 1.2498996
    inttype: AE_INTERP_LINEAR
    fvalue1: 59
    fvalue2: 58.999752
    fvalue3: 0
    isCookedKeytime: true
  }
  keytimes {
    datatype: AE_FLOAT_VECTOR_DATA
    timeOffset: 1.25
    inttype: AE_INTERP_LINEAR
    fvalue1: 59
    fvalue2: 59
    fvalue3: 0
  }
  keytimes {
    datatype: AE_FLOAT_VECTOR_DATA
    timeOffset: 1.26666
    inttype: AE_INTERP_LINEAR
    fvalue1: 59
    fvalue2: 59
    fvalue3: 0
    isCookedKeytime: true
  }
  keytimes {
    datatype: AE_FLOAT_VECTOR_DATA
    timeOffset: 1.28332
    inttype: AE_INTERP_LINEAR
    fvalue1: 59
    fvalue2: 59
    fvalue3: 0
    isCookedKeytime: true
  }
  keytimes {
    datatype: AE_FLOAT_VECTOR_DATA
    timeOffset: 1.2999799
    inttype: AE_INTERP_LINEAR
    fvalue1: 59
    fvalue2: 59
    fvalue3: 0
    isCookedKeytime: true
  }
  keytimes {
    datatype: AE_FLOAT_VECTOR_DATA
    timeOffset: 1.3166399
    inttype: AE_INTERP_LINEAR
    fvalue1: 59
    fvalue2: 59
    fvalue3: 0
    isCookedKeytime: true
  }
  keytimes {
    datatype: AE_FLOAT_VECTOR_DATA
    timeOffset: 1.3332999
    inttype: AE_INTERP_LINEAR
    fvalue1: 59
    fvalue2: 59
    fvalue3: 0
    isCookedKeytime: true
  }
  keytimes {
    datatype: AE_FLOAT_VECTOR_DATA
    timeOffset: 1.3499599
    inttype: AE_INTERP_LINEAR
    fvalue1: 59
    fvalue2: 59
    fvalue3: 0
    isCookedKeytime: true
  }
  keytimes {
    datatype: AE_FLOAT_VECTOR_DATA
    timeOffset: 1.3666198
    inttype: AE_INTERP_LINEAR
    fvalue1: 59
    fvalue2: 59
    fvalue3: 0
    isCookedKeytime: true
  }
  keytimes {
    datatype: AE_FLOAT_VECTOR_DATA
    timeOffset: 1.3832798
    inttype: AE_INTERP_LINEAR
    fvalue1: 59
    fvalue2: 59
    fvalue3: 0
    isCookedKeytime: true
  }
  keytimes {
    datatype: AE_FLOAT_VECTOR_DATA
    timeOffset: 1.3999398
    inttype: AE_INTERP_LINEAR
    fvalue1: 59
    fvalue2: 59
    fvalue3: 0
    isCookedKeytime: true
  }
  keytimes {
    datatype: AE_FLOAT_VECTOR_DATA
    timeOffset: 1.4165998
    inttype: AE_INTERP_LINEAR
    fvalue1: 59
    fvalue2: 59
    fvalue3: 0
    isCookedKeytime: true
  }
  keytimes {
    datatype: AE_FLOAT_VECTOR_DATA
    timeOffset: 1.4332597
    inttype: AE_INTERP_LINEAR
    fvalue1: 59
    fvalue2: 59
    fvalue3: 0
    isCookedKeytime: true
  }
  keytimes {
    datatype: AE_FLOAT_VECTOR_DATA
    timeOffset: 1.4499197
    inttype: AE_INTERP_LINEAR
    fvalue1: 59
    fvalue2: 59
    fvalue3: 0
    isCookedKeytime: true
  }
  keytimes {
    datatype: AE_FLOAT_VECTOR_DATA
    timeOffset: 1.4665797
    inttype: AE_INTERP_LINEAR
    fvalue1: 59
    fvalue2: 59
    fvalue3: 0
    isCookedKeytime: true
  }
  keytimes {
    datatype: AE_FLOAT_VECTOR_DATA
    timeOffset: 1.4832397
    inttype: AE_INTERP_LINEAR
    fvalue1: 59
    fvalue2: 59
    fvalue3: 0
    isCookedKeytime: true
  }
  keytimes {
    datatype: AE_FLOAT_VECTOR_DATA
    timeOffset: 1.4998996
    inttype: AE_INTERP_LINEAR
    fvalue1: 59
    fvalue2: 59
    fvalue3: 0
    isCookedKeytime: true
  }
  keytimes {
    datatype: AE_FLOAT_VECTOR_DATA
    timeOffset: 1.5165596
    inttype: AE_INTERP_LINEAR
    fvalue1: 59
    fvalue2: 59
    fvalue3: 0
    isCookedKeytime: true
  }
  keytimes {
    datatype: AE_FLOAT_VECTOR_DATA
    timeOffset: 1.5332196
    inttype: AE_INTERP_LINEAR
    fvalue1: 59
    fvalue2: 59
    fvalue3: 0
    isCookedKeytime: true
  }
  keytimes {
    datatype: AE_FLOAT_VECTOR_DATA
    timeOffset: 1.5498796
    inttype: AE_INTERP_LINEAR
    fvalue1: 59
    fvalue2: 59
    fvalue3: 0
    isCookedKeytime: true
  }
  keytimes {
    datatype: AE_FLOAT_VECTOR_DATA
    timeOffset: 1.5665395
    inttype: AE_INTERP_LINEAR
    fvalue1: 59
    fvalue2: 59
    fvalue3: 0
    isCookedKeytime: true
  }
  keytimes {
    datatype: AE_FLOAT_VECTOR_DATA
    timeOffset: 1.5831995
    inttype: AE_INTERP_LINEAR
    fvalue1: 59
    fvalue2: 59
    fvalue3: 0
    isCookedKeytime: true
  }
  keytimes {
    datatype: AE_FLOAT_VECTOR_DATA
    timeOffset: 1.5998595
    inttype: AE_INTERP_LINEAR
    fvalue1: 59
    fvalue2: 59
    fvalue3: 0
    isCookedKeytime: true
  }
  keytimes {
    datatype: AE_FLOAT_VECTOR_DATA
    timeOffset: 1.6165195
    inttype: AE_INTERP_LINEAR
    fvalue1: 59
    fvalue2: 59
    fvalue3: 0
    isCookedKeytime: true
  }
  keytimes {
    datatype: AE_FLOAT_VECTOR_DATA
    timeOffset: 1.6331794
    inttype: AE_INTERP_LINEAR
    fvalue1: 59
    fvalue2: 59
    fvalue3: 0
    isCookedKeytime: true
  }
  keytimes {
    datatype: AE_FLOAT_VECTOR_DATA
    timeOffset: 1.6498394
    inttype: AE_INTERP_LINEAR
    fvalue1: 59
    fvalue2: 59
    fvalue3: 0
    isCookedKeytime: true
  }
  keytimes {
    datatype: AE_FLOAT_VECTOR_DATA
    timeOffset: 1.6664994
    inttype: AE_INTERP_LINEAR
    fvalue1: 59
    fvalue2: 59
    fvalue3: 0
    isCookedKeytime: true
  }
  keytimes {
    datatype: AE_FLOAT_VECTOR_DATA
    timeOffset: 1.6831594
    inttype: AE_INTERP_LINEAR
    fvalue1: 59
    fvalue2: 59
    fvalue3: 0
    isCookedKeytime: true
  }
  keytimes {
    datatype: AE_FLOAT_VECTOR_DATA
    timeOffset: 1.6998193
    inttype: AE_INTERP_LINEAR
    fvalue1: 59
    fvalue2: 59
    fvalue3: 0
    isCookedKeytime: true
  }
  keytimes {
    datatype: AE_FLOAT_VECTOR_DATA
    timeOffset: 1.7164793
    inttype: AE_INTERP_LINEAR
    fvalue1: 59
    fvalue2: 59
    fvalue3: 0
    isCookedKeytime: true
  }
  keytimes {
    datatype: AE_FLOAT_VECTOR_DATA
    timeOffset: 1.7331393
    inttype: AE_INTERP_LINEAR
    fvalue1: 59
    fvalue2: 59
    fvalue3: 0
    isCookedKeytime: true
  }
  keytimes {
    datatype: AE_FLOAT_VECTOR_DATA
    timeOffset: 1.7497993
    inttype: AE_INTERP_LINEAR
    fvalue1: 59
    fvalue2: 59
    fvalue3: 0
    isCookedKeytime: true
  }
  keytimes {
    datatype: AE_FLOAT_VECTOR_DATA
    timeOffset: 1.7664592
    inttype: AE_INTERP_LINEAR
    fvalue1: 59
    fvalue2: 59
    fvalue3: 0
    isCookedKeytime: true
  }
  keytimes {
    datatype: AE_FLOAT_VECTOR_DATA
    timeOffset: 1.7831192
    inttype: AE_INTERP_LINEAR
    fvalue1: 59
    fvalue2: 59
    fvalue3: 0
    isCookedKeytime: true
  }
  keytimes {
    datatype: AE_FLOAT_VECTOR_DATA
    timeOffset: 1.7997792
    inttype: AE_INTERP_LINEAR
    fvalue1: 59
    fvalue2: 59
    fvalue3: 0
    isCookedKeytime: true
  }
  keytimes {
    datatype: AE_FLOAT_VECTOR_DATA
    timeOffset: 1.8164392
    inttype: AE_INTERP_LINEAR
    fvalue1: 59
    fvalue2: 59
    fvalue3: 0
    isCookedKeytime: true
  }
  keytimes {
    datatype: AE_FLOAT_VECTOR_DATA
    timeOffset: 1.8330991
    inttype: AE_INTERP_LINEAR
    fvalue1: 59
    fvalue2: 59
    fvalue3: 0
    isCookedKeytime: true
  }
  keytimes {
    datatype: AE_FLOAT_VECTOR_DATA
    timeOffset: 1.8497591
    inttype: AE_INTERP_LINEAR
    fvalue1: 59
    fvalue2: 59
    fvalue3: 0
    isCookedKeytime: true
  }
  keytimes {
    datatype: AE_FLOAT_VECTOR_DATA
    timeOffset: 1.8664191
    inttype: AE_INTERP_LINEAR
    fvalue1: 59
    fvalue2: 59
    fvalue3: 0
    isCookedKeytime: true
  }
  keytimes {
    datatype: AE_FLOAT_VECTOR_DATA
    timeOffset: 1.8830791
    inttype: AE_INTERP_LINEAR
    fvalue1: 59
    fvalue2: 59
    fvalue3: 0
    isCookedKeytime: true
  }
  keytimes {
    datatype: AE_FLOAT_VECTOR_DATA
    timeOffset: 1.899739
    inttype: AE_INTERP_LINEAR
    fvalue1: 59
    fvalue2: 59
    fvalue3: 0
    isCookedKeytime: true
  }
  keytimes {
    datatype: AE_FLOAT_VECTOR_DATA
    timeOffset: 1.916399
    inttype: AE_INTERP_LINEAR
    fvalue1: 59
    fvalue2: 59
    fvalue3: 0
    isCookedKeytime: true
  }
  keytimes {
    datatype: AE_FLOAT_VECTOR_DATA
    timeOffset: 1.933059
    inttype: AE_INTERP_LINEAR
    fvalue1: 59
    fvalue2: 59
    fvalue3: 0
    isCookedKeytime: true
  }
  keytimes {
    datatype: AE_FLOAT_VECTOR_DATA
    timeOffset: 1.949719
    inttype: AE_INTERP_LINEAR
    fvalue1: 59
    fvalue2: 59
    fvalue3: 0
    isCookedKeytime: true
  }
  keytimes {
    datatype: AE_FLOAT_VECTOR_DATA
    timeOffset: 1.9663789
    inttype: AE_INTERP_LINEAR
    fvalue1: 59
    fvalue2: 59
    fvalue3: 0
    isCookedKeytime: true
  }
  keytimes {
    datatype: AE_FLOAT_VECTOR_DATA
    timeOffset: 1.9830389
    inttype: AE_INTERP_LINEAR
    fvalue1: 59
    fvalue2: 59
    fvalue3: 0
    isCookedKeytime: true
  }
  keytimes {
    datatype: AE_FLOAT_VECTOR_DATA
    timeOffset: 1.9996989
    inttype: AE_INTERP_LINEAR
    fvalue1: 59
    fvalue2: 59
    fvalue3: 0
    isCookedKeytime: true
  }
  keytimes {
    datatype: AE_FLOAT_VECTOR_DATA
    timeOffset: 2.0163589
    inttype: AE_INTERP_LINEAR
    fvalue1: 59
    fvalue2: 59
    fvalue3: 0
    isCookedKeytime: true
  }
  keytimes {
    datatype: AE_FLOAT_VECTOR_DATA
    timeOffset: 2.0330188
    inttype: AE_INTERP_LINEAR
    fvalue1: 59
    fvalue2: 59
    fvalue3: 0
    isCookedKeytime: true
  }
  keytimes {
    datatype: AE_FLOAT_VECTOR_DATA
    timeOffset: 2.0496788
    inttype: AE_INTERP_LINEAR
    fvalue1: 59
    fvalue2: 59
    fvalue3: 0
    isCookedKeytime: true
  }
  keytimes {
    datatype: AE_FLOAT_VECTOR_DATA
    timeOffset: 2.0663388
    inttype: AE_INTERP_LINEAR
    fvalue1: 59
    fvalue2: 59
    fvalue3: 0
    isCookedKeytime: true
  }
  keytimes {
    datatype: AE_FLOAT_VECTOR_DATA
    timeOffset: 2.0829988
    inttype: AE_INTERP_LINEAR
    fvalue1: 59
    fvalue2: 59
    fvalue3: 0
    isCookedKeytime: true
  }
  keytimes {
    datatype: AE_FLOAT_VECTOR_DATA
    timeOffset: 2.0996587
    inttype: AE_INTERP_LINEAR
    fvalue1: 59
    fvalue2: 59
    fvalue3: 0
    isCookedKeytime: true
  }
  keytimes {
    datatype: AE_FLOAT_VECTOR_DATA
    timeOffset: 2.1163187
    inttype: AE_INTERP_LINEAR
    fvalue1: 59
    fvalue2: 59
    fvalue3: 0
    isCookedKeytime: true
  }
  keytimes {
    datatype: AE_FLOAT_VECTOR_DATA
    timeOffset: 2.1329787
    inttype: AE_INTERP_LINEAR
    fvalue1: 59
    fvalue2: 59
    fvalue3: 0
    isCookedKeytime: true
  }
  keytimes {
    datatype: AE_FLOAT_VECTOR_DATA
    timeOffset: 2.1496387
    inttype: AE_INTERP_LINEAR
    fvalue1: 59
    fvalue2: 59
    fvalue3: 0
    isCookedKeytime: true
  }
  keytimes {
    datatype: AE_FLOAT_VECTOR_DATA
    timeOffset: 2.1662986
    inttype: AE_INTERP_LINEAR
    fvalue1: 59
    fvalue2: 59
    fvalue3: 0
    isCookedKeytime: true
  }
  keytimes {
    datatype: AE_FLOAT_VECTOR_DATA
    timeOffset: 2.1829586
    inttype: AE_INTERP_LINEAR
    fvalue1: 59
    fvalue2: 59
    fvalue3: 0
    isCookedKeytime: true
  }
  keytimes {
    datatype: AE_FLOAT_VECTOR_DATA
    timeOffset: 2.1996186
    inttype: AE_INTERP_LINEAR
    fvalue1: 59
    fvalue2: 59
    fvalue3: 0
    isCookedKeytime: true
  }
  keytimes {
    datatype: AE_FLOAT_VECTOR_DATA
    timeOffset: 2.2162786
    inttype: AE_INTERP_LINEAR
    fvalue1: 59
    fvalue2: 59
    fvalue3: 0
    isCookedKeytime: true
  }
  keytimes {
    datatype: AE_FLOAT_VECTOR_DATA
    timeOffset: 2.2329385
    inttype: AE_INTERP_LINEAR
    fvalue1: 59
    fvalue2: 59
    fvalue3: 0
    isCookedKeytime: true
  }
  keytimes {
    datatype: AE_FLOAT_VECTOR_DATA
    timeOffset: 2.2495985
    inttype: AE_INTERP_LINEAR
    fvalue1: 59
    fvalue2: 59
    fvalue3: 0
    isCookedKeytime: true
  }
  keytimes {
    datatype: AE_FLOAT_VECTOR_DATA
    timeOffset: 2.2662585
    inttype: AE_INTERP_LINEAR
    fvalue1: 59
    fvalue2: 59
    fvalue3: 0
    isCookedKeytime: true
  }
  keytimes {
    datatype: AE_FLOAT_VECTOR_DATA
    timeOffset: 2.2829185
    inttype: AE_INTERP_LINEAR
    fvalue1: 59
    fvalue2: 59
    fvalue3: 0
    isCookedKeytime: true
  }
  keytimes {
    datatype: AE_FLOAT_VECTOR_DATA
    timeOffset: 2.2995784
    inttype: AE_INTERP_LINEAR
    fvalue1: 59
    fvalue2: 59
    fvalue3: 0
    isCookedKeytime: true
  }
  keytimes {
    datatype: AE_FLOAT_VECTOR_DATA
    timeOffset: 2.3162384
    inttype: AE_INTERP_LINEAR
    fvalue1: 59
    fvalue2: 59
    fvalue3: 0
    isCookedKeytime: true
  }
  keytimes {
    datatype: AE_FLOAT_VECTOR_DATA
    timeOffset: 2.3328984
    inttype: AE_INTERP_LINEAR
    fvalue1: 59
    fvalue2: 59
    fvalue3: 0
    isCookedKeytime: true
  }
  keytimes {
    datatype: AE_FLOAT_VECTOR_DATA
    timeOffset: 2.3495584
    inttype: AE_INTERP_LINEAR
    fvalue1: 59
    fvalue2: 59
    fvalue3: 0
    isCookedKeytime: true
  }
  keytimes {
    datatype: AE_FLOAT_VECTOR_DATA
    timeOffset: 2.3662183
    inttype: AE_INTERP_LINEAR
    fvalue1: 59
    fvalue2: 59
    fvalue3: 0
    isCookedKeytime: true
  }
  keytimes {
    datatype: AE_FLOAT_VECTOR_DATA
    timeOffset: 2.3828783
    inttype: AE_INTERP_LINEAR
    fvalue1: 59
    fvalue2: 59
    fvalue3: 0
    isCookedKeytime: true
  }
  keytimes {
    datatype: AE_FLOAT_VECTOR_DATA
    timeOffset: 2.3995383
    inttype: AE_INTERP_LINEAR
    fvalue1: 59
    fvalue2: 59
    fvalue3: 0
    isCookedKeytime: true
  }
  keytimes {
    datatype: AE_FLOAT_VECTOR_DATA
    timeOffset: 2.4161983
    inttype: AE_INTERP_LINEAR
    fvalue1: 59
    fvalue2: 59
    fvalue3: 0
    isCookedKeytime: true
  }
  keytimes {
    datatype: AE_FLOAT_VECTOR_DATA
    timeOffset: 2.4328582
    inttype: AE_INTERP_LINEAR
    fvalue1: 59
    fvalue2: 59
    fvalue3: 0
    isCookedKeytime: true
  }
  keytimes {
    datatype: AE_FLOAT_VECTOR_DATA
    timeOffset: 2.4495182
    inttype: AE_INTERP_LINEAR
    fvalue1: 59
    fvalue2: 59
    fvalue3: 0
    isCookedKeytime: true
  }
  keytimes {
    datatype: AE_FLOAT_VECTOR_DATA
    timeOffset: 2.4661782
    inttype: AE_INTERP_LINEAR
    fvalue1: 59
    fvalue2: 59
    fvalue3: 0
    isCookedKeytime: true
  }
  keytimes {
    datatype: AE_FLOAT_VECTOR_DATA
    timeOffset: 2.4828382
    inttype: AE_INTERP_LINEAR
    fvalue1: 59
    fvalue2: 59
    fvalue3: 0
    isCookedKeytime: true
  }
  keytimes {
    datatype: AE_FLOAT_VECTOR_DATA
    timeOffset: 2.4994981
    inttype: AE_INTERP_LINEAR
    fvalue1: 59
    fvalue2: 59
    fvalue3: 0
    isCookedKeytime: true
  }
  keytimes {
    datatype: AE_FLOAT_VECTOR_DATA
    timeOffset: 2.5161581
    inttype: AE_INTERP_LINEAR
    fvalue1: 59
    fvalue2: 59
    fvalue3: 0
    isCookedKeytime: true
  }
  keytimes {
    datatype: AE_FLOAT_VECTOR_DATA
    timeOffset: 2.5328181
    inttype: AE_INTERP_LINEAR
    fvalue1: 59
    fvalue2: 59
    fvalue3: 0
    isCookedKeytime: true
  }
  keytimes {
    datatype: AE_FLOAT_VECTOR_DATA
    timeOffset: 2.5494781
    inttype: AE_INTERP_LINEAR
    fvalue1: 59
    fvalue2: 59
    fvalue3: 0
    isCookedKeytime: true
  }
  keytimes {
    datatype: AE_FLOAT_VECTOR_DATA
    timeOffset: 2.566138
    inttype: AE_INTERP_LINEAR
    fvalue1: 59
    fvalue2: 59
    fvalue3: 0
    isCookedKeytime: true
  }
  keytimes {
    datatype: AE_FLOAT_VECTOR_DATA
    timeOffset: 2.582798
    inttype: AE_INTERP_LINEAR
    fvalue1: 59
    fvalue2: 59
    fvalue3: 0
    isCookedKeytime: true
  }
  keytimes {
    datatype: AE_FLOAT_VECTOR_DATA
    timeOffset: 2.599458
    inttype: AE_INTERP_LINEAR
    fvalue1: 59
    fvalue2: 59
    fvalue3: 0
    isCookedKeytime: true
  }
  keytimes {
    datatype: AE_FLOAT_VECTOR_DATA
    timeOffset: 2.616118
    inttype: AE_INTERP_LINEAR
    fvalue1: 59
    fvalue2: 59
    fvalue3: 0
    isCookedKeytime: true
  }
  keytimes {
    datatype: AE_FLOAT_VECTOR_DATA
    timeOffset: 2.6327779
    inttype: AE_INTERP_LINEAR
    fvalue1: 59
    fvalue2: 59
    fvalue3: 0
    isCookedKeytime: true
  }
  keytimes {
    datatype: AE_FLOAT_VECTOR_DATA
    timeOffset: 2.6494379
    inttype: AE_INTERP_LINEAR
    fvalue1: 59
    fvalue2: 59
    fvalue3: 0
    isCookedKeytime: true
  }
  keytimes {
    datatype: AE_FLOAT_VECTOR_DATA
    timeOffset: 2.6660979
    inttype: AE_INTERP_LINEAR
    fvalue1: 59
    fvalue2: 59
    fvalue3: 0
    isCookedKeytime: true
  }
  keytimes {
    datatype: AE_FLOAT_VECTOR_DATA
    timeOffset: 2.6827579
    inttype: AE_INTERP_LINEAR
    fvalue1: 59
    fvalue2: 59
    fvalue3: 0
    isCookedKeytime: true
  }
  keytimes {
    datatype: AE_FLOAT_VECTOR_DATA
    timeOffset: 2.6994178
    inttype: AE_INTERP_LINEAR
    fvalue1: 59
    fvalue2: 59
    fvalue3: 0
    isCookedKeytime: true
  }
  keytimes {
    datatype: AE_FLOAT_VECTOR_DATA
    timeOffset: 2.7160778
    inttype: AE_INTERP_LINEAR
    fvalue1: 59
    fvalue2: 59
    fvalue3: 0
    isCookedKeytime: true
  }
  keytimes {
    datatype: AE_FLOAT_VECTOR_DATA
    timeOffset: 2.7327378
    inttype: AE_INTERP_LINEAR
    fvalue1: 59
    fvalue2: 59
    fvalue3: 0
    isCookedKeytime: true
  }
  keytimes {
    datatype: AE_FLOAT_VECTOR_DATA
    timeOffset: 2.7493978
    inttype: AE_INTERP_LINEAR
    fvalue1: 59
    fvalue2: 59
    fvalue3: 0
    isCookedKeytime: true
  }
  keytimes {
    datatype: AE_FLOAT_VECTOR_DATA
    timeOffset: 2.7660577
    inttype: AE_INTERP_LINEAR
    fvalue1: 59
    fvalue2: 59
    fvalue3: 0
    isCookedKeytime: true
  }
  keytimes {
    datatype: AE_FLOAT_VECTOR_DATA
    timeOffset: 2.7827177
    inttype: AE_INTERP_LINEAR
    fvalue1: 59
    fvalue2: 59
    fvalue3: 0
    isCookedKeytime: true
  }
  keytimes {
    datatype: AE_FLOAT_VECTOR_DATA
    timeOffset: 2.7993777
    inttype: AE_INTERP_LINEAR
    fvalue1: 59
    fvalue2: 59
    fvalue3: 0
    isCookedKeytime: true
  }
  keytimes {
    datatype: AE_FLOAT_VECTOR_DATA
    timeOffset: 2.8160377
    inttype: AE_INTERP_LINEAR
    fvalue1: 59
    fvalue2: 59
    fvalue3: 0
    isCookedKeytime: true
  }
  keytimes {
    datatype: AE_FLOAT_VECTOR_DATA
    timeOffset: 2.8326976
    inttype: AE_INTERP_LINEAR
    fvalue1: 59
    fvalue2: 59
    fvalue3: 0
    isCookedKeytime: true
  }
  keytimes {
    datatype: AE_FLOAT_VECTOR_DATA
    timeOffset: 2.8493576
    inttype: AE_INTERP_LINEAR
    fvalue1: 59
    fvalue2: 59
    fvalue3: 0
    isCookedKeytime: true
  }
  keytimes {
    datatype: AE_FLOAT_VECTOR_DATA
    timeOffset: 2.8660176
    inttype: AE_INTERP_LINEAR
    fvalue1: 59
    fvalue2: 59
    fvalue3: 0
    isCookedKeytime: true
  }
  keytimes {
    datatype: AE_FLOAT_VECTOR_DATA
    timeOffset: 2.8826776
    inttype: AE_INTERP_LINEAR
    fvalue1: 59
    fvalue2: 59
    fvalue3: 0
    isCookedKeytime: true
  }
  keytimes {
    datatype: AE_FLOAT_VECTOR_DATA
    timeOffset: 2.8993375
    inttype: AE_INTERP_LINEAR
    fvalue1: 59
    fvalue2: 59
    fvalue3: 0
    isCookedKeytime: true
  }
  keytimes {
    datatype: AE_FLOAT_VECTOR_DATA
    timeOffset: 2.9159975
    inttype: AE_INTERP_LINEAR
    fvalue1: 59
    fvalue2: 59
    fvalue3: 0
    isCookedKeytime: true
  }
  keytimes {
    datatype: AE_FLOAT_VECTOR_DATA
    timeOffset: 2.9326575
    inttype: AE_INTERP_LINEAR
    fvalue1: 59
    fvalue2: 59
    fvalue3: 0
    isCookedKeytime: true
  }
  keytimes {
    datatype: AE_FLOAT_VECTOR_DATA
    timeOffset: 2.9493175
    inttype: AE_INTERP_LINEAR
    fvalue1: 59
    fvalue2: 59
    fvalue3: 0
    isCookedKeytime: true
  }
  keytimes {
    datatype: AE_FLOAT_VECTOR_DATA
    timeOffset: 2.9659774
    inttype: AE_INTERP_LINEAR
    fvalue1: 59
    fvalue2: 59
    fvalue3: 0
    isCookedKeytime: true
  }
  keytimes {
    datatype: AE_FLOAT_VECTOR_DATA
    timeOffset: 2.9826374
    inttype: AE_INTERP_LINEAR
    fvalue1: 59
    fvalue2: 59
    fvalue3: 0
    isCookedKeytime: true
  }
  keytimes {
    datatype: AE_FLOAT_VECTOR_DATA
    timeOffset: 2.9992974
    inttype: AE_INTERP_LINEAR
    fvalue1: 59
    fvalue2: 59
    fvalue3: 0
    isCookedKeytime: true
  }
  keytimes {
    datatype: AE_FLOAT_VECTOR_DATA
    timeOffset: 3
    inttype: AE_INTERP_LINEAR
    fvalue1: 59
    fvalue2: 59
    fvalue3: 0
  }
  keytimes {
    datatype: AE_FLOAT_VECTOR_DATA
    timeOffset: 3.01666
    inttype: AE_INTERP_LINEAR
    fvalue1: 59
    fvalue2: 58.693726
    fvalue3: 0
    isCookedKeytime: true
  }
  keytimes {
    datatype: AE_FLOAT_VECTOR_DATA
    timeOffset: 3.03332
    inttype: AE_INTERP_LINEAR
    fvalue1: 59
    fvalue2: 57.701794
    fvalue3: 0
    isCookedKeytime: true
  }
  keytimes {
    datatype: AE_FLOAT_VECTOR_DATA
    timeOffset: 3.04998
    inttype: AE_INTERP_LINEAR
    fvalue1: 59
    fvalue2: 55.919994
    fvalue3: 0
    isCookedKeytime: true
  }
  keytimes {
    datatype: AE_FLOAT_VECTOR_DATA
    timeOffset: 3.06664
    inttype: AE_INTERP_LINEAR
    fvalue1: 59
    fvalue2: 53.198566
    fvalue3: 0
    isCookedKeytime: true
  }
  keytimes {
    datatype: AE_FLOAT_VECTOR_DATA
    timeOffset: 3.0832999
    inttype: AE_INTERP_LINEAR
    fvalue1: 59
    fvalue2: 49.338383
    fvalue3: 0
    isCookedKeytime: true
  }
  keytimes {
    datatype: AE_FLOAT_VECTOR_DATA
    timeOffset: 3.0999599
    inttype: AE_INTERP_LINEAR
    fvalue1: 59
    fvalue2: 44.079376
    fvalue3: 0
    isCookedKeytime: true
  }
  keytimes {
    datatype: AE_FLOAT_VECTOR_DATA
    timeOffset: 3.1166198
    inttype: AE_INTERP_LINEAR
    fvalue1: 59
    fvalue2: 37.03318
    fvalue3: 0
    isCookedKeytime: true
  }
  keytimes {
    datatype: AE_FLOAT_VECTOR_DATA
    timeOffset: 3.1332798
    inttype: AE_INTERP_LINEAR
    fvalue1: 59
    fvalue2: 27.570383
    fvalue3: 0
    isCookedKeytime: true
  }
  keytimes {
    datatype: AE_FLOAT_VECTOR_DATA
    timeOffset: 3.1499398
    inttype: AE_INTERP_LINEAR
    fvalue1: 59
    fvalue2: 14.715988
    fvalue3: 0
    isCookedKeytime: true
  }
  keytimes {
    datatype: AE_FLOAT_VECTOR_DATA
    timeOffset: 3.1665998
    inttype: AE_INTERP_LINEAR
    fvalue1: 59
    fvalue2: -3.4237821
    fvalue3: 0
    isCookedKeytime: true
  }
  keytimes {
    datatype: AE_FLOAT_VECTOR_DATA
    timeOffset: 3.1832597
    inttype: AE_INTERP_LINEAR
    fvalue1: 59
    fvalue2: -30.886789
    fvalue3: 0
    isCookedKeytime: true
  }
  keytimes {
    datatype: AE_FLOAT_VECTOR_DATA
    timeOffset: 3.1999197
    inttype: AE_INTERP_LINEAR
    fvalue1: 59
    fvalue2: -75.801712
    fvalue3: 0
    isCookedKeytime: true
  }
  keytimes {
    datatype: AE_FLOAT_VECTOR_DATA
    timeOffset: 3.2165797
    inttype: AE_INTERP_LINEAR
    fvalue1: 59
    fvalue2: -120.61828
    fvalue3: 0
    isCookedKeytime: true
  }
  keytimes {
    datatype: AE_FLOAT_VECTOR_DATA
    timeOffset: 3.2332397
    inttype: AE_INTERP_LINEAR
    fvalue1: 59
    fvalue2: -137.33208
    fvalue3: 0
    isCookedKeytime: true
  }
  keytimes {
    datatype: AE_FLOAT_VECTOR_DATA
    timeOffset: 3.2498996
    inttype: AE_INTERP_LINEAR
    fvalue1: 59
    fvalue2: -140.99774
    fvalue3: 0
    isCookedKeytime: true
  }
  keytimes {
    datatype: AE_FLOAT_VECTOR_DATA
    timeOffset: 3.25
    inttype: AE_INTERP_LINEAR
    fvalue1: 59
    fvalue2: -141
    fvalue3: 0
  }
  trackName: "Position"
}
tracks {
  binding: IS_VISIBLE
  targetid: 520034
  targetname: "ScalePropTopLeftAnchor"
  keytimes {
    datatype: AE_INT_DATA
    timeOffset: 0
    inttype: AE_INTERP_HOLD
    ivalue1: 1
  }
}
markers {
  starttime: 1
  duration: 0.25
  name: "Show"
  tracksSelection {
    targetid: 520033
    binding: POSITION
  }
  alltracks: false
  looping: false
}
markers {
  starttime: 3
  duration: 0.25
  name: "Hide"
  tracksSelection {
    targetid: 520033
    binding: POSITION
  }
  alltracks: false
  looping: false
}
