activecomp {
  name: "Auryn_Container-Btn-Backdrop-Large"
  width: 1068
  height: 600
  defaultcameradistance: 1483.3334
  layer {
    name: "Btn-Backdrop-Large"
    id: 802
    sourceid: 128
    transform {
      anchorPoint {
        x: 534
        y: 300
        z: 0
      }
      scale {
        x: 1
        y: 1
        z: 1
      }
      position {
        x: 534
        y: 300
        z: 0
      }
      orientation {
        x: 0
        y: 0
        z: 0
      }
      rotationX: 0
      rotationY: 0
      rotationZ: 0
      opacity: 1
    }
    acceptsshadows: true
    acceptslights: true
    castsshadows: false
  }
  bgcolor {
    alpha: 1
    red: 0.086274509803921567
    green: 0.11372549019607843
    blue: 0.14509803921568629
  }
  childtemplates: "Auryn_Btn-Backdrop-Large"
}
sources {
  uid: 128
  srctype: AE_COMP_SRC
  name: "Auryn_Btn-Backdrop-Large.layout"
  width: 1068
  height: 600
  copy_source: true
}
