activecomp {
  name: "Auryn_Btn-Nav-Discover"
  width: 200
  height: 60
  defaultcameradistance: 277.77777
  layer {
    name: "Red Solid 23"
    id: 521
    sourceid: 520050
    transform {
      anchorPoint {
        x: 100
        y: 2
        z: 0
      }
      scale {
        x: 1
        y: 1
        z: 1
      }
      position {
        x: 100
        y: 2
        z: 0
      }
      orientation {
        x: 0
        y: 0
        z: 0
      }
      rotationX: 0
      rotationY: 0
      rotationZ: 0
      opacity: 0
    }
    acceptsshadows: true
    acceptslights: true
    castsshadows: false
  }
  layer {
    name: "Red Solid 23"
    id: 522
    sourceid: 520050
    transform {
      anchorPoint {
        x: 100
        y: 2
        z: 0
      }
      scale {
        x: 1
        y: 1
        z: 1
      }
      position {
        x: 100
        y: 58
        z: 0
      }
      orientation {
        x: 0
        y: 0
        z: 0
      }
      rotationX: 0
      rotationY: 0
      rotationZ: 0
      opacity: 0
    }
    acceptsshadows: true
    acceptslights: true
    castsshadows: false
  }
  layer {
    name: "Red Solid 24"
    id: 523
    sourceid: 520055
    transform {
      anchorPoint {
        x: 2
        y: 30
        z: 0
      }
      scale {
        x: 1
        y: 1
        z: 1
      }
      position {
        x: 198
        y: 30
        z: 0
      }
      orientation {
        x: 0
        y: 0
        z: 0
      }
      rotationX: 0
      rotationY: 0
      rotationZ: 0
      opacity: 0
    }
    acceptsshadows: true
    acceptslights: true
    castsshadows: false
  }
  layer {
    name: "Red Solid 24"
    id: 524
    sourceid: 520055
    transform {
      anchorPoint {
        x: 2
        y: 30
        z: 0
      }
      scale {
        x: 1
        y: 1
        z: 1
      }
      position {
        x: 2
        y: 30
        z: 0
      }
      orientation {
        x: 0
        y: 0
        z: 0
      }
      rotationX: 0
      rotationY: 0
      rotationZ: 0
      opacity: 0
    }
    acceptsshadows: true
    acceptslights: true
    castsshadows: false
  }
  layer {
    name: "Deep Royal Blue Solid 15"
    id: 525
    sourceid: 520067
    transform {
      anchorPoint {
        x: 99
        y: 29
        z: 0
      }
      scale {
        x: 0.98
        y: 0.94
        z: 1
      }
      position {
        x: 100
        y: 30
        z: 0
      }
      orientation {
        x: 0
        y: 0
        z: 0
      }
      rotationX: 0
      rotationY: 0
      rotationZ: 0
      opacity: 0
    }
    acceptsshadows: true
    acceptslights: true
    castsshadows: false
  }
  layer {
    name: "DISCOVER"
    id: 526
    sourceid: -1
    transform {
      anchorPoint {
        x: 100
        y: 21.5
        z: 0
      }
      scale {
        x: 1
        y: 1
        z: 1
      }
      position {
        x: 99.159828
        y: 55.958118
        z: 0
      }
      orientation {
        x: 0
        y: 0
        z: 0
      }
      rotationX: 0
      rotationY: 0
      rotationZ: 0
      opacity: 0
    }
    acceptsshadows: true
    acceptslights: true
    castsshadows: false
    textinfo {
      justification: AE_TEXT_CENTER
      fontSize: 28
      fontColor {
        alpha: 1
        red: 1
        green: 1
        blue: 1
      }
      fontName: "Raleway-Black"
      isPointText: false
      boundsWidth: 200
      boundsHeight: 33
      isLabel: true
      text: "DISCOVER"
      multiline: true
      isAllCaps: false
    }
  }
  layer {
    name: "DISCOVER 2"
    id: 527
    sourceid: -1
    transform {
      anchorPoint {
        x: 100
        y: 21.5
        z: 0
      }
      scale {
        x: 1
        y: 1
        z: 1
      }
      position {
        x: 99.159828
        y: 40.958118
        z: 0
      }
      orientation {
        x: 0
        y: 0
        z: 0
      }
      rotationX: 0
      rotationY: 0
      rotationZ: 0
      opacity: 1
    }
    acceptsshadows: true
    acceptslights: true
    castsshadows: false
    textinfo {
      justification: AE_TEXT_CENTER
      fontSize: 28
      fontColor {
        alpha: 1
        red: 0.90587997436523438
        green: 0.20000000298023224
        blue: 0.23529000580310822
      }
      fontName: "Raleway-Medium"
      isPointText: false
      boundsWidth: 200
      boundsHeight: 33
      isLabel: true
      text: "DISCOVER"
      multiline: true
      isAllCaps: false
    }
  }
  classname: "CYIPushButtonView"
  bgcolor {
    alpha: 1
    red: 0.086274509803921567
    green: 0.11372549019607843
    blue: 0.14509803921568629
  }
  properties {
    key: "componentSubtype"
    value: "push"
  }
  properties {
    key: "componentType"
    value: "button"
  }
}
sources {
  uid: 520050
  srctype: AE_SOLID_SRC
  color {
    alpha: 1
    red: 0.90588235855102539
    green: 0.20000000298023224
    blue: 0.23529411852359772
  }
  width: 200
  height: 4
  copy_source: false
}
sources {
  uid: 520055
  srctype: AE_SOLID_SRC
  color {
    alpha: 1
    red: 0.90588235855102539
    green: 0.20000000298023224
    blue: 0.23529411852359772
  }
  width: 4
  height: 60
  copy_source: false
}
sources {
  uid: 520067
  srctype: AE_SOLID_SRC
  color {
    alpha: 1
    red: 0.054901961237192154
    green: 0.20784313976764679
    blue: 0.43921568989753723
  }
  width: 198
  height: 58
  copy_source: false
}
sources {
  uid: 4
  srctype: AE_FONT_SRC
  name: "Raleway-Black"
  copy_source: true
  file_name: "yi_Raleway-Black.ttf"
  style_name: "Black"
}
sources {
  uid: 5
  srctype: AE_FONT_SRC
  name: "Raleway-Medium"
  copy_source: true
  file_name: "yi_Raleway-Medium.ttf"
  style_name: "Medium"
}
