activecomp {
  name: "Auryn_Btn-Nav-Profile"
  width: 60
  height: 60
  defaultcameradistance: 83.333336
  layer {
    name: "Deep Royal Blue Solid 16"
    id: 604
    sourceid: 520094
    transform {
      anchorPoint {
        x: 28
        y: 28
        z: 0
      }
      scale {
        x: 0.98
        y: 0.94
        z: 1
      }
      position {
        x: 30
        y: 30
        z: 0
      }
      orientation {
        x: 0
        y: 0
        z: 0
      }
      rotationX: 0
      rotationY: 0
      rotationZ: 0
      opacity: 0
    }
    acceptsshadows: true
    acceptslights: true
    castsshadows: false
  }
  layer {
    name: "Red Solid 25"
    id: 605
    sourceid: 520096
    transform {
      anchorPoint {
        x: 30
        y: 2
        z: 0
      }
      scale {
        x: 1
        y: 1
        z: 1
      }
      position {
        x: 30
        y: 2
        z: 0
      }
      orientation {
        x: 0
        y: 0
        z: 0
      }
      rotationX: 0
      rotationY: 0
      rotationZ: 0
      opacity: 0
    }
    acceptsshadows: true
    acceptslights: true
    castsshadows: false
  }
  layer {
    name: "Red Solid 26"
    id: 606
    sourceid: 520098
    transform {
      anchorPoint {
        x: 30
        y: 2
        z: 0
      }
      scale {
        x: 1
        y: 1
        z: 1
      }
      position {
        x: 30
        y: 58
        z: 0
      }
      orientation {
        x: 0
        y: 0
        z: 0
      }
      rotationX: 0
      rotationY: 0
      rotationZ: 0
      opacity: 0
    }
    acceptsshadows: true
    acceptslights: true
    castsshadows: false
  }
  layer {
    name: "Red Solid 24"
    id: 607
    sourceid: 520055
    transform {
      anchorPoint {
        x: 2
        y: 30
        z: 0
      }
      scale {
        x: 1
        y: 1
        z: 1
      }
      position {
        x: 58
        y: 30
        z: 0
      }
      orientation {
        x: 0
        y: 0
        z: 0
      }
      rotationX: 0
      rotationY: 0
      rotationZ: 0
      opacity: 0
    }
    acceptsshadows: true
    acceptslights: true
    castsshadows: false
  }
  layer {
    name: "Red Solid 24"
    id: 608
    sourceid: 520055
    transform {
      anchorPoint {
        x: 2
        y: 30
        z: 0
      }
      scale {
        x: 1
        y: 1
        z: 1
      }
      position {
        x: 2
        y: 30
        z: 0
      }
      orientation {
        x: 0
        y: 0
        z: 0
      }
      rotationX: 0
      rotationY: 0
      rotationZ: 0
      opacity: 0
    }
    acceptsshadows: true
    acceptslights: true
    castsshadows: false
  }
  layer {
    name: "Icon-Profile-Active.png"
    id: 609
    sourceid: 979
    transform {
      anchorPoint {
        x: 15
        y: 19.5
        z: 0
      }
      scale {
        x: 1
        y: 1
        z: 1
      }
      position {
        x: 30.034828
        y: 30.95812
        z: 0
      }
      orientation {
        x: 0
        y: 0
        z: 0
      }
      rotationX: 0
      rotationY: 0
      rotationZ: 0
      opacity: 1
    }
    acceptsshadows: true
    acceptslights: true
    castsshadows: false
  }
  layer {
    name: "Icon-Profile.png"
    id: 610
    sourceid: 965
    transform {
      anchorPoint {
        x: 15
        y: 19.5
        z: 0
      }
      scale {
        x: 1
        y: 1
        z: 1
      }
      position {
        x: 30.034828
        y: 45.958118
        z: 0
      }
      orientation {
        x: 0
        y: 0
        z: 0
      }
      rotationX: 0
      rotationY: 0
      rotationZ: 0
      opacity: 0
    }
    acceptsshadows: true
    acceptslights: true
    castsshadows: false
  }
  classname: "CYIPushButtonView"
  bgcolor {
    alpha: 1
    red: 0.086274509803921567
    green: 0.11372549019607843
    blue: 0.14509803921568629
  }
  properties {
    key: "componentSubtype"
    value: "push"
  }
  properties {
    key: "componentType"
    value: "button"
  }
}
sources {
  uid: 520094
  srctype: AE_SOLID_SRC
  color {
    alpha: 1
    red: 0.054901961237192154
    green: 0.20784313976764679
    blue: 0.43921568989753723
  }
  width: 56
  height: 56
  copy_source: false
}
sources {
  uid: 520096
  srctype: AE_SOLID_SRC
  color {
    alpha: 1
    red: 0.90588235855102539
    green: 0.20000000298023224
    blue: 0.23529411852359772
  }
  width: 60
  height: 4
  copy_source: false
}
sources {
  uid: 520098
  srctype: AE_SOLID_SRC
  color {
    alpha: 1
    red: 0.90588235855102539
    green: 0.20000000298023224
    blue: 0.23529411852359772
  }
  width: 60
  height: 4
  copy_source: false
}
sources {
  uid: 520055
  srctype: AE_SOLID_SRC
  color {
    alpha: 1
    red: 0.90588235855102539
    green: 0.20000000298023224
    blue: 0.23529411852359772
  }
  width: 4
  height: 60
  copy_source: false
}
sources {
  uid: 979
  srctype: AE_IMAGE_SRC
  name: "Icon-Profile-Active.png"
  width: 30
  height: 39
  numberOfFrames: 1
  fps: 0
  loops: 1
  copy_source: true
}
sources {
  uid: 965
  srctype: AE_IMAGE_SRC
  name: "Icon-Profile.png"
  width: 30
  height: 39
  numberOfFrames: 1
  fps: 0
  loops: 1
  copy_source: true
}
