activecomp {
  name: "Auryn_Layout-PDP-Meta"
  width: 1200
  height: 600
  defaultcameradistance: 1666.6666
  layer {
    name: "Text-Featured"
    id: 342
    sourceid: -1
    transform {
      anchorPoint {
        x: 248.5
        y: 40.5
        z: 0
      }
      scale {
        x: 1
        y: 1
        z: 1
      }
      position {
        x: 253.26
        y: 518.5
        z: 0
      }
      orientation {
        x: 0
        y: 0
        z: 0
      }
      rotationX: 0
      rotationY: 0
      rotationZ: 0
      opacity: 0
    }
    acceptsshadows: true
    acceptslights: true
    castsshadows: false
    textinfo {
      justification: AE_TEXT_LEFT
      fontSize: 24
      fontColor {
        alpha: 1
        red: 1
        green: 1
        blue: 1
      }
      fontName: "Raleway-Medium"
      isPointText: false
      boundsWidth: 1101
      boundsHeight: 36
      isLabel: true
      text: ""
      multiline: true
      ellipsis: true
      isAllCaps: false
    }
    classname: "CYISDFAtlasTextSceneNode"
    properties {
      key: "text-placeholder"
      value: "true"
    }
    properties {
      key: "text-overflow"
      value: "ellipsis"
    }
  }
  layer {
    name: "Featured"
    id: 343
    sourceid: -1
    transform {
      anchorPoint {
        x: 248.5
        y: 40.5
        z: 0
      }
      scale {
        x: 1
        y: 1
        z: 1
      }
      position {
        x: 253.26
        y: 478.5
        z: 0
      }
      orientation {
        x: 0
        y: 0
        z: 0
      }
      rotationX: 0
      rotationY: 0
      rotationZ: 0
      opacity: 0
    }
    acceptsshadows: true
    acceptslights: true
    castsshadows: false
    textinfo {
      justification: AE_TEXT_LEFT
      fontSize: 32
      fontColor {
        alpha: 1
        red: 1
        green: 1
        blue: 1
      }
      fontName: "Raleway-Bold"
      isPointText: false
      boundsWidth: 953
      boundsHeight: 30
      isLabel: true
      text: "Featured"
      multiline: true
      isAllCaps: false
    }
    classname: "CYISDFAtlasTextSceneNode"
    properties {
      key: "margin-top"
      value: "20"
    }
  }
  layer {
    name: "Text-Overview"
    id: 344
    sourceid: -1
    transform {
      anchorPoint {
        x: 248.5
        y: 40.5
        z: 0
      }
      scale {
        x: 1
        y: 1
        z: 1
      }
      position {
        x: 253.26
        y: 268.5
        z: 0
      }
      orientation {
        x: 0
        y: 0
        z: 0
      }
      rotationX: 0
      rotationY: 0
      rotationZ: 0
      opacity: 0
    }
    acceptsshadows: true
    acceptslights: true
    castsshadows: false
    textinfo {
      justification: AE_TEXT_LEFT
      fontSize: 24
      fontColor {
        alpha: 1
        red: 1
        green: 1
        blue: 1
      }
      fontName: "Raleway-Medium"
      isPointText: false
      boundsWidth: 1115
      boundsHeight: 188
      isLabel: true
      text: ""
      multiline: true
      ellipsis: true
      isAllCaps: false
    }
    classname: "CYISDFAtlasTextSceneNode"
    properties {
      key: "text-placeholder"
      value: "true"
    }
    properties {
      key: "text-overflow"
      value: "ellipsis"
    }
  }
  layer {
    name: "Overview"
    id: 345
    sourceid: -1
    transform {
      anchorPoint {
        x: 248.5
        y: 40.5
        z: 0
      }
      scale {
        x: 1
        y: 1
        z: 1
      }
      position {
        x: 253.26
        y: 228.5
        z: 0
      }
      orientation {
        x: 0
        y: 0
        z: 0
      }
      rotationX: 0
      rotationY: 0
      rotationZ: 0
      opacity: 0
    }
    acceptsshadows: true
    acceptslights: true
    castsshadows: false
    textinfo {
      justification: AE_TEXT_LEFT
      fontSize: 32
      fontColor {
        alpha: 1
        red: 1
        green: 1
        blue: 1
      }
      fontName: "Raleway-Bold"
      isPointText: false
      boundsWidth: 953
      boundsHeight: 30
      isLabel: true
      text: "Overview"
      multiline: true
      isAllCaps: false
    }
    classname: "CYISDFAtlasTextSceneNode"
    properties {
      key: "margin-top"
      value: "20"
    }
  }
  layer {
    name: "Text-Title"
    id: 346
    sourceid: -1
    transform {
      anchorPoint {
        x: 248.5
        y: 40.5
        z: 0
      }
      scale {
        x: 1
        y: 1
        z: 1
      }
      position {
        x: 252.26
        y: 44.5
        z: 0
      }
      orientation {
        x: 0
        y: 0
        z: 0
      }
      rotationX: 0
      rotationY: 0
      rotationZ: 0
      opacity: 0
    }
    acceptsshadows: true
    acceptslights: true
    castsshadows: false
    textinfo {
      justification: AE_TEXT_LEFT
      fontSize: 72
      fontColor {
        alpha: 1
        red: 1
        green: 1
        blue: 1
      }
      fontName: "Raleway-Bold"
      isPointText: false
      boundsWidth: 1137
      boundsHeight: 180
      isLabel: true
      text: ""
      multiline: true
      ellipsis: true
      isAllCaps: false
    }
    classname: "CYISDFAtlasTextSceneNode"
    properties {
      key: "text-placeholder"
      value: "true"
    }
    properties {
      key: "text-overflow"
      value: "ellipsis"
    }
  }
  bgcolor {
    alpha: 1
    red: 0.086274509803921567
    green: 0.11372549019607843
    blue: 0.14509803921568629
  }
  properties {
    key: "layout"
    value: "CYIColumnLayout"
  }
  properties {
    key: "gravity"
    value: "left"
  }
  properties {
    key: "padding-top"
    value: "-10"
  }
}
sources {
  uid: 1
  srctype: AE_FONT_SRC
  name: "Raleway-Medium"
  copy_source: true
  file_name: "yi_Raleway-Medium.ttf"
  style_name: "Medium"
}
sources {
  uid: 2
  srctype: AE_FONT_SRC
  name: "Raleway-Bold"
  copy_source: true
  file_name: "yi_Raleway-Bold.ttf"
  style_name: "Bold"
}
