activecomp {
  name: "Auryn_Nav-Logo"
  width: 80
  height: 72
  defaultcameradistance: 111.11111
  layer {
    name: "Logo-TMDB.png"
    id: 259819
    sourceid: 987
    transform {
      anchorPoint {
        x: 40
        y: 35.5
        z: 0
      }
      scale {
        x: 1
        y: 1
        z: 1
      }
      position {
        x: 40
        y: 36
        z: 0
      }
      orientation {
        x: 0
        y: 0
        z: 0
      }
      rotationX: 0
      rotationY: 0
      rotationZ: 0
      opacity: 1
    }
    acceptsshadows: true
    acceptslights: true
    castsshadows: false
  }
  layer {
    name: "Logo-TMDB-3.png"
    id: 259820
    sourceid: 259832
    transform {
      anchorPoint {
        x: 40
        y: 35.5
        z: 0
      }
      scale {
        x: 1
        y: 1
        z: 1
      }
      position {
        x: 40
        y: 36
        z: 0
      }
      orientation {
        x: 0
        y: 0
        z: 0
      }
      rotationX: 0
      rotationY: 0
      rotationZ: 0
      opacity: 0
    }
    acceptsshadows: true
    acceptslights: true
    castsshadows: false
  }
  layer {
    name: "Logo-TMDB-2.png"
    id: 259821
    sourceid: 259831
    transform {
      anchorPoint {
        x: 40
        y: 35.5
        z: 0
      }
      scale {
        x: 1
        y: 1
        z: 1
      }
      position {
        x: 40
        y: 36
        z: 0
      }
      orientation {
        x: 0
        y: 0
        z: 0
      }
      rotationX: 0
      rotationY: 0
      rotationZ: 0
      opacity: 0
    }
    acceptsshadows: true
    acceptslights: true
    castsshadows: false
  }
  layer {
    name: "Logo-TMDB.png"
    id: 259822
    sourceid: 987
    transform {
      anchorPoint {
        x: 40
        y: 35.5
        z: 0
      }
      scale {
        x: 1
        y: 1
        z: 1
      }
      position {
        x: 40
        y: 36
        z: 0
      }
      orientation {
        x: 0
        y: 0
        z: 0
      }
      rotationX: 0
      rotationY: 0
      rotationZ: 0
      opacity: 0
    }
    acceptsshadows: true
    acceptslights: true
    castsshadows: false
  }
  bgcolor {
    alpha: 1
    red: 0.086274509803921567
    green: 0.11372549019607843
    blue: 0.14509803921568629
  }
}
sources {
  uid: 987
  srctype: AE_IMAGE_SRC
  name: "Logo-TMDB.png"
  width: 80
  height: 71
  numberOfFrames: 1
  fps: 0
  loops: 1
  copy_source: true
}
sources {
  uid: 259832
  srctype: AE_IMAGE_SRC
  name: "Logo-TMDB-3.png"
  width: 80
  height: 71
  numberOfFrames: 1
  fps: 0
  loops: 1
  copy_source: true
}
sources {
  uid: 259831
  srctype: AE_IMAGE_SRC
  name: "Logo-TMDB-2.png"
  width: 80
  height: 71
  numberOfFrames: 1
  fps: 0
  loops: 1
  copy_source: true
}
