tracks {
  binding: IS_VISIBLE
  targetid: 690012309
  targetname: "Red Solid 23"
  keytimes {
    datatype: AE_INT_DATA
    timeOffset: 0
    inttype: AE_INTERP_HOLD
    ivalue1: 1
  }
}
tracks {
  binding: OPACITY
  targetid: 690012309
  targetname: "Red Solid 23"
  keytimes {
    datatype: AE_FLOAT_DATA
    timeOffset: 0
    inttype: AE_INTERP_LINEAR
    fvalue1: 0
  }
  keytimes {
    datatype: AE_FLOAT_DATA
    timeOffset: 1
    inttype: AE_INTERP_LINEAR
    fvalue1: 0
  }
  keytimes {
    datatype: AE_FLOAT_DATA
    timeOffset: 1.1666666
    inttype: AE_INTERP_LINEAR
    fvalue1: 1
  }
  trackName: "Opacity"
}
tracks {
  binding: IS_VISIBLE
  targetid: 690012310
  targetname: "Red Solid 23"
  keytimes {
    datatype: AE_INT_DATA
    timeOffset: 0
    inttype: AE_INTERP_HOLD
    ivalue1: 1
  }
}
tracks {
  binding: OPACITY
  targetid: 690012310
  targetname: "Red Solid 23"
  keytimes {
    datatype: AE_FLOAT_DATA
    timeOffset: 0
    inttype: AE_INTERP_LINEAR
    fvalue1: 0
  }
  keytimes {
    datatype: AE_FLOAT_DATA
    timeOffset: 1
    inttype: AE_INTERP_LINEAR
    fvalue1: 0
  }
  keytimes {
    datatype: AE_FLOAT_DATA
    timeOffset: 1.1666666
    inttype: AE_INTERP_LINEAR
    fvalue1: 1
  }
  trackName: "Opacity"
}
tracks {
  binding: IS_VISIBLE
  targetid: 690012311
  targetname: "Red Solid 24"
  keytimes {
    datatype: AE_INT_DATA
    timeOffset: 0
    inttype: AE_INTERP_HOLD
    ivalue1: 1
  }
}
tracks {
  binding: OPACITY
  targetid: 690012311
  targetname: "Red Solid 24"
  keytimes {
    datatype: AE_FLOAT_DATA
    timeOffset: 0
    inttype: AE_INTERP_LINEAR
    fvalue1: 0
  }
  keytimes {
    datatype: AE_FLOAT_DATA
    timeOffset: 1
    inttype: AE_INTERP_LINEAR
    fvalue1: 0
  }
  keytimes {
    datatype: AE_FLOAT_DATA
    timeOffset: 1.1666666
    inttype: AE_INTERP_LINEAR
    fvalue1: 1
  }
  trackName: "Opacity"
}
tracks {
  binding: IS_VISIBLE
  targetid: 690012312
  targetname: "Red Solid 24"
  keytimes {
    datatype: AE_INT_DATA
    timeOffset: 0
    inttype: AE_INTERP_HOLD
    ivalue1: 1
  }
}
tracks {
  binding: OPACITY
  targetid: 690012312
  targetname: "Red Solid 24"
  keytimes {
    datatype: AE_FLOAT_DATA
    timeOffset: 0
    inttype: AE_INTERP_LINEAR
    fvalue1: 0
  }
  keytimes {
    datatype: AE_FLOAT_DATA
    timeOffset: 1
    inttype: AE_INTERP_LINEAR
    fvalue1: 0
  }
  keytimes {
    datatype: AE_FLOAT_DATA
    timeOffset: 1.1666666
    inttype: AE_INTERP_LINEAR
    fvalue1: 1
  }
  trackName: "Opacity"
}
tracks {
  binding: IS_VISIBLE
  targetid: 690012313
  targetname: "Deep Royal Blue Solid 15"
  keytimes {
    datatype: AE_INT_DATA
    timeOffset: 0
    inttype: AE_INTERP_HOLD
    ivalue1: 1
  }
}
tracks {
  binding: OPACITY
  targetid: 690012313
  targetname: "Deep Royal Blue Solid 15"
  keytimes {
    datatype: AE_FLOAT_DATA
    timeOffset: 0
    inttype: AE_INTERP_LINEAR
    fvalue1: 0
  }
  keytimes {
    datatype: AE_FLOAT_DATA
    timeOffset: 2
    inttype: AE_INTERP_LINEAR
    fvalue1: 0
  }
  keytimes {
    datatype: AE_FLOAT_DATA
    timeOffset: 2.0166667
    inttype: AE_INTERP_LINEAR
    fvalue1: 1
  }
  keytimes {
    datatype: AE_FLOAT_DATA
    timeOffset: 2.3333333
    inttype: AE_INTERP_LINEAR
    fvalue1: 0
  }
  keytimes {
    datatype: AE_FLOAT_DATA
    timeOffset: 2.35
    inttype: AE_INTERP_LINEAR
    fvalue1: 1
  }
  keytimes {
    datatype: AE_FLOAT_DATA
    timeOffset: 2.3666599
    inttype: AE_INTERP_LINEAR
    fvalue1: 0.9723137
    isCookedKeytime: true
  }
  keytimes {
    datatype: AE_FLOAT_DATA
    timeOffset: 2.3833199
    inttype: AE_INTERP_LINEAR
    fvalue1: 0.94180644
    isCookedKeytime: true
  }
  keytimes {
    datatype: AE_FLOAT_DATA
    timeOffset: 2.3999798
    inttype: AE_INTERP_LINEAR
    fvalue1: 0.90966016
    isCookedKeytime: true
  }
  keytimes {
    datatype: AE_FLOAT_DATA
    timeOffset: 2.4166398
    inttype: AE_INTERP_LINEAR
    fvalue1: 0.87650132
    isCookedKeytime: true
  }
  keytimes {
    datatype: AE_FLOAT_DATA
    timeOffset: 2.4332998
    inttype: AE_INTERP_LINEAR
    fvalue1: 0.84271073
    isCookedKeytime: true
  }
  keytimes {
    datatype: AE_FLOAT_DATA
    timeOffset: 2.4499598
    inttype: AE_INTERP_LINEAR
    fvalue1: 0.80854261
    isCookedKeytime: true
  }
  keytimes {
    datatype: AE_FLOAT_DATA
    timeOffset: 2.4666197
    inttype: AE_INTERP_LINEAR
    fvalue1: 0.77417833
    isCookedKeytime: true
  }
  keytimes {
    datatype: AE_FLOAT_DATA
    timeOffset: 2.4832797
    inttype: AE_INTERP_LINEAR
    fvalue1: 0.73975408
    isCookedKeytime: true
  }
  keytimes {
    datatype: AE_FLOAT_DATA
    timeOffset: 2.4999397
    inttype: AE_INTERP_LINEAR
    fvalue1: 0.7053771
    isCookedKeytime: true
  }
  keytimes {
    datatype: AE_FLOAT_DATA
    timeOffset: 2.5165997
    inttype: AE_INTERP_LINEAR
    fvalue1: 0.67113495
    isCookedKeytime: true
  }
  keytimes {
    datatype: AE_FLOAT_DATA
    timeOffset: 2.5332596
    inttype: AE_INTERP_LINEAR
    fvalue1: 0.63710141
    isCookedKeytime: true
  }
  keytimes {
    datatype: AE_FLOAT_DATA
    timeOffset: 2.5499196
    inttype: AE_INTERP_LINEAR
    fvalue1: 0.60334074
    isCookedKeytime: true
  }
  keytimes {
    datatype: AE_FLOAT_DATA
    timeOffset: 2.5665796
    inttype: AE_INTERP_LINEAR
    fvalue1: 0.56991053
    isCookedKeytime: true
  }
  keytimes {
    datatype: AE_FLOAT_DATA
    timeOffset: 2.5832396
    inttype: AE_INTERP_LINEAR
    fvalue1: 0.53686315
    isCookedKeytime: true
  }
  keytimes {
    datatype: AE_FLOAT_DATA
    timeOffset: 2.5998995
    inttype: AE_INTERP_LINEAR
    fvalue1: 0.50424808
    isCookedKeytime: true
  }
  keytimes {
    datatype: AE_FLOAT_DATA
    timeOffset: 2.6165595
    inttype: AE_INTERP_LINEAR
    fvalue1: 0.47211239
    isCookedKeytime: true
  }
  keytimes {
    datatype: AE_FLOAT_DATA
    timeOffset: 2.6332195
    inttype: AE_INTERP_LINEAR
    fvalue1: 0.4405019
    isCookedKeytime: true
  }
  keytimes {
    datatype: AE_FLOAT_DATA
    timeOffset: 2.6498795
    inttype: AE_INTERP_LINEAR
    fvalue1: 0.409462
    isCookedKeytime: true
  }
  keytimes {
    datatype: AE_FLOAT_DATA
    timeOffset: 2.6665394
    inttype: AE_INTERP_LINEAR
    fvalue1: 0.37903827
    isCookedKeytime: true
  }
  keytimes {
    datatype: AE_FLOAT_DATA
    timeOffset: 2.6831994
    inttype: AE_INTERP_LINEAR
    fvalue1: 0.34927708
    isCookedKeytime: true
  }
  keytimes {
    datatype: AE_FLOAT_DATA
    timeOffset: 2.6998594
    inttype: AE_INTERP_LINEAR
    fvalue1: 0.32022607
    isCookedKeytime: true
  }
  keytimes {
    datatype: AE_FLOAT_DATA
    timeOffset: 2.7165194
    inttype: AE_INTERP_LINEAR
    fvalue1: 0.29193476
    isCookedKeytime: true
  }
  keytimes {
    datatype: AE_FLOAT_DATA
    timeOffset: 2.7331793
    inttype: AE_INTERP_LINEAR
    fvalue1: 0.26445514
    isCookedKeytime: true
  }
  keytimes {
    datatype: AE_FLOAT_DATA
    timeOffset: 2.7498393
    inttype: AE_INTERP_LINEAR
    fvalue1: 0.23784217
    isCookedKeytime: true
  }
  keytimes {
    datatype: AE_FLOAT_DATA
    timeOffset: 2.7664993
    inttype: AE_INTERP_LINEAR
    fvalue1: 0.21215448
    isCookedKeytime: true
  }
  keytimes {
    datatype: AE_FLOAT_DATA
    timeOffset: 2.7831593
    inttype: AE_INTERP_LINEAR
    fvalue1: 0.18745498
    isCookedKeytime: true
  }
  keytimes {
    datatype: AE_FLOAT_DATA
    timeOffset: 2.7998192
    inttype: AE_INTERP_LINEAR
    fvalue1: 0.16381174
    isCookedKeytime: true
  }
  keytimes {
    datatype: AE_FLOAT_DATA
    timeOffset: 2.8164792
    inttype: AE_INTERP_LINEAR
    fvalue1: 0.14129876
    isCookedKeytime: true
  }
  keytimes {
    datatype: AE_FLOAT_DATA
    timeOffset: 2.8331392
    inttype: AE_INTERP_LINEAR
    fvalue1: 0.11999709
    isCookedKeytime: true
  }
  keytimes {
    datatype: AE_FLOAT_DATA
    timeOffset: 2.8497992
    inttype: AE_INTERP_LINEAR
    fvalue1: 0.0999961
    isCookedKeytime: true
  }
  keytimes {
    datatype: AE_FLOAT_DATA
    timeOffset: 2.8664591
    inttype: AE_INTERP_LINEAR
    fvalue1: 0.081394866
    isCookedKeytime: true
  }
  keytimes {
    datatype: AE_FLOAT_DATA
    timeOffset: 2.8831191
    inttype: AE_INTERP_LINEAR
    fvalue1: 0.064304
    isCookedKeytime: true
  }
  keytimes {
    datatype: AE_FLOAT_DATA
    timeOffset: 2.8997791
    inttype: AE_INTERP_LINEAR
    fvalue1: 0.0488479
    isCookedKeytime: true
  }
  keytimes {
    datatype: AE_FLOAT_DATA
    timeOffset: 2.9164391
    inttype: AE_INTERP_LINEAR
    fvalue1: 0.0351674
    isCookedKeytime: true
  }
  keytimes {
    datatype: AE_FLOAT_DATA
    timeOffset: 2.933099
    inttype: AE_INTERP_LINEAR
    fvalue1: 0.023423273
    isCookedKeytime: true
  }
  keytimes {
    datatype: AE_FLOAT_DATA
    timeOffset: 2.949759
    inttype: AE_INTERP_LINEAR
    fvalue1: 0.013800597
    isCookedKeytime: true
  }
  keytimes {
    datatype: AE_FLOAT_DATA
    timeOffset: 2.966419
    inttype: AE_INTERP_LINEAR
    fvalue1: 0.0065144422
    isCookedKeytime: true
  }
  keytimes {
    datatype: AE_FLOAT_DATA
    timeOffset: 2.983079
    inttype: AE_INTERP_LINEAR
    fvalue1: 0.0018173738
    isCookedKeytime: true
  }
  keytimes {
    datatype: AE_FLOAT_DATA
    timeOffset: 2.9997389
    inttype: AE_INTERP_LINEAR
    fvalue1: 9.5070545e-06
    isCookedKeytime: true
  }
  keytimes {
    datatype: AE_FLOAT_DATA
    timeOffset: 3
    inttype: AE_INTERP_LINEAR
    fvalue1: 0
  }
  keytimes {
    datatype: AE_FLOAT_DATA
    timeOffset: 3.01666
    inttype: AE_INTERP_LINEAR
    fvalue1: 0
    isCookedKeytime: true
  }
  keytimes {
    datatype: AE_FLOAT_DATA
    timeOffset: 3.03332
    inttype: AE_INTERP_LINEAR
    fvalue1: 0
    isCookedKeytime: true
  }
  keytimes {
    datatype: AE_FLOAT_DATA
    timeOffset: 3.04998
    inttype: AE_INTERP_LINEAR
    fvalue1: 0
    isCookedKeytime: true
  }
  keytimes {
    datatype: AE_FLOAT_DATA
    timeOffset: 3.06664
    inttype: AE_INTERP_LINEAR
    fvalue1: 0
    isCookedKeytime: true
  }
  keytimes {
    datatype: AE_FLOAT_DATA
    timeOffset: 3.0832999
    inttype: AE_INTERP_LINEAR
    fvalue1: 0
    isCookedKeytime: true
  }
  keytimes {
    datatype: AE_FLOAT_DATA
    timeOffset: 3.0999599
    inttype: AE_INTERP_LINEAR
    fvalue1: 0
    isCookedKeytime: true
  }
  keytimes {
    datatype: AE_FLOAT_DATA
    timeOffset: 3.1166198
    inttype: AE_INTERP_LINEAR
    fvalue1: 0
    isCookedKeytime: true
  }
  keytimes {
    datatype: AE_FLOAT_DATA
    timeOffset: 3.1332798
    inttype: AE_INTERP_LINEAR
    fvalue1: 0
    isCookedKeytime: true
  }
  keytimes {
    datatype: AE_FLOAT_DATA
    timeOffset: 3.1499398
    inttype: AE_INTERP_LINEAR
    fvalue1: 0
    isCookedKeytime: true
  }
  keytimes {
    datatype: AE_FLOAT_DATA
    timeOffset: 3.1665998
    inttype: AE_INTERP_LINEAR
    fvalue1: 0
    isCookedKeytime: true
  }
  keytimes {
    datatype: AE_FLOAT_DATA
    timeOffset: 3.1666667
    inttype: AE_INTERP_LINEAR
    fvalue1: 0
  }
  keytimes {
    datatype: AE_FLOAT_DATA
    timeOffset: 3.1833267
    inttype: AE_INTERP_LINEAR
    fvalue1: 0
    isCookedKeytime: true
  }
  keytimes {
    datatype: AE_FLOAT_DATA
    timeOffset: 3.1999867
    inttype: AE_INTERP_LINEAR
    fvalue1: 0
    isCookedKeytime: true
  }
  keytimes {
    datatype: AE_FLOAT_DATA
    timeOffset: 3.2166467
    inttype: AE_INTERP_LINEAR
    fvalue1: 0
    isCookedKeytime: true
  }
  keytimes {
    datatype: AE_FLOAT_DATA
    timeOffset: 3.2333066
    inttype: AE_INTERP_LINEAR
    fvalue1: 0
    isCookedKeytime: true
  }
  keytimes {
    datatype: AE_FLOAT_DATA
    timeOffset: 3.2499666
    inttype: AE_INTERP_LINEAR
    fvalue1: 0
    isCookedKeytime: true
  }
  keytimes {
    datatype: AE_FLOAT_DATA
    timeOffset: 3.2666266
    inttype: AE_INTERP_LINEAR
    fvalue1: 0
    isCookedKeytime: true
  }
  keytimes {
    datatype: AE_FLOAT_DATA
    timeOffset: 3.2832866
    inttype: AE_INTERP_LINEAR
    fvalue1: 0
    isCookedKeytime: true
  }
  keytimes {
    datatype: AE_FLOAT_DATA
    timeOffset: 3.2999465
    inttype: AE_INTERP_LINEAR
    fvalue1: 0
    isCookedKeytime: true
  }
  keytimes {
    datatype: AE_FLOAT_DATA
    timeOffset: 3.3166065
    inttype: AE_INTERP_LINEAR
    fvalue1: 0
    isCookedKeytime: true
  }
  keytimes {
    datatype: AE_FLOAT_DATA
    timeOffset: 3.3333333
    inttype: AE_INTERP_LINEAR
    fvalue1: 0
  }
  keytimes {
    datatype: AE_FLOAT_DATA
    timeOffset: 3.3499932
    inttype: AE_INTERP_LINEAR
    fvalue1: 0
    isCookedKeytime: true
  }
  keytimes {
    datatype: AE_FLOAT_DATA
    timeOffset: 3.3666532
    inttype: AE_INTERP_LINEAR
    fvalue1: 0
    isCookedKeytime: true
  }
  keytimes {
    datatype: AE_FLOAT_DATA
    timeOffset: 3.3833132
    inttype: AE_INTERP_LINEAR
    fvalue1: 0
    isCookedKeytime: true
  }
  keytimes {
    datatype: AE_FLOAT_DATA
    timeOffset: 3.3999732
    inttype: AE_INTERP_LINEAR
    fvalue1: 0
    isCookedKeytime: true
  }
  keytimes {
    datatype: AE_FLOAT_DATA
    timeOffset: 3.4166331
    inttype: AE_INTERP_LINEAR
    fvalue1: 0
    isCookedKeytime: true
  }
  keytimes {
    datatype: AE_FLOAT_DATA
    timeOffset: 3.4332931
    inttype: AE_INTERP_LINEAR
    fvalue1: 0
    isCookedKeytime: true
  }
  keytimes {
    datatype: AE_FLOAT_DATA
    timeOffset: 3.4499531
    inttype: AE_INTERP_LINEAR
    fvalue1: 0
    isCookedKeytime: true
  }
  keytimes {
    datatype: AE_FLOAT_DATA
    timeOffset: 3.4666131
    inttype: AE_INTERP_LINEAR
    fvalue1: 0
    isCookedKeytime: true
  }
  keytimes {
    datatype: AE_FLOAT_DATA
    timeOffset: 3.483273
    inttype: AE_INTERP_LINEAR
    fvalue1: 0
    isCookedKeytime: true
  }
  keytimes {
    datatype: AE_FLOAT_DATA
    timeOffset: 3.499933
    inttype: AE_INTERP_LINEAR
    fvalue1: 0
    isCookedKeytime: true
  }
  keytimes {
    datatype: AE_FLOAT_DATA
    timeOffset: 3.5
    inttype: AE_INTERP_LINEAR
    fvalue1: 0
  }
  trackName: "Opacity"
}
tracks {
  binding: IS_VISIBLE
  targetid: 690012314
  targetname: "title"
  keytimes {
    datatype: AE_INT_DATA
    timeOffset: 0
    inttype: AE_INTERP_HOLD
    ivalue1: 1
  }
}
tracks {
  binding: POSITION
  targetid: 690012314
  targetname: "title"
  keytimes {
    datatype: AE_FLOAT_VECTOR_DATA
    timeOffset: 0
    inttype: AE_INTERP_LINEAR
    fvalue1: 99.159828
    fvalue2: 40.958118
    fvalue3: 0
  }
  keytimes {
    datatype: AE_FLOAT_VECTOR_DATA
    timeOffset: 3
    inttype: AE_INTERP_LINEAR
    fvalue1: 99.159828
    fvalue2: 40.958118
    fvalue3: 0
  }
  keytimes {
    datatype: AE_FLOAT_VECTOR_DATA
    timeOffset: 3.01666
    inttype: AE_INTERP_LINEAR
    fvalue1: 99.159828
    fvalue2: 40.279255
    fvalue3: 0
    isCookedKeytime: true
  }
  keytimes {
    datatype: AE_FLOAT_VECTOR_DATA
    timeOffset: 3.03332
    inttype: AE_INTERP_LINEAR
    fvalue1: 99.159828
    fvalue2: 36.187366
    fvalue3: 0
    isCookedKeytime: true
  }
  keytimes {
    datatype: AE_FLOAT_VECTOR_DATA
    timeOffset: 3.04998
    inttype: AE_INTERP_LINEAR
    fvalue1: 99.159828
    fvalue2: 31.614553
    fvalue3: 0
    isCookedKeytime: true
  }
  keytimes {
    datatype: AE_FLOAT_VECTOR_DATA
    timeOffset: 3.06664
    inttype: AE_INTERP_LINEAR
    fvalue1: 99.159828
    fvalue2: 29.313898
    fvalue3: 0
    isCookedKeytime: true
  }
  keytimes {
    datatype: AE_FLOAT_VECTOR_DATA
    timeOffset: 3.0832999
    inttype: AE_INTERP_LINEAR
    fvalue1: 99.159828
    fvalue2: 27.967413
    fvalue3: 0
    isCookedKeytime: true
  }
  keytimes {
    datatype: AE_FLOAT_VECTOR_DATA
    timeOffset: 3.0999599
    inttype: AE_INTERP_LINEAR
    fvalue1: 99.159828
    fvalue2: 27.099146
    fvalue3: 0
    isCookedKeytime: true
  }
  keytimes {
    datatype: AE_FLOAT_VECTOR_DATA
    timeOffset: 3.1166198
    inttype: AE_INTERP_LINEAR
    fvalue1: 99.159828
    fvalue2: 26.535707
    fvalue3: 0
    isCookedKeytime: true
  }
  keytimes {
    datatype: AE_FLOAT_VECTOR_DATA
    timeOffset: 3.1332798
    inttype: AE_INTERP_LINEAR
    fvalue1: 99.159828
    fvalue2: 26.191994
    fvalue3: 0
    isCookedKeytime: true
  }
  keytimes {
    datatype: AE_FLOAT_VECTOR_DATA
    timeOffset: 3.1499398
    inttype: AE_INTERP_LINEAR
    fvalue1: 99.159828
    fvalue2: 26.012676
    fvalue3: 0
    isCookedKeytime: true
  }
  keytimes {
    datatype: AE_FLOAT_VECTOR_DATA
    timeOffset: 3.1665998
    inttype: AE_INTERP_LINEAR
    fvalue1: 99.159828
    fvalue2: 25.958138
    fvalue3: 0
    isCookedKeytime: true
  }
  keytimes {
    datatype: AE_FLOAT_VECTOR_DATA
    timeOffset: 3.1666667
    inttype: AE_INTERP_LINEAR
    fvalue1: 99.159828
    fvalue2: 25.95812
    fvalue3: 0
  }
  keytimes {
    datatype: AE_FLOAT_VECTOR_DATA
    timeOffset: 3.1833267
    inttype: AE_INTERP_LINEAR
    fvalue1: 99.159828
    fvalue2: 25.95812
    fvalue3: 0
    isCookedKeytime: true
  }
  keytimes {
    datatype: AE_FLOAT_VECTOR_DATA
    timeOffset: 3.1999867
    inttype: AE_INTERP_LINEAR
    fvalue1: 99.159828
    fvalue2: 25.95812
    fvalue3: 0
    isCookedKeytime: true
  }
  keytimes {
    datatype: AE_FLOAT_VECTOR_DATA
    timeOffset: 3.2166467
    inttype: AE_INTERP_LINEAR
    fvalue1: 99.159828
    fvalue2: 25.95812
    fvalue3: 0
    isCookedKeytime: true
  }
  keytimes {
    datatype: AE_FLOAT_VECTOR_DATA
    timeOffset: 3.2333066
    inttype: AE_INTERP_LINEAR
    fvalue1: 99.159828
    fvalue2: 25.95812
    fvalue3: 0
    isCookedKeytime: true
  }
  keytimes {
    datatype: AE_FLOAT_VECTOR_DATA
    timeOffset: 3.2499666
    inttype: AE_INTERP_LINEAR
    fvalue1: 99.159828
    fvalue2: 25.95812
    fvalue3: 0
    isCookedKeytime: true
  }
  keytimes {
    datatype: AE_FLOAT_VECTOR_DATA
    timeOffset: 3.2666266
    inttype: AE_INTERP_LINEAR
    fvalue1: 99.159828
    fvalue2: 25.95812
    fvalue3: 0
    isCookedKeytime: true
  }
  keytimes {
    datatype: AE_FLOAT_VECTOR_DATA
    timeOffset: 3.2832866
    inttype: AE_INTERP_LINEAR
    fvalue1: 99.159828
    fvalue2: 25.95812
    fvalue3: 0
    isCookedKeytime: true
  }
  keytimes {
    datatype: AE_FLOAT_VECTOR_DATA
    timeOffset: 3.2999465
    inttype: AE_INTERP_LINEAR
    fvalue1: 99.159828
    fvalue2: 25.95812
    fvalue3: 0
    isCookedKeytime: true
  }
  keytimes {
    datatype: AE_FLOAT_VECTOR_DATA
    timeOffset: 3.3166065
    inttype: AE_INTERP_LINEAR
    fvalue1: 99.159828
    fvalue2: 25.95812
    fvalue3: 0
    isCookedKeytime: true
  }
  keytimes {
    datatype: AE_FLOAT_VECTOR_DATA
    timeOffset: 3.3333333
    inttype: AE_INTERP_LINEAR
    fvalue1: 99.159828
    fvalue2: 25.95812
    fvalue3: 0
  }
  keytimes {
    datatype: AE_FLOAT_VECTOR_DATA
    timeOffset: 3.3499932
    inttype: AE_INTERP_LINEAR
    fvalue1: 99.159828
    fvalue2: 26.373589
    fvalue3: 0
    isCookedKeytime: true
  }
  keytimes {
    datatype: AE_FLOAT_VECTOR_DATA
    timeOffset: 3.3666532
    inttype: AE_INTERP_LINEAR
    fvalue1: 99.159828
    fvalue2: 27.512512
    fvalue3: 0
    isCookedKeytime: true
  }
  keytimes {
    datatype: AE_FLOAT_VECTOR_DATA
    timeOffset: 3.3833132
    inttype: AE_INTERP_LINEAR
    fvalue1: 99.159828
    fvalue2: 29.18775
    fvalue3: 0
    isCookedKeytime: true
  }
  keytimes {
    datatype: AE_FLOAT_VECTOR_DATA
    timeOffset: 3.3999732
    inttype: AE_INTERP_LINEAR
    fvalue1: 99.159828
    fvalue2: 31.222429
    fvalue3: 0
    isCookedKeytime: true
  }
  keytimes {
    datatype: AE_FLOAT_VECTOR_DATA
    timeOffset: 3.4166331
    inttype: AE_INTERP_LINEAR
    fvalue1: 99.159828
    fvalue2: 33.434986
    fvalue3: 0
    isCookedKeytime: true
  }
  keytimes {
    datatype: AE_FLOAT_VECTOR_DATA
    timeOffset: 3.4332931
    inttype: AE_INTERP_LINEAR
    fvalue1: 99.159828
    fvalue2: 35.650055
    fvalue3: 0
    isCookedKeytime: true
  }
  keytimes {
    datatype: AE_FLOAT_VECTOR_DATA
    timeOffset: 3.4499531
    inttype: AE_INTERP_LINEAR
    fvalue1: 99.159828
    fvalue2: 37.690193
    fvalue3: 0
    isCookedKeytime: true
  }
  keytimes {
    datatype: AE_FLOAT_VECTOR_DATA
    timeOffset: 3.4666131
    inttype: AE_INTERP_LINEAR
    fvalue1: 99.159828
    fvalue2: 39.362896
    fvalue3: 0
    isCookedKeytime: true
  }
  keytimes {
    datatype: AE_FLOAT_VECTOR_DATA
    timeOffset: 3.483273
    inttype: AE_INTERP_LINEAR
    fvalue1: 99.159828
    fvalue2: 40.524353
    fvalue3: 0
    isCookedKeytime: true
  }
  keytimes {
    datatype: AE_FLOAT_VECTOR_DATA
    timeOffset: 3.499933
    inttype: AE_INTERP_LINEAR
    fvalue1: 99.159828
    fvalue2: 40.957951
    fvalue3: 0
    isCookedKeytime: true
  }
  keytimes {
    datatype: AE_FLOAT_VECTOR_DATA
    timeOffset: 3.5
    inttype: AE_INTERP_LINEAR
    fvalue1: 99.159828
    fvalue2: 40.958118
    fvalue3: 0
  }
  trackName: "Position"
}
tracks {
  binding: OPACITY
  targetid: 690012314
  targetname: "title"
  keytimes {
    datatype: AE_FLOAT_DATA
    timeOffset: 0
    inttype: AE_INTERP_LINEAR
    fvalue1: 1
  }
  keytimes {
    datatype: AE_FLOAT_DATA
    timeOffset: 3
    inttype: AE_INTERP_LINEAR
    fvalue1: 1
  }
  keytimes {
    datatype: AE_FLOAT_DATA
    timeOffset: 3.01666
    inttype: AE_INTERP_LINEAR
    fvalue1: 0.95460862
    isCookedKeytime: true
  }
  keytimes {
    datatype: AE_FLOAT_DATA
    timeOffset: 3.03332
    inttype: AE_INTERP_LINEAR
    fvalue1: 0.68199611
    isCookedKeytime: true
  }
  keytimes {
    datatype: AE_FLOAT_DATA
    timeOffset: 3.04998
    inttype: AE_INTERP_LINEAR
    fvalue1: 0.3768881
    isCookedKeytime: true
  }
  keytimes {
    datatype: AE_FLOAT_DATA
    timeOffset: 3.06664
    inttype: AE_INTERP_LINEAR
    fvalue1: 0.22362566
    isCookedKeytime: true
  }
  keytimes {
    datatype: AE_FLOAT_DATA
    timeOffset: 3.0832999
    inttype: AE_INTERP_LINEAR
    fvalue1: 0.13310693
    isCookedKeytime: true
  }
  keytimes {
    datatype: AE_FLOAT_DATA
    timeOffset: 3.0999599
    inttype: AE_INTERP_LINEAR
    fvalue1: 0.075457685
    isCookedKeytime: true
  }
  keytimes {
    datatype: AE_FLOAT_DATA
    timeOffset: 3.1166198
    inttype: AE_INTERP_LINEAR
    fvalue1: 0.038420923
    isCookedKeytime: true
  }
  keytimes {
    datatype: AE_FLOAT_DATA
    timeOffset: 3.1332798
    inttype: AE_INTERP_LINEAR
    fvalue1: 0.015728287
    isCookedKeytime: true
  }
  keytimes {
    datatype: AE_FLOAT_DATA
    timeOffset: 3.1499398
    inttype: AE_INTERP_LINEAR
    fvalue1: 0.0037070804
    isCookedKeytime: true
  }
  keytimes {
    datatype: AE_FLOAT_DATA
    timeOffset: 3.1665998
    inttype: AE_INTERP_LINEAR
    fvalue1: 1.273224e-06
    isCookedKeytime: true
  }
  keytimes {
    datatype: AE_FLOAT_DATA
    timeOffset: 3.1666667
    inttype: AE_INTERP_LINEAR
    fvalue1: 0
  }
  keytimes {
    datatype: AE_FLOAT_DATA
    timeOffset: 3.1833267
    inttype: AE_INTERP_LINEAR
    fvalue1: 0
    isCookedKeytime: true
  }
  keytimes {
    datatype: AE_FLOAT_DATA
    timeOffset: 3.1999867
    inttype: AE_INTERP_LINEAR
    fvalue1: 0
    isCookedKeytime: true
  }
  keytimes {
    datatype: AE_FLOAT_DATA
    timeOffset: 3.2166467
    inttype: AE_INTERP_LINEAR
    fvalue1: 0
    isCookedKeytime: true
  }
  keytimes {
    datatype: AE_FLOAT_DATA
    timeOffset: 3.2333066
    inttype: AE_INTERP_LINEAR
    fvalue1: 0
    isCookedKeytime: true
  }
  keytimes {
    datatype: AE_FLOAT_DATA
    timeOffset: 3.2499666
    inttype: AE_INTERP_LINEAR
    fvalue1: 0
    isCookedKeytime: true
  }
  keytimes {
    datatype: AE_FLOAT_DATA
    timeOffset: 3.2666266
    inttype: AE_INTERP_LINEAR
    fvalue1: 0
    isCookedKeytime: true
  }
  keytimes {
    datatype: AE_FLOAT_DATA
    timeOffset: 3.2832866
    inttype: AE_INTERP_LINEAR
    fvalue1: 0
    isCookedKeytime: true
  }
  keytimes {
    datatype: AE_FLOAT_DATA
    timeOffset: 3.2999465
    inttype: AE_INTERP_LINEAR
    fvalue1: 0
    isCookedKeytime: true
  }
  keytimes {
    datatype: AE_FLOAT_DATA
    timeOffset: 3.3166065
    inttype: AE_INTERP_LINEAR
    fvalue1: 0
    isCookedKeytime: true
  }
  keytimes {
    datatype: AE_FLOAT_DATA
    timeOffset: 3.3333333
    inttype: AE_INTERP_LINEAR
    fvalue1: 0
  }
  keytimes {
    datatype: AE_FLOAT_DATA
    timeOffset: 3.3499932
    inttype: AE_INTERP_LINEAR
    fvalue1: 0.027894624
    isCookedKeytime: true
  }
  keytimes {
    datatype: AE_FLOAT_DATA
    timeOffset: 3.3666532
    inttype: AE_INTERP_LINEAR
    fvalue1: 0.10362528
    isCookedKeytime: true
  }
  keytimes {
    datatype: AE_FLOAT_DATA
    timeOffset: 3.3833132
    inttype: AE_INTERP_LINEAR
    fvalue1: 0.21526213
    isCookedKeytime: true
  }
  keytimes {
    datatype: AE_FLOAT_DATA
    timeOffset: 3.3999732
    inttype: AE_INTERP_LINEAR
    fvalue1: 0.35087535
    isCookedKeytime: true
  }
  keytimes {
    datatype: AE_FLOAT_DATA
    timeOffset: 3.4166331
    inttype: AE_INTERP_LINEAR
    fvalue1: 0.49853516
    isCookedKeytime: true
  }
  keytimes {
    datatype: AE_FLOAT_DATA
    timeOffset: 3.4332931
    inttype: AE_INTERP_LINEAR
    fvalue1: 0.64631164
    isCookedKeytime: true
  }
  keytimes {
    datatype: AE_FLOAT_DATA
    timeOffset: 3.4499531
    inttype: AE_INTERP_LINEAR
    fvalue1: 0.78227508
    isCookedKeytime: true
  }
  keytimes {
    datatype: AE_FLOAT_DATA
    timeOffset: 3.4666131
    inttype: AE_INTERP_LINEAR
    fvalue1: 0.89449561
    isCookedKeytime: true
  }
  keytimes {
    datatype: AE_FLOAT_DATA
    timeOffset: 3.483273
    inttype: AE_INTERP_LINEAR
    fvalue1: 0.97104341
    isCookedKeytime: true
  }
  keytimes {
    datatype: AE_FLOAT_DATA
    timeOffset: 3.499933
    inttype: AE_INTERP_LINEAR
    fvalue1: 0.99998856
    isCookedKeytime: true
  }
  keytimes {
    datatype: AE_FLOAT_DATA
    timeOffset: 3.5
    inttype: AE_INTERP_LINEAR
    fvalue1: 1
  }
  trackName: "Opacity"
}
tracks {
  binding: IS_VISIBLE
  targetid: 690012315
  targetname: "title2"
  keytimes {
    datatype: AE_INT_DATA
    timeOffset: 0
    inttype: AE_INTERP_HOLD
    ivalue1: 1
  }
}
tracks {
  binding: POSITION
  targetid: 690012315
  targetname: "title2"
  keytimes {
    datatype: AE_FLOAT_VECTOR_DATA
    timeOffset: 0
    inttype: AE_INTERP_LINEAR
    fvalue1: 99.159828
    fvalue2: 56.958118
    fvalue3: 0
  }
  keytimes {
    datatype: AE_FLOAT_VECTOR_DATA
    timeOffset: 0.01666
    inttype: AE_INTERP_LINEAR
    fvalue1: 99.159828
    fvalue2: 56.957924
    fvalue3: 0
    isCookedKeytime: true
  }
  keytimes {
    datatype: AE_FLOAT_VECTOR_DATA
    timeOffset: 0.03332
    inttype: AE_INTERP_LINEAR
    fvalue1: 99.159828
    fvalue2: 56.95734
    fvalue3: 0
    isCookedKeytime: true
  }
  keytimes {
    datatype: AE_FLOAT_VECTOR_DATA
    timeOffset: 0.04998
    inttype: AE_INTERP_LINEAR
    fvalue1: 99.159828
    fvalue2: 56.956394
    fvalue3: 0
    isCookedKeytime: true
  }
  keytimes {
    datatype: AE_FLOAT_VECTOR_DATA
    timeOffset: 0.06664
    inttype: AE_INTERP_LINEAR
    fvalue1: 99.159828
    fvalue2: 56.955112
    fvalue3: 0
    isCookedKeytime: true
  }
  keytimes {
    datatype: AE_FLOAT_VECTOR_DATA
    timeOffset: 0.083299994
    inttype: AE_INTERP_LINEAR
    fvalue1: 99.159828
    fvalue2: 56.953548
    fvalue3: 0
    isCookedKeytime: true
  }
  keytimes {
    datatype: AE_FLOAT_VECTOR_DATA
    timeOffset: 0.099959992
    inttype: AE_INTERP_LINEAR
    fvalue1: 99.159828
    fvalue2: 56.95179
    fvalue3: 0
    isCookedKeytime: true
  }
  keytimes {
    datatype: AE_FLOAT_VECTOR_DATA
    timeOffset: 0.11661999
    inttype: AE_INTERP_LINEAR
    fvalue1: 99.159828
    fvalue2: 56.949978
    fvalue3: 0
    isCookedKeytime: true
  }
  keytimes {
    datatype: AE_FLOAT_VECTOR_DATA
    timeOffset: 0.13328
    inttype: AE_INTERP_LINEAR
    fvalue1: 99.159828
    fvalue2: 56.948353
    fvalue3: 0
    isCookedKeytime: true
  }
  keytimes {
    datatype: AE_FLOAT_VECTOR_DATA
    timeOffset: 0.14994
    inttype: AE_INTERP_LINEAR
    fvalue1: 99.159828
    fvalue2: 56.947308
    fvalue3: 0
    isCookedKeytime: true
  }
  keytimes {
    datatype: AE_FLOAT_VECTOR_DATA
    timeOffset: 0.1666
    inttype: AE_INTERP_LINEAR
    fvalue1: 99.159828
    fvalue2: 56.947426
    fvalue3: 0
    isCookedKeytime: true
  }
  keytimes {
    datatype: AE_FLOAT_VECTOR_DATA
    timeOffset: 0.18326001
    inttype: AE_INTERP_LINEAR
    fvalue1: 99.159828
    fvalue2: 56.9493
    fvalue3: 0
    isCookedKeytime: true
  }
  keytimes {
    datatype: AE_FLOAT_VECTOR_DATA
    timeOffset: 0.19992001
    inttype: AE_INTERP_LINEAR
    fvalue1: 99.159828
    fvalue2: 56.953049
    fvalue3: 0
    isCookedKeytime: true
  }
  keytimes {
    datatype: AE_FLOAT_VECTOR_DATA
    timeOffset: 0.21658002
    inttype: AE_INTERP_LINEAR
    fvalue1: 99.159828
    fvalue2: 56.958202
    fvalue3: 0
    isCookedKeytime: true
  }
  keytimes {
    datatype: AE_FLOAT_VECTOR_DATA
    timeOffset: 0.23324002
    inttype: AE_INTERP_LINEAR
    fvalue1: 99.159828
    fvalue2: 56.964134
    fvalue3: 0
    isCookedKeytime: true
  }
  keytimes {
    datatype: AE_FLOAT_VECTOR_DATA
    timeOffset: 0.24990003
    inttype: AE_INTERP_LINEAR
    fvalue1: 99.159828
    fvalue2: 56.970432
    fvalue3: 0
    isCookedKeytime: true
  }
  keytimes {
    datatype: AE_FLOAT_VECTOR_DATA
    timeOffset: 0.26656002
    inttype: AE_INTERP_LINEAR
    fvalue1: 99.159828
    fvalue2: 56.976875
    fvalue3: 0
    isCookedKeytime: true
  }
  keytimes {
    datatype: AE_FLOAT_VECTOR_DATA
    timeOffset: 0.28322002
    inttype: AE_INTERP_LINEAR
    fvalue1: 99.159828
    fvalue2: 56.983353
    fvalue3: 0
    isCookedKeytime: true
  }
  keytimes {
    datatype: AE_FLOAT_VECTOR_DATA
    timeOffset: 0.29988003
    inttype: AE_INTERP_LINEAR
    fvalue1: 99.159828
    fvalue2: 56.989826
    fvalue3: 0
    isCookedKeytime: true
  }
  keytimes {
    datatype: AE_FLOAT_VECTOR_DATA
    timeOffset: 0.31654003
    inttype: AE_INTERP_LINEAR
    fvalue1: 99.159828
    fvalue2: 56.996269
    fvalue3: 0
    isCookedKeytime: true
  }
  keytimes {
    datatype: AE_FLOAT_VECTOR_DATA
    timeOffset: 0.33320004
    inttype: AE_INTERP_LINEAR
    fvalue1: 99.159828
    fvalue2: 57.00267
    fvalue3: 0
    isCookedKeytime: true
  }
  keytimes {
    datatype: AE_FLOAT_VECTOR_DATA
    timeOffset: 0.34986004
    inttype: AE_INTERP_LINEAR
    fvalue1: 99.159828
    fvalue2: 57.0092
    fvalue3: 0
    isCookedKeytime: true
  }
  keytimes {
    datatype: AE_FLOAT_VECTOR_DATA
    timeOffset: 0.36652005
    inttype: AE_INTERP_LINEAR
    fvalue1: 99.159828
    fvalue2: 57.016033
    fvalue3: 0
    isCookedKeytime: true
  }
  keytimes {
    datatype: AE_FLOAT_VECTOR_DATA
    timeOffset: 0.38318005
    inttype: AE_INTERP_LINEAR
    fvalue1: 99.159828
    fvalue2: 57.023155
    fvalue3: 0
    isCookedKeytime: true
  }
  keytimes {
    datatype: AE_FLOAT_VECTOR_DATA
    timeOffset: 0.39984006
    inttype: AE_INTERP_LINEAR
    fvalue1: 99.159828
    fvalue2: 57.030556
    fvalue3: 0
    isCookedKeytime: true
  }
  keytimes {
    datatype: AE_FLOAT_VECTOR_DATA
    timeOffset: 0.41650006
    inttype: AE_INTERP_LINEAR
    fvalue1: 99.159828
    fvalue2: 57.038223
    fvalue3: 0
    isCookedKeytime: true
  }
  keytimes {
    datatype: AE_FLOAT_VECTOR_DATA
    timeOffset: 0.43316007
    inttype: AE_INTERP_LINEAR
    fvalue1: 99.159828
    fvalue2: 57.046146
    fvalue3: 0
    isCookedKeytime: true
  }
  keytimes {
    datatype: AE_FLOAT_VECTOR_DATA
    timeOffset: 0.44982007
    inttype: AE_INTERP_LINEAR
    fvalue1: 99.159828
    fvalue2: 57.054321
    fvalue3: 0
    isCookedKeytime: true
  }
  keytimes {
    datatype: AE_FLOAT_VECTOR_DATA
    timeOffset: 0.46648008
    inttype: AE_INTERP_LINEAR
    fvalue1: 99.159828
    fvalue2: 57.062737
    fvalue3: 0
    isCookedKeytime: true
  }
  keytimes {
    datatype: AE_FLOAT_VECTOR_DATA
    timeOffset: 0.48314008
    inttype: AE_INTERP_LINEAR
    fvalue1: 99.159828
    fvalue2: 57.071384
    fvalue3: 0
    isCookedKeytime: true
  }
  keytimes {
    datatype: AE_FLOAT_VECTOR_DATA
    timeOffset: 0.49980009
    inttype: AE_INTERP_LINEAR
    fvalue1: 99.159828
    fvalue2: 57.080261
    fvalue3: 0
    isCookedKeytime: true
  }
  keytimes {
    datatype: AE_FLOAT_VECTOR_DATA
    timeOffset: 0.51646006
    inttype: AE_INTERP_LINEAR
    fvalue1: 99.159828
    fvalue2: 57.089355
    fvalue3: 0
    isCookedKeytime: true
  }
  keytimes {
    datatype: AE_FLOAT_VECTOR_DATA
    timeOffset: 0.53312004
    inttype: AE_INTERP_LINEAR
    fvalue1: 99.159828
    fvalue2: 57.098663
    fvalue3: 0
    isCookedKeytime: true
  }
  keytimes {
    datatype: AE_FLOAT_VECTOR_DATA
    timeOffset: 0.54978
    inttype: AE_INTERP_LINEAR
    fvalue1: 99.159828
    fvalue2: 57.108181
    fvalue3: 0
    isCookedKeytime: true
  }
  keytimes {
    datatype: AE_FLOAT_VECTOR_DATA
    timeOffset: 0.56644
    inttype: AE_INTERP_LINEAR
    fvalue1: 99.159828
    fvalue2: 57.117905
    fvalue3: 0
    isCookedKeytime: true
  }
  keytimes {
    datatype: AE_FLOAT_VECTOR_DATA
    timeOffset: 0.58309996
    inttype: AE_INTERP_LINEAR
    fvalue1: 99.159828
    fvalue2: 57.127831
    fvalue3: 0
    isCookedKeytime: true
  }
  keytimes {
    datatype: AE_FLOAT_VECTOR_DATA
    timeOffset: 0.59975994
    inttype: AE_INTERP_LINEAR
    fvalue1: 99.159828
    fvalue2: 57.137955
    fvalue3: 0
    isCookedKeytime: true
  }
  keytimes {
    datatype: AE_FLOAT_VECTOR_DATA
    timeOffset: 0.61641991
    inttype: AE_INTERP_LINEAR
    fvalue1: 99.159828
    fvalue2: 57.148277
    fvalue3: 0
    isCookedKeytime: true
  }
  keytimes {
    datatype: AE_FLOAT_VECTOR_DATA
    timeOffset: 0.63307989
    inttype: AE_INTERP_LINEAR
    fvalue1: 99.159828
    fvalue2: 57.1588
    fvalue3: 0
    isCookedKeytime: true
  }
  keytimes {
    datatype: AE_FLOAT_VECTOR_DATA
    timeOffset: 0.64973986
    inttype: AE_INTERP_LINEAR
    fvalue1: 99.159828
    fvalue2: 57.169514
    fvalue3: 0
    isCookedKeytime: true
  }
  keytimes {
    datatype: AE_FLOAT_VECTOR_DATA
    timeOffset: 0.66639984
    inttype: AE_INTERP_LINEAR
    fvalue1: 99.159828
    fvalue2: 57.180428
    fvalue3: 0
    isCookedKeytime: true
  }
  keytimes {
    datatype: AE_FLOAT_VECTOR_DATA
    timeOffset: 0.68305981
    inttype: AE_INTERP_LINEAR
    fvalue1: 99.159828
    fvalue2: 57.19154
    fvalue3: 0
    isCookedKeytime: true
  }
  keytimes {
    datatype: AE_FLOAT_VECTOR_DATA
    timeOffset: 0.69971979
    inttype: AE_INTERP_LINEAR
    fvalue1: 99.159828
    fvalue2: 57.202847
    fvalue3: 0
    isCookedKeytime: true
  }
  keytimes {
    datatype: AE_FLOAT_VECTOR_DATA
    timeOffset: 0.71637976
    inttype: AE_INTERP_LINEAR
    fvalue1: 99.159828
    fvalue2: 57.214355
    fvalue3: 0
    isCookedKeytime: true
  }
  keytimes {
    datatype: AE_FLOAT_VECTOR_DATA
    timeOffset: 0.73303974
    inttype: AE_INTERP_LINEAR
    fvalue1: 99.159828
    fvalue2: 57.226067
    fvalue3: 0
    isCookedKeytime: true
  }
  keytimes {
    datatype: AE_FLOAT_VECTOR_DATA
    timeOffset: 0.74969971
    inttype: AE_INTERP_LINEAR
    fvalue1: 99.159828
    fvalue2: 57.237984
    fvalue3: 0
    isCookedKeytime: true
  }
  keytimes {
    datatype: AE_FLOAT_VECTOR_DATA
    timeOffset: 0.76635969
    inttype: AE_INTERP_LINEAR
    fvalue1: 99.159828
    fvalue2: 57.250107
    fvalue3: 0
    isCookedKeytime: true
  }
  keytimes {
    datatype: AE_FLOAT_VECTOR_DATA
    timeOffset: 0.78301966
    inttype: AE_INTERP_LINEAR
    fvalue1: 99.159828
    fvalue2: 57.26244
    fvalue3: 0
    isCookedKeytime: true
  }
  keytimes {
    datatype: AE_FLOAT_VECTOR_DATA
    timeOffset: 0.79967964
    inttype: AE_INTERP_LINEAR
    fvalue1: 99.159828
    fvalue2: 57.274986
    fvalue3: 0
    isCookedKeytime: true
  }
  keytimes {
    datatype: AE_FLOAT_VECTOR_DATA
    timeOffset: 0.81633961
    inttype: AE_INTERP_LINEAR
    fvalue1: 99.159828
    fvalue2: 57.287743
    fvalue3: 0
    isCookedKeytime: true
  }
  keytimes {
    datatype: AE_FLOAT_VECTOR_DATA
    timeOffset: 0.83299959
    inttype: AE_INTERP_LINEAR
    fvalue1: 99.159828
    fvalue2: 57.300709
    fvalue3: 0
    isCookedKeytime: true
  }
  keytimes {
    datatype: AE_FLOAT_VECTOR_DATA
    timeOffset: 0.84965956
    inttype: AE_INTERP_LINEAR
    fvalue1: 99.159828
    fvalue2: 57.313877
    fvalue3: 0
    isCookedKeytime: true
  }
  keytimes {
    datatype: AE_FLOAT_VECTOR_DATA
    timeOffset: 0.86631954
    inttype: AE_INTERP_LINEAR
    fvalue1: 99.159828
    fvalue2: 57.327244
    fvalue3: 0
    isCookedKeytime: true
  }
  keytimes {
    datatype: AE_FLOAT_VECTOR_DATA
    timeOffset: 0.88297951
    inttype: AE_INTERP_LINEAR
    fvalue1: 99.159828
    fvalue2: 57.340778
    fvalue3: 0
    isCookedKeytime: true
  }
  keytimes {
    datatype: AE_FLOAT_VECTOR_DATA
    timeOffset: 0.89963949
    inttype: AE_INTERP_LINEAR
    fvalue1: 99.159828
    fvalue2: 57.354446
    fvalue3: 0
    isCookedKeytime: true
  }
  keytimes {
    datatype: AE_FLOAT_VECTOR_DATA
    timeOffset: 0.91629946
    inttype: AE_INTERP_LINEAR
    fvalue1: 99.159828
    fvalue2: 57.368172
    fvalue3: 0
    isCookedKeytime: true
  }
  keytimes {
    datatype: AE_FLOAT_VECTOR_DATA
    timeOffset: 0.93295944
    inttype: AE_INTERP_LINEAR
    fvalue1: 99.159828
    fvalue2: 57.382927
    fvalue3: 0
    isCookedKeytime: true
  }
  keytimes {
    datatype: AE_FLOAT_VECTOR_DATA
    timeOffset: 0.94961941
    inttype: AE_INTERP_LINEAR
    fvalue1: 99.159828
    fvalue2: 57.400661
    fvalue3: 0
    isCookedKeytime: true
  }
  keytimes {
    datatype: AE_FLOAT_VECTOR_DATA
    timeOffset: 0.96627939
    inttype: AE_INTERP_LINEAR
    fvalue1: 99.159828
    fvalue2: 57.417828
    fvalue3: 0
    isCookedKeytime: true
  }
  keytimes {
    datatype: AE_FLOAT_VECTOR_DATA
    timeOffset: 0.98293936
    inttype: AE_INTERP_LINEAR
    fvalue1: 99.159828
    fvalue2: 57.412865
    fvalue3: 0
    isCookedKeytime: true
  }
  keytimes {
    datatype: AE_FLOAT_VECTOR_DATA
    timeOffset: 0.99959934
    inttype: AE_INTERP_LINEAR
    fvalue1: 99.159828
    fvalue2: 57.399071
    fvalue3: 0
    isCookedKeytime: true
  }
  keytimes {
    datatype: AE_FLOAT_VECTOR_DATA
    timeOffset: 1.0162593
    inttype: AE_INTERP_LINEAR
    fvalue1: 99.159828
    fvalue2: 57.3847
    fvalue3: 0
    isCookedKeytime: true
  }
  keytimes {
    datatype: AE_FLOAT_VECTOR_DATA
    timeOffset: 1.0329193
    inttype: AE_INTERP_LINEAR
    fvalue1: 99.159828
    fvalue2: 57.3702
    fvalue3: 0
    isCookedKeytime: true
  }
  keytimes {
    datatype: AE_FLOAT_VECTOR_DATA
    timeOffset: 1.0495793
    inttype: AE_INTERP_LINEAR
    fvalue1: 99.159828
    fvalue2: 57.355572
    fvalue3: 0
    isCookedKeytime: true
  }
  keytimes {
    datatype: AE_FLOAT_VECTOR_DATA
    timeOffset: 1.0662392
    inttype: AE_INTERP_LINEAR
    fvalue1: 99.159828
    fvalue2: 57.34082
    fvalue3: 0
    isCookedKeytime: true
  }
  keytimes {
    datatype: AE_FLOAT_VECTOR_DATA
    timeOffset: 1.0828992
    inttype: AE_INTERP_LINEAR
    fvalue1: 99.159828
    fvalue2: 57.325958
    fvalue3: 0
    isCookedKeytime: true
  }
  keytimes {
    datatype: AE_FLOAT_VECTOR_DATA
    timeOffset: 1.0995592
    inttype: AE_INTERP_LINEAR
    fvalue1: 99.159828
    fvalue2: 57.310989
    fvalue3: 0
    isCookedKeytime: true
  }
  keytimes {
    datatype: AE_FLOAT_VECTOR_DATA
    timeOffset: 1.1162192
    inttype: AE_INTERP_LINEAR
    fvalue1: 99.159828
    fvalue2: 57.295925
    fvalue3: 0
    isCookedKeytime: true
  }
  keytimes {
    datatype: AE_FLOAT_VECTOR_DATA
    timeOffset: 1.1328791
    inttype: AE_INTERP_LINEAR
    fvalue1: 99.159828
    fvalue2: 57.280769
    fvalue3: 0
    isCookedKeytime: true
  }
  keytimes {
    datatype: AE_FLOAT_VECTOR_DATA
    timeOffset: 1.1495391
    inttype: AE_INTERP_LINEAR
    fvalue1: 99.159828
    fvalue2: 57.265537
    fvalue3: 0
    isCookedKeytime: true
  }
  keytimes {
    datatype: AE_FLOAT_VECTOR_DATA
    timeOffset: 1.1661991
    inttype: AE_INTERP_LINEAR
    fvalue1: 99.159828
    fvalue2: 57.250217
    fvalue3: 0
    isCookedKeytime: true
  }
  keytimes {
    datatype: AE_FLOAT_VECTOR_DATA
    timeOffset: 1.1828591
    inttype: AE_INTERP_LINEAR
    fvalue1: 99.159828
    fvalue2: 57.234734
    fvalue3: 0
    isCookedKeytime: true
  }
  keytimes {
    datatype: AE_FLOAT_VECTOR_DATA
    timeOffset: 1.199519
    inttype: AE_INTERP_LINEAR
    fvalue1: 99.159828
    fvalue2: 57.219105
    fvalue3: 0
    isCookedKeytime: true
  }
  keytimes {
    datatype: AE_FLOAT_VECTOR_DATA
    timeOffset: 1.216179
    inttype: AE_INTERP_LINEAR
    fvalue1: 99.159828
    fvalue2: 57.20335
    fvalue3: 0
    isCookedKeytime: true
  }
  keytimes {
    datatype: AE_FLOAT_VECTOR_DATA
    timeOffset: 1.232839
    inttype: AE_INTERP_LINEAR
    fvalue1: 99.159828
    fvalue2: 57.1875
    fvalue3: 0
    isCookedKeytime: true
  }
  keytimes {
    datatype: AE_FLOAT_VECTOR_DATA
    timeOffset: 1.249499
    inttype: AE_INTERP_LINEAR
    fvalue1: 99.159828
    fvalue2: 57.17157
    fvalue3: 0
    isCookedKeytime: true
  }
  keytimes {
    datatype: AE_FLOAT_VECTOR_DATA
    timeOffset: 1.2661589
    inttype: AE_INTERP_LINEAR
    fvalue1: 99.159828
    fvalue2: 57.155582
    fvalue3: 0
    isCookedKeytime: true
  }
  keytimes {
    datatype: AE_FLOAT_VECTOR_DATA
    timeOffset: 1.2828189
    inttype: AE_INTERP_LINEAR
    fvalue1: 99.159828
    fvalue2: 57.139549
    fvalue3: 0
    isCookedKeytime: true
  }
  keytimes {
    datatype: AE_FLOAT_VECTOR_DATA
    timeOffset: 1.2994789
    inttype: AE_INTERP_LINEAR
    fvalue1: 99.159828
    fvalue2: 57.123486
    fvalue3: 0
    isCookedKeytime: true
  }
  keytimes {
    datatype: AE_FLOAT_VECTOR_DATA
    timeOffset: 1.3161389
    inttype: AE_INTERP_LINEAR
    fvalue1: 99.159828
    fvalue2: 57.107403
    fvalue3: 0
    isCookedKeytime: true
  }
  keytimes {
    datatype: AE_FLOAT_VECTOR_DATA
    timeOffset: 1.3327988
    inttype: AE_INTERP_LINEAR
    fvalue1: 99.159828
    fvalue2: 57.091312
    fvalue3: 0
    isCookedKeytime: true
  }
  keytimes {
    datatype: AE_FLOAT_VECTOR_DATA
    timeOffset: 1.3494588
    inttype: AE_INTERP_LINEAR
    fvalue1: 99.159828
    fvalue2: 57.075218
    fvalue3: 0
    isCookedKeytime: true
  }
  keytimes {
    datatype: AE_FLOAT_VECTOR_DATA
    timeOffset: 1.3661188
    inttype: AE_INTERP_LINEAR
    fvalue1: 99.159828
    fvalue2: 57.059132
    fvalue3: 0
    isCookedKeytime: true
  }
  keytimes {
    datatype: AE_FLOAT_VECTOR_DATA
    timeOffset: 1.3827788
    inttype: AE_INTERP_LINEAR
    fvalue1: 99.159828
    fvalue2: 57.04306
    fvalue3: 0
    isCookedKeytime: true
  }
  keytimes {
    datatype: AE_FLOAT_VECTOR_DATA
    timeOffset: 1.3994387
    inttype: AE_INTERP_LINEAR
    fvalue1: 99.159828
    fvalue2: 57.027
    fvalue3: 0
    isCookedKeytime: true
  }
  keytimes {
    datatype: AE_FLOAT_VECTOR_DATA
    timeOffset: 1.4160987
    inttype: AE_INTERP_LINEAR
    fvalue1: 99.159828
    fvalue2: 57.01096
    fvalue3: 0
    isCookedKeytime: true
  }
  keytimes {
    datatype: AE_FLOAT_VECTOR_DATA
    timeOffset: 1.4327587
    inttype: AE_INTERP_LINEAR
    fvalue1: 99.159828
    fvalue2: 56.994942
    fvalue3: 0
    isCookedKeytime: true
  }
  keytimes {
    datatype: AE_FLOAT_VECTOR_DATA
    timeOffset: 1.4494187
    inttype: AE_INTERP_LINEAR
    fvalue1: 99.159828
    fvalue2: 56.978943
    fvalue3: 0
    isCookedKeytime: true
  }
  keytimes {
    datatype: AE_FLOAT_VECTOR_DATA
    timeOffset: 1.4660786
    inttype: AE_INTERP_LINEAR
    fvalue1: 99.159828
    fvalue2: 56.962963
    fvalue3: 0
    isCookedKeytime: true
  }
  keytimes {
    datatype: AE_FLOAT_VECTOR_DATA
    timeOffset: 1.4827386
    inttype: AE_INTERP_LINEAR
    fvalue1: 99.159828
    fvalue2: 56.947002
    fvalue3: 0
    isCookedKeytime: true
  }
  keytimes {
    datatype: AE_FLOAT_VECTOR_DATA
    timeOffset: 1.4993986
    inttype: AE_INTERP_LINEAR
    fvalue1: 99.159828
    fvalue2: 56.931061
    fvalue3: 0
    isCookedKeytime: true
  }
  keytimes {
    datatype: AE_FLOAT_VECTOR_DATA
    timeOffset: 1.5160586
    inttype: AE_INTERP_LINEAR
    fvalue1: 99.159828
    fvalue2: 56.915131
    fvalue3: 0
    isCookedKeytime: true
  }
  keytimes {
    datatype: AE_FLOAT_VECTOR_DATA
    timeOffset: 1.5327185
    inttype: AE_INTERP_LINEAR
    fvalue1: 99.159828
    fvalue2: 56.899208
    fvalue3: 0
    isCookedKeytime: true
  }
  keytimes {
    datatype: AE_FLOAT_VECTOR_DATA
    timeOffset: 1.5493785
    inttype: AE_INTERP_LINEAR
    fvalue1: 99.159828
    fvalue2: 56.883289
    fvalue3: 0
    isCookedKeytime: true
  }
  keytimes {
    datatype: AE_FLOAT_VECTOR_DATA
    timeOffset: 1.5660385
    inttype: AE_INTERP_LINEAR
    fvalue1: 99.159828
    fvalue2: 56.867367
    fvalue3: 0
    isCookedKeytime: true
  }
  keytimes {
    datatype: AE_FLOAT_VECTOR_DATA
    timeOffset: 1.5826985
    inttype: AE_INTERP_LINEAR
    fvalue1: 99.159828
    fvalue2: 56.851437
    fvalue3: 0
    isCookedKeytime: true
  }
  keytimes {
    datatype: AE_FLOAT_VECTOR_DATA
    timeOffset: 1.5993584
    inttype: AE_INTERP_LINEAR
    fvalue1: 99.159828
    fvalue2: 56.835487
    fvalue3: 0
    isCookedKeytime: true
  }
  keytimes {
    datatype: AE_FLOAT_VECTOR_DATA
    timeOffset: 1.6160184
    inttype: AE_INTERP_LINEAR
    fvalue1: 99.159828
    fvalue2: 56.819515
    fvalue3: 0
    isCookedKeytime: true
  }
  keytimes {
    datatype: AE_FLOAT_VECTOR_DATA
    timeOffset: 1.6326784
    inttype: AE_INTERP_LINEAR
    fvalue1: 99.159828
    fvalue2: 56.8035
    fvalue3: 0
    isCookedKeytime: true
  }
  keytimes {
    datatype: AE_FLOAT_VECTOR_DATA
    timeOffset: 1.6493384
    inttype: AE_INTERP_LINEAR
    fvalue1: 99.159828
    fvalue2: 56.787468
    fvalue3: 0
    isCookedKeytime: true
  }
  keytimes {
    datatype: AE_FLOAT_VECTOR_DATA
    timeOffset: 1.6659983
    inttype: AE_INTERP_LINEAR
    fvalue1: 99.159828
    fvalue2: 56.771446
    fvalue3: 0
    isCookedKeytime: true
  }
  keytimes {
    datatype: AE_FLOAT_VECTOR_DATA
    timeOffset: 1.6826583
    inttype: AE_INTERP_LINEAR
    fvalue1: 99.159828
    fvalue2: 56.755444
    fvalue3: 0
    isCookedKeytime: true
  }
  keytimes {
    datatype: AE_FLOAT_VECTOR_DATA
    timeOffset: 1.6993183
    inttype: AE_INTERP_LINEAR
    fvalue1: 99.159828
    fvalue2: 56.739468
    fvalue3: 0
    isCookedKeytime: true
  }
  keytimes {
    datatype: AE_FLOAT_VECTOR_DATA
    timeOffset: 1.7159783
    inttype: AE_INTERP_LINEAR
    fvalue1: 99.159828
    fvalue2: 56.723526
    fvalue3: 0
    isCookedKeytime: true
  }
  keytimes {
    datatype: AE_FLOAT_VECTOR_DATA
    timeOffset: 1.7326382
    inttype: AE_INTERP_LINEAR
    fvalue1: 99.159828
    fvalue2: 56.707623
    fvalue3: 0
    isCookedKeytime: true
  }
  keytimes {
    datatype: AE_FLOAT_VECTOR_DATA
    timeOffset: 1.7492982
    inttype: AE_INTERP_LINEAR
    fvalue1: 99.159828
    fvalue2: 56.691769
    fvalue3: 0
    isCookedKeytime: true
  }
  keytimes {
    datatype: AE_FLOAT_VECTOR_DATA
    timeOffset: 1.7659582
    inttype: AE_INTERP_LINEAR
    fvalue1: 99.159828
    fvalue2: 56.675968
    fvalue3: 0
    isCookedKeytime: true
  }
  keytimes {
    datatype: AE_FLOAT_VECTOR_DATA
    timeOffset: 1.7826182
    inttype: AE_INTERP_LINEAR
    fvalue1: 99.159828
    fvalue2: 56.660233
    fvalue3: 0
    isCookedKeytime: true
  }
  keytimes {
    datatype: AE_FLOAT_VECTOR_DATA
    timeOffset: 1.7992781
    inttype: AE_INTERP_LINEAR
    fvalue1: 99.159828
    fvalue2: 56.644558
    fvalue3: 0
    isCookedKeytime: true
  }
  keytimes {
    datatype: AE_FLOAT_VECTOR_DATA
    timeOffset: 1.8159381
    inttype: AE_INTERP_LINEAR
    fvalue1: 99.159828
    fvalue2: 56.62896
    fvalue3: 0
    isCookedKeytime: true
  }
  keytimes {
    datatype: AE_FLOAT_VECTOR_DATA
    timeOffset: 1.8325981
    inttype: AE_INTERP_LINEAR
    fvalue1: 99.159828
    fvalue2: 56.613438
    fvalue3: 0
    isCookedKeytime: true
  }
  keytimes {
    datatype: AE_FLOAT_VECTOR_DATA
    timeOffset: 1.8492581
    inttype: AE_INTERP_LINEAR
    fvalue1: 99.159828
    fvalue2: 56.598
    fvalue3: 0
    isCookedKeytime: true
  }
  keytimes {
    datatype: AE_FLOAT_VECTOR_DATA
    timeOffset: 1.865918
    inttype: AE_INTERP_LINEAR
    fvalue1: 99.159828
    fvalue2: 56.582653
    fvalue3: 0
    isCookedKeytime: true
  }
  keytimes {
    datatype: AE_FLOAT_VECTOR_DATA
    timeOffset: 1.882578
    inttype: AE_INTERP_LINEAR
    fvalue1: 99.159828
    fvalue2: 56.5674
    fvalue3: 0
    isCookedKeytime: true
  }
  keytimes {
    datatype: AE_FLOAT_VECTOR_DATA
    timeOffset: 1.899238
    inttype: AE_INTERP_LINEAR
    fvalue1: 99.159828
    fvalue2: 56.552246
    fvalue3: 0
    isCookedKeytime: true
  }
  keytimes {
    datatype: AE_FLOAT_VECTOR_DATA
    timeOffset: 1.915898
    inttype: AE_INTERP_LINEAR
    fvalue1: 99.159828
    fvalue2: 56.537197
    fvalue3: 0
    isCookedKeytime: true
  }
  keytimes {
    datatype: AE_FLOAT_VECTOR_DATA
    timeOffset: 1.9325579
    inttype: AE_INTERP_LINEAR
    fvalue1: 99.159828
    fvalue2: 56.522255
    fvalue3: 0
    isCookedKeytime: true
  }
  keytimes {
    datatype: AE_FLOAT_VECTOR_DATA
    timeOffset: 1.9492179
    inttype: AE_INTERP_LINEAR
    fvalue1: 99.159828
    fvalue2: 56.507427
    fvalue3: 0
    isCookedKeytime: true
  }
  keytimes {
    datatype: AE_FLOAT_VECTOR_DATA
    timeOffset: 1.9658779
    inttype: AE_INTERP_LINEAR
    fvalue1: 99.159828
    fvalue2: 56.492718
    fvalue3: 0
    isCookedKeytime: true
  }
  keytimes {
    datatype: AE_FLOAT_VECTOR_DATA
    timeOffset: 1.9825379
    inttype: AE_INTERP_LINEAR
    fvalue1: 99.159828
    fvalue2: 56.47813
    fvalue3: 0
    isCookedKeytime: true
  }
  keytimes {
    datatype: AE_FLOAT_VECTOR_DATA
    timeOffset: 1.9991978
    inttype: AE_INTERP_LINEAR
    fvalue1: 99.159828
    fvalue2: 56.463665
    fvalue3: 0
    isCookedKeytime: true
  }
  keytimes {
    datatype: AE_FLOAT_VECTOR_DATA
    timeOffset: 2.0158579
    inttype: AE_INTERP_LINEAR
    fvalue1: 99.159828
    fvalue2: 56.449333
    fvalue3: 0
    isCookedKeytime: true
  }
  keytimes {
    datatype: AE_FLOAT_VECTOR_DATA
    timeOffset: 2.0325179
    inttype: AE_INTERP_LINEAR
    fvalue1: 99.159828
    fvalue2: 56.435131
    fvalue3: 0
    isCookedKeytime: true
  }
  keytimes {
    datatype: AE_FLOAT_VECTOR_DATA
    timeOffset: 2.0491779
    inttype: AE_INTERP_LINEAR
    fvalue1: 99.159828
    fvalue2: 56.421066
    fvalue3: 0
    isCookedKeytime: true
  }
  keytimes {
    datatype: AE_FLOAT_VECTOR_DATA
    timeOffset: 2.0658379
    inttype: AE_INTERP_LINEAR
    fvalue1: 99.159828
    fvalue2: 56.407143
    fvalue3: 0
    isCookedKeytime: true
  }
  keytimes {
    datatype: AE_FLOAT_VECTOR_DATA
    timeOffset: 2.0824978
    inttype: AE_INTERP_LINEAR
    fvalue1: 99.159828
    fvalue2: 56.393364
    fvalue3: 0
    isCookedKeytime: true
  }
  keytimes {
    datatype: AE_FLOAT_VECTOR_DATA
    timeOffset: 2.0991578
    inttype: AE_INTERP_LINEAR
    fvalue1: 99.159828
    fvalue2: 56.37973
    fvalue3: 0
    isCookedKeytime: true
  }
  keytimes {
    datatype: AE_FLOAT_VECTOR_DATA
    timeOffset: 2.1158178
    inttype: AE_INTERP_LINEAR
    fvalue1: 99.159828
    fvalue2: 56.366249
    fvalue3: 0
    isCookedKeytime: true
  }
  keytimes {
    datatype: AE_FLOAT_VECTOR_DATA
    timeOffset: 2.1324778
    inttype: AE_INTERP_LINEAR
    fvalue1: 99.159828
    fvalue2: 56.352921
    fvalue3: 0
    isCookedKeytime: true
  }
  keytimes {
    datatype: AE_FLOAT_VECTOR_DATA
    timeOffset: 2.1491377
    inttype: AE_INTERP_LINEAR
    fvalue1: 99.159828
    fvalue2: 56.339752
    fvalue3: 0
    isCookedKeytime: true
  }
  keytimes {
    datatype: AE_FLOAT_VECTOR_DATA
    timeOffset: 2.1657977
    inttype: AE_INTERP_LINEAR
    fvalue1: 99.159828
    fvalue2: 56.32674
    fvalue3: 0
    isCookedKeytime: true
  }
  keytimes {
    datatype: AE_FLOAT_VECTOR_DATA
    timeOffset: 2.1824577
    inttype: AE_INTERP_LINEAR
    fvalue1: 99.159828
    fvalue2: 56.313892
    fvalue3: 0
    isCookedKeytime: true
  }
  keytimes {
    datatype: AE_FLOAT_VECTOR_DATA
    timeOffset: 2.1991177
    inttype: AE_INTERP_LINEAR
    fvalue1: 99.159828
    fvalue2: 56.301212
    fvalue3: 0
    isCookedKeytime: true
  }
  keytimes {
    datatype: AE_FLOAT_VECTOR_DATA
    timeOffset: 2.2157776
    inttype: AE_INTERP_LINEAR
    fvalue1: 99.159828
    fvalue2: 56.288704
    fvalue3: 0
    isCookedKeytime: true
  }
  keytimes {
    datatype: AE_FLOAT_VECTOR_DATA
    timeOffset: 2.2324376
    inttype: AE_INTERP_LINEAR
    fvalue1: 99.159828
    fvalue2: 56.276367
    fvalue3: 0
    isCookedKeytime: true
  }
  keytimes {
    datatype: AE_FLOAT_VECTOR_DATA
    timeOffset: 2.2490976
    inttype: AE_INTERP_LINEAR
    fvalue1: 99.159828
    fvalue2: 56.264206
    fvalue3: 0
    isCookedKeytime: true
  }
  keytimes {
    datatype: AE_FLOAT_VECTOR_DATA
    timeOffset: 2.2657576
    inttype: AE_INTERP_LINEAR
    fvalue1: 99.159828
    fvalue2: 56.252224
    fvalue3: 0
    isCookedKeytime: true
  }
  keytimes {
    datatype: AE_FLOAT_VECTOR_DATA
    timeOffset: 2.2824175
    inttype: AE_INTERP_LINEAR
    fvalue1: 99.159828
    fvalue2: 56.240421
    fvalue3: 0
    isCookedKeytime: true
  }
  keytimes {
    datatype: AE_FLOAT_VECTOR_DATA
    timeOffset: 2.2990775
    inttype: AE_INTERP_LINEAR
    fvalue1: 99.159828
    fvalue2: 56.228809
    fvalue3: 0
    isCookedKeytime: true
  }
  keytimes {
    datatype: AE_FLOAT_VECTOR_DATA
    timeOffset: 2.3157375
    inttype: AE_INTERP_LINEAR
    fvalue1: 99.159828
    fvalue2: 56.217384
    fvalue3: 0
    isCookedKeytime: true
  }
  keytimes {
    datatype: AE_FLOAT_VECTOR_DATA
    timeOffset: 2.3323975
    inttype: AE_INTERP_LINEAR
    fvalue1: 99.159828
    fvalue2: 56.20615
    fvalue3: 0
    isCookedKeytime: true
  }
  keytimes {
    datatype: AE_FLOAT_VECTOR_DATA
    timeOffset: 2.3490574
    inttype: AE_INTERP_LINEAR
    fvalue1: 99.159828
    fvalue2: 56.195114
    fvalue3: 0
    isCookedKeytime: true
  }
  keytimes {
    datatype: AE_FLOAT_VECTOR_DATA
    timeOffset: 2.3657174
    inttype: AE_INTERP_LINEAR
    fvalue1: 99.159828
    fvalue2: 56.184277
    fvalue3: 0
    isCookedKeytime: true
  }
  keytimes {
    datatype: AE_FLOAT_VECTOR_DATA
    timeOffset: 2.3823774
    inttype: AE_INTERP_LINEAR
    fvalue1: 99.159828
    fvalue2: 56.173637
    fvalue3: 0
    isCookedKeytime: true
  }
  keytimes {
    datatype: AE_FLOAT_VECTOR_DATA
    timeOffset: 2.3990374
    inttype: AE_INTERP_LINEAR
    fvalue1: 99.159828
    fvalue2: 56.163208
    fvalue3: 0
    isCookedKeytime: true
  }
  keytimes {
    datatype: AE_FLOAT_VECTOR_DATA
    timeOffset: 2.4156973
    inttype: AE_INTERP_LINEAR
    fvalue1: 99.159828
    fvalue2: 56.152985
    fvalue3: 0
    isCookedKeytime: true
  }
  keytimes {
    datatype: AE_FLOAT_VECTOR_DATA
    timeOffset: 2.4323573
    inttype: AE_INTERP_LINEAR
    fvalue1: 99.159828
    fvalue2: 56.142975
    fvalue3: 0
    isCookedKeytime: true
  }
  keytimes {
    datatype: AE_FLOAT_VECTOR_DATA
    timeOffset: 2.4490173
    inttype: AE_INTERP_LINEAR
    fvalue1: 99.159828
    fvalue2: 56.133183
    fvalue3: 0
    isCookedKeytime: true
  }
  keytimes {
    datatype: AE_FLOAT_VECTOR_DATA
    timeOffset: 2.4656773
    inttype: AE_INTERP_LINEAR
    fvalue1: 99.159828
    fvalue2: 56.123611
    fvalue3: 0
    isCookedKeytime: true
  }
  keytimes {
    datatype: AE_FLOAT_VECTOR_DATA
    timeOffset: 2.4823372
    inttype: AE_INTERP_LINEAR
    fvalue1: 99.159828
    fvalue2: 56.114262
    fvalue3: 0
    isCookedKeytime: true
  }
  keytimes {
    datatype: AE_FLOAT_VECTOR_DATA
    timeOffset: 2.4989972
    inttype: AE_INTERP_LINEAR
    fvalue1: 99.159828
    fvalue2: 56.105137
    fvalue3: 0
    isCookedKeytime: true
  }
  keytimes {
    datatype: AE_FLOAT_VECTOR_DATA
    timeOffset: 2.5156572
    inttype: AE_INTERP_LINEAR
    fvalue1: 99.159828
    fvalue2: 56.096245
    fvalue3: 0
    isCookedKeytime: true
  }
  keytimes {
    datatype: AE_FLOAT_VECTOR_DATA
    timeOffset: 2.5323172
    inttype: AE_INTERP_LINEAR
    fvalue1: 99.159828
    fvalue2: 56.087589
    fvalue3: 0
    isCookedKeytime: true
  }
  keytimes {
    datatype: AE_FLOAT_VECTOR_DATA
    timeOffset: 2.5489771
    inttype: AE_INTERP_LINEAR
    fvalue1: 99.159828
    fvalue2: 56.079174
    fvalue3: 0
    isCookedKeytime: true
  }
  keytimes {
    datatype: AE_FLOAT_VECTOR_DATA
    timeOffset: 2.5656371
    inttype: AE_INTERP_LINEAR
    fvalue1: 99.159828
    fvalue2: 56.071
    fvalue3: 0
    isCookedKeytime: true
  }
  keytimes {
    datatype: AE_FLOAT_VECTOR_DATA
    timeOffset: 2.5822971
    inttype: AE_INTERP_LINEAR
    fvalue1: 99.159828
    fvalue2: 56.063076
    fvalue3: 0
    isCookedKeytime: true
  }
  keytimes {
    datatype: AE_FLOAT_VECTOR_DATA
    timeOffset: 2.5989571
    inttype: AE_INTERP_LINEAR
    fvalue1: 99.159828
    fvalue2: 56.0554
    fvalue3: 0
    isCookedKeytime: true
  }
  keytimes {
    datatype: AE_FLOAT_VECTOR_DATA
    timeOffset: 2.615617
    inttype: AE_INTERP_LINEAR
    fvalue1: 99.159828
    fvalue2: 56.047981
    fvalue3: 0
    isCookedKeytime: true
  }
  keytimes {
    datatype: AE_FLOAT_VECTOR_DATA
    timeOffset: 2.632277
    inttype: AE_INTERP_LINEAR
    fvalue1: 99.159828
    fvalue2: 56.040821
    fvalue3: 0
    isCookedKeytime: true
  }
  keytimes {
    datatype: AE_FLOAT_VECTOR_DATA
    timeOffset: 2.648937
    inttype: AE_INTERP_LINEAR
    fvalue1: 99.159828
    fvalue2: 56.033928
    fvalue3: 0
    isCookedKeytime: true
  }
  keytimes {
    datatype: AE_FLOAT_VECTOR_DATA
    timeOffset: 2.665597
    inttype: AE_INTERP_LINEAR
    fvalue1: 99.159828
    fvalue2: 56.0273
    fvalue3: 0
    isCookedKeytime: true
  }
  keytimes {
    datatype: AE_FLOAT_VECTOR_DATA
    timeOffset: 2.6822569
    inttype: AE_INTERP_LINEAR
    fvalue1: 99.159828
    fvalue2: 56.02095
    fvalue3: 0
    isCookedKeytime: true
  }
  keytimes {
    datatype: AE_FLOAT_VECTOR_DATA
    timeOffset: 2.6989169
    inttype: AE_INTERP_LINEAR
    fvalue1: 99.159828
    fvalue2: 56.014874
    fvalue3: 0
    isCookedKeytime: true
  }
  keytimes {
    datatype: AE_FLOAT_VECTOR_DATA
    timeOffset: 2.7155769
    inttype: AE_INTERP_LINEAR
    fvalue1: 99.159828
    fvalue2: 56.009079
    fvalue3: 0
    isCookedKeytime: true
  }
  keytimes {
    datatype: AE_FLOAT_VECTOR_DATA
    timeOffset: 2.7322369
    inttype: AE_INTERP_LINEAR
    fvalue1: 99.159828
    fvalue2: 56.003574
    fvalue3: 0
    isCookedKeytime: true
  }
  keytimes {
    datatype: AE_FLOAT_VECTOR_DATA
    timeOffset: 2.7488968
    inttype: AE_INTERP_LINEAR
    fvalue1: 99.159828
    fvalue2: 55.99836
    fvalue3: 0
    isCookedKeytime: true
  }
  keytimes {
    datatype: AE_FLOAT_VECTOR_DATA
    timeOffset: 2.7655568
    inttype: AE_INTERP_LINEAR
    fvalue1: 99.159828
    fvalue2: 55.993439
    fvalue3: 0
    isCookedKeytime: true
  }
  keytimes {
    datatype: AE_FLOAT_VECTOR_DATA
    timeOffset: 2.7822168
    inttype: AE_INTERP_LINEAR
    fvalue1: 99.159828
    fvalue2: 55.988819
    fvalue3: 0
    isCookedKeytime: true
  }
  keytimes {
    datatype: AE_FLOAT_VECTOR_DATA
    timeOffset: 2.7988768
    inttype: AE_INTERP_LINEAR
    fvalue1: 99.159828
    fvalue2: 55.984505
    fvalue3: 0
    isCookedKeytime: true
  }
  keytimes {
    datatype: AE_FLOAT_VECTOR_DATA
    timeOffset: 2.8155367
    inttype: AE_INTERP_LINEAR
    fvalue1: 99.159828
    fvalue2: 55.9805
    fvalue3: 0
    isCookedKeytime: true
  }
  keytimes {
    datatype: AE_FLOAT_VECTOR_DATA
    timeOffset: 2.8321967
    inttype: AE_INTERP_LINEAR
    fvalue1: 99.159828
    fvalue2: 55.976807
    fvalue3: 0
    isCookedKeytime: true
  }
  keytimes {
    datatype: AE_FLOAT_VECTOR_DATA
    timeOffset: 2.8488567
    inttype: AE_INTERP_LINEAR
    fvalue1: 99.159828
    fvalue2: 55.973434
    fvalue3: 0
    isCookedKeytime: true
  }
  keytimes {
    datatype: AE_FLOAT_VECTOR_DATA
    timeOffset: 2.8655167
    inttype: AE_INTERP_LINEAR
    fvalue1: 99.159828
    fvalue2: 55.970383
    fvalue3: 0
    isCookedKeytime: true
  }
  keytimes {
    datatype: AE_FLOAT_VECTOR_DATA
    timeOffset: 2.8821766
    inttype: AE_INTERP_LINEAR
    fvalue1: 99.159828
    fvalue2: 55.967663
    fvalue3: 0
    isCookedKeytime: true
  }
  keytimes {
    datatype: AE_FLOAT_VECTOR_DATA
    timeOffset: 2.8988366
    inttype: AE_INTERP_LINEAR
    fvalue1: 99.159828
    fvalue2: 55.965271
    fvalue3: 0
    isCookedKeytime: true
  }
  keytimes {
    datatype: AE_FLOAT_VECTOR_DATA
    timeOffset: 2.9154966
    inttype: AE_INTERP_LINEAR
    fvalue1: 99.159828
    fvalue2: 55.963219
    fvalue3: 0
    isCookedKeytime: true
  }
  keytimes {
    datatype: AE_FLOAT_VECTOR_DATA
    timeOffset: 2.9321566
    inttype: AE_INTERP_LINEAR
    fvalue1: 99.159828
    fvalue2: 55.961502
    fvalue3: 0
    isCookedKeytime: true
  }
  keytimes {
    datatype: AE_FLOAT_VECTOR_DATA
    timeOffset: 2.9488165
    inttype: AE_INTERP_LINEAR
    fvalue1: 99.159828
    fvalue2: 55.960136
    fvalue3: 0
    isCookedKeytime: true
  }
  keytimes {
    datatype: AE_FLOAT_VECTOR_DATA
    timeOffset: 2.9654765
    inttype: AE_INTERP_LINEAR
    fvalue1: 99.159828
    fvalue2: 55.959114
    fvalue3: 0
    isCookedKeytime: true
  }
  keytimes {
    datatype: AE_FLOAT_VECTOR_DATA
    timeOffset: 2.9821365
    inttype: AE_INTERP_LINEAR
    fvalue1: 99.159828
    fvalue2: 55.95845
    fvalue3: 0
    isCookedKeytime: true
  }
  keytimes {
    datatype: AE_FLOAT_VECTOR_DATA
    timeOffset: 2.9987965
    inttype: AE_INTERP_LINEAR
    fvalue1: 99.159828
    fvalue2: 55.958141
    fvalue3: 0
    isCookedKeytime: true
  }
  keytimes {
    datatype: AE_FLOAT_VECTOR_DATA
    timeOffset: 3
    inttype: AE_INTERP_LINEAR
    fvalue1: 99.159828
    fvalue2: 55.958118
    fvalue3: 0
  }
  keytimes {
    datatype: AE_FLOAT_VECTOR_DATA
    timeOffset: 3.01666
    inttype: AE_INTERP_LINEAR
    fvalue1: 99.159828
    fvalue2: 55.279339
    fvalue3: 0
    isCookedKeytime: true
  }
  keytimes {
    datatype: AE_FLOAT_VECTOR_DATA
    timeOffset: 3.03332
    inttype: AE_INTERP_LINEAR
    fvalue1: 99.159828
    fvalue2: 51.187572
    fvalue3: 0
    isCookedKeytime: true
  }
  keytimes {
    datatype: AE_FLOAT_VECTOR_DATA
    timeOffset: 3.04998
    inttype: AE_INTERP_LINEAR
    fvalue1: 99.159828
    fvalue2: 46.614227
    fvalue3: 0
    isCookedKeytime: true
  }
  keytimes {
    datatype: AE_FLOAT_VECTOR_DATA
    timeOffset: 3.06664
    inttype: AE_INTERP_LINEAR
    fvalue1: 99.159828
    fvalue2: 44.312874
    fvalue3: 0
    isCookedKeytime: true
  }
  keytimes {
    datatype: AE_FLOAT_VECTOR_DATA
    timeOffset: 3.0832999
    inttype: AE_INTERP_LINEAR
    fvalue1: 99.159828
    fvalue2: 42.955013
    fvalue3: 0
    isCookedKeytime: true
  }
  keytimes {
    datatype: AE_FLOAT_VECTOR_DATA
    timeOffset: 3.0999599
    inttype: AE_INTERP_LINEAR
    fvalue1: 99.159828
    fvalue2: 42.089523
    fvalue3: 0
    isCookedKeytime: true
  }
  keytimes {
    datatype: AE_FLOAT_VECTOR_DATA
    timeOffset: 3.1166198
    inttype: AE_INTERP_LINEAR
    fvalue1: 99.159828
    fvalue2: 41.53196
    fvalue3: 0
    isCookedKeytime: true
  }
  keytimes {
    datatype: AE_FLOAT_VECTOR_DATA
    timeOffset: 3.1332798
    inttype: AE_INTERP_LINEAR
    fvalue1: 99.159828
    fvalue2: 41.191238
    fvalue3: 0
    isCookedKeytime: true
  }
  keytimes {
    datatype: AE_FLOAT_VECTOR_DATA
    timeOffset: 3.1499398
    inttype: AE_INTERP_LINEAR
    fvalue1: 99.159828
    fvalue2: 41.01265
    fvalue3: 0
    isCookedKeytime: true
  }
  keytimes {
    datatype: AE_FLOAT_VECTOR_DATA
    timeOffset: 3.1665998
    inttype: AE_INTERP_LINEAR
    fvalue1: 99.159828
    fvalue2: 40.958138
    fvalue3: 0
    isCookedKeytime: true
  }
  keytimes {
    datatype: AE_FLOAT_VECTOR_DATA
    timeOffset: 3.1666667
    inttype: AE_INTERP_LINEAR
    fvalue1: 99.159828
    fvalue2: 40.958118
    fvalue3: 0
  }
  keytimes {
    datatype: AE_FLOAT_VECTOR_DATA
    timeOffset: 3.1833267
    inttype: AE_INTERP_LINEAR
    fvalue1: 99.159828
    fvalue2: 40.958118
    fvalue3: 0
    isCookedKeytime: true
  }
  keytimes {
    datatype: AE_FLOAT_VECTOR_DATA
    timeOffset: 3.1999867
    inttype: AE_INTERP_LINEAR
    fvalue1: 99.159828
    fvalue2: 40.958118
    fvalue3: 0
    isCookedKeytime: true
  }
  keytimes {
    datatype: AE_FLOAT_VECTOR_DATA
    timeOffset: 3.2166467
    inttype: AE_INTERP_LINEAR
    fvalue1: 99.159828
    fvalue2: 40.958118
    fvalue3: 0
    isCookedKeytime: true
  }
  keytimes {
    datatype: AE_FLOAT_VECTOR_DATA
    timeOffset: 3.2333066
    inttype: AE_INTERP_LINEAR
    fvalue1: 99.159828
    fvalue2: 40.958118
    fvalue3: 0
    isCookedKeytime: true
  }
  keytimes {
    datatype: AE_FLOAT_VECTOR_DATA
    timeOffset: 3.2499666
    inttype: AE_INTERP_LINEAR
    fvalue1: 99.159828
    fvalue2: 40.958118
    fvalue3: 0
    isCookedKeytime: true
  }
  keytimes {
    datatype: AE_FLOAT_VECTOR_DATA
    timeOffset: 3.2666266
    inttype: AE_INTERP_LINEAR
    fvalue1: 99.159828
    fvalue2: 40.958118
    fvalue3: 0
    isCookedKeytime: true
  }
  keytimes {
    datatype: AE_FLOAT_VECTOR_DATA
    timeOffset: 3.2832866
    inttype: AE_INTERP_LINEAR
    fvalue1: 99.159828
    fvalue2: 40.958118
    fvalue3: 0
    isCookedKeytime: true
  }
  keytimes {
    datatype: AE_FLOAT_VECTOR_DATA
    timeOffset: 3.2999465
    inttype: AE_INTERP_LINEAR
    fvalue1: 99.159828
    fvalue2: 40.958118
    fvalue3: 0
    isCookedKeytime: true
  }
  keytimes {
    datatype: AE_FLOAT_VECTOR_DATA
    timeOffset: 3.3166065
    inttype: AE_INTERP_LINEAR
    fvalue1: 99.159828
    fvalue2: 40.958118
    fvalue3: 0
    isCookedKeytime: true
  }
  keytimes {
    datatype: AE_FLOAT_VECTOR_DATA
    timeOffset: 3.3333333
    inttype: AE_INTERP_LINEAR
    fvalue1: 99.159828
    fvalue2: 40.958118
    fvalue3: 0
  }
  keytimes {
    datatype: AE_FLOAT_VECTOR_DATA
    timeOffset: 3.3499932
    inttype: AE_INTERP_LINEAR
    fvalue1: 99.159828
    fvalue2: 41.373589
    fvalue3: 0
    isCookedKeytime: true
  }
  keytimes {
    datatype: AE_FLOAT_VECTOR_DATA
    timeOffset: 3.3666532
    inttype: AE_INTERP_LINEAR
    fvalue1: 99.159828
    fvalue2: 42.512512
    fvalue3: 0
    isCookedKeytime: true
  }
  keytimes {
    datatype: AE_FLOAT_VECTOR_DATA
    timeOffset: 3.3833132
    inttype: AE_INTERP_LINEAR
    fvalue1: 99.159828
    fvalue2: 44.187752
    fvalue3: 0
    isCookedKeytime: true
  }
  keytimes {
    datatype: AE_FLOAT_VECTOR_DATA
    timeOffset: 3.3999732
    inttype: AE_INTERP_LINEAR
    fvalue1: 99.159828
    fvalue2: 46.222427
    fvalue3: 0
    isCookedKeytime: true
  }
  keytimes {
    datatype: AE_FLOAT_VECTOR_DATA
    timeOffset: 3.4166331
    inttype: AE_INTERP_LINEAR
    fvalue1: 99.159828
    fvalue2: 48.434986
    fvalue3: 0
    isCookedKeytime: true
  }
  keytimes {
    datatype: AE_FLOAT_VECTOR_DATA
    timeOffset: 3.4332931
    inttype: AE_INTERP_LINEAR
    fvalue1: 99.159828
    fvalue2: 50.650055
    fvalue3: 0
    isCookedKeytime: true
  }
  keytimes {
    datatype: AE_FLOAT_VECTOR_DATA
    timeOffset: 3.4499531
    inttype: AE_INTERP_LINEAR
    fvalue1: 99.159828
    fvalue2: 52.690193
    fvalue3: 0
    isCookedKeytime: true
  }
  keytimes {
    datatype: AE_FLOAT_VECTOR_DATA
    timeOffset: 3.4666131
    inttype: AE_INTERP_LINEAR
    fvalue1: 99.159828
    fvalue2: 54.362896
    fvalue3: 0
    isCookedKeytime: true
  }
  keytimes {
    datatype: AE_FLOAT_VECTOR_DATA
    timeOffset: 3.483273
    inttype: AE_INTERP_LINEAR
    fvalue1: 99.159828
    fvalue2: 55.524353
    fvalue3: 0
    isCookedKeytime: true
  }
  keytimes {
    datatype: AE_FLOAT_VECTOR_DATA
    timeOffset: 3.499933
    inttype: AE_INTERP_LINEAR
    fvalue1: 99.159828
    fvalue2: 55.957951
    fvalue3: 0
    isCookedKeytime: true
  }
  keytimes {
    datatype: AE_FLOAT_VECTOR_DATA
    timeOffset: 3.5
    inttype: AE_INTERP_LINEAR
    fvalue1: 99.159828
    fvalue2: 55.958118
    fvalue3: 0
  }
  trackName: "Position"
}
tracks {
  binding: OPACITY
  targetid: 690012315
  targetname: "title2"
  keytimes {
    datatype: AE_FLOAT_DATA
    timeOffset: 0
    inttype: AE_INTERP_LINEAR
    fvalue1: 0
  }
  keytimes {
    datatype: AE_FLOAT_DATA
    timeOffset: 3
    inttype: AE_INTERP_LINEAR
    fvalue1: 0
  }
  keytimes {
    datatype: AE_FLOAT_DATA
    timeOffset: 3.01666
    inttype: AE_INTERP_LINEAR
    fvalue1: 0.045391418
    isCookedKeytime: true
  }
  keytimes {
    datatype: AE_FLOAT_DATA
    timeOffset: 3.03332
    inttype: AE_INTERP_LINEAR
    fvalue1: 0.31800389
    isCookedKeytime: true
  }
  keytimes {
    datatype: AE_FLOAT_DATA
    timeOffset: 3.04998
    inttype: AE_INTERP_LINEAR
    fvalue1: 0.6231119
    isCookedKeytime: true
  }
  keytimes {
    datatype: AE_FLOAT_DATA
    timeOffset: 3.06664
    inttype: AE_INTERP_LINEAR
    fvalue1: 0.77637434
    isCookedKeytime: true
  }
  keytimes {
    datatype: AE_FLOAT_DATA
    timeOffset: 3.0832999
    inttype: AE_INTERP_LINEAR
    fvalue1: 0.86689305
    isCookedKeytime: true
  }
  keytimes {
    datatype: AE_FLOAT_DATA
    timeOffset: 3.0999599
    inttype: AE_INTERP_LINEAR
    fvalue1: 0.92454231
    isCookedKeytime: true
  }
  keytimes {
    datatype: AE_FLOAT_DATA
    timeOffset: 3.1166198
    inttype: AE_INTERP_LINEAR
    fvalue1: 0.96157908
    isCookedKeytime: true
  }
  keytimes {
    datatype: AE_FLOAT_DATA
    timeOffset: 3.1332798
    inttype: AE_INTERP_LINEAR
    fvalue1: 0.98427171
    isCookedKeytime: true
  }
  keytimes {
    datatype: AE_FLOAT_DATA
    timeOffset: 3.1499398
    inttype: AE_INTERP_LINEAR
    fvalue1: 0.99629295
    isCookedKeytime: true
  }
  keytimes {
    datatype: AE_FLOAT_DATA
    timeOffset: 3.1665998
    inttype: AE_INTERP_LINEAR
    fvalue1: 0.99999869
    isCookedKeytime: true
  }
  keytimes {
    datatype: AE_FLOAT_DATA
    timeOffset: 3.1666667
    inttype: AE_INTERP_LINEAR
    fvalue1: 1
  }
  keytimes {
    datatype: AE_FLOAT_DATA
    timeOffset: 3.1833267
    inttype: AE_INTERP_LINEAR
    fvalue1: 1
    isCookedKeytime: true
  }
  keytimes {
    datatype: AE_FLOAT_DATA
    timeOffset: 3.1999867
    inttype: AE_INTERP_LINEAR
    fvalue1: 1
    isCookedKeytime: true
  }
  keytimes {
    datatype: AE_FLOAT_DATA
    timeOffset: 3.2166467
    inttype: AE_INTERP_LINEAR
    fvalue1: 1
    isCookedKeytime: true
  }
  keytimes {
    datatype: AE_FLOAT_DATA
    timeOffset: 3.2333066
    inttype: AE_INTERP_LINEAR
    fvalue1: 1
    isCookedKeytime: true
  }
  keytimes {
    datatype: AE_FLOAT_DATA
    timeOffset: 3.2499666
    inttype: AE_INTERP_LINEAR
    fvalue1: 1
    isCookedKeytime: true
  }
  keytimes {
    datatype: AE_FLOAT_DATA
    timeOffset: 3.2666266
    inttype: AE_INTERP_LINEAR
    fvalue1: 1
    isCookedKeytime: true
  }
  keytimes {
    datatype: AE_FLOAT_DATA
    timeOffset: 3.2832866
    inttype: AE_INTERP_LINEAR
    fvalue1: 1
    isCookedKeytime: true
  }
  keytimes {
    datatype: AE_FLOAT_DATA
    timeOffset: 3.2999465
    inttype: AE_INTERP_LINEAR
    fvalue1: 1
    isCookedKeytime: true
  }
  keytimes {
    datatype: AE_FLOAT_DATA
    timeOffset: 3.3166065
    inttype: AE_INTERP_LINEAR
    fvalue1: 1
    isCookedKeytime: true
  }
  keytimes {
    datatype: AE_FLOAT_DATA
    timeOffset: 3.3333333
    inttype: AE_INTERP_LINEAR
    fvalue1: 1
  }
  keytimes {
    datatype: AE_FLOAT_DATA
    timeOffset: 3.3499932
    inttype: AE_INTERP_LINEAR
    fvalue1: 0.97210538
    isCookedKeytime: true
  }
  keytimes {
    datatype: AE_FLOAT_DATA
    timeOffset: 3.3666532
    inttype: AE_INTERP_LINEAR
    fvalue1: 0.89637476
    isCookedKeytime: true
  }
  keytimes {
    datatype: AE_FLOAT_DATA
    timeOffset: 3.3833132
    inttype: AE_INTERP_LINEAR
    fvalue1: 0.78473783
    isCookedKeytime: true
  }
  keytimes {
    datatype: AE_FLOAT_DATA
    timeOffset: 3.3999732
    inttype: AE_INTERP_LINEAR
    fvalue1: 0.64912462
    isCookedKeytime: true
  }
  keytimes {
    datatype: AE_FLOAT_DATA
    timeOffset: 3.4166331
    inttype: AE_INTERP_LINEAR
    fvalue1: 0.50146484
    isCookedKeytime: true
  }
  keytimes {
    datatype: AE_FLOAT_DATA
    timeOffset: 3.4332931
    inttype: AE_INTERP_LINEAR
    fvalue1: 0.35368833
    isCookedKeytime: true
  }
  keytimes {
    datatype: AE_FLOAT_DATA
    timeOffset: 3.4499531
    inttype: AE_INTERP_LINEAR
    fvalue1: 0.21772489
    isCookedKeytime: true
  }
  keytimes {
    datatype: AE_FLOAT_DATA
    timeOffset: 3.4666131
    inttype: AE_INTERP_LINEAR
    fvalue1: 0.10550439
    isCookedKeytime: true
  }
  keytimes {
    datatype: AE_FLOAT_DATA
    timeOffset: 3.483273
    inttype: AE_INTERP_LINEAR
    fvalue1: 0.028956624
    isCookedKeytime: true
  }
  keytimes {
    datatype: AE_FLOAT_DATA
    timeOffset: 3.499933
    inttype: AE_INTERP_LINEAR
    fvalue1: 1.1429191e-05
    isCookedKeytime: true
  }
  keytimes {
    datatype: AE_FLOAT_DATA
    timeOffset: 3.5
    inttype: AE_INTERP_LINEAR
    fvalue1: 0
  }
  trackName: "Opacity"
}
markers {
  starttime: 1
  duration: 0.16666667
  name: "FocusIn"
  tracksSelection {
    targetid: 690012309
    binding: OPACITY
  }
  tracksSelection {
    targetid: 690012310
    binding: OPACITY
  }
  tracksSelection {
    targetid: 690012311
    binding: OPACITY
  }
  tracksSelection {
    targetid: 690012312
    binding: OPACITY
  }
  alltracks: false
  id: 21
  looping: false
}
markers {
  starttime: 2
  duration: 0.016666668
  name: "Press"
  tracksSelection {
    targetid: 690012313
    binding: OPACITY
  }
  alltracks: false
  id: 18
  looping: false
}
markers {
  starttime: 2.3333333
  duration: 0.016666668
  name: "Press-Checked"
  tracksSelection {
    targetid: 690012313
    binding: OPACITY
  }
  alltracks: false
  id: 23
  looping: false
}
markers {
  starttime: 3
  duration: 0.16666667
  name: "Toggle-On"
  tracksSelection {
    targetid: 690012313
    binding: OPACITY
  }
  tracksSelection {
    targetid: 690012314
    binding: POSITION
  }
  tracksSelection {
    targetid: 690012314
    binding: OPACITY
  }
  tracksSelection {
    targetid: 690012315
    binding: POSITION
  }
  tracksSelection {
    targetid: 690012315
    binding: OPACITY
  }
  alltracks: false
  id: 20
  looping: false
}
markers {
  starttime: 3.3333333
  duration: 0.16666667
  name: "Toggle-Off"
  tracksSelection {
    targetid: 690012313
    binding: OPACITY
  }
  tracksSelection {
    targetid: 690012314
    binding: POSITION
  }
  tracksSelection {
    targetid: 690012314
    binding: OPACITY
  }
  tracksSelection {
    targetid: 690012315
    binding: POSITION
  }
  tracksSelection {
    targetid: 690012315
    binding: OPACITY
  }
  alltracks: false
  id: 26
  looping: false
}
