activecomp {
  name: "Auryn_Player-Scrubber"
  width: 1500
  height: 60
  defaultcameradistance: 2083.3333
  layer {
    name: "BarBG"
    id: 519942
    sourceid: 519941
    transform {
      anchorPoint {
        x: 0
        y: 6
        z: 0
      }
      scale {
        x: 1
        y: 1
        z: 1
      }
      position {
        x: 50
        y: 30
        z: 0
      }
      orientation {
        x: 0
        y: 0
        z: 0
      }
      rotationX: 0
      rotationY: 0
      rotationZ: 0
      opacity: 0.4
    }
    acceptsshadows: true
    acceptslights: true
    castsshadows: false
  }
  layer {
    name: "Bar"
    id: 519943
    sourceid: 519935
    transform {
      anchorPoint {
        x: 0
        y: 6
        z: 0
      }
      scale {
        x: 0.02
        y: 1
        z: 1
      }
      position {
        x: 50
        y: 30
        z: 0
      }
      orientation {
        x: 0
        y: 0
        z: 0
      }
      rotationX: 0
      rotationY: 0
      rotationZ: 0
      opacity: 1
    }
    acceptsshadows: true
    acceptslights: true
    castsshadows: false
  }
  layer {
    name: "Player-Thumb.png"
    id: 519944
    sourceid: 520045
    transform {
      anchorPoint {
        x: 24
        y: 24
        z: 0
      }
      scale {
        x: 0.6
        y: 0.6
        z: 1
      }
      position {
        x: -628
        y: 50
        z: 0
      }
      orientation {
        x: 0
        y: 0
        z: 0
      }
      rotationX: 0
      rotationY: 0
      rotationZ: 0
      opacity: 1
    }
    acceptsshadows: true
    acceptslights: true
    castsshadows: false
    parentid: 519945
  }
  layer {
    name: "ScalePropCenterAnchor"
    id: 519945
    sourceid: 690011406
    transform {
      anchorPoint {
        x: 50
        y: 50
        z: 0
      }
      scale {
        x: 1
        y: 1
        z: 1
      }
      position {
        x: 750
        y: 30
        z: 0
      }
      orientation {
        x: 0
        y: 0
        z: 0
      }
      rotationX: 0
      rotationY: 0
      rotationZ: 0
      opacity: 1
    }
    acceptsshadows: true
    acceptslights: true
    castsshadows: false
  }
  bgcolor {
    alpha: 1
    red: 0.086274509803921567
    green: 0.11372549019607843
    blue: 0.14509803921568629
  }
}
sources {
  uid: 519941
  srctype: AE_SOLID_SRC
  color {
    alpha: 1
    red: 1
    green: 1
    blue: 1
  }
  width: 1400
  height: 12
  copy_source: false
}
sources {
  uid: 519935
  srctype: AE_SOLID_SRC
  color {
    alpha: 1
    red: 0.91286766529083252
    green: 0.032904054969549179
    blue: 0.33563414216041565
  }
  width: 1400
  height: 12
  copy_source: false
}
sources {
  uid: 520045
  srctype: AE_IMAGE_SRC
  name: "Player-Thumb.png"
  width: 48
  height: 48
  numberOfFrames: 1
  fps: 0
  loops: 1
  copy_source: true
}
sources {
  uid: 690011406
  srctype: AE_NULL_SRC
  width: 100
  height: 100
  copy_source: false
}
