activecomp {
  name: "Auryn_Image-Dynamic-Full"
  width: 1068
  height: 600
  defaultcameradistance: 1483.3334
  layer {
    name: "ImageNode"
    id: 52
    sourceid: 13
    transform {
      anchorPoint {
        x: 534
        y: 300
        z: 0
      }
      scale {
        x: 1
        y: 1
        z: 1
      }
      position {
        x: 534
        y: 300
        z: 0
      }
      orientation {
        x: 0
        y: 0
        z: 0
      }
      rotationX: 0
      rotationY: 0
      rotationZ: 0
      opacity: 1
    }
    acceptsshadows: true
    acceptslights: true
    castsshadows: false
  }
  classname: "CYIImageView"
  bgcolor {
    alpha: 1
    red: 0.086274509803921567
    green: 0.11372549019607843
    blue: 0.14509803921568629
  }
  properties {
    key: "componentType"
    value: "image"
  }
}
sources {
  uid: 13
  srctype: AE_SOLID_SRC
  color {
    alpha: 1
    red: 0.058823529630899429
    green: 0.20784313976764679
    blue: 0.43921568989753723
  }
  width: 1068
  height: 600
  copy_source: false
}
