activecomp {
  name: "Auryn_Btn-Nav-List-Container"
  width: 200
  height: 60
  defaultcameradistance: 277.77777
  layer {
    name: "Btn-Nav-List"
    id: 690012327
    sourceid: 690012309
    transform {
      anchorPoint {
        x: 100
        y: 30
        z: 0
      }
      scale {
        x: 1
        y: 1
        z: 1
      }
      position {
        x: 100
        y: 30
        z: 0
      }
      orientation {
        x: 0
        y: 0
        z: 0
      }
      rotationX: 0
      rotationY: 0
      rotationZ: 0
      opacity: 1
    }
    acceptsshadows: true
    acceptslights: true
    castsshadows: false
  }
  bgcolor {
    alpha: 1
    red: 0
    green: 0
    blue: 0
  }
  childtemplates: "Auryn_Btn-Nav-List"
}
sources {
  uid: 690012309
  srctype: AE_COMP_SRC
  name: "Auryn_Btn-Nav-List.layout"
  width: 200
  height: 60
  copy_source: true
}
