activecomp {
  name: "Auryn_Loader"
  width: 100
  height: 100
  defaultcameradistance: 138.88889
  layer {
    name: "Loader-4.png"
    id: 212
    sourceid: 259807
    transform {
      anchorPoint {
        x: 30
        y: 30
        z: 0
      }
      scale {
        x: 1
        y: 1
        z: 1
      }
      position {
        x: 0
        y: 0
        z: 0
      }
      orientation {
        x: 0
        y: 0
        z: 0
      }
      rotationX: 0
      rotationY: 0
      rotationZ: 1.4033418e-14
      opacity: 1
    }
    acceptsshadows: true
    acceptslights: true
    castsshadows: false
    parentid: 217
  }
  layer {
    name: "Loader-1.png"
    id: 213
    sourceid: 259804
    transform {
      anchorPoint {
        x: 30
        y: 30
        z: 0
      }
      scale {
        x: 1
        y: 1
        z: 1
      }
      position {
        x: 0
        y: 0
        z: 0
      }
      orientation {
        x: 0
        y: 0
        z: 0
      }
      rotationX: 0
      rotationY: 0
      rotationZ: 1.4033418e-14
      opacity: 0
    }
    acceptsshadows: true
    acceptslights: true
    castsshadows: false
    parentid: 217
  }
  layer {
    name: "Loader-3.png"
    id: 214
    sourceid: 259806
    transform {
      anchorPoint {
        x: 30
        y: 30
        z: 0
      }
      scale {
        x: 1
        y: 1
        z: 1
      }
      position {
        x: 0
        y: 0
        z: 0
      }
      orientation {
        x: 0
        y: 0
        z: 0
      }
      rotationX: 0
      rotationY: 0
      rotationZ: 1.4033418e-14
      opacity: 0
    }
    acceptsshadows: true
    acceptslights: true
    castsshadows: false
    parentid: 217
  }
  layer {
    name: "Loader-2.png"
    id: 215
    sourceid: 259805
    transform {
      anchorPoint {
        x: 30
        y: 30
        z: 0
      }
      scale {
        x: 1
        y: 1
        z: 1
      }
      position {
        x: 0
        y: 0
        z: 0
      }
      orientation {
        x: 0
        y: 0
        z: 0
      }
      rotationX: 0
      rotationY: 0
      rotationZ: 1.4033418e-14
      opacity: 0
    }
    acceptsshadows: true
    acceptslights: true
    castsshadows: false
    parentid: 217
  }
  layer {
    name: "Loader-4.png"
    id: 216
    sourceid: 259807
    transform {
      anchorPoint {
        x: 30
        y: 30
        z: 0
      }
      scale {
        x: 1
        y: 1
        z: 1
      }
      position {
        x: 0
        y: 0
        z: 0
      }
      orientation {
        x: 0
        y: 0
        z: 0
      }
      rotationX: 0
      rotationY: 0
      rotationZ: 1.4033418e-14
      opacity: 1
    }
    acceptsshadows: true
    acceptslights: true
    castsshadows: false
    parentid: 217
  }
  layer {
    name: "Null 3"
    id: 217
    sourceid: 259737
    transform {
      anchorPoint {
        x: 0
        y: 0
        z: 0
      }
      scale {
        x: 1
        y: 1
        z: 1
      }
      position {
        x: 50
        y: 50
        z: 0
      }
      orientation {
        x: 0
        y: 0
        z: 0
      }
      rotationX: 0
      rotationY: 0
      rotationZ: 0
      opacity: 1
    }
    acceptsshadows: true
    acceptslights: true
    castsshadows: false
  }
  bgcolor {
    alpha: 1
    red: 0
    green: 0
    blue: 0
  }
}
sources {
  uid: 259807
  srctype: AE_IMAGE_SRC
  name: "Loader-4.png"
  width: 60
  height: 60
  numberOfFrames: 1
  fps: 0
  loops: 1
  copy_source: true
}
sources {
  uid: 259804
  srctype: AE_IMAGE_SRC
  name: "Loader-1.png"
  width: 60
  height: 60
  numberOfFrames: 1
  fps: 0
  loops: 1
  copy_source: true
}
sources {
  uid: 259806
  srctype: AE_IMAGE_SRC
  name: "Loader-3.png"
  width: 60
  height: 60
  numberOfFrames: 1
  fps: 0
  loops: 1
  copy_source: true
}
sources {
  uid: 259805
  srctype: AE_IMAGE_SRC
  name: "Loader-2.png"
  width: 60
  height: 60
  numberOfFrames: 1
  fps: 0
  loops: 1
  copy_source: true
}
sources {
  uid: 259737
  srctype: AE_NULL_SRC
  width: 100
  height: 100
  copy_source: false
}
