activecomp {
  name: "Auryn_Container-NullList"
  width: 1920
  height: 4
  defaultcameradistance: 2666.6667
  layer {
    name: "NullList"
    id: 690012214
    sourceid: 690012202
    transform {
      anchorPoint {
        x: 960
        y: 2
        z: 0
      }
      scale {
        x: 1
        y: 1
        z: 1
      }
      position {
        x: 960
        y: 2
        z: 0
      }
      orientation {
        x: 0
        y: 0
        z: 0
      }
      rotationX: 0
      rotationY: 0
      rotationZ: 0
      opacity: 1
    }
    acceptsshadows: true
    acceptslights: true
    castsshadows: false
  }
  bgcolor {
    alpha: 1
    red: 0.086274509803921567
    green: 0.11372549019607843
    blue: 0.14509803921568629
  }
  properties {
    key: "padding-top"
    value: "20"
  }
  childtemplates: "Auryn_NullList"
}
sources {
  uid: 690012202
  srctype: AE_COMP_SRC
  name: "Auryn_NullList.layout"
  width: 1920
  height: 4
  copy_source: true
}
