activecomp {
  name: "Auryn_Btn-PlayPause"
  width: 150
  height: 150
  defaultcameradistance: 208.33333
  layer {
    name: "Red Solid 22"
    id: 519960
    sourceid: 519980
    transform {
      anchorPoint {
        x: 75
        y: 75
        z: 0
      }
      scale {
        x: 1
        y: 1
        z: 1
      }
      position {
        x: 75
        y: 75
        z: 0
      }
      orientation {
        x: 0
        y: 0
        z: 0
      }
      rotationX: 0
      rotationY: 0
      rotationZ: 0
      opacity: 0
    }
    acceptsshadows: true
    acceptslights: true
    castsshadows: false
  }
  layer {
    name: "Deep Royal Blue Solid 14"
    id: 519961
    sourceid: 519982
    transform {
      anchorPoint {
        x: 74
        y: 74
        z: 0
      }
      scale {
        x: 0.98
        y: 0.98
        z: 1
      }
      position {
        x: 75
        y: 75
        z: 0
      }
      orientation {
        x: 0
        y: 0
        z: 0
      }
      rotationX: 0
      rotationY: 0
      rotationZ: 0
      opacity: 0.6
    }
    acceptsshadows: true
    acceptslights: true
    castsshadows: false
  }
  layer {
    name: "Dark Royal Blue Solid 5"
    id: 519962
    sourceid: 519986
    transform {
      anchorPoint {
        x: 74
        y: 74
        z: 0
      }
      scale {
        x: 0.98
        y: 0.98
        z: 1
      }
      position {
        x: 75
        y: 75
        z: 0
      }
      orientation {
        x: 0
        y: 0
        z: 0
      }
      rotationX: 0
      rotationY: 0
      rotationZ: 0
      opacity: 0
    }
    acceptsshadows: true
    acceptslights: true
    castsshadows: false
  }
  layer {
    name: "Btn-Play.png"
    id: 519963
    sourceid: 943
    transform {
      anchorPoint {
        x: 20
        y: 25
        z: 0
      }
      scale {
        x: 1
        y: 1
        z: 1
      }
      position {
        x: 74.159828
        y: 75.958122
        z: 0
      }
      orientation {
        x: 0
        y: 0
        z: 0
      }
      rotationX: 0
      rotationY: 0
      rotationZ: 0
      opacity: 1
    }
    acceptsshadows: true
    acceptslights: true
    castsshadows: false
  }
  layer {
    name: "Icon-Pause"
    id: 519964
    sourceid: 519991
    transform {
      anchorPoint {
        x: 50
        y: 50
        z: 0
      }
      scale {
        x: 1
        y: 1
        z: 1
      }
      position {
        x: 74.159828
        y: 90.958122
        z: 0
      }
      orientation {
        x: 0
        y: 0
        z: 0
      }
      rotationX: 0
      rotationY: 0
      rotationZ: 0
      opacity: 0
    }
    acceptsshadows: true
    acceptslights: true
    castsshadows: false
  }
  classname: "CYIPushButtonView"
  bgcolor {
    alpha: 1
    red: 0.086274509803921567
    green: 0.11372549019607843
    blue: 0.14509803921568629
  }
  properties {
    key: "componentSubtype"
    value: "push"
  }
  properties {
    key: "componentType"
    value: "button"
  }
  childtemplates: "Auryn_Icon-Pause"
}
sources {
  uid: 519980
  srctype: AE_SOLID_SRC
  color {
    alpha: 1
    red: 0.90588235855102539
    green: 0.20000000298023224
    blue: 0.23529411852359772
  }
  width: 150
  height: 150
  copy_source: false
}
sources {
  uid: 519982
  srctype: AE_SOLID_SRC
  color {
    alpha: 1
    red: 0.058823529630899429
    green: 0.20784313976764679
    blue: 0.43921568989753723
  }
  width: 148
  height: 148
  copy_source: false
}
sources {
  uid: 519986
  srctype: AE_SOLID_SRC
  color {
    alpha: 1
    red: 0.11764705926179886
    green: 0.18431372940540314
    blue: 0.21176470816135406
  }
  width: 148
  height: 148
  copy_source: false
}
sources {
  uid: 943
  srctype: AE_IMAGE_SRC
  name: "Btn-Play.png"
  width: 40
  height: 50
  numberOfFrames: 1
  fps: 0
  loops: 1
  copy_source: true
}
sources {
  uid: 519991
  srctype: AE_COMP_SRC
  name: "Auryn_Icon-Pause.layout"
  width: 100
  height: 100
  copy_source: true
}
