activecomp {
  name: "Auryn_PDP-Scroller"
  width: 1920
  height: 1080
  defaultcameradistance: 2666.6667
  layer {
    name: "Image-Dynamic-Background"
    id: 389
    sourceid: 322
    transform {
      anchorPoint {
        x: 960
        y: 0
        z: 0
      }
      scale {
        x: 1
        y: 1
        z: 1
      }
      position {
        x: 960
        y: 0
        z: -500
      }
      orientation {
        x: 0
        y: 0
        z: 0
      }
      rotationX: 0
      rotationY: 0
      rotationZ: 0
      opacity: 0
    }
    acceptsshadows: true
    acceptslights: true
    castsshadows: false
  }
  layer {
    name: "List-PDP"
    id: 390
    sourceid: 360
    transform {
      anchorPoint {
        x: 960
        y: 200
        z: 0
      }
      scale {
        x: 1
        y: 1
        z: 1
      }
      position {
        x: 960
        y: 990
        z: 0
      }
      orientation {
        x: 0
        y: 0
        z: 0
      }
      rotationX: 0
      rotationY: 0
      rotationZ: 0
      opacity: 0
    }
    acceptsshadows: true
    acceptslights: true
    castsshadows: false
  }
  layer {
    name: "Text-ListTitle"
    id: 391
    sourceid: -1
    transform {
      anchorPoint {
        x: 248.5
        y: 40.5
        z: 0
      }
      scale {
        x: 1
        y: 1
        z: 1
      }
      position {
        x: 379.26
        y: 756.5
        z: 0
      }
      orientation {
        x: 0
        y: 0
        z: 0
      }
      rotationX: 0
      rotationY: 0
      rotationZ: 0
      opacity: 0
    }
    acceptsshadows: true
    acceptslights: true
    castsshadows: false
    textinfo {
      justification: AE_TEXT_LEFT
      fontSize: 42
      fontColor {
        alpha: 1
        red: 1
        green: 1
        blue: 1
      }
      fontName: "Raleway-Bold"
      isPointText: false
      boundsWidth: 1367
      boundsHeight: 60
      isLabel: true
      text: "More Like This"
      multiline: true
      isAllCaps: false
    }
  }
  layer {
    name: "Layout-PDP-Meta"
    id: 392
    sourceid: 342
    transform {
      anchorPoint {
        x: 600
        y: 300
        z: 0
      }
      scale {
        x: 1
        y: 1
        z: 1
      }
      position {
        x: 1184
        y: 402.45996
        z: 0
      }
      orientation {
        x: 0
        y: 0
        z: 0
      }
      rotationX: 0
      rotationY: 0
      rotationZ: 0
      opacity: 0
    }
    acceptsshadows: true
    acceptslights: true
    castsshadows: false
  }
  layer {
    name: "Btn-Poster-Large-Comp"
    id: 393
    sourceid: 690012113
    transform {
      anchorPoint {
        x: 200
        y: 350
        z: 0
      }
      scale {
        x: 1
        y: 1
        z: 1
      }
      position {
        x: 334
        y: -144
        z: 0
      }
      orientation {
        x: 0
        y: 0
        z: 0
      }
      rotationX: 0
      rotationY: -101.9912
      rotationZ: 0
      opacity: 0
    }
    acceptsshadows: true
    acceptslights: true
    castsshadows: false
    parentid: 395
  }
  layer {
    name: "Btn-Back"
    id: 394
    sourceid: 690011939
    transform {
      anchorPoint {
        x: 50
        y: 50
        z: 0
      }
      scale {
        x: 1
        y: 1
        z: 1
      }
      position {
        x: 46
        y: -122
        z: 0
      }
      orientation {
        x: 0
        y: 0
        z: 0
      }
      rotationX: 0
      rotationY: 0
      rotationZ: 0
      opacity: 1
    }
    acceptsshadows: true
    acceptslights: true
    castsshadows: false
    parentid: 396
  }
  layer {
    name: "ScaleWidthPropLeftAnchor"
    id: 395
    sourceid: 690011406
    transform {
      anchorPoint {
        x: 0
        y: 50
        z: 0
      }
      scale {
        x: 1
        y: 1
        z: 1
      }
      position {
        x: 0
        y: 540
        z: 0
      }
      orientation {
        x: 0
        y: 0
        z: 0
      }
      rotationX: 0
      rotationY: 0
      rotationZ: 0
      opacity: 1
    }
    acceptsshadows: true
    acceptslights: true
    castsshadows: false
  }
  layer {
    name: "ScaleWidthPropTopRightAnchor"
    id: 396
    sourceid: 690011406
    transform {
      anchorPoint {
        x: 100
        y: 0
        z: 0
      }
      scale {
        x: 1
        y: 1
        z: 1
      }
      position {
        x: 1920
        y: 0
        z: 0
      }
      orientation {
        x: 0
        y: 0
        z: 0
      }
      rotationX: 0
      rotationY: 0
      rotationZ: 0
      opacity: 1
    }
    acceptsshadows: true
    acceptslights: true
    castsshadows: false
  }
  classname: "CYIScrollingView"
  bgcolor {
    alpha: 1
    red: 0.086274509803921567
    green: 0.11372549019607843
    blue: 0.14509803921568629
  }
  properties {
    key: "componentSubtype"
    value: "scrolling"
  }
  properties {
    key: "horizontal-scroll"
    value: "false"
  }
  properties {
    key: "vertical-scroll"
    value: "true"
  }
  childtemplates: "Auryn_Image-Dynamic-Background"
  childtemplates: "Auryn_List-PDP"
  childtemplates: "Auryn_Layout-PDP-Meta"
  childtemplates: "Auryn_Btn-Poster-Large-Comp"
  childtemplates: "Auryn_Btn-Back"
}
sources {
  uid: 322
  srctype: AE_COMP_SRC
  name: "Auryn_Image-Dynamic-Background.layout"
  width: 1920
  height: 1080
  copy_source: true
}
sources {
  uid: 360
  srctype: AE_COMP_SRC
  name: "Auryn_List-PDP.layout"
  width: 1920
  height: 400
  copy_source: true
}
sources {
  uid: 3
  srctype: AE_FONT_SRC
  name: "Raleway-Bold"
  copy_source: true
  file_name: "yi_Raleway-Bold.ttf"
  style_name: "Bold"
}
sources {
  uid: 342
  srctype: AE_COMP_SRC
  name: "Auryn_Layout-PDP-Meta.layout"
  width: 1200
  height: 600
  copy_source: true
}
sources {
  uid: 690012113
  srctype: AE_COMP_SRC
  name: "Auryn_Btn-Poster-Large-Comp.layout"
  width: 400
  height: 700
  copy_source: true
}
sources {
  uid: 690011939
  srctype: AE_COMP_SRC
  name: "Auryn_Btn-Back.layout"
  width: 100
  height: 100
  copy_source: true
}
sources {
  uid: 690011406
  srctype: AE_NULL_SRC
  width: 100
  height: 100
  copy_source: false
}
