activecomp {
  name: "Auryn_Btn-Back"
  width: 100
  height: 100
  defaultcameradistance: 138.88889
  layer {
    name: "Btn-Back.png"
    id: 690011939
    sourceid: 690011919
    transform {
      anchorPoint {
        x: 50
        y: 50
        z: 0
      }
      scale {
        x: 1
        y: 1
        z: 1
      }
      position {
        x: 50
        y: 50
        z: 0
      }
      orientation {
        x: 0
        y: 0
        z: 0
      }
      rotationX: 0
      rotationY: 0
      rotationZ: 0
      opacity: 1
    }
    acceptsshadows: true
    acceptslights: true
    castsshadows: false
  }
  classname: "CYIPushButtonView"
  bgcolor {
    alpha: 1
    red: 0.086274509803921567
    green: 0.11372549019607843
    blue: 0.14509803921568629
  }
  properties {
    key: "componentSubtype"
    value: "push"
  }
  properties {
    key: "componentType"
    value: "button"
  }
}
sources {
  uid: 690011919
  srctype: AE_IMAGE_SRC
  name: "Btn-Back.png"
  width: 100
  height: 100
  numberOfFrames: 1
  fps: 0
  loops: 1
  copy_source: true
}
