activecomp {
  name: "Auryn_Player-Controls-Layout"
  width: 1920
  height: 1080
  defaultcameradistance: 2666.6667
  layer {
    name: "Player-Scrubber-Container"
    id: 690014960
    sourceid: 690014922
    transform {
      anchorPoint {
        x: 960
        y: 31
        z: 0
      }
      scale {
        x: 1
        y: 1
        z: 1
      }
      position {
        x: 960
        y: 963
        z: 0
      }
      orientation {
        x: 0
        y: 0
        z: 0
      }
      rotationX: 0
      rotationY: 0
      rotationZ: 0
      opacity: 1
    }
    acceptsshadows: true
    acceptslights: true
    castsshadows: false
    properties {
      key: "margin-bottom"
      value: "24"
    }
    properties {
      key: "margin-top"
      value: "28"
    }
  }
  layer {
    name: "Video-TextDetails"
    id: 690014961
    sourceid: 520011
    transform {
      anchorPoint {
        x: 700
        y: 200
        z: 0
      }
      scale {
        x: 1
        y: 1
        z: 1
      }
      position {
        x: 790
        y: 696
        z: 0
      }
      orientation {
        x: 0
        y: 0
        z: 0
      }
      rotationX: 0
      rotationY: 0
      rotationZ: 0
      opacity: 1
    }
    acceptsshadows: true
    acceptslights: true
    castsshadows: false
    properties {
      key: "margin-left"
      value: "88"
    }
  }
  bgcolor {
    alpha: 1
    red: 0.086274509803921567
    green: 0.11372549019607843
    blue: 0.14509803921568629
  }
  properties {
    key: "clip"
    value: "true"
  }
  properties {
    key: "layout"
    value: "CYIColumnLayout"
  }
  properties {
    key: "gravity"
    value: "bottom-left"
  }
  properties {
    key: "padding-bottom"
    value: "60"
  }
  childtemplates: "Auryn_Player-Scrubber-Container"
  childtemplates: "Auryn_Video-TextDetails"
}
sources {
  uid: 690014922
  srctype: AE_COMP_SRC
  name: "Auryn_Player-Scrubber-Container.layout"
  width: 1920
  height: 62
  copy_source: true
}
sources {
  uid: 520011
  srctype: AE_COMP_SRC
  name: "Auryn_Video-TextDetails.layout"
  width: 1400
  height: 400
  copy_source: true
}
