activecomp {
  name: "Auryn_Live-Player-Controls"
  width: 1920
  height: 1080
  defaultcameradistance: 2666.6667
  layer {
    name: "Gradient-Player.png"
    id: 690012920
    sourceid: 891
    transform {
      anchorPoint {
        x: 0.5
        y: 274
        z: 0
      }
      scale {
        x: 1920
        y: 1.080292
        z: 1
      }
      position {
        x: 960
        y: 1044
        z: 0
      }
      orientation {
        x: 0
        y: 0
        z: 0
      }
      rotationX: 0
      rotationY: 0
      rotationZ: 0
      opacity: 0
    }
    acceptsshadows: true
    acceptslights: true
    castsshadows: false
  }
  layer {
    name: "Live-Video-TextDetails"
    id: 690012921
    sourceid: 690012966
    transform {
      anchorPoint {
        x: 700
        y: 200
        z: 0
      }
      scale {
        x: 1
        y: 1
        z: 1
      }
      position {
        x: 790
        y: 122
        z: 0
      }
      orientation {
        x: 0
        y: 0
        z: 0
      }
      rotationX: 0
      rotationY: 0
      rotationZ: 0
      opacity: 0
    }
    acceptsshadows: true
    acceptslights: true
    castsshadows: false
    parentid: 690012926
  }
  layer {
    name: "Btn-Back"
    id: 690012922
    sourceid: 690011939
    transform {
      anchorPoint {
        x: 50
        y: 50
        z: 0
      }
      scale {
        x: 1
        y: 1
        z: 1
      }
      position {
        x: 45
        y: -113
        z: 0
      }
      orientation {
        x: 0
        y: 0
        z: 0
      }
      rotationX: 0
      rotationY: 0
      rotationZ: 0
      opacity: 1
    }
    acceptsshadows: true
    acceptslights: true
    castsshadows: false
    parentid: 690012925
  }
  layer {
    name: "Btn-MIniGuide"
    id: 690012923
    sourceid: 690012982
    transform {
      anchorPoint {
        x: 200
        y: 40
        z: 0
      }
      scale {
        x: 1
        y: 1
        z: 1
      }
      position {
        x: -190
        y: 282
        z: 0
      }
      orientation {
        x: 0
        y: 0
        z: 0
      }
      rotationX: 0
      rotationY: 0
      rotationZ: 0
      opacity: 1
    }
    acceptsshadows: true
    acceptslights: true
    castsshadows: false
    parentid: 690012924
  }
  layer {
    name: "ScalePropBottomRightAnchor"
    id: 690012924
    sourceid: 690011406
    transform {
      anchorPoint {
        x: 100
        y: 100
        z: 0
      }
      scale {
        x: 1
        y: 1
        z: 1
      }
      position {
        x: 1920
        y: 1080
        z: 0
      }
      orientation {
        x: 0
        y: 0
        z: 0
      }
      rotationX: 0
      rotationY: 0
      rotationZ: 0
      opacity: 1
    }
    acceptsshadows: true
    acceptslights: true
    castsshadows: false
  }
  layer {
    name: "ScalePropTopRightAnchor"
    id: 690012925
    sourceid: 690011406
    transform {
      anchorPoint {
        x: 100
        y: 0
        z: 0
      }
      scale {
        x: 1
        y: 1
        z: 1
      }
      position {
        x: 1920
        y: 0
        z: 0
      }
      orientation {
        x: 0
        y: 0
        z: 0
      }
      rotationX: 0
      rotationY: 0
      rotationZ: 0
      opacity: 1
    }
    acceptsshadows: true
    acceptslights: true
    castsshadows: false
  }
  layer {
    name: "ScaleWidthPropBottomLeftAnchor"
    id: 690012926
    sourceid: 690011406
    transform {
      anchorPoint {
        x: 0
        y: 100
        z: 0
      }
      scale {
        x: 1
        y: 1
        z: 1
      }
      position {
        x: 0
        y: 1080
        z: 0
      }
      orientation {
        x: 0
        y: 0
        z: 0
      }
      rotationX: 0
      rotationY: 0
      rotationZ: 0
      opacity: 1
    }
    acceptsshadows: true
    acceptslights: true
    castsshadows: false
  }
  bgcolor {
    alpha: 1
    red: 0.086274509803921567
    green: 0.11372549019607843
    blue: 0.14509803921568629
  }
  childtemplates: "Auryn_Live-Video-TextDetails"
  childtemplates: "Auryn_Btn-Back"
  childtemplates: "Auryn_Btn-MIniGuide"
}
sources {
  uid: 891
  srctype: AE_IMAGE_SRC
  name: "Gradient-Player.png"
  width: 1
  height: 548
  numberOfFrames: 1
  fps: 0
  loops: 1
  copy_source: true
}
sources {
  uid: 690012966
  srctype: AE_COMP_SRC
  name: "Auryn_Live-Video-TextDetails.layout"
  width: 1400
  height: 400
  copy_source: true
}
sources {
  uid: 690011939
  srctype: AE_COMP_SRC
  name: "Auryn_Btn-Back.layout"
  width: 100
  height: 100
  copy_source: true
}
sources {
  uid: 690012982
  srctype: AE_COMP_SRC
  name: "Auryn_Btn-MIniGuide.layout"
  width: 400
  height: 80
  copy_source: true
}
sources {
  uid: 690011406
  srctype: AE_NULL_SRC
  width: 100
  height: 100
  copy_source: false
}
