activecomp {
  name: "Auryn_Container-Btn-Poster-Basic"
  width: 274
  height: 410
  defaultcameradistance: 380.55554
  layer {
    name: "Btn-Poster-Basic"
    id: 690016912
    sourceid: 690016883
    transform {
      anchorPoint {
        x: 137
        y: 205
        z: 0
      }
      scale {
        x: 1
        y: 1
        z: 1
      }
      position {
        x: 137
        y: 205
        z: 0
      }
      orientation {
        x: 0
        y: 0
        z: 0
      }
      rotationX: 0
      rotationY: 0
      rotationZ: 0
      opacity: 1
    }
    acceptsshadows: true
    acceptslights: true
    castsshadows: false
  }
  bgcolor {
    alpha: 1
    red: 0.086274509803921567
    green: 0.11372549019607843
    blue: 0.14509803921568629
  }
  childtemplates: "Auryn_Btn-Poster-Basic"
}
sources {
  uid: 690016883
  srctype: AE_COMP_SRC
  name: "Auryn_Btn-Poster-Basic.layout"
  width: 274
  height: 410
  copy_source: true
}
