activecomp {
  name: "Auryn_Btn-Profile3"
  width: 250
  height: 400
  defaultcameradistance: 347.22223
  layer {
    name: "Profile-Tobias.png"
    id: 259687
    sourceid: 259950
    transform {
      anchorPoint {
        x: 204.5
        y: 204.5
        z: 0
      }
      scale {
        x: 0.5789
        y: 0.5789
        z: 1
      }
      position {
        x: 125
        y: 110
        z: 0
      }
      orientation {
        x: 0
        y: 0
        z: 0
      }
      rotationX: 0
      rotationY: 0
      rotationZ: 0
      opacity: 1
    }
    acceptsshadows: true
    acceptslights: true
    castsshadows: false
  }
  layer {
    name: "Circle-Btn-Profile.png"
    id: 259688
    sourceid: 690016368
    transform {
      anchorPoint {
        x: 207.5
        y: 207.5
        z: 0
      }
      scale {
        x: 1
        y: 1
        z: 1
      }
      position {
        x: 204.5
        y: 204.5
        z: 0
      }
      orientation {
        x: 0
        y: 0
        z: 0
      }
      rotationX: 0
      rotationY: 0
      rotationZ: 0
      opacity: 0.02
    }
    acceptsshadows: true
    acceptslights: true
    castsshadows: false
    parentid: 259687
  }
  layer {
    name: "Name"
    id: 259689
    sourceid: -1
    transform {
      anchorPoint {
        x: 123
        y: 21
        z: 0
      }
      scale {
        x: 1
        y: 1
        z: 1
      }
      position {
        x: 123
        y: 357
        z: 0
      }
      orientation {
        x: 0
        y: 0
        z: 0
      }
      rotationX: 0
      rotationY: 0
      rotationZ: 0
      opacity: 0.7
    }
    acceptsshadows: true
    acceptslights: true
    castsshadows: false
    textinfo {
      justification: AE_TEXT_CENTER
      fontSize: 43
      fontColor {
        alpha: 1
        red: 1
        green: 1
        blue: 1
      }
      fontName: "Montserrat-ExtraBold"
      isPointText: false
      boundsWidth: 249
      boundsHeight: 42
      isLabel: true
      text: "Tobias"
      multiline: true
      ellipsis: true
      isAllCaps: false
    }
    properties {
      key: "text-overflow"
      value: "ellipsis"
    }
  }
  layer {
    name: "Name-Focused"
    id: 259690
    sourceid: -1
    transform {
      anchorPoint {
        x: 282
        y: 55
        z: 0
      }
      scale {
        x: 1
        y: 1
        z: 1
      }
      position {
        x: 123
        y: 372
        z: 0
      }
      orientation {
        x: 0
        y: 0
        z: 0
      }
      rotationX: 0
      rotationY: 0
      rotationZ: 0
      opacity: 0
    }
    acceptsshadows: true
    acceptslights: true
    castsshadows: false
    textinfo {
      justification: AE_TEXT_CENTER
      fontSize: 100
      fontColor {
        alpha: 1
        red: 1
        green: 1
        blue: 1
      }
      fontName: "Montserrat-ExtraBold"
      isPointText: false
      boundsWidth: 567
      boundsHeight: 112
      isLabel: true
      text: "Tobias"
      multiline: true
      ellipsis: true
      isAllCaps: false
    }
    properties {
      key: "text-overflow"
      value: "ellipsis"
    }
  }
  layer {
    name: "Active User"
    id: 259691
    sourceid: -1
    transform {
      anchorPoint {
        x: 123
        y: 21
        z: 0
      }
      scale {
        x: 1
        y: 1
        z: 1
      }
      position {
        x: 123
        y: 428
        z: 0
      }
      orientation {
        x: 0
        y: 0
        z: 0
      }
      rotationX: 0
      rotationY: 0
      rotationZ: 0
      opacity: 0.5
    }
    acceptsshadows: true
    acceptslights: true
    castsshadows: false
    textinfo {
      justification: AE_TEXT_CENTER
      fontSize: 19
      fontColor {
        alpha: 1
        red: 0.94510000944137573
        green: 0.94510000944137573
        blue: 0.94510000944137573
      }
      fontName: "Montserrat-Bold"
      isPointText: false
      boundsWidth: 249
      boundsHeight: 25
      isLabel: true
      text: ""
      multiline: true
      isAllCaps: true
    }
    properties {
      key: "text-placeholder"
      value: "true"
    }
  }
  layer {
    name: "Icon-Check-Profile.png"
    id: 259692
    sourceid: 690016377
    transform {
      anchorPoint {
        x: 17.5
        y: 17.5
        z: 0
      }
      scale {
        x: 1
        y: 1
        z: 1
      }
      position {
        x: 61
        y: -77
        z: 0
      }
      orientation {
        x: 0
        y: 0
        z: 0
      }
      rotationX: 0
      rotationY: 0
      rotationZ: 0
      opacity: 0
    }
    acceptsshadows: true
    acceptslights: true
    castsshadows: false
    parentid: 259693
  }
  layer {
    name: "Focus_Ctrl"
    id: 259693
    sourceid: 690016380
    transform {
      anchorPoint {
        x: 0
        y: 0
        z: 0
      }
      scale {
        x: 1.7274141
        y: 1.7274141
        z: 1
      }
      position {
        x: 204.5
        y: 204.5
        z: 0
      }
      orientation {
        x: 0
        y: 0
        z: 0
      }
      rotationX: 0
      rotationY: 0
      rotationZ: 0
      opacity: 1
    }
    acceptsshadows: true
    acceptslights: true
    castsshadows: false
    parentid: 259687
  }
  layer {
    name: "Icon-Check-Profile-Focused.png"
    id: 259694
    sourceid: 690016376
    transform {
      anchorPoint {
        x: 23.5
        y: 23.5
        z: 0
      }
      scale {
        x: 1
        y: 1
        z: 1
      }
      position {
        x: 312.87225
        y: 74.48912
        z: 0
      }
      orientation {
        x: 0
        y: 0
        z: 0
      }
      rotationX: 0
      rotationY: 0
      rotationZ: 0
      opacity: 0
    }
    acceptsshadows: true
    acceptslights: true
    castsshadows: false
    parentid: 259688
  }
  classname: "CYIPushButtonView"
  bgcolor {
    alpha: 1
    red: 0.086274509803921567
    green: 0.11372549019607843
    blue: 0.14509803921568629
  }
  properties {
    key: "componentSubtype"
    value: "push"
  }
  properties {
    key: "componentType"
    value: "button"
  }
}
sources {
  uid: 259950
  srctype: AE_IMAGE_SRC
  name: "Profile-Tobias.png"
  width: 409
  height: 409
  numberOfFrames: 1
  fps: 0
  loops: 1
  copy_source: true
}
sources {
  uid: 690016368
  srctype: AE_IMAGE_SRC
  name: "Circle-Btn-Profile.png"
  width: 415
  height: 415
  numberOfFrames: 1
  fps: 0
  loops: 1
  copy_source: true
}
sources {
  uid: 3
  srctype: AE_FONT_SRC
  name: "Montserrat-ExtraBold"
  copy_source: true
  file_name: "yi_Montserrat-Extra Bold.otf"
  style_name: "Extra Bold"
}
sources {
  uid: 4
  srctype: AE_FONT_SRC
  name: "Montserrat-Bold"
  copy_source: true
  file_name: "yi_Montserrat-Bold.otf"
  style_name: "Bold"
}
sources {
  uid: 690016377
  srctype: AE_IMAGE_SRC
  name: "Icon-Check-Profile.png"
  width: 35
  height: 35
  numberOfFrames: 1
  fps: 0
  loops: 1
  copy_source: true
}
sources {
  uid: 690016380
  srctype: AE_NULL_SRC
  width: 100
  height: 100
  copy_source: false
}
sources {
  uid: 690016376
  srctype: AE_IMAGE_SRC
  name: "Icon-Check-Profile-Focused.png"
  width: 47
  height: 47
  numberOfFrames: 1
  fps: 0
  loops: 1
  copy_source: true
}
