activecomp {
  name: "Auryn_Image-Dynamic-Background"
  width: 1436
  height: 1436
  defaultcameradistance: 1994.4445
  layer {
    name: "ImageNode"
    id: 322
    sourceid: 889
    transform {
      anchorPoint {
        x: 960
        y: 540
        z: 0
      }
      scale {
        x: 2.5
        y: 2.5
        z: 2.5
      }
      position {
        x: 718
        y: 717.537
        z: 1606
      }
      orientation {
        x: 0
        y: 0
        z: 0
      }
      rotationX: 0
      rotationY: 0
      rotationZ: 0
      opacity: 0
    }
    acceptsshadows: true
    acceptslights: true
    castsshadows: false
  }
  classname: "CYIImageView"
  bgcolor {
    alpha: 1
    red: 0.086274509803921567
    green: 0.11372549019607843
    blue: 0.14509803921568629
  }
  properties {
    key: "componentType"
    value: "image"
  }
  properties {
    key: "clip"
    value: "false"
  }
  properties {
    key: "scale-mode"
    value: "fill-with-overflow"
  }
}
sources {
  uid: 889
  srctype: AE_SOLID_SRC
  color {
    alpha: 1
    red: 0.94509804248809814
    green: 0.94509804248809814
    blue: 0.94509804248809814
  }
  width: 1920
  height: 1080
  copy_source: false
}
