tracks {
  binding: IS_VISIBLE
  targetid: 690014557
  targetname: "Live-MiniGuide-List"
  keytimes {
    datatype: AE_INT_DATA
    timeOffset: 0
    inttype: AE_INTERP_HOLD
    ivalue1: 1
  }
}
tracks {
  binding: POSITION
  targetid: 690014557
  targetname: "Live-MiniGuide-List"
  keytimes {
    datatype: AE_FLOAT_VECTOR_DATA
    timeOffset: 0
    inttype: AE_INTERP_LINEAR
    fvalue1: 768
    fvalue2: 540
    fvalue3: 0
  }
  keytimes {
    datatype: AE_FLOAT_VECTOR_DATA
    timeOffset: 2.5
    inttype: AE_INTERP_LINEAR
    fvalue1: 768
    fvalue2: 540
    fvalue3: 0
  }
  keytimes {
    datatype: AE_FLOAT_VECTOR_DATA
    timeOffset: 2.51666
    inttype: AE_INTERP_LINEAR
    fvalue1: 727.32642
    fvalue2: 540
    fvalue3: 0
    isCookedKeytime: true
  }
  keytimes {
    datatype: AE_FLOAT_VECTOR_DATA
    timeOffset: 2.53332
    inttype: AE_INTERP_LINEAR
    fvalue1: 692.34961
    fvalue2: 540
    fvalue3: 0
    isCookedKeytime: true
  }
  keytimes {
    datatype: AE_FLOAT_VECTOR_DATA
    timeOffset: 2.54998
    inttype: AE_INTERP_LINEAR
    fvalue1: 661.12848
    fvalue2: 540
    fvalue3: 0
    isCookedKeytime: true
  }
  keytimes {
    datatype: AE_FLOAT_VECTOR_DATA
    timeOffset: 2.56664
    inttype: AE_INTERP_LINEAR
    fvalue1: 632.97321
    fvalue2: 540
    fvalue3: 0
    isCookedKeytime: true
  }
  keytimes {
    datatype: AE_FLOAT_VECTOR_DATA
    timeOffset: 2.5832999
    inttype: AE_INTERP_LINEAR
    fvalue1: 607.46783
    fvalue2: 540
    fvalue3: 0
    isCookedKeytime: true
  }
  keytimes {
    datatype: AE_FLOAT_VECTOR_DATA
    timeOffset: 2.5999599
    inttype: AE_INTERP_LINEAR
    fvalue1: 584.34308
    fvalue2: 540
    fvalue3: 0
    isCookedKeytime: true
  }
  keytimes {
    datatype: AE_FLOAT_VECTOR_DATA
    timeOffset: 2.6166198
    inttype: AE_INTERP_LINEAR
    fvalue1: 563.39856
    fvalue2: 540
    fvalue3: 0
    isCookedKeytime: true
  }
  keytimes {
    datatype: AE_FLOAT_VECTOR_DATA
    timeOffset: 2.6332798
    inttype: AE_INTERP_LINEAR
    fvalue1: 544.48114
    fvalue2: 540
    fvalue3: 0
    isCookedKeytime: true
  }
  keytimes {
    datatype: AE_FLOAT_VECTOR_DATA
    timeOffset: 2.6499398
    inttype: AE_INTERP_LINEAR
    fvalue1: 527.45349
    fvalue2: 540
    fvalue3: 0
    isCookedKeytime: true
  }
  keytimes {
    datatype: AE_FLOAT_VECTOR_DATA
    timeOffset: 2.6665998
    inttype: AE_INTERP_LINEAR
    fvalue1: 512.22748
    fvalue2: 540
    fvalue3: 0
    isCookedKeytime: true
  }
  keytimes {
    datatype: AE_FLOAT_VECTOR_DATA
    timeOffset: 2.6832597
    inttype: AE_INTERP_LINEAR
    fvalue1: 498.70795
    fvalue2: 540
    fvalue3: 0
    isCookedKeytime: true
  }
  keytimes {
    datatype: AE_FLOAT_VECTOR_DATA
    timeOffset: 2.6999197
    inttype: AE_INTERP_LINEAR
    fvalue1: 486.82358
    fvalue2: 540
    fvalue3: 0
    isCookedKeytime: true
  }
  keytimes {
    datatype: AE_FLOAT_VECTOR_DATA
    timeOffset: 2.7165797
    inttype: AE_INTERP_LINEAR
    fvalue1: 476.50543
    fvalue2: 540
    fvalue3: 0
    isCookedKeytime: true
  }
  keytimes {
    datatype: AE_FLOAT_VECTOR_DATA
    timeOffset: 2.7332397
    inttype: AE_INTERP_LINEAR
    fvalue1: 467.69797
    fvalue2: 540
    fvalue3: 0
    isCookedKeytime: true
  }
  keytimes {
    datatype: AE_FLOAT_VECTOR_DATA
    timeOffset: 2.7498996
    inttype: AE_INTERP_LINEAR
    fvalue1: 460.34787
    fvalue2: 540
    fvalue3: 0
    isCookedKeytime: true
  }
  keytimes {
    datatype: AE_FLOAT_VECTOR_DATA
    timeOffset: 2.7665596
    inttype: AE_INTERP_LINEAR
    fvalue1: 454.41086
    fvalue2: 540
    fvalue3: 0
    isCookedKeytime: true
  }
  keytimes {
    datatype: AE_FLOAT_VECTOR_DATA
    timeOffset: 2.7832196
    inttype: AE_INTERP_LINEAR
    fvalue1: 449.84335
    fvalue2: 540
    fvalue3: 0
    isCookedKeytime: true
  }
  keytimes {
    datatype: AE_FLOAT_VECTOR_DATA
    timeOffset: 2.7998796
    inttype: AE_INTERP_LINEAR
    fvalue1: 446.60889
    fvalue2: 540
    fvalue3: 0
    isCookedKeytime: true
  }
  keytimes {
    datatype: AE_FLOAT_VECTOR_DATA
    timeOffset: 2.8165395
    inttype: AE_INTERP_LINEAR
    fvalue1: 444.66846
    fvalue2: 540
    fvalue3: 0
    isCookedKeytime: true
  }
  keytimes {
    datatype: AE_FLOAT_VECTOR_DATA
    timeOffset: 2.8333333
    inttype: AE_INTERP_HOLD
    fvalue1: 444
    fvalue2: 540
    fvalue3: 0
  }
  keytimes {
    datatype: AE_FLOAT_VECTOR_DATA
    timeOffset: 3.5
    inttype: AE_INTERP_LINEAR
    fvalue1: 444
    fvalue2: 540
    fvalue3: 0
  }
  keytimes {
    datatype: AE_FLOAT_VECTOR_DATA
    timeOffset: 3.51666
    inttype: AE_INTERP_LINEAR
    fvalue1: 444.61829
    fvalue2: 540
    fvalue3: 0
    isCookedKeytime: true
  }
  keytimes {
    datatype: AE_FLOAT_VECTOR_DATA
    timeOffset: 3.53332
    inttype: AE_INTERP_LINEAR
    fvalue1: 446.50891
    fvalue2: 540
    fvalue3: 0
    isCookedKeytime: true
  }
  keytimes {
    datatype: AE_FLOAT_VECTOR_DATA
    timeOffset: 3.54998
    inttype: AE_INTERP_LINEAR
    fvalue1: 449.69193
    fvalue2: 540
    fvalue3: 0
    isCookedKeytime: true
  }
  keytimes {
    datatype: AE_FLOAT_VECTOR_DATA
    timeOffset: 3.56664
    inttype: AE_INTERP_LINEAR
    fvalue1: 454.20679
    fvalue2: 540
    fvalue3: 0
    isCookedKeytime: true
  }
  keytimes {
    datatype: AE_FLOAT_VECTOR_DATA
    timeOffset: 3.5832999
    inttype: AE_INTERP_LINEAR
    fvalue1: 460.0899
    fvalue2: 540
    fvalue3: 0
    isCookedKeytime: true
  }
  keytimes {
    datatype: AE_FLOAT_VECTOR_DATA
    timeOffset: 3.5999599
    inttype: AE_INTERP_LINEAR
    fvalue1: 467.38269
    fvalue2: 540
    fvalue3: 0
    isCookedKeytime: true
  }
  keytimes {
    datatype: AE_FLOAT_VECTOR_DATA
    timeOffset: 3.6166198
    inttype: AE_INTERP_LINEAR
    fvalue1: 476.13315
    fvalue2: 540
    fvalue3: 0
    isCookedKeytime: true
  }
  keytimes {
    datatype: AE_FLOAT_VECTOR_DATA
    timeOffset: 3.6332798
    inttype: AE_INTERP_LINEAR
    fvalue1: 486.39044
    fvalue2: 540
    fvalue3: 0
    isCookedKeytime: true
  }
  keytimes {
    datatype: AE_FLOAT_VECTOR_DATA
    timeOffset: 3.6499398
    inttype: AE_INTERP_LINEAR
    fvalue1: 498.21347
    fvalue2: 540
    fvalue3: 0
    isCookedKeytime: true
  }
  keytimes {
    datatype: AE_FLOAT_VECTOR_DATA
    timeOffset: 3.6665998
    inttype: AE_INTERP_LINEAR
    fvalue1: 511.66644
    fvalue2: 540
    fvalue3: 0
    isCookedKeytime: true
  }
  keytimes {
    datatype: AE_FLOAT_VECTOR_DATA
    timeOffset: 3.6832597
    inttype: AE_INTERP_LINEAR
    fvalue1: 526.824
    fvalue2: 540
    fvalue3: 0
    isCookedKeytime: true
  }
  keytimes {
    datatype: AE_FLOAT_VECTOR_DATA
    timeOffset: 3.6999197
    inttype: AE_INTERP_LINEAR
    fvalue1: 543.77734
    fvalue2: 540
    fvalue3: 0
    isCookedKeytime: true
  }
  keytimes {
    datatype: AE_FLOAT_VECTOR_DATA
    timeOffset: 3.7165797
    inttype: AE_INTERP_LINEAR
    fvalue1: 562.6214
    fvalue2: 540
    fvalue3: 0
    isCookedKeytime: true
  }
  keytimes {
    datatype: AE_FLOAT_VECTOR_DATA
    timeOffset: 3.7332397
    inttype: AE_INTERP_LINEAR
    fvalue1: 583.48309
    fvalue2: 540
    fvalue3: 0
    isCookedKeytime: true
  }
  keytimes {
    datatype: AE_FLOAT_VECTOR_DATA
    timeOffset: 3.7498996
    inttype: AE_INTERP_LINEAR
    fvalue1: 606.51904
    fvalue2: 540
    fvalue3: 0
    isCookedKeytime: true
  }
  keytimes {
    datatype: AE_FLOAT_VECTOR_DATA
    timeOffset: 3.7665596
    inttype: AE_INTERP_LINEAR
    fvalue1: 631.92676
    fvalue2: 540
    fvalue3: 0
    isCookedKeytime: true
  }
  keytimes {
    datatype: AE_FLOAT_VECTOR_DATA
    timeOffset: 3.7832196
    inttype: AE_INTERP_LINEAR
    fvalue1: 659.97076
    fvalue2: 540
    fvalue3: 0
    isCookedKeytime: true
  }
  keytimes {
    datatype: AE_FLOAT_VECTOR_DATA
    timeOffset: 3.7998796
    inttype: AE_INTERP_LINEAR
    fvalue1: 691.064
    fvalue2: 540
    fvalue3: 0
    isCookedKeytime: true
  }
  keytimes {
    datatype: AE_FLOAT_VECTOR_DATA
    timeOffset: 3.8165395
    inttype: AE_INTERP_LINEAR
    fvalue1: 725.87177
    fvalue2: 540
    fvalue3: 0
    isCookedKeytime: true
  }
  keytimes {
    datatype: AE_FLOAT_VECTOR_DATA
    timeOffset: 3.8333333
    inttype: AE_INTERP_LINEAR
    fvalue1: 768
    fvalue2: 540
    fvalue3: 0
  }
  trackName: "Position"
}
tracks {
  binding: OPACITY
  targetid: 690014557
  targetname: "Live-MiniGuide-List"
  keytimes {
    datatype: AE_FLOAT_DATA
    timeOffset: 0
    inttype: AE_INTERP_LINEAR
    fvalue1: 0
  }
  keytimes {
    datatype: AE_FLOAT_DATA
    timeOffset: 2.5
    inttype: AE_INTERP_LINEAR
    fvalue1: 0
  }
  keytimes {
    datatype: AE_FLOAT_DATA
    timeOffset: 2.51666
    inttype: AE_INTERP_LINEAR
    fvalue1: 0.0020241225
    isCookedKeytime: true
  }
  keytimes {
    datatype: AE_FLOAT_DATA
    timeOffset: 2.53332
    inttype: AE_INTERP_LINEAR
    fvalue1: 0.0086442418
    isCookedKeytime: true
  }
  keytimes {
    datatype: AE_FLOAT_DATA
    timeOffset: 2.54998
    inttype: AE_INTERP_LINEAR
    fvalue1: 0.020892467
    isCookedKeytime: true
  }
  keytimes {
    datatype: AE_FLOAT_DATA
    timeOffset: 2.56664
    inttype: AE_INTERP_LINEAR
    fvalue1: 0.040192503
    isCookedKeytime: true
  }
  keytimes {
    datatype: AE_FLOAT_DATA
    timeOffset: 2.5832999
    inttype: AE_INTERP_LINEAR
    fvalue1: 0.068572462
    isCookedKeytime: true
  }
  keytimes {
    datatype: AE_FLOAT_DATA
    timeOffset: 2.5999599
    inttype: AE_INTERP_LINEAR
    fvalue1: 0.10901897
    isCookedKeytime: true
  }
  keytimes {
    datatype: AE_FLOAT_DATA
    timeOffset: 2.6166198
    inttype: AE_INTERP_LINEAR
    fvalue1: 0.16603789
    isCookedKeytime: true
  }
  keytimes {
    datatype: AE_FLOAT_DATA
    timeOffset: 2.6332798
    inttype: AE_INTERP_LINEAR
    fvalue1: 0.24626675
    isCookedKeytime: true
  }
  keytimes {
    datatype: AE_FLOAT_DATA
    timeOffset: 2.6499398
    inttype: AE_INTERP_LINEAR
    fvalue1: 0.35729641
    isCookedKeytime: true
  }
  keytimes {
    datatype: AE_FLOAT_DATA
    timeOffset: 2.6832597
    inttype: AE_INTERP_LINEAR
    fvalue1: 0.63768274
    isCookedKeytime: true
  }
  keytimes {
    datatype: AE_FLOAT_DATA
    timeOffset: 2.6999197
    inttype: AE_INTERP_LINEAR
    fvalue1: 0.75000906
    isCookedKeytime: true
  }
  keytimes {
    datatype: AE_FLOAT_DATA
    timeOffset: 2.7165797
    inttype: AE_INTERP_LINEAR
    fvalue1: 0.83130926
    isCookedKeytime: true
  }
  keytimes {
    datatype: AE_FLOAT_DATA
    timeOffset: 2.7332397
    inttype: AE_INTERP_LINEAR
    fvalue1: 0.88909686
    isCookedKeytime: true
  }
  keytimes {
    datatype: AE_FLOAT_DATA
    timeOffset: 2.7498996
    inttype: AE_INTERP_LINEAR
    fvalue1: 0.93009496
    isCookedKeytime: true
  }
  keytimes {
    datatype: AE_FLOAT_DATA
    timeOffset: 2.7665596
    inttype: AE_INTERP_LINEAR
    fvalue1: 0.95888329
    isCookedKeytime: true
  }
  keytimes {
    datatype: AE_FLOAT_DATA
    timeOffset: 2.7832196
    inttype: AE_INTERP_LINEAR
    fvalue1: 0.97849572
    isCookedKeytime: true
  }
  keytimes {
    datatype: AE_FLOAT_DATA
    timeOffset: 2.7998796
    inttype: AE_INTERP_LINEAR
    fvalue1: 0.99099
    isCookedKeytime: true
  }
  keytimes {
    datatype: AE_FLOAT_DATA
    timeOffset: 2.8165395
    inttype: AE_INTERP_LINEAR
    fvalue1: 0.99780893
    isCookedKeytime: true
  }
  keytimes {
    datatype: AE_FLOAT_DATA
    timeOffset: 2.8333333
    inttype: AE_INTERP_LINEAR
    fvalue1: 1
  }
  keytimes {
    datatype: AE_FLOAT_DATA
    timeOffset: 3.5
    inttype: AE_INTERP_LINEAR
    fvalue1: 1
  }
  keytimes {
    datatype: AE_FLOAT_DATA
    timeOffset: 3.51666
    inttype: AE_INTERP_LINEAR
    fvalue1: 0.99797583
    isCookedKeytime: true
  }
  keytimes {
    datatype: AE_FLOAT_DATA
    timeOffset: 3.53332
    inttype: AE_INTERP_LINEAR
    fvalue1: 0.99135572
    isCookedKeytime: true
  }
  keytimes {
    datatype: AE_FLOAT_DATA
    timeOffset: 3.54998
    inttype: AE_INTERP_LINEAR
    fvalue1: 0.9791075
    isCookedKeytime: true
  }
  keytimes {
    datatype: AE_FLOAT_DATA
    timeOffset: 3.56664
    inttype: AE_INTERP_LINEAR
    fvalue1: 0.95980752
    isCookedKeytime: true
  }
  keytimes {
    datatype: AE_FLOAT_DATA
    timeOffset: 3.5832999
    inttype: AE_INTERP_LINEAR
    fvalue1: 0.93142754
    isCookedKeytime: true
  }
  keytimes {
    datatype: AE_FLOAT_DATA
    timeOffset: 3.5999599
    inttype: AE_INTERP_LINEAR
    fvalue1: 0.89098108
    isCookedKeytime: true
  }
  keytimes {
    datatype: AE_FLOAT_DATA
    timeOffset: 3.6166198
    inttype: AE_INTERP_LINEAR
    fvalue1: 0.83396208
    isCookedKeytime: true
  }
  keytimes {
    datatype: AE_FLOAT_DATA
    timeOffset: 3.6332798
    inttype: AE_INTERP_LINEAR
    fvalue1: 0.75373322
    isCookedKeytime: true
  }
  keytimes {
    datatype: AE_FLOAT_DATA
    timeOffset: 3.6499398
    inttype: AE_INTERP_LINEAR
    fvalue1: 0.64270353
    isCookedKeytime: true
  }
  keytimes {
    datatype: AE_FLOAT_DATA
    timeOffset: 3.6832597
    inttype: AE_INTERP_LINEAR
    fvalue1: 0.36231726
    isCookedKeytime: true
  }
  keytimes {
    datatype: AE_FLOAT_DATA
    timeOffset: 3.6999197
    inttype: AE_INTERP_LINEAR
    fvalue1: 0.24999093
    isCookedKeytime: true
  }
  keytimes {
    datatype: AE_FLOAT_DATA
    timeOffset: 3.7165797
    inttype: AE_INTERP_LINEAR
    fvalue1: 0.16869073
    isCookedKeytime: true
  }
  keytimes {
    datatype: AE_FLOAT_DATA
    timeOffset: 3.7332397
    inttype: AE_INTERP_LINEAR
    fvalue1: 0.1109032
    isCookedKeytime: true
  }
  keytimes {
    datatype: AE_FLOAT_DATA
    timeOffset: 3.7498996
    inttype: AE_INTERP_LINEAR
    fvalue1: 0.069904983
    isCookedKeytime: true
  }
  keytimes {
    datatype: AE_FLOAT_DATA
    timeOffset: 3.7665596
    inttype: AE_INTERP_LINEAR
    fvalue1: 0.041116726
    isCookedKeytime: true
  }
  keytimes {
    datatype: AE_FLOAT_DATA
    timeOffset: 3.7832196
    inttype: AE_INTERP_LINEAR
    fvalue1: 0.021504324
    isCookedKeytime: true
  }
  keytimes {
    datatype: AE_FLOAT_DATA
    timeOffset: 3.7998796
    inttype: AE_INTERP_LINEAR
    fvalue1: 0.0090099853
    isCookedKeytime: true
  }
  keytimes {
    datatype: AE_FLOAT_DATA
    timeOffset: 3.8165395
    inttype: AE_INTERP_LINEAR
    fvalue1: 0.0021910509
    isCookedKeytime: true
  }
  keytimes {
    datatype: AE_FLOAT_DATA
    timeOffset: 3.8333333
    inttype: AE_INTERP_LINEAR
    fvalue1: 0
  }
  trackName: "Opacity"
}
markers {
  starttime: 2.5
  duration: 0.33333334
  name: "ShowGuide"
  tracksSelection {
    targetid: 690014557
    binding: POSITION
  }
  tracksSelection {
    targetid: 690014557
    binding: OPACITY
  }
  alltracks: false
  looping: false
}
markers {
  starttime: 3.5
  duration: 0.33333334
  name: "HideGuide"
  tracksSelection {
    targetid: 690014557
    binding: POSITION
  }
  tracksSelection {
    targetid: 690014557
    binding: OPACITY
  }
  alltracks: false
  looping: false
}
