activecomp {
  name: "Auryn_List-Search"
  width: 1764
  height: 738
  defaultcameradistance: 2450
  layer {
    name: "Container-Btn-Backdrop-Small"
    id: 690016871
    sourceid: 814
    transform {
      anchorPoint {
        x: 240
        y: 144
        z: 0
      }
      scale {
        x: 1
        y: 1
        z: 1
      }
      position {
        x: 240
        y: 144
        z: 0
      }
      orientation {
        x: 0
        y: 0
        z: 0
      }
      rotationX: 0
      rotationY: 0
      rotationZ: 0
      opacity: 1
    }
    acceptsshadows: true
    acceptslights: true
    castsshadows: false
    properties {
      key: "placeholder"
      value: "true"
    }
  }
  classname: "CYIListView"
  bgcolor {
    alpha: 1
    red: 0.086274509803921567
    green: 0.11372549019607843
    blue: 0.14509803921568629
  }
  properties {
    key: "componentSubtype"
    value: "streaming"
  }
  properties {
    key: "componentType"
    value: "list"
  }
  properties {
    key: "layout"
    value: "CYIGridLayout"
  }
  properties {
    key: "clip"
    value: "true"
  }
  properties {
    key: "columns"
    value: "4"
  }
  properties {
    key: "spacing"
    value: "0"
  }
  properties {
    key: "insert-after-layer-id"
    value: "-1"
  }
  childtemplates: "Auryn_Container-Btn-Backdrop-Small"
}
sources {
  uid: 814
  srctype: AE_COMP_SRC
  name: "Auryn_Container-Btn-Backdrop-Small.layout"
  width: 480
  height: 288
  copy_source: true
}
