activecomp {
  name: "Auryn_Container-Btn-Backdrop-Large"
  width: 962
  height: 551
  defaultcameradistance: 1336.1111
  layer {
    name: "Backdrop-Shadow-Large.png"
    id: 802
    sourceid: 690015174
    transform {
      anchorPoint {
        x: 652
        y: 375.5
        z: 0
      }
      scale {
        x: 0.753688
        y: 0.753688
        z: 1
      }
      position {
        x: 481
        y: 275.5
        z: 0
      }
      orientation {
        x: 0
        y: 0
        z: 0
      }
      rotationX: 0
      rotationY: 0
      rotationZ: 0
      opacity: 1
    }
    acceptsshadows: true
    acceptslights: true
    castsshadows: false
  }
  layer {
    name: "Btn-Backdrop-Large"
    id: 803
    sourceid: 128
    transform {
      anchorPoint {
        x: 469
        y: 263.5
        z: 0
      }
      scale {
        x: 1
        y: 1
        z: 1
      }
      position {
        x: 481
        y: 275.5
        z: 0
      }
      orientation {
        x: 0
        y: 0
        z: 0
      }
      rotationX: 0
      rotationY: 0
      rotationZ: 0
      opacity: 1
    }
    acceptsshadows: true
    acceptslights: true
    castsshadows: false
  }
  bgcolor {
    alpha: 1
    red: 0.086274509803921567
    green: 0.11372549019607843
    blue: 0.14509803921568629
  }
  childtemplates: "Auryn_Btn-Backdrop-Large"
}
sources {
  uid: 690015174
  srctype: AE_IMAGE_SRC
  name: "Backdrop-Shadow-Large.png"
  width: 1304
  height: 751
  numberOfFrames: 1
  fps: 0
  loops: 1
  copy_source: true
}
sources {
  uid: 128
  srctype: AE_COMP_SRC
  name: "Auryn_Btn-Backdrop-Large.layout"
  width: 938
  height: 527
  copy_source: true
}
