activecomp {
  name: "Auryn_Btn-Poster-Small"
  width: 376
  height: 776
  defaultcameradistance: 522.22223
  layer {
    name: "Text-Container"
    id: 502
    sourceid: 690016656
    transform {
      anchorPoint {
        x: 188
        y: 48
        z: 0
      }
      scale {
        x: 1
        y: 1
        z: 1
      }
      position {
        x: 188
        y: 634
        z: 0
      }
      orientation {
        x: 0
        y: 0
        z: 0
      }
      rotationX: 0
      rotationY: 0
      rotationZ: 0
      opacity: 1
    }
    acceptsshadows: true
    acceptslights: true
    castsshadows: false
  }
  layer {
    name: "Poster-Shadow-Small.png"
    id: 503
    sourceid: 690015211
    transform {
      anchorPoint {
        x: 211
        y: 317
        z: 0
      }
      scale {
        x: 1
        y: 1
        z: 1
      }
      position {
        x: 188
        y: 288.95239
        z: 0
      }
      orientation {
        x: 0
        y: 0
        z: 0
      }
      rotationX: 0
      rotationY: 0
      rotationZ: 0
      opacity: 1
    }
    acceptsshadows: true
    acceptslights: true
    castsshadows: false
    parentid: 505
  }
  layer {
    name: "Background 2"
    id: 504
    sourceid: 690014199
    transform {
      anchorPoint {
        x: 188
        y: 288
        z: 0
      }
      scale {
        x: 1
        y: 1
        z: 1
      }
      position {
        x: 188
        y: 288
        z: 0
      }
      orientation {
        x: 0
        y: 0
        z: 0
      }
      rotationX: 0
      rotationY: 0
      rotationZ: 0
      opacity: 1
    }
    acceptsshadows: true
    acceptslights: true
    castsshadows: false
    parentid: 505
  }
  layer {
    name: "Image-Dynamic"
    id: 505
    sourceid: 284
    transform {
      anchorPoint {
        x: 188
        y: 288
        z: 0
      }
      scale {
        x: 0.8916
        y: 0.8916
        z: 1
      }
      position {
        x: 188
        y: 368
        z: 0
      }
      orientation {
        x: 0
        y: 0
        z: 0
      }
      rotationX: 0
      rotationY: 0
      rotationZ: 0
      opacity: 0.8
    }
    acceptsshadows: true
    acceptslights: true
    castsshadows: false
  }
  layer {
    name: "Red Solid 10"
    id: 506
    sourceid: 299
    transform {
      anchorPoint {
        x: 0
        y: 2
        z: 0
      }
      scale {
        x: 1
        y: 1
        z: 1
      }
      position {
        x: 0.037171435
        y: 2
        z: 0
      }
      orientation {
        x: 0
        y: 0
        z: 0
      }
      rotationX: 0
      rotationY: 0
      rotationZ: 0
      opacity: 0
    }
    acceptsshadows: true
    acceptslights: true
    castsshadows: false
    parentid: 505
  }
  layer {
    name: "Red Solid 9"
    id: 507
    sourceid: 301
    transform {
      anchorPoint {
        x: 376
        y: 2
        z: 0
      }
      scale {
        x: 1
        y: 1
        z: 1
      }
      position {
        x: 375.96268
        y: 575
        z: 0
      }
      orientation {
        x: 0
        y: 0
        z: 0
      }
      rotationX: 0
      rotationY: 0
      rotationZ: 0
      opacity: 0
    }
    acceptsshadows: true
    acceptslights: true
    castsshadows: false
    parentid: 505
  }
  layer {
    name: "Red Solid 8"
    id: 508
    sourceid: 926
    transform {
      anchorPoint {
        x: 2
        y: 0
        z: 0
      }
      scale {
        x: 1
        y: 1
        z: 1
      }
      position {
        x: 374.00269
        y: 0.93264604
        z: 0
      }
      orientation {
        x: 0
        y: 0
        z: 0
      }
      rotationX: 0
      rotationY: 0
      rotationZ: 0
      opacity: 0
    }
    acceptsshadows: true
    acceptslights: true
    castsshadows: false
    parentid: 505
  }
  layer {
    name: "Red Solid 7"
    id: 509
    sourceid: 924
    transform {
      anchorPoint {
        x: 2
        y: 0
        z: 0
      }
      scale {
        x: 1
        y: 1
        z: 1
      }
      position {
        x: 2.0026937
        y: 0.49815357
        z: 0
      }
      orientation {
        x: 0
        y: 0
        z: 0
      }
      rotationX: 0
      rotationY: 0
      rotationZ: 0
      opacity: 0
    }
    acceptsshadows: true
    acceptslights: true
    castsshadows: false
    parentid: 505
  }
  layer {
    name: "PlayIcon_Movies.png"
    id: 510
    sourceid: 690015209
    transform {
      anchorPoint {
        x: 87
        y: 87
        z: 0
      }
      scale {
        x: 0.0001
        y: 0.0001
        z: 1
      }
      position {
        x: 188
        y: 372
        z: 0
      }
      orientation {
        x: 0
        y: 0
        z: 0
      }
      rotationX: 0
      rotationY: 0
      rotationZ: 0
      opacity: 0
    }
    acceptsshadows: true
    acceptslights: true
    castsshadows: false
  }
  classname: "CYIPushButtonView"
  bgcolor {
    alpha: 1
    red: 0.086274509803921567
    green: 0.11372549019607843
    blue: 0.14509803921568629
  }
  properties {
    key: "componentSubtype"
    value: "push"
  }
  properties {
    key: "componentType"
    value: "button"
  }
  properties {
    key: "clip"
    value: "false"
  }
  childtemplates: "Auryn_Text-Container"
  childtemplates: "Auryn_Image-Dynamic-2x3"
}
sources {
  uid: 690016656
  srctype: AE_COMP_SRC
  name: "Auryn_Text-Container.layout"
  width: 376
  height: 96
  copy_source: true
}
sources {
  uid: 690015211
  srctype: AE_IMAGE_SRC
  name: "Poster-Shadow-Small.png"
  width: 422
  height: 634
  numberOfFrames: 1
  fps: 0
  loops: 1
  copy_source: true
}
sources {
  uid: 690014199
  srctype: AE_SOLID_SRC
  color {
    alpha: 1
    red: 0
    green: 0
    blue: 0
  }
  width: 376
  height: 576
  copy_source: false
}
sources {
  uid: 284
  srctype: AE_COMP_SRC
  name: "Auryn_Image-Dynamic-2x3.layout"
  width: 376
  height: 576
  copy_source: true
}
sources {
  uid: 299
  srctype: AE_SOLID_SRC
  color {
    alpha: 1
    red: 0.90588235855102539
    green: 0.20000000298023224
    blue: 0.23529411852359772
  }
  width: 376
  height: 4
  copy_source: false
}
sources {
  uid: 301
  srctype: AE_SOLID_SRC
  color {
    alpha: 1
    red: 0.90588235855102539
    green: 0.20000000298023224
    blue: 0.23529411852359772
  }
  width: 376
  height: 4
  copy_source: false
}
sources {
  uid: 926
  srctype: AE_SOLID_SRC
  color {
    alpha: 1
    red: 0.90588235855102539
    green: 0.20000000298023224
    blue: 0.23529411852359772
  }
  width: 4
  height: 576
  copy_source: false
}
sources {
  uid: 924
  srctype: AE_SOLID_SRC
  color {
    alpha: 1
    red: 0.90588235855102539
    green: 0.20000000298023224
    blue: 0.23529411852359772
  }
  width: 4
  height: 576
  copy_source: false
}
sources {
  uid: 690015209
  srctype: AE_IMAGE_SRC
  name: "PlayIcon_Movies.png"
  width: 174
  height: 174
  numberOfFrames: 1
  fps: 0
  loops: 1
  copy_source: true
}
