tracks {
  binding: IS_VISIBLE
  targetid: 187
  targetname: "Slash-TV.png"
  keytimes {
    datatype: AE_INT_DATA
    timeOffset: 0
    inttype: AE_INTERP_HOLD
    ivalue1: 1
  }
}
tracks {
  binding: OPACITY
  targetid: 187
  targetname: "Slash-TV.png"
  keytimes {
    datatype: AE_FLOAT_DATA
    timeOffset: 0
    inttype: AE_INTERP_LINEAR
    fvalue1: 1
  }
  keytimes {
    datatype: AE_FLOAT_DATA
    timeOffset: 1
    inttype: AE_INTERP_HOLD
    fvalue1: 1
  }
  keytimes {
    datatype: AE_FLOAT_DATA
    timeOffset: 1.3333334
    inttype: AE_INTERP_HOLD
    fvalue1: 1
  }
  keytimes {
    datatype: AE_FLOAT_DATA
    timeOffset: 4
    inttype: AE_INTERP_HOLD
    fvalue1: 1
  }
  keytimes {
    datatype: AE_FLOAT_DATA
    timeOffset: 4.922689
    inttype: AE_INTERP_LINEAR
    fvalue1: 1
  }
  keytimes {
    datatype: AE_FLOAT_DATA
    timeOffset: 4.9393492
    inttype: AE_INTERP_LINEAR
    fvalue1: 0.98523146
    isCookedKeytime: true
  }
  keytimes {
    datatype: AE_FLOAT_DATA
    timeOffset: 4.9560094
    inttype: AE_INTERP_LINEAR
    fvalue1: 0.95488387
    isCookedKeytime: true
  }
  keytimes {
    datatype: AE_FLOAT_DATA
    timeOffset: 4.9726696
    inttype: AE_INTERP_LINEAR
    fvalue1: 0.91704178
    isCookedKeytime: true
  }
  keytimes {
    datatype: AE_FLOAT_DATA
    timeOffset: 4.98933
    inttype: AE_INTERP_LINEAR
    fvalue1: 0.87467349
    isCookedKeytime: true
  }
  keytimes {
    datatype: AE_FLOAT_DATA
    timeOffset: 5.0226502
    inttype: AE_INTERP_LINEAR
    fvalue1: 0.78173608
    isCookedKeytime: true
  }
  keytimes {
    datatype: AE_FLOAT_DATA
    timeOffset: 5.1892524
    inttype: AE_INTERP_LINEAR
    fvalue1: 0.27105579
    isCookedKeytime: true
  }
  keytimes {
    datatype: AE_FLOAT_DATA
    timeOffset: 5.2225728
    inttype: AE_INTERP_LINEAR
    fvalue1: 0.17419495
    isCookedKeytime: true
  }
  keytimes {
    datatype: AE_FLOAT_DATA
    timeOffset: 5.239233
    inttype: AE_INTERP_LINEAR
    fvalue1: 0.12861174
    isCookedKeytime: true
  }
  keytimes {
    datatype: AE_FLOAT_DATA
    timeOffset: 5.2558932
    inttype: AE_INTERP_LINEAR
    fvalue1: 0.085977
    isCookedKeytime: true
  }
  keytimes {
    datatype: AE_FLOAT_DATA
    timeOffset: 5.2725534
    inttype: AE_INTERP_LINEAR
    fvalue1: 0.047723435
    isCookedKeytime: true
  }
  keytimes {
    datatype: AE_FLOAT_DATA
    timeOffset: 5.2892137
    inttype: AE_INTERP_LINEAR
    fvalue1: 0.016649602
    isCookedKeytime: true
  }
  keytimes {
    datatype: AE_FLOAT_DATA
    timeOffset: 5.3058739
    inttype: AE_INTERP_LINEAR
    fvalue1: 0.00011955018
    isCookedKeytime: true
  }
  keytimes {
    datatype: AE_FLOAT_DATA
    timeOffset: 5.3065104
    inttype: AE_INTERP_LINEAR
    fvalue1: 0
  }
  trackName: "Opacity"
}
tracks {
  binding: IS_VISIBLE
  targetid: 188
  targetname: "Logo-Hex.png"
  keytimes {
    datatype: AE_INT_DATA
    timeOffset: 0
    inttype: AE_INTERP_HOLD
    ivalue1: 1
  }
}
tracks {
  binding: OPACITY
  targetid: 188
  targetname: "Logo-Hex.png"
  keytimes {
    datatype: AE_FLOAT_DATA
    timeOffset: 0
    inttype: AE_INTERP_LINEAR
    fvalue1: 1
  }
  keytimes {
    datatype: AE_FLOAT_DATA
    timeOffset: 5.3333335
    inttype: AE_INTERP_LINEAR
    fvalue1: 1
  }
  keytimes {
    datatype: AE_FLOAT_DATA
    timeOffset: 5.3499937
    inttype: AE_INTERP_LINEAR
    fvalue1: 0.996439
    isCookedKeytime: true
  }
  keytimes {
    datatype: AE_FLOAT_DATA
    timeOffset: 5.3666539
    inttype: AE_INTERP_LINEAR
    fvalue1: 0.98460007
    isCookedKeytime: true
  }
  keytimes {
    datatype: AE_FLOAT_DATA
    timeOffset: 5.3833141
    inttype: AE_INTERP_LINEAR
    fvalue1: 0.96214575
    isCookedKeytime: true
  }
  keytimes {
    datatype: AE_FLOAT_DATA
    timeOffset: 5.3999743
    inttype: AE_INTERP_LINEAR
    fvalue1: 0.92543817
    isCookedKeytime: true
  }
  keytimes {
    datatype: AE_FLOAT_DATA
    timeOffset: 5.4166346
    inttype: AE_INTERP_LINEAR
    fvalue1: 0.86828077
    isCookedKeytime: true
  }
  keytimes {
    datatype: AE_FLOAT_DATA
    timeOffset: 5.4332948
    inttype: AE_INTERP_LINEAR
    fvalue1: 0.77859777
    isCookedKeytime: true
  }
  keytimes {
    datatype: AE_FLOAT_DATA
    timeOffset: 5.449955
    inttype: AE_INTERP_LINEAR
    fvalue1: 0.62711579
    isCookedKeytime: true
  }
  keytimes {
    datatype: AE_FLOAT_DATA
    timeOffset: 5.4666152
    inttype: AE_INTERP_LINEAR
    fvalue1: 0.32597858
    isCookedKeytime: true
  }
  keytimes {
    datatype: AE_FLOAT_DATA
    timeOffset: 5.4832754
    inttype: AE_INTERP_LINEAR
    fvalue1: 0.04767907
    isCookedKeytime: true
  }
  keytimes {
    datatype: AE_FLOAT_DATA
    timeOffset: 5.5
    inttype: AE_INTERP_LINEAR
    fvalue1: 0
  }
  trackName: "Opacity"
}
tracks {
  binding: SCALE
  targetid: 188
  targetname: "Logo-Hex.png"
  keytimes {
    datatype: AE_FLOAT_VECTOR_DATA
    timeOffset: 0
    inttype: AE_INTERP_LINEAR
    fvalue1: 1
    fvalue2: 1
    fvalue3: 1
  }
  keytimes {
    datatype: AE_FLOAT_VECTOR_DATA
    timeOffset: 1
    inttype: AE_INTERP_HOLD
    fvalue1: 1
    fvalue2: 1
    fvalue3: 1
  }
  keytimes {
    datatype: AE_FLOAT_VECTOR_DATA
    timeOffset: 1.3333334
    inttype: AE_INTERP_HOLD
    fvalue1: 1
    fvalue2: 1
    fvalue3: 1
  }
  keytimes {
    datatype: AE_FLOAT_VECTOR_DATA
    timeOffset: 4
    inttype: AE_INTERP_HOLD
    fvalue1: 1
    fvalue2: 1
    fvalue3: 1
  }
  keytimes {
    datatype: AE_FLOAT_VECTOR_DATA
    timeOffset: 4.6333332
    inttype: AE_INTERP_LINEAR
    fvalue1: 1
    fvalue2: 1
    fvalue3: 1
  }
  keytimes {
    datatype: AE_FLOAT_VECTOR_DATA
    timeOffset: 4.6499934
    inttype: AE_INTERP_LINEAR
    fvalue1: 0.99637771
    fvalue2: 0.99637771
    fvalue3: 1
    isCookedKeytime: true
  }
  keytimes {
    datatype: AE_FLOAT_VECTOR_DATA
    timeOffset: 4.6666536
    inttype: AE_INTERP_LINEAR
    fvalue1: 0.97410131
    fvalue2: 0.97410131
    fvalue3: 1
    isCookedKeytime: true
  }
  keytimes {
    datatype: AE_FLOAT_VECTOR_DATA
    timeOffset: 4.6833138
    inttype: AE_INTERP_LINEAR
    fvalue1: 0.94490111
    fvalue2: 0.94490111
    fvalue3: 1
    isCookedKeytime: true
  }
  keytimes {
    datatype: AE_FLOAT_VECTOR_DATA
    timeOffset: 4.6999741
    inttype: AE_INTERP_LINEAR
    fvalue1: 0.93046892
    fvalue2: 0.93046892
    fvalue3: 1
    isCookedKeytime: true
  }
  keytimes {
    datatype: AE_FLOAT_VECTOR_DATA
    timeOffset: 4.7166343
    inttype: AE_INTERP_LINEAR
    fvalue1: 0.92211121
    fvalue2: 0.92211121
    fvalue3: 1
    isCookedKeytime: true
  }
  keytimes {
    datatype: AE_FLOAT_VECTOR_DATA
    timeOffset: 4.7332945
    inttype: AE_INTERP_LINEAR
    fvalue1: 0.91684049
    fvalue2: 0.91684049
    fvalue3: 1
    isCookedKeytime: true
  }
  keytimes {
    datatype: AE_FLOAT_VECTOR_DATA
    timeOffset: 4.7499547
    inttype: AE_INTERP_LINEAR
    fvalue1: 0.913474
    fvalue2: 0.913474
    fvalue3: 1
    isCookedKeytime: true
  }
  keytimes {
    datatype: AE_FLOAT_VECTOR_DATA
    timeOffset: 4.7666149
    inttype: AE_INTERP_LINEAR
    fvalue1: 0.91141945
    fvalue2: 0.91141945
    fvalue3: 1
    isCookedKeytime: true
  }
  keytimes {
    datatype: AE_FLOAT_VECTOR_DATA
    timeOffset: 4.7832751
    inttype: AE_INTERP_LINEAR
    fvalue1: 0.91033411
    fvalue2: 0.91033411
    fvalue3: 1
    isCookedKeytime: true
  }
  keytimes {
    datatype: AE_FLOAT_VECTOR_DATA
    timeOffset: 4.8
    inttype: AE_INTERP_LINEAR
    fvalue1: 0.91
    fvalue2: 0.91
    fvalue3: 1
  }
  keytimes {
    datatype: AE_FLOAT_VECTOR_DATA
    timeOffset: 4.8166604
    inttype: AE_INTERP_LINEAR
    fvalue1: 0.91110557
    fvalue2: 0.91110557
    fvalue3: 1
    isCookedKeytime: true
  }
  keytimes {
    datatype: AE_FLOAT_VECTOR_DATA
    timeOffset: 4.8333206
    inttype: AE_INTERP_LINEAR
    fvalue1: 0.91447973
    fvalue2: 0.91447973
    fvalue3: 1
    isCookedKeytime: true
  }
  keytimes {
    datatype: AE_FLOAT_VECTOR_DATA
    timeOffset: 4.8499808
    inttype: AE_INTERP_LINEAR
    fvalue1: 0.92021269
    fvalue2: 0.92021269
    fvalue3: 1
    isCookedKeytime: true
  }
  keytimes {
    datatype: AE_FLOAT_VECTOR_DATA
    timeOffset: 4.866641
    inttype: AE_INTERP_LINEAR
    fvalue1: 0.92840111
    fvalue2: 0.92840111
    fvalue3: 1
    isCookedKeytime: true
  }
  keytimes {
    datatype: AE_FLOAT_VECTOR_DATA
    timeOffset: 4.8833013
    inttype: AE_INTERP_LINEAR
    fvalue1: 0.93914831
    fvalue2: 0.93914831
    fvalue3: 1
    isCookedKeytime: true
  }
  keytimes {
    datatype: AE_FLOAT_VECTOR_DATA
    timeOffset: 4.8999615
    inttype: AE_INTERP_LINEAR
    fvalue1: 0.95256525
    fvalue2: 0.95256525
    fvalue3: 1
    isCookedKeytime: true
  }
  keytimes {
    datatype: AE_FLOAT_VECTOR_DATA
    timeOffset: 4.9166217
    inttype: AE_INTERP_LINEAR
    fvalue1: 0.96877104
    fvalue2: 0.96877104
    fvalue3: 1
    isCookedKeytime: true
  }
  keytimes {
    datatype: AE_FLOAT_VECTOR_DATA
    timeOffset: 4.9332819
    inttype: AE_INTERP_LINEAR
    fvalue1: 0.9878943
    fvalue2: 0.9878943
    fvalue3: 1
    isCookedKeytime: true
  }
  keytimes {
    datatype: AE_FLOAT_VECTOR_DATA
    timeOffset: 4.9499421
    inttype: AE_INTERP_LINEAR
    fvalue1: 1.0100735
    fvalue2: 1.0100735
    fvalue3: 1
    isCookedKeytime: true
  }
  keytimes {
    datatype: AE_FLOAT_VECTOR_DATA
    timeOffset: 4.9666023
    inttype: AE_INTERP_LINEAR
    fvalue1: 1.035459
    fvalue2: 1.035459
    fvalue3: 1
    isCookedKeytime: true
  }
  keytimes {
    datatype: AE_FLOAT_VECTOR_DATA
    timeOffset: 4.9832625
    inttype: AE_INTERP_LINEAR
    fvalue1: 1.0642135
    fvalue2: 1.0642135
    fvalue3: 1
    isCookedKeytime: true
  }
  keytimes {
    datatype: AE_FLOAT_VECTOR_DATA
    timeOffset: 4.9999228
    inttype: AE_INTERP_LINEAR
    fvalue1: 1.0965142
    fvalue2: 1.0965142
    fvalue3: 1
    isCookedKeytime: true
  }
  keytimes {
    datatype: AE_FLOAT_VECTOR_DATA
    timeOffset: 5.016583
    inttype: AE_INTERP_LINEAR
    fvalue1: 1.1325548
    fvalue2: 1.1325548
    fvalue3: 1
    isCookedKeytime: true
  }
  keytimes {
    datatype: AE_FLOAT_VECTOR_DATA
    timeOffset: 5.0332432
    inttype: AE_INTERP_LINEAR
    fvalue1: 1.1725467
    fvalue2: 1.1725467
    fvalue3: 1
    isCookedKeytime: true
  }
  keytimes {
    datatype: AE_FLOAT_VECTOR_DATA
    timeOffset: 5.0499034
    inttype: AE_INTERP_LINEAR
    fvalue1: 1.2167228
    fvalue2: 1.2167228
    fvalue3: 1
    isCookedKeytime: true
  }
  keytimes {
    datatype: AE_FLOAT_VECTOR_DATA
    timeOffset: 5.0665636
    inttype: AE_INTERP_LINEAR
    fvalue1: 1.2653394
    fvalue2: 1.2653394
    fvalue3: 1
    isCookedKeytime: true
  }
  keytimes {
    datatype: AE_FLOAT_VECTOR_DATA
    timeOffset: 5.0832238
    inttype: AE_INTERP_LINEAR
    fvalue1: 1.3186802
    fvalue2: 1.3186802
    fvalue3: 1
    isCookedKeytime: true
  }
  keytimes {
    datatype: AE_FLOAT_VECTOR_DATA
    timeOffset: 5.099884
    inttype: AE_INTERP_LINEAR
    fvalue1: 1.3770604
    fvalue2: 1.3770604
    fvalue3: 1
    isCookedKeytime: true
  }
  keytimes {
    datatype: AE_FLOAT_VECTOR_DATA
    timeOffset: 5.1165442
    inttype: AE_INTERP_LINEAR
    fvalue1: 1.4408325
    fvalue2: 1.4408325
    fvalue3: 1
    isCookedKeytime: true
  }
  keytimes {
    datatype: AE_FLOAT_VECTOR_DATA
    timeOffset: 5.1332045
    inttype: AE_INTERP_LINEAR
    fvalue1: 1.5103911
    fvalue2: 1.5103911
    fvalue3: 1
    isCookedKeytime: true
  }
  keytimes {
    datatype: AE_FLOAT_VECTOR_DATA
    timeOffset: 5.1498647
    inttype: AE_INTERP_LINEAR
    fvalue1: 1.5861822
    fvalue2: 1.5861822
    fvalue3: 1
    isCookedKeytime: true
  }
  keytimes {
    datatype: AE_FLOAT_VECTOR_DATA
    timeOffset: 5.1665249
    inttype: AE_INTERP_LINEAR
    fvalue1: 1.6687112
    fvalue2: 1.6687112
    fvalue3: 1
    isCookedKeytime: true
  }
  keytimes {
    datatype: AE_FLOAT_VECTOR_DATA
    timeOffset: 5.1831851
    inttype: AE_INTERP_LINEAR
    fvalue1: 1.758556
    fvalue2: 1.758556
    fvalue3: 1
    isCookedKeytime: true
  }
  keytimes {
    datatype: AE_FLOAT_VECTOR_DATA
    timeOffset: 5.1998453
    inttype: AE_INTERP_LINEAR
    fvalue1: 1.8563811
    fvalue2: 1.8563811
    fvalue3: 1
    isCookedKeytime: true
  }
  keytimes {
    datatype: AE_FLOAT_VECTOR_DATA
    timeOffset: 5.2165055
    inttype: AE_INTERP_LINEAR
    fvalue1: 1.9629571
    fvalue2: 1.9629571
    fvalue3: 1
    isCookedKeytime: true
  }
  keytimes {
    datatype: AE_FLOAT_VECTOR_DATA
    timeOffset: 5.2331657
    inttype: AE_INTERP_LINEAR
    fvalue1: 2.0791862
    fvalue2: 2.0791862
    fvalue3: 1
    isCookedKeytime: true
  }
  keytimes {
    datatype: AE_FLOAT_VECTOR_DATA
    timeOffset: 5.249826
    inttype: AE_INTERP_LINEAR
    fvalue1: 2.2061341
    fvalue2: 2.2061341
    fvalue3: 1
    isCookedKeytime: true
  }
  keytimes {
    datatype: AE_FLOAT_VECTOR_DATA
    timeOffset: 5.2664862
    inttype: AE_INTERP_LINEAR
    fvalue1: 2.3450751
    fvalue2: 2.3450751
    fvalue3: 1
    isCookedKeytime: true
  }
  keytimes {
    datatype: AE_FLOAT_VECTOR_DATA
    timeOffset: 5.2831464
    inttype: AE_INTERP_LINEAR
    fvalue1: 2.4975519
    fvalue2: 2.4975519
    fvalue3: 1
    isCookedKeytime: true
  }
  keytimes {
    datatype: AE_FLOAT_VECTOR_DATA
    timeOffset: 5.2998066
    inttype: AE_INTERP_LINEAR
    fvalue1: 2.6654596
    fvalue2: 2.6654596
    fvalue3: 1
    isCookedKeytime: true
  }
  keytimes {
    datatype: AE_FLOAT_VECTOR_DATA
    timeOffset: 5.3164668
    inttype: AE_INTERP_LINEAR
    fvalue1: 2.8511648
    fvalue2: 2.8511648
    fvalue3: 1
    isCookedKeytime: true
  }
  keytimes {
    datatype: AE_FLOAT_VECTOR_DATA
    timeOffset: 5.333127
    inttype: AE_INTERP_LINEAR
    fvalue1: 3.0576816
    fvalue2: 3.0576816
    fvalue3: 1
    isCookedKeytime: true
  }
  keytimes {
    datatype: AE_FLOAT_VECTOR_DATA
    timeOffset: 5.3497872
    inttype: AE_INTERP_LINEAR
    fvalue1: 3.2889316
    fvalue2: 3.2889316
    fvalue3: 1
    isCookedKeytime: true
  }
  keytimes {
    datatype: AE_FLOAT_VECTOR_DATA
    timeOffset: 5.3664474
    inttype: AE_INTERP_LINEAR
    fvalue1: 3.5501468
    fvalue2: 3.5501468
    fvalue3: 1
    isCookedKeytime: true
  }
  keytimes {
    datatype: AE_FLOAT_VECTOR_DATA
    timeOffset: 5.3831077
    inttype: AE_INTERP_LINEAR
    fvalue1: 3.8484931
    fvalue2: 3.8484931
    fvalue3: 1
    isCookedKeytime: true
  }
  keytimes {
    datatype: AE_FLOAT_VECTOR_DATA
    timeOffset: 5.3997679
    inttype: AE_INTERP_LINEAR
    fvalue1: 4.1940212
    fvalue2: 4.1940212
    fvalue3: 1
    isCookedKeytime: true
  }
  keytimes {
    datatype: AE_FLOAT_VECTOR_DATA
    timeOffset: 5.4164281
    inttype: AE_INTERP_LINEAR
    fvalue1: 4.6008687
    fvalue2: 4.6008687
    fvalue3: 1
    isCookedKeytime: true
  }
  keytimes {
    datatype: AE_FLOAT_VECTOR_DATA
    timeOffset: 5.4330883
    inttype: AE_INTERP_LINEAR
    fvalue1: 5.0869808
    fvalue2: 5.0869808
    fvalue3: 1
    isCookedKeytime: true
  }
  keytimes {
    datatype: AE_FLOAT_VECTOR_DATA
    timeOffset: 5.4664087
    inttype: AE_INTERP_LINEAR
    fvalue1: 6.2367964
    fvalue2: 6.2367964
    fvalue3: 1
    isCookedKeytime: true
  }
  keytimes {
    datatype: AE_FLOAT_VECTOR_DATA
    timeOffset: 5.4830689
    inttype: AE_INTERP_LINEAR
    fvalue1: 6.6028218
    fvalue2: 6.6028218
    fvalue3: 1
    isCookedKeytime: true
  }
  keytimes {
    datatype: AE_FLOAT_VECTOR_DATA
    timeOffset: 5.5
    inttype: AE_INTERP_LINEAR
    fvalue1: 6.71
    fvalue2: 6.71
    fvalue3: 1
  }
  trackName: "Scale"
}
tracks {
  binding: IS_VISIBLE
  targetid: 189
  targetname: "Logo-Youi-Text.png"
  keytimes {
    datatype: AE_INT_DATA
    timeOffset: 0
    inttype: AE_INTERP_HOLD
    ivalue1: 1
  }
}
tracks {
  binding: OPACITY
  targetid: 189
  targetname: "Logo-Youi-Text.png"
  keytimes {
    datatype: AE_FLOAT_DATA
    timeOffset: 0
    inttype: AE_INTERP_LINEAR
    fvalue1: 1
  }
  keytimes {
    datatype: AE_FLOAT_DATA
    timeOffset: 5.05
    inttype: AE_INTERP_LINEAR
    fvalue1: 1
  }
  keytimes {
    datatype: AE_FLOAT_DATA
    timeOffset: 5.0666666
    inttype: AE_INTERP_LINEAR
    fvalue1: 0
  }
  trackName: "Opacity"
}
tracks {
  binding: IS_VISIBLE
  targetid: 190
  targetname: "Logo-Youi-Large.png"
  keytimes {
    datatype: AE_INT_DATA
    timeOffset: 0
    inttype: AE_INTERP_HOLD
    ivalue1: 1
  }
}
tracks {
  binding: OPACITY
  targetid: 190
  targetname: "Logo-Youi-Large.png"
  keytimes {
    datatype: AE_FLOAT_DATA
    timeOffset: 0
    inttype: AE_INTERP_LINEAR
    fvalue1: 0
  }
  keytimes {
    datatype: AE_FLOAT_DATA
    timeOffset: 5.0333333
    inttype: AE_INTERP_LINEAR
    fvalue1: 0
  }
  keytimes {
    datatype: AE_FLOAT_DATA
    timeOffset: 5.05
    inttype: AE_INTERP_LINEAR
    fvalue1: 1
  }
  keytimes {
    datatype: AE_FLOAT_DATA
    timeOffset: 5.3333335
    inttype: AE_INTERP_LINEAR
    fvalue1: 1
  }
  keytimes {
    datatype: AE_FLOAT_DATA
    timeOffset: 5.3499937
    inttype: AE_INTERP_LINEAR
    fvalue1: 0.996439
    isCookedKeytime: true
  }
  keytimes {
    datatype: AE_FLOAT_DATA
    timeOffset: 5.3666539
    inttype: AE_INTERP_LINEAR
    fvalue1: 0.98460007
    isCookedKeytime: true
  }
  keytimes {
    datatype: AE_FLOAT_DATA
    timeOffset: 5.3833141
    inttype: AE_INTERP_LINEAR
    fvalue1: 0.96214575
    isCookedKeytime: true
  }
  keytimes {
    datatype: AE_FLOAT_DATA
    timeOffset: 5.3999743
    inttype: AE_INTERP_LINEAR
    fvalue1: 0.92543817
    isCookedKeytime: true
  }
  keytimes {
    datatype: AE_FLOAT_DATA
    timeOffset: 5.4166346
    inttype: AE_INTERP_LINEAR
    fvalue1: 0.86828077
    isCookedKeytime: true
  }
  keytimes {
    datatype: AE_FLOAT_DATA
    timeOffset: 5.4332948
    inttype: AE_INTERP_LINEAR
    fvalue1: 0.77859777
    isCookedKeytime: true
  }
  keytimes {
    datatype: AE_FLOAT_DATA
    timeOffset: 5.449955
    inttype: AE_INTERP_LINEAR
    fvalue1: 0.62711579
    isCookedKeytime: true
  }
  keytimes {
    datatype: AE_FLOAT_DATA
    timeOffset: 5.4666152
    inttype: AE_INTERP_LINEAR
    fvalue1: 0.32597858
    isCookedKeytime: true
  }
  keytimes {
    datatype: AE_FLOAT_DATA
    timeOffset: 5.4832754
    inttype: AE_INTERP_LINEAR
    fvalue1: 0.04767907
    isCookedKeytime: true
  }
  keytimes {
    datatype: AE_FLOAT_DATA
    timeOffset: 5.5
    inttype: AE_INTERP_LINEAR
    fvalue1: 0
  }
  trackName: "Opacity"
}
tracks {
  binding: IS_VISIBLE
  targetid: 191
  targetname: "Scale_Ctrl"
  keytimes {
    datatype: AE_INT_DATA
    timeOffset: 0
    inttype: AE_INTERP_HOLD
    ivalue1: 1
  }
}
tracks {
  binding: SCALE
  targetid: 191
  targetname: "Scale_Ctrl"
  keytimes {
    datatype: AE_FLOAT_VECTOR_DATA
    timeOffset: 0
    inttype: AE_INTERP_LINEAR
    fvalue1: 1
    fvalue2: 1
    fvalue3: 1
  }
  keytimes {
    datatype: AE_FLOAT_VECTOR_DATA
    timeOffset: 4
    inttype: AE_INTERP_HOLD
    fvalue1: 1
    fvalue2: 1
    fvalue3: 1
  }
  keytimes {
    datatype: AE_FLOAT_VECTOR_DATA
    timeOffset: 4.6333332
    inttype: AE_INTERP_LINEAR
    fvalue1: 1
    fvalue2: 1
    fvalue3: 1
  }
  keytimes {
    datatype: AE_FLOAT_VECTOR_DATA
    timeOffset: 4.6499934
    inttype: AE_INTERP_LINEAR
    fvalue1: 0.99678016
    fvalue2: 0.99678016
    fvalue3: 1
    isCookedKeytime: true
  }
  keytimes {
    datatype: AE_FLOAT_VECTOR_DATA
    timeOffset: 4.6666536
    inttype: AE_INTERP_LINEAR
    fvalue1: 0.9769789
    fvalue2: 0.9769789
    fvalue3: 1
    isCookedKeytime: true
  }
  keytimes {
    datatype: AE_FLOAT_VECTOR_DATA
    timeOffset: 4.6833138
    inttype: AE_INTERP_LINEAR
    fvalue1: 0.95102328
    fvalue2: 0.95102328
    fvalue3: 1
    isCookedKeytime: true
  }
  keytimes {
    datatype: AE_FLOAT_VECTOR_DATA
    timeOffset: 4.6999741
    inttype: AE_INTERP_LINEAR
    fvalue1: 0.93819457
    fvalue2: 0.93819457
    fvalue3: 1
    isCookedKeytime: true
  }
  keytimes {
    datatype: AE_FLOAT_VECTOR_DATA
    timeOffset: 4.7166343
    inttype: AE_INTERP_LINEAR
    fvalue1: 0.93076551
    fvalue2: 0.93076551
    fvalue3: 1
    isCookedKeytime: true
  }
  keytimes {
    datatype: AE_FLOAT_VECTOR_DATA
    timeOffset: 4.7332945
    inttype: AE_INTERP_LINEAR
    fvalue1: 0.92608047
    fvalue2: 0.92608047
    fvalue3: 1
    isCookedKeytime: true
  }
  keytimes {
    datatype: AE_FLOAT_VECTOR_DATA
    timeOffset: 4.7499547
    inttype: AE_INTERP_LINEAR
    fvalue1: 0.92308807
    fvalue2: 0.92308807
    fvalue3: 1
    isCookedKeytime: true
  }
  keytimes {
    datatype: AE_FLOAT_VECTOR_DATA
    timeOffset: 4.7666149
    inttype: AE_INTERP_LINEAR
    fvalue1: 0.92126173
    fvalue2: 0.92126173
    fvalue3: 1
    isCookedKeytime: true
  }
  keytimes {
    datatype: AE_FLOAT_VECTOR_DATA
    timeOffset: 4.7832751
    inttype: AE_INTERP_LINEAR
    fvalue1: 0.92029691
    fvalue2: 0.92029691
    fvalue3: 1
    isCookedKeytime: true
  }
  keytimes {
    datatype: AE_FLOAT_VECTOR_DATA
    timeOffset: 4.8
    inttype: AE_INTERP_LINEAR
    fvalue1: 0.92
    fvalue2: 0.92
    fvalue3: 1
  }
  keytimes {
    datatype: AE_FLOAT_VECTOR_DATA
    timeOffset: 4.8166604
    inttype: AE_INTERP_LINEAR
    fvalue1: 0.92087448
    fvalue2: 0.92087448
    fvalue3: 1
    isCookedKeytime: true
  }
  keytimes {
    datatype: AE_FLOAT_VECTOR_DATA
    timeOffset: 4.8333206
    inttype: AE_INTERP_LINEAR
    fvalue1: 0.92354131
    fvalue2: 0.92354131
    fvalue3: 1
    isCookedKeytime: true
  }
  keytimes {
    datatype: AE_FLOAT_VECTOR_DATA
    timeOffset: 4.8499808
    inttype: AE_INTERP_LINEAR
    fvalue1: 0.92806894
    fvalue2: 0.92806894
    fvalue3: 1
    isCookedKeytime: true
  }
  keytimes {
    datatype: AE_FLOAT_VECTOR_DATA
    timeOffset: 4.866641
    inttype: AE_INTERP_LINEAR
    fvalue1: 0.93453008
    fvalue2: 0.93453008
    fvalue3: 1
    isCookedKeytime: true
  }
  keytimes {
    datatype: AE_FLOAT_VECTOR_DATA
    timeOffset: 4.8833013
    inttype: AE_INTERP_LINEAR
    fvalue1: 0.94300252
    fvalue2: 0.94300252
    fvalue3: 1
    isCookedKeytime: true
  }
  keytimes {
    datatype: AE_FLOAT_VECTOR_DATA
    timeOffset: 4.8999615
    inttype: AE_INTERP_LINEAR
    fvalue1: 0.95356959
    fvalue2: 0.95356959
    fvalue3: 1
    isCookedKeytime: true
  }
  keytimes {
    datatype: AE_FLOAT_VECTOR_DATA
    timeOffset: 4.9166217
    inttype: AE_INTERP_LINEAR
    fvalue1: 0.96632051
    fvalue2: 0.96632051
    fvalue3: 1
    isCookedKeytime: true
  }
  keytimes {
    datatype: AE_FLOAT_VECTOR_DATA
    timeOffset: 4.9332819
    inttype: AE_INTERP_LINEAR
    fvalue1: 0.98135126
    fvalue2: 0.98135126
    fvalue3: 1
    isCookedKeytime: true
  }
  keytimes {
    datatype: AE_FLOAT_VECTOR_DATA
    timeOffset: 4.9499421
    inttype: AE_INTERP_LINEAR
    fvalue1: 0.99876493
    fvalue2: 0.99876493
    fvalue3: 1
    isCookedKeytime: true
  }
  keytimes {
    datatype: AE_FLOAT_VECTOR_DATA
    timeOffset: 4.9666023
    inttype: AE_INTERP_LINEAR
    fvalue1: 1.0186732
    fvalue2: 1.0186732
    fvalue3: 1
    isCookedKeytime: true
  }
  keytimes {
    datatype: AE_FLOAT_VECTOR_DATA
    timeOffset: 4.9832625
    inttype: AE_INTERP_LINEAR
    fvalue1: 1.0411965
    fvalue2: 1.0411965
    fvalue3: 1
    isCookedKeytime: true
  }
  keytimes {
    datatype: AE_FLOAT_VECTOR_DATA
    timeOffset: 4.9999228
    inttype: AE_INTERP_LINEAR
    fvalue1: 1.0664655
    fvalue2: 1.0664655
    fvalue3: 1
    isCookedKeytime: true
  }
  keytimes {
    datatype: AE_FLOAT_VECTOR_DATA
    timeOffset: 5.016583
    inttype: AE_INTERP_LINEAR
    fvalue1: 1.0946224
    fvalue2: 1.0946224
    fvalue3: 1
    isCookedKeytime: true
  }
  keytimes {
    datatype: AE_FLOAT_VECTOR_DATA
    timeOffset: 5.0332432
    inttype: AE_INTERP_LINEAR
    fvalue1: 1.1258222
    fvalue2: 1.1258222
    fvalue3: 1
    isCookedKeytime: true
  }
  keytimes {
    datatype: AE_FLOAT_VECTOR_DATA
    timeOffset: 5.0499034
    inttype: AE_INTERP_LINEAR
    fvalue1: 1.1602348
    fvalue2: 1.1602348
    fvalue3: 1
    isCookedKeytime: true
  }
  keytimes {
    datatype: AE_FLOAT_VECTOR_DATA
    timeOffset: 5.0665636
    inttype: AE_INTERP_LINEAR
    fvalue1: 1.1980462
    fvalue2: 1.1980462
    fvalue3: 1
    isCookedKeytime: true
  }
  keytimes {
    datatype: AE_FLOAT_VECTOR_DATA
    timeOffset: 5.0832238
    inttype: AE_INTERP_LINEAR
    fvalue1: 1.2394618
    fvalue2: 1.2394618
    fvalue3: 1
    isCookedKeytime: true
  }
  keytimes {
    datatype: AE_FLOAT_VECTOR_DATA
    timeOffset: 5.099884
    inttype: AE_INTERP_LINEAR
    fvalue1: 1.2847085
    fvalue2: 1.2847085
    fvalue3: 1
    isCookedKeytime: true
  }
  keytimes {
    datatype: AE_FLOAT_VECTOR_DATA
    timeOffset: 5.1165442
    inttype: AE_INTERP_LINEAR
    fvalue1: 1.3340387
    fvalue2: 1.3340387
    fvalue3: 1
    isCookedKeytime: true
  }
  keytimes {
    datatype: AE_FLOAT_VECTOR_DATA
    timeOffset: 5.1332045
    inttype: AE_INTERP_LINEAR
    fvalue1: 1.3877336
    fvalue2: 1.3877336
    fvalue3: 1
    isCookedKeytime: true
  }
  keytimes {
    datatype: AE_FLOAT_VECTOR_DATA
    timeOffset: 5.1498647
    inttype: AE_INTERP_LINEAR
    fvalue1: 1.4461091
    fvalue2: 1.4461091
    fvalue3: 1
    isCookedKeytime: true
  }
  keytimes {
    datatype: AE_FLOAT_VECTOR_DATA
    timeOffset: 5.1665249
    inttype: AE_INTERP_LINEAR
    fvalue1: 1.509521
    fvalue2: 1.509521
    fvalue3: 1
    isCookedKeytime: true
  }
  keytimes {
    datatype: AE_FLOAT_VECTOR_DATA
    timeOffset: 5.1831851
    inttype: AE_INTERP_LINEAR
    fvalue1: 1.5783736
    fvalue2: 1.5783736
    fvalue3: 1
    isCookedKeytime: true
  }
  keytimes {
    datatype: AE_FLOAT_VECTOR_DATA
    timeOffset: 5.1998453
    inttype: AE_INTERP_LINEAR
    fvalue1: 1.6531284
    fvalue2: 1.6531284
    fvalue3: 1
    isCookedKeytime: true
  }
  keytimes {
    datatype: AE_FLOAT_VECTOR_DATA
    timeOffset: 5.2165055
    inttype: AE_INTERP_LINEAR
    fvalue1: 1.7343162
    fvalue2: 1.7343162
    fvalue3: 1
    isCookedKeytime: true
  }
  keytimes {
    datatype: AE_FLOAT_VECTOR_DATA
    timeOffset: 5.2331657
    inttype: AE_INTERP_LINEAR
    fvalue1: 1.8225535
    fvalue2: 1.8225535
    fvalue3: 1
    isCookedKeytime: true
  }
  keytimes {
    datatype: AE_FLOAT_VECTOR_DATA
    timeOffset: 5.249826
    inttype: AE_INTERP_LINEAR
    fvalue1: 1.9185621
    fvalue2: 1.9185621
    fvalue3: 1
    isCookedKeytime: true
  }
  keytimes {
    datatype: AE_FLOAT_VECTOR_DATA
    timeOffset: 5.2664862
    inttype: AE_INTERP_LINEAR
    fvalue1: 2.0231957
    fvalue2: 2.0231957
    fvalue3: 1
    isCookedKeytime: true
  }
  keytimes {
    datatype: AE_FLOAT_VECTOR_DATA
    timeOffset: 5.2831464
    inttype: AE_INTERP_LINEAR
    fvalue1: 2.1374769
    fvalue2: 2.1374769
    fvalue3: 1
    isCookedKeytime: true
  }
  keytimes {
    datatype: AE_FLOAT_VECTOR_DATA
    timeOffset: 5.2998066
    inttype: AE_INTERP_LINEAR
    fvalue1: 2.2626467
    fvalue2: 2.2626467
    fvalue3: 1
    isCookedKeytime: true
  }
  keytimes {
    datatype: AE_FLOAT_VECTOR_DATA
    timeOffset: 5.3164668
    inttype: AE_INTERP_LINEAR
    fvalue1: 2.4002354
    fvalue2: 2.4002354
    fvalue3: 1
    isCookedKeytime: true
  }
  keytimes {
    datatype: AE_FLOAT_VECTOR_DATA
    timeOffset: 5.333127
    inttype: AE_INTERP_LINEAR
    fvalue1: 2.5521636
    fvalue2: 2.5521636
    fvalue3: 1
    isCookedKeytime: true
  }
  keytimes {
    datatype: AE_FLOAT_VECTOR_DATA
    timeOffset: 5.3497872
    inttype: AE_INTERP_LINEAR
    fvalue1: 2.7208936
    fvalue2: 2.7208936
    fvalue3: 1
    isCookedKeytime: true
  }
  keytimes {
    datatype: AE_FLOAT_VECTOR_DATA
    timeOffset: 5.3664474
    inttype: AE_INTERP_LINEAR
    fvalue1: 2.9096637
    fvalue2: 2.9096637
    fvalue3: 1
    isCookedKeytime: true
  }
  keytimes {
    datatype: AE_FLOAT_VECTOR_DATA
    timeOffset: 5.3831077
    inttype: AE_INTERP_LINEAR
    fvalue1: 3.1228585
    fvalue2: 3.1228585
    fvalue3: 1
    isCookedKeytime: true
  }
  keytimes {
    datatype: AE_FLOAT_VECTOR_DATA
    timeOffset: 5.3997679
    inttype: AE_INTERP_LINEAR
    fvalue1: 3.3666251
    fvalue2: 3.3666251
    fvalue3: 1
    isCookedKeytime: true
  }
  keytimes {
    datatype: AE_FLOAT_VECTOR_DATA
    timeOffset: 5.4164281
    inttype: AE_INTERP_LINEAR
    fvalue1: 3.6499112
    fvalue2: 3.6499112
    fvalue3: 1
    isCookedKeytime: true
  }
  keytimes {
    datatype: AE_FLOAT_VECTOR_DATA
    timeOffset: 5.4330883
    inttype: AE_INTERP_LINEAR
    fvalue1: 3.9861345
    fvalue2: 3.9861345
    fvalue3: 1
    isCookedKeytime: true
  }
  keytimes {
    datatype: AE_FLOAT_VECTOR_DATA
    timeOffset: 5.4497485
    inttype: AE_INTERP_LINEAR
    fvalue1: 4.3945351
    fvalue2: 4.3945351
    fvalue3: 1
    isCookedKeytime: true
  }
  keytimes {
    datatype: AE_FLOAT_VECTOR_DATA
    timeOffset: 5.4664087
    inttype: AE_INTERP_LINEAR
    fvalue1: 4.8864303
    fvalue2: 4.8864303
    fvalue3: 1
    isCookedKeytime: true
  }
  keytimes {
    datatype: AE_FLOAT_VECTOR_DATA
    timeOffset: 5.4830689
    inttype: AE_INTERP_LINEAR
    fvalue1: 5.3452911
    fvalue2: 5.3452911
    fvalue3: 1
    isCookedKeytime: true
  }
  keytimes {
    datatype: AE_FLOAT_VECTOR_DATA
    timeOffset: 5.5
    inttype: AE_INTERP_LINEAR
    fvalue1: 5.51
    fvalue2: 5.51
    fvalue3: 1
  }
  trackName: "Scale"
}
tracks {
  binding: IS_VISIBLE
  targetid: 192
  targetname: "Loader"
  keytimes {
    datatype: AE_INT_DATA
    timeOffset: 0
    inttype: AE_INTERP_HOLD
    ivalue1: 1
  }
}
tracks {
  binding: POSITION
  targetid: 192
  targetname: "Loader"
  keytimes {
    datatype: AE_FLOAT_VECTOR_DATA
    timeOffset: 0
    inttype: AE_INTERP_LINEAR
    fvalue1: 50
    fvalue2: 144
    fvalue3: 0
  }
  keytimes {
    datatype: AE_FLOAT_VECTOR_DATA
    timeOffset: 1
    inttype: AE_INTERP_LINEAR
    fvalue1: 50
    fvalue2: 144
    fvalue3: 0
  }
  keytimes {
    datatype: AE_FLOAT_VECTOR_DATA
    timeOffset: 1.01666
    inttype: AE_INTERP_LINEAR
    fvalue1: 50
    fvalue2: 142.43637
    fvalue3: 0
    isCookedKeytime: true
  }
  keytimes {
    datatype: AE_FLOAT_VECTOR_DATA
    timeOffset: 1.03332
    inttype: AE_INTERP_LINEAR
    fvalue1: 50
    fvalue2: 136.09621
    fvalue3: 0
    isCookedKeytime: true
  }
  keytimes {
    datatype: AE_FLOAT_VECTOR_DATA
    timeOffset: 1.0499799
    inttype: AE_INTERP_LINEAR
    fvalue1: 50
    fvalue2: 120.06566
    fvalue3: 0
    isCookedKeytime: true
  }
  keytimes {
    datatype: AE_FLOAT_VECTOR_DATA
    timeOffset: 1.0832999
    inttype: AE_INTERP_LINEAR
    fvalue1: 50
    fvalue2: 57.255226
    fvalue3: 0
    isCookedKeytime: true
  }
  keytimes {
    datatype: AE_FLOAT_VECTOR_DATA
    timeOffset: 1.0999599
    inttype: AE_INTERP_LINEAR
    fvalue1: 50
    fvalue2: 35.579338
    fvalue3: 0
    isCookedKeytime: true
  }
  keytimes {
    datatype: AE_FLOAT_VECTOR_DATA
    timeOffset: 1.1166198
    inttype: AE_INTERP_LINEAR
    fvalue1: 50
    fvalue2: 20.296654
    fvalue3: 0
    isCookedKeytime: true
  }
  keytimes {
    datatype: AE_FLOAT_VECTOR_DATA
    timeOffset: 1.1332798
    inttype: AE_INTERP_LINEAR
    fvalue1: 50
    fvalue2: 8.9173689
    fvalue3: 0
    isCookedKeytime: true
  }
  keytimes {
    datatype: AE_FLOAT_VECTOR_DATA
    timeOffset: 1.1499398
    inttype: AE_INTERP_LINEAR
    fvalue1: 50
    fvalue2: 0.12231831
    fvalue3: 0
    isCookedKeytime: true
  }
  keytimes {
    datatype: AE_FLOAT_VECTOR_DATA
    timeOffset: 1.1665998
    inttype: AE_INTERP_LINEAR
    fvalue1: 50
    fvalue2: -6.8377876
    fvalue3: 0
    isCookedKeytime: true
  }
  keytimes {
    datatype: AE_FLOAT_VECTOR_DATA
    timeOffset: 1.1832597
    inttype: AE_INTERP_LINEAR
    fvalue1: 50
    fvalue2: -12.397305
    fvalue3: 0
    isCookedKeytime: true
  }
  keytimes {
    datatype: AE_FLOAT_VECTOR_DATA
    timeOffset: 1.1999197
    inttype: AE_INTERP_LINEAR
    fvalue1: 50
    fvalue2: -16.86063
    fvalue3: 0
    isCookedKeytime: true
  }
  keytimes {
    datatype: AE_FLOAT_VECTOR_DATA
    timeOffset: 1.2165797
    inttype: AE_INTERP_LINEAR
    fvalue1: 50
    fvalue2: -20.448797
    fvalue3: 0
    isCookedKeytime: true
  }
  keytimes {
    datatype: AE_FLOAT_VECTOR_DATA
    timeOffset: 1.2332397
    inttype: AE_INTERP_LINEAR
    fvalue1: 50
    fvalue2: -23.310497
    fvalue3: 0
    isCookedKeytime: true
  }
  keytimes {
    datatype: AE_FLOAT_VECTOR_DATA
    timeOffset: 1.2498996
    inttype: AE_INTERP_LINEAR
    fvalue1: 50
    fvalue2: -25.553627
    fvalue3: 0
    isCookedKeytime: true
  }
  keytimes {
    datatype: AE_FLOAT_VECTOR_DATA
    timeOffset: 1.2665596
    inttype: AE_INTERP_LINEAR
    fvalue1: 50
    fvalue2: -27.263271
    fvalue3: 0
    isCookedKeytime: true
  }
  keytimes {
    datatype: AE_FLOAT_VECTOR_DATA
    timeOffset: 1.2832196
    inttype: AE_INTERP_LINEAR
    fvalue1: 50
    fvalue2: -28.51174
    fvalue3: 0
    isCookedKeytime: true
  }
  keytimes {
    datatype: AE_FLOAT_VECTOR_DATA
    timeOffset: 1.2998796
    inttype: AE_INTERP_LINEAR
    fvalue1: 50
    fvalue2: -29.355066
    fvalue3: 0
    isCookedKeytime: true
  }
  keytimes {
    datatype: AE_FLOAT_VECTOR_DATA
    timeOffset: 1.3165395
    inttype: AE_INTERP_LINEAR
    fvalue1: 50
    fvalue2: -29.840616
    fvalue3: 0
    isCookedKeytime: true
  }
  keytimes {
    datatype: AE_FLOAT_VECTOR_DATA
    timeOffset: 1.3333334
    inttype: AE_INTERP_LINEAR
    fvalue1: 50
    fvalue2: -30
    fvalue3: 0
  }
  keytimes {
    datatype: AE_FLOAT_VECTOR_DATA
    timeOffset: 4.5666666
    inttype: AE_INTERP_LINEAR
    fvalue1: 50
    fvalue2: -30
    fvalue3: 0
  }
  keytimes {
    datatype: AE_FLOAT_VECTOR_DATA
    timeOffset: 4.5833268
    inttype: AE_INTERP_LINEAR
    fvalue1: 50
    fvalue2: -29.836336
    fvalue3: 0
    isCookedKeytime: true
  }
  keytimes {
    datatype: AE_FLOAT_VECTOR_DATA
    timeOffset: 4.599987
    inttype: AE_INTERP_LINEAR
    fvalue1: 50
    fvalue2: -29.310778
    fvalue3: 0
    isCookedKeytime: true
  }
  keytimes {
    datatype: AE_FLOAT_VECTOR_DATA
    timeOffset: 4.6166472
    inttype: AE_INTERP_LINEAR
    fvalue1: 50
    fvalue2: -28.385651
    fvalue3: 0
    isCookedKeytime: true
  }
  keytimes {
    datatype: AE_FLOAT_VECTOR_DATA
    timeOffset: 4.6333075
    inttype: AE_INTERP_LINEAR
    fvalue1: 50
    fvalue2: -27.004778
    fvalue3: 0
    isCookedKeytime: true
  }
  keytimes {
    datatype: AE_FLOAT_VECTOR_DATA
    timeOffset: 4.6499677
    inttype: AE_INTERP_LINEAR
    fvalue1: 50
    fvalue2: -25.100382
    fvalue3: 0
    isCookedKeytime: true
  }
  keytimes {
    datatype: AE_FLOAT_VECTOR_DATA
    timeOffset: 4.6666279
    inttype: AE_INTERP_LINEAR
    fvalue1: 50
    fvalue2: -22.585592
    fvalue3: 0
    isCookedKeytime: true
  }
  keytimes {
    datatype: AE_FLOAT_VECTOR_DATA
    timeOffset: 4.6832881
    inttype: AE_INTERP_LINEAR
    fvalue1: 50
    fvalue2: -19.355797
    fvalue3: 0
    isCookedKeytime: true
  }
  keytimes {
    datatype: AE_FLOAT_VECTOR_DATA
    timeOffset: 4.6999483
    inttype: AE_INTERP_LINEAR
    fvalue1: 50
    fvalue2: -15.272079
    fvalue3: 0
    isCookedKeytime: true
  }
  keytimes {
    datatype: AE_FLOAT_VECTOR_DATA
    timeOffset: 4.7166085
    inttype: AE_INTERP_LINEAR
    fvalue1: 50
    fvalue2: -10.132833
    fvalue3: 0
    isCookedKeytime: true
  }
  keytimes {
    datatype: AE_FLOAT_VECTOR_DATA
    timeOffset: 4.7332687
    inttype: AE_INTERP_LINEAR
    fvalue1: 50
    fvalue2: -3.6431148
    fvalue3: 0
    isCookedKeytime: true
  }
  keytimes {
    datatype: AE_FLOAT_VECTOR_DATA
    timeOffset: 4.749929
    inttype: AE_INTERP_LINEAR
    fvalue1: 50
    fvalue2: 4.6015382
    fvalue3: 0
    isCookedKeytime: true
  }
  keytimes {
    datatype: AE_FLOAT_VECTOR_DATA
    timeOffset: 4.7665892
    inttype: AE_INTERP_LINEAR
    fvalue1: 50
    fvalue2: 15.2779
    fvalue3: 0
    isCookedKeytime: true
  }
  keytimes {
    datatype: AE_FLOAT_VECTOR_DATA
    timeOffset: 4.7832494
    inttype: AE_INTERP_LINEAR
    fvalue1: 50
    fvalue2: 29.588923
    fvalue3: 0
    isCookedKeytime: true
  }
  keytimes {
    datatype: AE_FLOAT_VECTOR_DATA
    timeOffset: 4.7999096
    inttype: AE_INTERP_LINEAR
    fvalue1: 50
    fvalue2: 49.807362
    fvalue3: 0
    isCookedKeytime: true
  }
  keytimes {
    datatype: AE_FLOAT_VECTOR_DATA
    timeOffset: 4.81657
    inttype: AE_INTERP_LINEAR
    fvalue1: 50
    fvalue2: 79.943329
    fvalue3: 0
    isCookedKeytime: true
  }
  keytimes {
    datatype: AE_FLOAT_VECTOR_DATA
    timeOffset: 4.83323
    inttype: AE_INTERP_LINEAR
    fvalue1: 50
    fvalue2: 115.04647
    fvalue3: 0
    isCookedKeytime: true
  }
  keytimes {
    datatype: AE_FLOAT_VECTOR_DATA
    timeOffset: 4.84989
    inttype: AE_INTERP_LINEAR
    fvalue1: 50
    fvalue2: 134.55058
    fvalue3: 0
    isCookedKeytime: true
  }
  keytimes {
    datatype: AE_FLOAT_VECTOR_DATA
    timeOffset: 4.8665504
    inttype: AE_INTERP_LINEAR
    fvalue1: 50
    fvalue2: 142.10028
    fvalue3: 0
    isCookedKeytime: true
  }
  keytimes {
    datatype: AE_FLOAT_VECTOR_DATA
    timeOffset: 4.8833332
    inttype: AE_INTERP_LINEAR
    fvalue1: 50
    fvalue2: 144
    fvalue3: 0
  }
  trackName: "Position"
}
tracks {
  binding: OPACITY
  targetid: 192
  targetname: "Loader"
  keytimes {
    datatype: AE_FLOAT_DATA
    timeOffset: 0
    inttype: AE_INTERP_LINEAR
    fvalue1: 0
  }
  keytimes {
    datatype: AE_FLOAT_DATA
    timeOffset: 1
    inttype: AE_INTERP_LINEAR
    fvalue1: 0
  }
  keytimes {
    datatype: AE_FLOAT_DATA
    timeOffset: 1.01666
    inttype: AE_INTERP_LINEAR
    fvalue1: 0.0089863427
    isCookedKeytime: true
  }
  keytimes {
    datatype: AE_FLOAT_DATA
    timeOffset: 1.03332
    inttype: AE_INTERP_LINEAR
    fvalue1: 0.045391418
    isCookedKeytime: true
  }
  keytimes {
    datatype: AE_FLOAT_DATA
    timeOffset: 1.0499799
    inttype: AE_INTERP_LINEAR
    fvalue1: 0.13753118
    isCookedKeytime: true
  }
  keytimes {
    datatype: AE_FLOAT_DATA
    timeOffset: 1.0832999
    inttype: AE_INTERP_LINEAR
    fvalue1: 0.4985323
    isCookedKeytime: true
  }
  keytimes {
    datatype: AE_FLOAT_DATA
    timeOffset: 1.0999599
    inttype: AE_INTERP_LINEAR
    fvalue1: 0.6231119
    isCookedKeytime: true
  }
  keytimes {
    datatype: AE_FLOAT_DATA
    timeOffset: 1.1166198
    inttype: AE_INTERP_LINEAR
    fvalue1: 0.7109437
    isCookedKeytime: true
  }
  keytimes {
    datatype: AE_FLOAT_DATA
    timeOffset: 1.1332798
    inttype: AE_INTERP_LINEAR
    fvalue1: 0.77637434
    isCookedKeytime: true
  }
  keytimes {
    datatype: AE_FLOAT_DATA
    timeOffset: 1.1499398
    inttype: AE_INTERP_LINEAR
    fvalue1: 0.82693934
    isCookedKeytime: true
  }
  keytimes {
    datatype: AE_FLOAT_DATA
    timeOffset: 1.1665998
    inttype: AE_INTERP_LINEAR
    fvalue1: 0.86689305
    isCookedKeytime: true
  }
  keytimes {
    datatype: AE_FLOAT_DATA
    timeOffset: 1.1832597
    inttype: AE_INTERP_LINEAR
    fvalue1: 0.89885259
    isCookedKeytime: true
  }
  keytimes {
    datatype: AE_FLOAT_DATA
    timeOffset: 1.1999197
    inttype: AE_INTERP_LINEAR
    fvalue1: 0.92454231
    isCookedKeytime: true
  }
  keytimes {
    datatype: AE_FLOAT_DATA
    timeOffset: 1.2165797
    inttype: AE_INTERP_LINEAR
    fvalue1: 0.94516128
    isCookedKeytime: true
  }
  keytimes {
    datatype: AE_FLOAT_DATA
    timeOffset: 1.2332397
    inttype: AE_INTERP_LINEAR
    fvalue1: 0.96157908
    isCookedKeytime: true
  }
  keytimes {
    datatype: AE_FLOAT_DATA
    timeOffset: 1.2498996
    inttype: AE_INTERP_LINEAR
    fvalue1: 0.97444814
    isCookedKeytime: true
  }
  keytimes {
    datatype: AE_FLOAT_DATA
    timeOffset: 1.2665596
    inttype: AE_INTERP_LINEAR
    fvalue1: 0.98427171
    isCookedKeytime: true
  }
  keytimes {
    datatype: AE_FLOAT_DATA
    timeOffset: 1.2832196
    inttype: AE_INTERP_LINEAR
    fvalue1: 0.99144685
    isCookedKeytime: true
  }
  keytimes {
    datatype: AE_FLOAT_DATA
    timeOffset: 1.2998796
    inttype: AE_INTERP_LINEAR
    fvalue1: 0.99629295
    isCookedKeytime: true
  }
  keytimes {
    datatype: AE_FLOAT_DATA
    timeOffset: 1.3165395
    inttype: AE_INTERP_LINEAR
    fvalue1: 0.9990713
    isCookedKeytime: true
  }
  keytimes {
    datatype: AE_FLOAT_DATA
    timeOffset: 1.3333334
    inttype: AE_INTERP_LINEAR
    fvalue1: 1
  }
  keytimes {
    datatype: AE_FLOAT_DATA
    timeOffset: 4.5666666
    inttype: AE_INTERP_LINEAR
    fvalue1: 1
  }
  keytimes {
    datatype: AE_FLOAT_DATA
    timeOffset: 4.5833268
    inttype: AE_INTERP_LINEAR
    fvalue1: 0.99905235
    isCookedKeytime: true
  }
  keytimes {
    datatype: AE_FLOAT_DATA
    timeOffset: 4.599987
    inttype: AE_INTERP_LINEAR
    fvalue1: 0.99608916
    isCookedKeytime: true
  }
  keytimes {
    datatype: AE_FLOAT_DATA
    timeOffset: 4.6166472
    inttype: AE_INTERP_LINEAR
    fvalue1: 0.99090707
    isCookedKeytime: true
  }
  keytimes {
    datatype: AE_FLOAT_DATA
    timeOffset: 4.6333075
    inttype: AE_INTERP_LINEAR
    fvalue1: 0.983266
    isCookedKeytime: true
  }
  keytimes {
    datatype: AE_FLOAT_DATA
    timeOffset: 4.6499677
    inttype: AE_INTERP_LINEAR
    fvalue1: 0.97287965
    isCookedKeytime: true
  }
  keytimes {
    datatype: AE_FLOAT_DATA
    timeOffset: 4.6666279
    inttype: AE_INTERP_LINEAR
    fvalue1: 0.95940149
    isCookedKeytime: true
  }
  keytimes {
    datatype: AE_FLOAT_DATA
    timeOffset: 4.6832881
    inttype: AE_INTERP_LINEAR
    fvalue1: 0.9424063
    isCookedKeytime: true
  }
  keytimes {
    datatype: AE_FLOAT_DATA
    timeOffset: 4.6999483
    inttype: AE_INTERP_LINEAR
    fvalue1: 0.92136216
    isCookedKeytime: true
  }
  keytimes {
    datatype: AE_FLOAT_DATA
    timeOffset: 4.7166085
    inttype: AE_INTERP_LINEAR
    fvalue1: 0.89559007
    isCookedKeytime: true
  }
  keytimes {
    datatype: AE_FLOAT_DATA
    timeOffset: 4.7332687
    inttype: AE_INTERP_LINEAR
    fvalue1: 0.86420053
    isCookedKeytime: true
  }
  keytimes {
    datatype: AE_FLOAT_DATA
    timeOffset: 4.749929
    inttype: AE_INTERP_LINEAR
    fvalue1: 0.82599187
    isCookedKeytime: true
  }
  keytimes {
    datatype: AE_FLOAT_DATA
    timeOffset: 4.7665892
    inttype: AE_INTERP_LINEAR
    fvalue1: 0.77927613
    isCookedKeytime: true
  }
  keytimes {
    datatype: AE_FLOAT_DATA
    timeOffset: 4.7832494
    inttype: AE_INTERP_LINEAR
    fvalue1: 0.72156274
    isCookedKeytime: true
  }
  keytimes {
    datatype: AE_FLOAT_DATA
    timeOffset: 4.7999096
    inttype: AE_INTERP_LINEAR
    fvalue1: 0.64893311
    isCookedKeytime: true
  }
  keytimes {
    datatype: AE_FLOAT_DATA
    timeOffset: 4.81657
    inttype: AE_INTERP_LINEAR
    fvalue1: 0.55468893
    isCookedKeytime: true
  }
  keytimes {
    datatype: AE_FLOAT_DATA
    timeOffset: 4.83323
    inttype: AE_INTERP_LINEAR
    fvalue1: 0.42627108
    isCookedKeytime: true
  }
  keytimes {
    datatype: AE_FLOAT_DATA
    timeOffset: 4.8665504
    inttype: AE_INTERP_LINEAR
    fvalue1: 0.053232126
    isCookedKeytime: true
  }
  keytimes {
    datatype: AE_FLOAT_DATA
    timeOffset: 4.8833332
    inttype: AE_INTERP_LINEAR
    fvalue1: 0
  }
  trackName: "Opacity"
}
tracks {
  binding: IS_VISIBLE
  targetid: 193
  targetname: "ScalePropBottomAnchor"
  keytimes {
    datatype: AE_INT_DATA
    timeOffset: 0
    inttype: AE_INTERP_HOLD
    ivalue1: 1
  }
}
tracks {
  binding: IS_VISIBLE
  targetid: 194
  targetname: "ScalePropCenterAnchor"
  keytimes {
    datatype: AE_INT_DATA
    timeOffset: 0
    inttype: AE_INTERP_HOLD
    ivalue1: 1
  }
}
markers {
  starttime: 1
  duration: 0.33333334
  name: "SplashIn"
  tracksSelection {
    targetid: 187
    binding: OPACITY
  }
  tracksSelection {
    targetid: 188
    binding: SCALE
  }
  tracksSelection {
    targetid: 192
    binding: POSITION
  }
  tracksSelection {
    targetid: 192
    binding: OPACITY
  }
  alltracks: false
  looping: false
}
markers {
  starttime: 4
  duration: 1.5
  name: "SplashOut"
  tracksSelection {
    targetid: 187
    binding: OPACITY
  }
  tracksSelection {
    targetid: 188
    binding: OPACITY
  }
  tracksSelection {
    targetid: 188
    binding: SCALE
  }
  tracksSelection {
    targetid: 189
    binding: OPACITY
  }
  tracksSelection {
    targetid: 190
    binding: OPACITY
  }
  tracksSelection {
    targetid: 191
    binding: SCALE
  }
  tracksSelection {
    targetid: 192
    binding: POSITION
  }
  tracksSelection {
    targetid: 192
    binding: OPACITY
  }
  alltracks: false
  looping: false
}
