activecomp {
  name: "Auryn_Btn-Profile1"
  width: 250
  height: 400
  defaultcameradistance: 347.22223
  layer {
    name: "White Solid 14"
    id: 259618
    sourceid: 259638
    transform {
      anchorPoint {
        x: 125
        y: 125
        z: 0
      }
      scale {
        x: 1
        y: 1
        z: 1
      }
      position {
        x: 125
        y: 125
        z: 0
      }
      orientation {
        x: 0
        y: 0
        z: 0
      }
      rotationX: 0
      rotationY: 0
      rotationZ: 0
      opacity: 0
    }
    acceptsshadows: true
    acceptslights: true
    castsshadows: false
  }
  layer {
    name: "Profile-Buster.png"
    id: 259619
    sourceid: 259949
    transform {
      anchorPoint {
        x: 121
        y: 121
        z: 0
      }
      scale {
        x: 1
        y: 1
        z: 1
      }
      position {
        x: 125
        y: 125
        z: 0
      }
      orientation {
        x: 0
        y: 0
        z: 0
      }
      rotationX: 0
      rotationY: 0
      rotationZ: 0
      opacity: 1
    }
    acceptsshadows: true
    acceptslights: true
    castsshadows: false
  }
  layer {
    name: "Name"
    id: 259620
    sourceid: -1
    transform {
      anchorPoint {
        x: 123
        y: 21
        z: 0
      }
      scale {
        x: 1
        y: 1
        z: 1
      }
      position {
        x: 123
        y: 285
        z: 0
      }
      orientation {
        x: 0
        y: 0
        z: 0
      }
      rotationX: 0
      rotationY: 0
      rotationZ: 0
      opacity: 1
    }
    acceptsshadows: true
    acceptslights: true
    castsshadows: false
    textinfo {
      justification: AE_TEXT_CENTER
      fontSize: 32
      fontColor {
        alpha: 1
        red: 1
        green: 1
        blue: 1
      }
      fontName: "Raleway-Bold"
      isPointText: false
      boundsWidth: 249
      boundsHeight: 42
      isLabel: true
      text: "Buster"
      multiline: true
      ellipsis: true
      isAllCaps: false
    }
    properties {
      key: "text-overflow"
      value: "ellipsis"
    }
  }
  layer {
    name: "Active User"
    id: 259621
    sourceid: -1
    transform {
      anchorPoint {
        x: 123
        y: 21
        z: 0
      }
      scale {
        x: 1
        y: 1
        z: 1
      }
      position {
        x: 123
        y: 328
        z: 0
      }
      orientation {
        x: 0
        y: 0
        z: 0
      }
      rotationX: 0
      rotationY: 0
      rotationZ: 0
      opacity: 1
    }
    acceptsshadows: true
    acceptslights: true
    castsshadows: false
    textinfo {
      justification: AE_TEXT_CENTER
      fontSize: 24
      fontColor {
        alpha: 1
        red: 1
        green: 1
        blue: 1
      }
      fontName: "Raleway-Medium"
      isPointText: false
      boundsWidth: 249
      boundsHeight: 25
      isLabel: true
      text: ""
      multiline: true
      isAllCaps: false
    }
    properties {
      key: "text-placeholder"
      value: "true"
    }
  }
  classname: "CYIPushButtonView"
  bgcolor {
    alpha: 1
    red: 0.086274509803921567
    green: 0.11372549019607843
    blue: 0.14509803921568629
  }
  properties {
    key: "componentSubtype"
    value: "push"
  }
  properties {
    key: "componentType"
    value: "button"
  }
}
sources {
  uid: 259638
  srctype: AE_SOLID_SRC
  color {
    alpha: 1
    red: 1
    green: 1
    blue: 1
  }
  width: 250
  height: 250
  copy_source: false
}
sources {
  uid: 259949
  srctype: AE_IMAGE_SRC
  name: "Profile-Buster.png"
  width: 242
  height: 242
  numberOfFrames: 1
  fps: 0
  loops: 1
  copy_source: true
}
sources {
  uid: 3
  srctype: AE_FONT_SRC
  name: "Raleway-Bold"
  copy_source: true
  file_name: "yi_Raleway-Bold.otf"
  style_name: "Bold"
}
sources {
  uid: 4
  srctype: AE_FONT_SRC
  name: "Raleway-Medium"
  copy_source: true
  file_name: "yi_Raleway-Medium.otf"
  style_name: "Medium"
}
