activecomp {
  name: "Auryn_Discover"
  width: 1740
  height: 839
  defaultcameradistance: 2416.6667
  classname: "CYIListView"
  bgcolor {
    alpha: 1
    red: 0.086274509803921567
    green: 0.11372549019607843
    blue: 0.14509803921568629
  }
  properties {
    key: "componentSubtype"
    value: "streaming"
  }
  properties {
    key: "componentType"
    value: "list"
  }
  properties {
    key: "useComponentScrollingView"
    value: "true"
  }
  properties {
    key: "clip"
    value: "false"
  }
}
