tracks {
  binding: IS_VISIBLE
  targetid: 520033
  targetname: "Loader"
  keytimes {
    datatype: AE_INT_DATA
    timeOffset: 0
    inttype: AE_INTERP_HOLD
    ivalue1: 1
  }
}
tracks {
  binding: POSITION
  targetid: 520033
  targetname: "Loader"
  keytimes {
    datatype: AE_FLOAT_VECTOR_DATA
    timeOffset: 0
    inttype: AE_INTERP_LINEAR
    fvalue1: 960
    fvalue2: 560
    fvalue3: 0
  }
  keytimes {
    datatype: AE_FLOAT_VECTOR_DATA
    timeOffset: 1
    inttype: AE_INTERP_LINEAR
    fvalue1: 960
    fvalue2: 560
    fvalue3: 0
  }
  keytimes {
    datatype: AE_FLOAT_VECTOR_DATA
    timeOffset: 1.01666
    inttype: AE_INTERP_LINEAR
    fvalue1: 960
    fvalue2: 559.91931
    fvalue3: 0
    isCookedKeytime: true
  }
  keytimes {
    datatype: AE_FLOAT_VECTOR_DATA
    timeOffset: 1.03332
    inttype: AE_INTERP_LINEAR
    fvalue1: 960
    fvalue2: 559.61676
    fvalue3: 0
    isCookedKeytime: true
  }
  keytimes {
    datatype: AE_FLOAT_VECTOR_DATA
    timeOffset: 1.0499799
    inttype: AE_INTERP_LINEAR
    fvalue1: 960
    fvalue2: 559.041
    fvalue3: 0
    isCookedKeytime: true
  }
  keytimes {
    datatype: AE_FLOAT_VECTOR_DATA
    timeOffset: 1.0666399
    inttype: AE_INTERP_LINEAR
    fvalue1: 960
    fvalue2: 558.1109
    fvalue3: 0
    isCookedKeytime: true
  }
  keytimes {
    datatype: AE_FLOAT_VECTOR_DATA
    timeOffset: 1.0832999
    inttype: AE_INTERP_LINEAR
    fvalue1: 960
    fvalue2: 556.67847
    fvalue3: 0
    isCookedKeytime: true
  }
  keytimes {
    datatype: AE_FLOAT_VECTOR_DATA
    timeOffset: 1.0999599
    inttype: AE_INTERP_LINEAR
    fvalue1: 960
    fvalue2: 554.56769
    fvalue3: 0
    isCookedKeytime: true
  }
  keytimes {
    datatype: AE_FLOAT_VECTOR_DATA
    timeOffset: 1.1166198
    inttype: AE_INTERP_LINEAR
    fvalue1: 960
    fvalue2: 551.69025
    fvalue3: 0
    isCookedKeytime: true
  }
  keytimes {
    datatype: AE_FLOAT_VECTOR_DATA
    timeOffset: 1.1332798
    inttype: AE_INTERP_LINEAR
    fvalue1: 960
    fvalue2: 548.40375
    fvalue3: 0
    isCookedKeytime: true
  }
  keytimes {
    datatype: AE_FLOAT_VECTOR_DATA
    timeOffset: 1.1499398
    inttype: AE_INTERP_LINEAR
    fvalue1: 960
    fvalue2: 545.50568
    fvalue3: 0
    isCookedKeytime: true
  }
  keytimes {
    datatype: AE_FLOAT_VECTOR_DATA
    timeOffset: 1.1665998
    inttype: AE_INTERP_LINEAR
    fvalue1: 960
    fvalue2: 543.37286
    fvalue3: 0
    isCookedKeytime: true
  }
  keytimes {
    datatype: AE_FLOAT_VECTOR_DATA
    timeOffset: 1.1832597
    inttype: AE_INTERP_LINEAR
    fvalue1: 960
    fvalue2: 541.92584
    fvalue3: 0
    isCookedKeytime: true
  }
  keytimes {
    datatype: AE_FLOAT_VECTOR_DATA
    timeOffset: 1.1999197
    inttype: AE_INTERP_LINEAR
    fvalue1: 960
    fvalue2: 540.98468
    fvalue3: 0
    isCookedKeytime: true
  }
  keytimes {
    datatype: AE_FLOAT_VECTOR_DATA
    timeOffset: 1.2165797
    inttype: AE_INTERP_LINEAR
    fvalue1: 960
    fvalue2: 540.39819
    fvalue3: 0
    isCookedKeytime: true
  }
  keytimes {
    datatype: AE_FLOAT_VECTOR_DATA
    timeOffset: 1.2332397
    inttype: AE_INTERP_LINEAR
    fvalue1: 960
    fvalue2: 540.08673
    fvalue3: 0
    isCookedKeytime: true
  }
  keytimes {
    datatype: AE_FLOAT_VECTOR_DATA
    timeOffset: 1.25
    inttype: AE_INTERP_LINEAR
    fvalue1: 960
    fvalue2: 540
    fvalue3: 0
  }
  keytimes {
    datatype: AE_FLOAT_VECTOR_DATA
    timeOffset: 6
    inttype: AE_INTERP_LINEAR
    fvalue1: 960
    fvalue2: 540
    fvalue3: 0
  }
  keytimes {
    datatype: AE_FLOAT_VECTOR_DATA
    timeOffset: 6.01666
    inttype: AE_INTERP_LINEAR
    fvalue1: 960
    fvalue2: 540.08069
    fvalue3: 0
    isCookedKeytime: true
  }
  keytimes {
    datatype: AE_FLOAT_VECTOR_DATA
    timeOffset: 6.0333204
    inttype: AE_INTERP_LINEAR
    fvalue1: 960
    fvalue2: 540.38324
    fvalue3: 0
    isCookedKeytime: true
  }
  keytimes {
    datatype: AE_FLOAT_VECTOR_DATA
    timeOffset: 6.0499806
    inttype: AE_INTERP_LINEAR
    fvalue1: 960
    fvalue2: 540.959
    fvalue3: 0
    isCookedKeytime: true
  }
  keytimes {
    datatype: AE_FLOAT_VECTOR_DATA
    timeOffset: 6.0666409
    inttype: AE_INTERP_LINEAR
    fvalue1: 960
    fvalue2: 541.8891
    fvalue3: 0
    isCookedKeytime: true
  }
  keytimes {
    datatype: AE_FLOAT_VECTOR_DATA
    timeOffset: 6.0833011
    inttype: AE_INTERP_LINEAR
    fvalue1: 960
    fvalue2: 543.32153
    fvalue3: 0
    isCookedKeytime: true
  }
  keytimes {
    datatype: AE_FLOAT_VECTOR_DATA
    timeOffset: 6.0999613
    inttype: AE_INTERP_LINEAR
    fvalue1: 960
    fvalue2: 545.43231
    fvalue3: 0
    isCookedKeytime: true
  }
  keytimes {
    datatype: AE_FLOAT_VECTOR_DATA
    timeOffset: 6.1166215
    inttype: AE_INTERP_LINEAR
    fvalue1: 960
    fvalue2: 548.30975
    fvalue3: 0
    isCookedKeytime: true
  }
  keytimes {
    datatype: AE_FLOAT_VECTOR_DATA
    timeOffset: 6.1332817
    inttype: AE_INTERP_LINEAR
    fvalue1: 960
    fvalue2: 551.59625
    fvalue3: 0
    isCookedKeytime: true
  }
  keytimes {
    datatype: AE_FLOAT_VECTOR_DATA
    timeOffset: 6.1499419
    inttype: AE_INTERP_LINEAR
    fvalue1: 960
    fvalue2: 554.49432
    fvalue3: 0
    isCookedKeytime: true
  }
  keytimes {
    datatype: AE_FLOAT_VECTOR_DATA
    timeOffset: 6.1666021
    inttype: AE_INTERP_LINEAR
    fvalue1: 960
    fvalue2: 556.62714
    fvalue3: 0
    isCookedKeytime: true
  }
  keytimes {
    datatype: AE_FLOAT_VECTOR_DATA
    timeOffset: 6.1832623
    inttype: AE_INTERP_LINEAR
    fvalue1: 960
    fvalue2: 558.07416
    fvalue3: 0
    isCookedKeytime: true
  }
  keytimes {
    datatype: AE_FLOAT_VECTOR_DATA
    timeOffset: 6.1999226
    inttype: AE_INTERP_LINEAR
    fvalue1: 960
    fvalue2: 559.01532
    fvalue3: 0
    isCookedKeytime: true
  }
  keytimes {
    datatype: AE_FLOAT_VECTOR_DATA
    timeOffset: 6.2165828
    inttype: AE_INTERP_LINEAR
    fvalue1: 960
    fvalue2: 559.60181
    fvalue3: 0
    isCookedKeytime: true
  }
  keytimes {
    datatype: AE_FLOAT_VECTOR_DATA
    timeOffset: 6.233243
    inttype: AE_INTERP_LINEAR
    fvalue1: 960
    fvalue2: 559.91327
    fvalue3: 0
    isCookedKeytime: true
  }
  keytimes {
    datatype: AE_FLOAT_VECTOR_DATA
    timeOffset: 6.25
    inttype: AE_INTERP_LINEAR
    fvalue1: 960
    fvalue2: 560
    fvalue3: 0
  }
  trackName: "Position"
}
tracks {
  binding: OPACITY
  targetid: 520033
  targetname: "Loader"
  keytimes {
    datatype: AE_FLOAT_DATA
    timeOffset: 0
    inttype: AE_INTERP_LINEAR
    fvalue1: 0
  }
  keytimes {
    datatype: AE_FLOAT_DATA
    timeOffset: 1
    inttype: AE_INTERP_LINEAR
    fvalue1: 0
  }
  keytimes {
    datatype: AE_FLOAT_DATA
    timeOffset: 1.01666
    inttype: AE_INTERP_LINEAR
    fvalue1: 0.0044293781
    isCookedKeytime: true
  }
  keytimes {
    datatype: AE_FLOAT_DATA
    timeOffset: 1.03332
    inttype: AE_INTERP_LINEAR
    fvalue1: 0.019298719
    isCookedKeytime: true
  }
  keytimes {
    datatype: AE_FLOAT_DATA
    timeOffset: 1.0499799
    inttype: AE_INTERP_LINEAR
    fvalue1: 0.047752965
    isCookedKeytime: true
  }
  keytimes {
    datatype: AE_FLOAT_DATA
    timeOffset: 1.0666399
    inttype: AE_INTERP_LINEAR
    fvalue1: 0.094418027
    isCookedKeytime: true
  }
  keytimes {
    datatype: AE_FLOAT_DATA
    timeOffset: 1.0832999
    inttype: AE_INTERP_LINEAR
    fvalue1: 0.16607393
    isCookedKeytime: true
  }
  keytimes {
    datatype: AE_FLOAT_DATA
    timeOffset: 1.0999599
    inttype: AE_INTERP_LINEAR
    fvalue1: 0.27150744
    isCookedKeytime: true
  }
  keytimes {
    datatype: AE_FLOAT_DATA
    timeOffset: 1.1166198
    inttype: AE_INTERP_LINEAR
    fvalue1: 0.41547546
    isCookedKeytime: true
  }
  keytimes {
    datatype: AE_FLOAT_DATA
    timeOffset: 1.1332798
    inttype: AE_INTERP_LINEAR
    fvalue1: 0.57981485
    isCookedKeytime: true
  }
  keytimes {
    datatype: AE_FLOAT_DATA
    timeOffset: 1.1499398
    inttype: AE_INTERP_LINEAR
    fvalue1: 0.72480559
    isCookedKeytime: true
  }
  keytimes {
    datatype: AE_FLOAT_DATA
    timeOffset: 1.1665998
    inttype: AE_INTERP_LINEAR
    fvalue1: 0.83135694
    isCookedKeytime: true
  }
  keytimes {
    datatype: AE_FLOAT_DATA
    timeOffset: 1.1832597
    inttype: AE_INTERP_LINEAR
    fvalue1: 0.903874
    isCookedKeytime: true
  }
  keytimes {
    datatype: AE_FLOAT_DATA
    timeOffset: 1.1999197
    inttype: AE_INTERP_LINEAR
    fvalue1: 0.95116395
    isCookedKeytime: true
  }
  keytimes {
    datatype: AE_FLOAT_DATA
    timeOffset: 1.2165797
    inttype: AE_INTERP_LINEAR
    fvalue1: 0.980078
    isCookedKeytime: true
  }
  keytimes {
    datatype: AE_FLOAT_DATA
    timeOffset: 1.2332397
    inttype: AE_INTERP_LINEAR
    fvalue1: 0.99529558
    isCookedKeytime: true
  }
  keytimes {
    datatype: AE_FLOAT_DATA
    timeOffset: 1.25
    inttype: AE_INTERP_LINEAR
    fvalue1: 1
  }
  keytimes {
    datatype: AE_FLOAT_DATA
    timeOffset: 6
    inttype: AE_INTERP_LINEAR
    fvalue1: 1
  }
  keytimes {
    datatype: AE_FLOAT_DATA
    timeOffset: 6.25
    inttype: AE_INTERP_LINEAR
    fvalue1: 0
  }
  trackName: "Opacity"
}
tracks {
  binding: IS_VISIBLE
  targetid: 520034
  targetname: "ScalePropTopLeftAnchor"
  keytimes {
    datatype: AE_INT_DATA
    timeOffset: 0
    inttype: AE_INTERP_HOLD
    ivalue1: 1
  }
}
markers {
  starttime: 1
  duration: 0.25
  name: "Show"
  tracksSelection {
    targetid: 520033
    binding: POSITION
  }
  tracksSelection {
    targetid: 520033
    binding: OPACITY
  }
  alltracks: false
  looping: false
}
markers {
  starttime: 6
  duration: 0.25
  name: "Hide"
  tracksSelection {
    targetid: 520033
    binding: POSITION
  }
  tracksSelection {
    targetid: 520033
    binding: OPACITY
  }
  alltracks: false
  looping: false
}
