activecomp {
  name: "Auryn_Container-Lander-List"
  width: 1920
  height: 900
  defaultcameradistance: 2666.6667
  layer {
    name: "Lander-List"
    id: 690014450
    sourceid: 690014533
    transform {
      anchorPoint {
        x: 960
        y: 450
        z: 0
      }
      scale {
        x: 1
        y: 1
        z: 1
      }
      position {
        x: 960
        y: 450
        z: 0
      }
      orientation {
        x: 0
        y: 0
        z: 0
      }
      rotationX: 0
      rotationY: 0
      rotationZ: 0
      opacity: 1
    }
    acceptsshadows: true
    acceptslights: true
    castsshadows: false
  }
  bgcolor {
    alpha: 1
    red: 0.086274509803921567
    green: 0.11372549019607843
    blue: 0.14509803921568629
  }
  childtemplates: "Auryn_Lander-List"
}
sources {
  uid: 690014533
  srctype: AE_COMP_SRC
  name: "Auryn_Lander-List.layout"
  width: 1920
  height: 900
  copy_source: true
}
