tracks {
  binding: IS_VISIBLE
  targetid: 690014922
  targetname: "Duration"
  keytimes {
    datatype: AE_INT_DATA
    timeOffset: 0
    inttype: AE_INTERP_HOLD
    ivalue1: 1
  }
}
tracks {
  binding: POSITION
  targetid: 690014922
  targetname: "Duration"
  keytimes {
    datatype: AE_FLOAT_VECTOR_DATA
    timeOffset: 0
    inttype: AE_INTERP_LINEAR
    fvalue1: 1726
    fvalue2: 323.36017
    fvalue3: 0
  }
  keytimes {
    datatype: AE_FLOAT_VECTOR_DATA
    timeOffset: 1.1
    inttype: AE_INTERP_LINEAR
    fvalue1: 1726
    fvalue2: 323.36017
    fvalue3: 0
  }
  keytimes {
    datatype: AE_FLOAT_VECTOR_DATA
    timeOffset: 1.11666
    inttype: AE_INTERP_LINEAR
    fvalue1: 1726
    fvalue2: 321.53024
    fvalue3: 0
    isCookedKeytime: true
  }
  keytimes {
    datatype: AE_FLOAT_VECTOR_DATA
    timeOffset: 1.13332
    inttype: AE_INTERP_LINEAR
    fvalue1: 1726
    fvalue2: 314.37228
    fvalue3: 0
    isCookedKeytime: true
  }
  keytimes {
    datatype: AE_FLOAT_VECTOR_DATA
    timeOffset: 1.14998
    inttype: AE_INTERP_LINEAR
    fvalue1: 1726
    fvalue2: 297.20209
    fvalue3: 0
    isCookedKeytime: true
  }
  keytimes {
    datatype: AE_FLOAT_VECTOR_DATA
    timeOffset: 1.1666399
    inttype: AE_INTERP_LINEAR
    fvalue1: 1726
    fvalue2: 261.98825
    fvalue3: 0
    isCookedKeytime: true
  }
  keytimes {
    datatype: AE_FLOAT_VECTOR_DATA
    timeOffset: 1.1832999
    inttype: AE_INTERP_LINEAR
    fvalue1: 1726
    fvalue2: 217.00072
    fvalue3: 0
    isCookedKeytime: true
  }
  keytimes {
    datatype: AE_FLOAT_VECTOR_DATA
    timeOffset: 1.1999599
    inttype: AE_INTERP_LINEAR
    fvalue1: 1726
    fvalue2: 182.53705
    fvalue3: 0
    isCookedKeytime: true
  }
  keytimes {
    datatype: AE_FLOAT_VECTOR_DATA
    timeOffset: 1.2166198
    inttype: AE_INTERP_LINEAR
    fvalue1: 1726
    fvalue2: 158.11864
    fvalue3: 0
    isCookedKeytime: true
  }
  keytimes {
    datatype: AE_FLOAT_VECTOR_DATA
    timeOffset: 1.2332798
    inttype: AE_INTERP_LINEAR
    fvalue1: 1726
    fvalue2: 139.97765
    fvalue3: 0
    isCookedKeytime: true
  }
  keytimes {
    datatype: AE_FLOAT_VECTOR_DATA
    timeOffset: 1.2499398
    inttype: AE_INTERP_LINEAR
    fvalue1: 1726
    fvalue2: 125.94463
    fvalue3: 0
    isCookedKeytime: true
  }
  keytimes {
    datatype: AE_FLOAT_VECTOR_DATA
    timeOffset: 1.2665998
    inttype: AE_INTERP_LINEAR
    fvalue1: 1726
    fvalue2: 114.78941
    fvalue3: 0
    isCookedKeytime: true
  }
  keytimes {
    datatype: AE_FLOAT_VECTOR_DATA
    timeOffset: 1.2832597
    inttype: AE_INTERP_LINEAR
    fvalue1: 1726
    fvalue2: 105.77048
    fvalue3: 0
    isCookedKeytime: true
  }
  keytimes {
    datatype: AE_FLOAT_VECTOR_DATA
    timeOffset: 1.2999197
    inttype: AE_INTERP_LINEAR
    fvalue1: 1726
    fvalue2: 98.407593
    fvalue3: 0
    isCookedKeytime: true
  }
  keytimes {
    datatype: AE_FLOAT_VECTOR_DATA
    timeOffset: 1.3165797
    inttype: AE_INTERP_LINEAR
    fvalue1: 1726
    fvalue2: 92.370811
    fvalue3: 0
    isCookedKeytime: true
  }
  keytimes {
    datatype: AE_FLOAT_VECTOR_DATA
    timeOffset: 1.3332397
    inttype: AE_INTERP_LINEAR
    fvalue1: 1726
    fvalue2: 87.423721
    fvalue3: 0
    isCookedKeytime: true
  }
  keytimes {
    datatype: AE_FLOAT_VECTOR_DATA
    timeOffset: 1.3498996
    inttype: AE_INTERP_LINEAR
    fvalue1: 1726
    fvalue2: 83.392555
    fvalue3: 0
    isCookedKeytime: true
  }
  keytimes {
    datatype: AE_FLOAT_VECTOR_DATA
    timeOffset: 1.3665596
    inttype: AE_INTERP_LINEAR
    fvalue1: 1726
    fvalue2: 80.140778
    fvalue3: 0
    isCookedKeytime: true
  }
  keytimes {
    datatype: AE_FLOAT_VECTOR_DATA
    timeOffset: 1.3832196
    inttype: AE_INTERP_LINEAR
    fvalue1: 1726
    fvalue2: 77.564613
    fvalue3: 0
    isCookedKeytime: true
  }
  keytimes {
    datatype: AE_FLOAT_VECTOR_DATA
    timeOffset: 1.3998796
    inttype: AE_INTERP_LINEAR
    fvalue1: 1726
    fvalue2: 75.580772
    fvalue3: 0
    isCookedKeytime: true
  }
  keytimes {
    datatype: AE_FLOAT_VECTOR_DATA
    timeOffset: 1.4165395
    inttype: AE_INTERP_LINEAR
    fvalue1: 1726
    fvalue2: 74.120277
    fvalue3: 0
    isCookedKeytime: true
  }
  keytimes {
    datatype: AE_FLOAT_VECTOR_DATA
    timeOffset: 1.4331995
    inttype: AE_INTERP_LINEAR
    fvalue1: 1726
    fvalue2: 73.125763
    fvalue3: 0
    isCookedKeytime: true
  }
  keytimes {
    datatype: AE_FLOAT_VECTOR_DATA
    timeOffset: 1.4498595
    inttype: AE_INTERP_LINEAR
    fvalue1: 1726
    fvalue2: 72.550842
    fvalue3: 0
    isCookedKeytime: true
  }
  keytimes {
    datatype: AE_FLOAT_VECTOR_DATA
    timeOffset: 1.4666667
    inttype: AE_INTERP_LINEAR
    fvalue1: 1726
    fvalue2: 72.360153
    fvalue3: 0
  }
  keytimes {
    datatype: AE_FLOAT_VECTOR_DATA
    timeOffset: 6.0148687
    inttype: AE_INTERP_LINEAR
    fvalue1: 1726
    fvalue2: 63.254803
    fvalue3: 0
    isCookedKeytime: true
  }
  keytimes {
    datatype: AE_FLOAT_VECTOR_DATA
    timeOffset: 6.0315289
    inttype: AE_INTERP_LINEAR
    fvalue1: 1726
    fvalue2: 63.284344
    fvalue3: 0
    isCookedKeytime: true
  }
  keytimes {
    datatype: AE_FLOAT_VECTOR_DATA
    timeOffset: 6.0481892
    inttype: AE_INTERP_LINEAR
    fvalue1: 1726
    fvalue2: 63.309093
    fvalue3: 0
    isCookedKeytime: true
  }
  keytimes {
    datatype: AE_FLOAT_VECTOR_DATA
    timeOffset: 6.0648494
    inttype: AE_INTERP_LINEAR
    fvalue1: 1726
    fvalue2: 63.32901
    fvalue3: 0
    isCookedKeytime: true
  }
  keytimes {
    datatype: AE_FLOAT_VECTOR_DATA
    timeOffset: 6.0815096
    inttype: AE_INTERP_LINEAR
    fvalue1: 1726
    fvalue2: 63.344059
    fvalue3: 0
    isCookedKeytime: true
  }
  keytimes {
    datatype: AE_FLOAT_VECTOR_DATA
    timeOffset: 6.09817
    inttype: AE_INTERP_LINEAR
    fvalue1: 1726
    fvalue2: 63.354206
    fvalue3: 0
    isCookedKeytime: true
  }
  keytimes {
    datatype: AE_FLOAT_VECTOR_DATA
    timeOffset: 6.1166668
    inttype: AE_INTERP_LINEAR
    fvalue1: 1726
    fvalue2: 63.360153
    fvalue3: 0
  }
  keytimes {
    datatype: AE_FLOAT_VECTOR_DATA
    timeOffset: 6.133327
    inttype: AE_INTERP_LINEAR
    fvalue1: 1726
    fvalue2: 63.525387
    fvalue3: 0
    isCookedKeytime: true
  }
  keytimes {
    datatype: AE_FLOAT_VECTOR_DATA
    timeOffset: 6.1499872
    inttype: AE_INTERP_LINEAR
    fvalue1: 1726
    fvalue2: 64.0519
    fvalue3: 0
    isCookedKeytime: true
  }
  keytimes {
    datatype: AE_FLOAT_VECTOR_DATA
    timeOffset: 6.1666474
    inttype: AE_INTERP_LINEAR
    fvalue1: 1726
    fvalue2: 64.971672
    fvalue3: 0
    isCookedKeytime: true
  }
  keytimes {
    datatype: AE_FLOAT_VECTOR_DATA
    timeOffset: 6.1833076
    inttype: AE_INTERP_LINEAR
    fvalue1: 1726
    fvalue2: 66.324142
    fvalue3: 0
    isCookedKeytime: true
  }
  keytimes {
    datatype: AE_FLOAT_VECTOR_DATA
    timeOffset: 6.1999679
    inttype: AE_INTERP_LINEAR
    fvalue1: 1726
    fvalue2: 68.16008
    fvalue3: 0
    isCookedKeytime: true
  }
  keytimes {
    datatype: AE_FLOAT_VECTOR_DATA
    timeOffset: 6.2166281
    inttype: AE_INTERP_LINEAR
    fvalue1: 1726
    fvalue2: 70.539024
    fvalue3: 0
    isCookedKeytime: true
  }
  keytimes {
    datatype: AE_FLOAT_VECTOR_DATA
    timeOffset: 6.2332883
    inttype: AE_INTERP_LINEAR
    fvalue1: 1726
    fvalue2: 73.532158
    fvalue3: 0
    isCookedKeytime: true
  }
  keytimes {
    datatype: AE_FLOAT_VECTOR_DATA
    timeOffset: 6.2499485
    inttype: AE_INTERP_LINEAR
    fvalue1: 1726
    fvalue2: 77.226852
    fvalue3: 0
    isCookedKeytime: true
  }
  keytimes {
    datatype: AE_FLOAT_VECTOR_DATA
    timeOffset: 6.2666087
    inttype: AE_INTERP_LINEAR
    fvalue1: 1726
    fvalue2: 81.735863
    fvalue3: 0
    isCookedKeytime: true
  }
  keytimes {
    datatype: AE_FLOAT_VECTOR_DATA
    timeOffset: 6.2832689
    inttype: AE_INTERP_LINEAR
    fvalue1: 1726
    fvalue2: 87.199142
    fvalue3: 0
    isCookedKeytime: true
  }
  keytimes {
    datatype: AE_FLOAT_VECTOR_DATA
    timeOffset: 6.2999291
    inttype: AE_INTERP_LINEAR
    fvalue1: 1726
    fvalue2: 93.803047
    fvalue3: 0
    isCookedKeytime: true
  }
  keytimes {
    datatype: AE_FLOAT_VECTOR_DATA
    timeOffset: 6.3165894
    inttype: AE_INTERP_LINEAR
    fvalue1: 1726
    fvalue2: 101.8083
    fvalue3: 0
    isCookedKeytime: true
  }
  keytimes {
    datatype: AE_FLOAT_VECTOR_DATA
    timeOffset: 6.3332496
    inttype: AE_INTERP_LINEAR
    fvalue1: 1726
    fvalue2: 111.55156
    fvalue3: 0
    isCookedKeytime: true
  }
  keytimes {
    datatype: AE_FLOAT_VECTOR_DATA
    timeOffset: 6.34991
    inttype: AE_INTERP_LINEAR
    fvalue1: 1726
    fvalue2: 123.54012
    fvalue3: 0
    isCookedKeytime: true
  }
  keytimes {
    datatype: AE_FLOAT_VECTOR_DATA
    timeOffset: 6.36657
    inttype: AE_INTERP_LINEAR
    fvalue1: 1726
    fvalue2: 138.6039
    fvalue3: 0
    isCookedKeytime: true
  }
  keytimes {
    datatype: AE_FLOAT_VECTOR_DATA
    timeOffset: 6.38323
    inttype: AE_INTERP_LINEAR
    fvalue1: 1726
    fvalue2: 158.04984
    fvalue3: 0
    isCookedKeytime: true
  }
  keytimes {
    datatype: AE_FLOAT_VECTOR_DATA
    timeOffset: 6.3998904
    inttype: AE_INTERP_LINEAR
    fvalue1: 1726
    fvalue2: 184.2131
    fvalue3: 0
    isCookedKeytime: true
  }
  keytimes {
    datatype: AE_FLOAT_VECTOR_DATA
    timeOffset: 6.4165506
    inttype: AE_INTERP_LINEAR
    fvalue1: 1726
    fvalue2: 220.77065
    fvalue3: 0
    isCookedKeytime: true
  }
  keytimes {
    datatype: AE_FLOAT_VECTOR_DATA
    timeOffset: 6.4332108
    inttype: AE_INTERP_LINEAR
    fvalue1: 1726
    fvalue2: 265.71848
    fvalue3: 0
    isCookedKeytime: true
  }
  keytimes {
    datatype: AE_FLOAT_VECTOR_DATA
    timeOffset: 6.4498711
    inttype: AE_INTERP_LINEAR
    fvalue1: 1726
    fvalue2: 298.44278
    fvalue3: 0
    isCookedKeytime: true
  }
  keytimes {
    datatype: AE_FLOAT_VECTOR_DATA
    timeOffset: 6.4665313
    inttype: AE_INTERP_LINEAR
    fvalue1: 1726
    fvalue2: 314.5462
    fvalue3: 0
    isCookedKeytime: true
  }
  keytimes {
    datatype: AE_FLOAT_VECTOR_DATA
    timeOffset: 6.4831915
    inttype: AE_INTERP_LINEAR
    fvalue1: 1726
    fvalue2: 321.46637
    fvalue3: 0
    isCookedKeytime: true
  }
  keytimes {
    datatype: AE_FLOAT_VECTOR_DATA
    timeOffset: 6.5
    inttype: AE_INTERP_LINEAR
    fvalue1: 1726
    fvalue2: 323.36017
    fvalue3: 0
  }
  trackName: "Position"
}
tracks {
  binding: OPACITY
  targetid: 690014922
  targetname: "Duration"
  keytimes {
    datatype: AE_FLOAT_DATA
    timeOffset: 0
    inttype: AE_INTERP_LINEAR
    fvalue1: 0
  }
  keytimes {
    datatype: AE_FLOAT_DATA
    timeOffset: 1.1
    inttype: AE_INTERP_LINEAR
    fvalue1: 0
  }
  keytimes {
    datatype: AE_FLOAT_DATA
    timeOffset: 1.11666
    inttype: AE_INTERP_LINEAR
    fvalue1: 0.00729055
    isCookedKeytime: true
  }
  keytimes {
    datatype: AE_FLOAT_DATA
    timeOffset: 1.13332
    inttype: AE_INTERP_LINEAR
    fvalue1: 0.035792038
    isCookedKeytime: true
  }
  keytimes {
    datatype: AE_FLOAT_DATA
    timeOffset: 1.14998
    inttype: AE_INTERP_LINEAR
    fvalue1: 0.10421246
    isCookedKeytime: true
  }
  keytimes {
    datatype: AE_FLOAT_DATA
    timeOffset: 1.1666399
    inttype: AE_INTERP_LINEAR
    fvalue1: 0.24450918
    isCookedKeytime: true
  }
  keytimes {
    datatype: AE_FLOAT_DATA
    timeOffset: 1.1832999
    inttype: AE_INTERP_LINEAR
    fvalue1: 0.42374068
    isCookedKeytime: true
  }
  keytimes {
    datatype: AE_FLOAT_DATA
    timeOffset: 1.1999599
    inttype: AE_INTERP_LINEAR
    fvalue1: 0.5610494
    isCookedKeytime: true
  }
  keytimes {
    datatype: AE_FLOAT_DATA
    timeOffset: 1.2166198
    inttype: AE_INTERP_LINEAR
    fvalue1: 0.65834475
    isCookedKeytime: true
  }
  keytimes {
    datatype: AE_FLOAT_DATA
    timeOffset: 1.2332798
    inttype: AE_INTERP_LINEAR
    fvalue1: 0.73060769
    isCookedKeytime: true
  }
  keytimes {
    datatype: AE_FLOAT_DATA
    timeOffset: 1.2499398
    inttype: AE_INTERP_LINEAR
    fvalue1: 0.78651857
    isCookedKeytime: true
  }
  keytimes {
    datatype: AE_FLOAT_DATA
    timeOffset: 1.2665998
    inttype: AE_INTERP_LINEAR
    fvalue1: 0.83096194
    isCookedKeytime: true
  }
  keytimes {
    datatype: AE_FLOAT_DATA
    timeOffset: 1.2832597
    inttype: AE_INTERP_LINEAR
    fvalue1: 0.86689305
    isCookedKeytime: true
  }
  keytimes {
    datatype: AE_FLOAT_DATA
    timeOffset: 1.2999197
    inttype: AE_INTERP_LINEAR
    fvalue1: 0.89622766
    isCookedKeytime: true
  }
  keytimes {
    datatype: AE_FLOAT_DATA
    timeOffset: 1.3165797
    inttype: AE_INTERP_LINEAR
    fvalue1: 0.92027855
    isCookedKeytime: true
  }
  keytimes {
    datatype: AE_FLOAT_DATA
    timeOffset: 1.3332397
    inttype: AE_INTERP_LINEAR
    fvalue1: 0.93998647
    isCookedKeytime: true
  }
  keytimes {
    datatype: AE_FLOAT_DATA
    timeOffset: 1.3498996
    inttype: AE_INTERP_LINEAR
    fvalue1: 0.9560501
    isCookedKeytime: true
  }
  keytimes {
    datatype: AE_FLOAT_DATA
    timeOffset: 1.3665596
    inttype: AE_INTERP_LINEAR
    fvalue1: 0.9690035
    isCookedKeytime: true
  }
  keytimes {
    datatype: AE_FLOAT_DATA
    timeOffset: 1.3832196
    inttype: AE_INTERP_LINEAR
    fvalue1: 0.979265
    isCookedKeytime: true
  }
  keytimes {
    datatype: AE_FLOAT_DATA
    timeOffset: 1.3998796
    inttype: AE_INTERP_LINEAR
    fvalue1: 0.987169
    isCookedKeytime: true
  }
  keytimes {
    datatype: AE_FLOAT_DATA
    timeOffset: 1.4165395
    inttype: AE_INTERP_LINEAR
    fvalue1: 0.99298751
    isCookedKeytime: true
  }
  keytimes {
    datatype: AE_FLOAT_DATA
    timeOffset: 1.4331995
    inttype: AE_INTERP_LINEAR
    fvalue1: 0.996945
    isCookedKeytime: true
  }
  keytimes {
    datatype: AE_FLOAT_DATA
    timeOffset: 1.4498595
    inttype: AE_INTERP_LINEAR
    fvalue1: 0.99922913
    isCookedKeytime: true
  }
  keytimes {
    datatype: AE_FLOAT_DATA
    timeOffset: 1.4666667
    inttype: AE_INTERP_LINEAR
    fvalue1: 1
  }
  keytimes {
    datatype: AE_FLOAT_DATA
    timeOffset: 6.1166668
    inttype: AE_INTERP_LINEAR
    fvalue1: 1
  }
  keytimes {
    datatype: AE_FLOAT_DATA
    timeOffset: 6.133327
    inttype: AE_INTERP_LINEAR
    fvalue1: 0.99935347
    isCookedKeytime: true
  }
  keytimes {
    datatype: AE_FLOAT_DATA
    timeOffset: 6.1499872
    inttype: AE_INTERP_LINEAR
    fvalue1: 0.99733293
    isCookedKeytime: true
  }
  keytimes {
    datatype: AE_FLOAT_DATA
    timeOffset: 6.1666474
    inttype: AE_INTERP_LINEAR
    fvalue1: 0.99380189
    isCookedKeytime: true
  }
  keytimes {
    datatype: AE_FLOAT_DATA
    timeOffset: 6.1833076
    inttype: AE_INTERP_LINEAR
    fvalue1: 0.98860025
    isCookedKeytime: true
  }
  keytimes {
    datatype: AE_FLOAT_DATA
    timeOffset: 6.1999679
    inttype: AE_INTERP_LINEAR
    fvalue1: 0.98153859
    isCookedKeytime: true
  }
  keytimes {
    datatype: AE_FLOAT_DATA
    timeOffset: 6.2166281
    inttype: AE_INTERP_LINEAR
    fvalue1: 0.97239012
    isCookedKeytime: true
  }
  keytimes {
    datatype: AE_FLOAT_DATA
    timeOffset: 6.2332883
    inttype: AE_INTERP_LINEAR
    fvalue1: 0.96087939
    isCookedKeytime: true
  }
  keytimes {
    datatype: AE_FLOAT_DATA
    timeOffset: 6.2499485
    inttype: AE_INTERP_LINEAR
    fvalue1: 0.94666672
    isCookedKeytime: true
  }
  keytimes {
    datatype: AE_FLOAT_DATA
    timeOffset: 6.2666087
    inttype: AE_INTERP_LINEAR
    fvalue1: 0.92932677
    isCookedKeytime: true
  }
  keytimes {
    datatype: AE_FLOAT_DATA
    timeOffset: 6.2832689
    inttype: AE_INTERP_LINEAR
    fvalue1: 0.90831453
    isCookedKeytime: true
  }
  keytimes {
    datatype: AE_FLOAT_DATA
    timeOffset: 6.2999291
    inttype: AE_INTERP_LINEAR
    fvalue1: 0.8829149
    isCookedKeytime: true
  }
  keytimes {
    datatype: AE_FLOAT_DATA
    timeOffset: 6.3165894
    inttype: AE_INTERP_LINEAR
    fvalue1: 0.85216147
    isCookedKeytime: true
  }
  keytimes {
    datatype: AE_FLOAT_DATA
    timeOffset: 6.3332496
    inttype: AE_INTERP_LINEAR
    fvalue1: 0.81469995
    isCookedKeytime: true
  }
  keytimes {
    datatype: AE_FLOAT_DATA
    timeOffset: 6.34991
    inttype: AE_INTERP_LINEAR
    fvalue1: 0.76854467
    isCookedKeytime: true
  }
  keytimes {
    datatype: AE_FLOAT_DATA
    timeOffset: 6.36657
    inttype: AE_INTERP_LINEAR
    fvalue1: 0.7106182
    isCookedKeytime: true
  }
  keytimes {
    datatype: AE_FLOAT_DATA
    timeOffset: 6.38323
    inttype: AE_INTERP_LINEAR
    fvalue1: 0.635821
    isCookedKeytime: true
  }
  keytimes {
    datatype: AE_FLOAT_DATA
    timeOffset: 6.3998904
    inttype: AE_INTERP_LINEAR
    fvalue1: 0.53518319
    isCookedKeytime: true
  }
  keytimes {
    datatype: AE_FLOAT_DATA
    timeOffset: 6.4165506
    inttype: AE_INTERP_LINEAR
    fvalue1: 0.39457405
    isCookedKeytime: true
  }
  keytimes {
    datatype: AE_FLOAT_DATA
    timeOffset: 6.4332108
    inttype: AE_INTERP_LINEAR
    fvalue1: 0.22169548
    isCookedKeytime: true
  }
  keytimes {
    datatype: AE_FLOAT_DATA
    timeOffset: 6.4498711
    inttype: AE_INTERP_LINEAR
    fvalue1: 0.095832594
    isCookedKeytime: true
  }
  keytimes {
    datatype: AE_FLOAT_DATA
    timeOffset: 6.4665313
    inttype: AE_INTERP_LINEAR
    fvalue1: 0.033896655
    isCookedKeytime: true
  }
  keytimes {
    datatype: AE_FLOAT_DATA
    timeOffset: 6.4831915
    inttype: AE_INTERP_LINEAR
    fvalue1: 0.0072837807
    isCookedKeytime: true
  }
  keytimes {
    datatype: AE_FLOAT_DATA
    timeOffset: 6.5
    inttype: AE_INTERP_LINEAR
    fvalue1: 0
  }
  trackName: "Opacity"
}
tracks {
  binding: IS_VISIBLE
  targetid: 690014923
  targetname: "Bar"
  keytimes {
    datatype: AE_INT_DATA
    timeOffset: 0
    inttype: AE_INTERP_HOLD
    ivalue1: 1
  }
}
tracks {
  binding: POSITION
  targetid: 690014923
  targetname: "Bar"
  keytimes {
    datatype: AE_FLOAT_VECTOR_DATA
    timeOffset: 0
    inttype: AE_INTERP_LINEAR
    fvalue1: 147
    fvalue2: 294
    fvalue3: 0
  }
  keytimes {
    datatype: AE_FLOAT_VECTOR_DATA
    timeOffset: 1.0666667
    inttype: AE_INTERP_LINEAR
    fvalue1: 147
    fvalue2: 294
    fvalue3: 0
  }
  keytimes {
    datatype: AE_FLOAT_VECTOR_DATA
    timeOffset: 1.0833267
    inttype: AE_INTERP_LINEAR
    fvalue1: 147
    fvalue2: 292.10446
    fvalue3: 0
    isCookedKeytime: true
  }
  keytimes {
    datatype: AE_FLOAT_VECTOR_DATA
    timeOffset: 1.0999867
    inttype: AE_INTERP_LINEAR
    fvalue1: 147
    fvalue2: 284.68976
    fvalue3: 0
    isCookedKeytime: true
  }
  keytimes {
    datatype: AE_FLOAT_VECTOR_DATA
    timeOffset: 1.1166466
    inttype: AE_INTERP_LINEAR
    fvalue1: 147
    fvalue2: 266.9039
    fvalue3: 0
    isCookedKeytime: true
  }
  keytimes {
    datatype: AE_FLOAT_VECTOR_DATA
    timeOffset: 1.1333066
    inttype: AE_INTERP_LINEAR
    fvalue1: 147
    fvalue2: 230.42754
    fvalue3: 0
    isCookedKeytime: true
  }
  keytimes {
    datatype: AE_FLOAT_VECTOR_DATA
    timeOffset: 1.1499666
    inttype: AE_INTERP_LINEAR
    fvalue1: 147
    fvalue2: 183.82695
    fvalue3: 0
    isCookedKeytime: true
  }
  keytimes {
    datatype: AE_FLOAT_VECTOR_DATA
    timeOffset: 1.1666266
    inttype: AE_INTERP_LINEAR
    fvalue1: 147
    fvalue2: 148.12755
    fvalue3: 0
    isCookedKeytime: true
  }
  keytimes {
    datatype: AE_FLOAT_VECTOR_DATA
    timeOffset: 1.1832865
    inttype: AE_INTERP_LINEAR
    fvalue1: 147
    fvalue2: 122.83363
    fvalue3: 0
    isCookedKeytime: true
  }
  keytimes {
    datatype: AE_FLOAT_VECTOR_DATA
    timeOffset: 1.1999465
    inttype: AE_INTERP_LINEAR
    fvalue1: 147
    fvalue2: 104.04208
    fvalue3: 0
    isCookedKeytime: true
  }
  keytimes {
    datatype: AE_FLOAT_VECTOR_DATA
    timeOffset: 1.2166065
    inttype: AE_INTERP_LINEAR
    fvalue1: 147
    fvalue2: 89.50592
    fvalue3: 0
    isCookedKeytime: true
  }
  keytimes {
    datatype: AE_FLOAT_VECTOR_DATA
    timeOffset: 1.2332665
    inttype: AE_INTERP_LINEAR
    fvalue1: 147
    fvalue2: 77.950554
    fvalue3: 0
    isCookedKeytime: true
  }
  keytimes {
    datatype: AE_FLOAT_VECTOR_DATA
    timeOffset: 1.2499264
    inttype: AE_INTERP_LINEAR
    fvalue1: 147
    fvalue2: 68.608444
    fvalue3: 0
    isCookedKeytime: true
  }
  keytimes {
    datatype: AE_FLOAT_VECTOR_DATA
    timeOffset: 1.2665864
    inttype: AE_INTERP_LINEAR
    fvalue1: 147
    fvalue2: 60.981342
    fvalue3: 0
    isCookedKeytime: true
  }
  keytimes {
    datatype: AE_FLOAT_VECTOR_DATA
    timeOffset: 1.2832464
    inttype: AE_INTERP_LINEAR
    fvalue1: 147
    fvalue2: 54.728287
    fvalue3: 0
    isCookedKeytime: true
  }
  keytimes {
    datatype: AE_FLOAT_VECTOR_DATA
    timeOffset: 1.2999064
    inttype: AE_INTERP_LINEAR
    fvalue1: 147
    fvalue2: 49.603626
    fvalue3: 0
    isCookedKeytime: true
  }
  keytimes {
    datatype: AE_FLOAT_VECTOR_DATA
    timeOffset: 1.3165663
    inttype: AE_INTERP_LINEAR
    fvalue1: 147
    fvalue2: 45.427998
    fvalue3: 0
    isCookedKeytime: true
  }
  keytimes {
    datatype: AE_FLOAT_VECTOR_DATA
    timeOffset: 1.3332263
    inttype: AE_INTERP_LINEAR
    fvalue1: 147
    fvalue2: 42.059692
    fvalue3: 0
    isCookedKeytime: true
  }
  keytimes {
    datatype: AE_FLOAT_VECTOR_DATA
    timeOffset: 1.3498863
    inttype: AE_INTERP_LINEAR
    fvalue1: 147
    fvalue2: 39.391079
    fvalue3: 0
    isCookedKeytime: true
  }
  keytimes {
    datatype: AE_FLOAT_VECTOR_DATA
    timeOffset: 1.3665463
    inttype: AE_INTERP_LINEAR
    fvalue1: 147
    fvalue2: 37.336098
    fvalue3: 0
    isCookedKeytime: true
  }
  keytimes {
    datatype: AE_FLOAT_VECTOR_DATA
    timeOffset: 1.3832062
    inttype: AE_INTERP_LINEAR
    fvalue1: 147
    fvalue2: 35.823231
    fvalue3: 0
    isCookedKeytime: true
  }
  keytimes {
    datatype: AE_FLOAT_VECTOR_DATA
    timeOffset: 1.3998662
    inttype: AE_INTERP_LINEAR
    fvalue1: 147
    fvalue2: 34.793228
    fvalue3: 0
    isCookedKeytime: true
  }
  keytimes {
    datatype: AE_FLOAT_VECTOR_DATA
    timeOffset: 1.4165262
    inttype: AE_INTERP_LINEAR
    fvalue1: 147
    fvalue2: 34.1974
    fvalue3: 0
    isCookedKeytime: true
  }
  keytimes {
    datatype: AE_FLOAT_VECTOR_DATA
    timeOffset: 1.4333333
    inttype: AE_INTERP_LINEAR
    fvalue1: 147
    fvalue2: 34
    fvalue3: 0
  }
  keytimes {
    datatype: AE_FLOAT_VECTOR_DATA
    timeOffset: 6.0333333
    inttype: AE_INTERP_LINEAR
    fvalue1: 147
    fvalue2: 34
    fvalue3: 0
  }
  keytimes {
    datatype: AE_FLOAT_VECTOR_DATA
    timeOffset: 6.0499935
    inttype: AE_INTERP_LINEAR
    fvalue1: 147
    fvalue2: 34.181084
    fvalue3: 0
    isCookedKeytime: true
  }
  keytimes {
    datatype: AE_FLOAT_VECTOR_DATA
    timeOffset: 6.0666537
    inttype: AE_INTERP_LINEAR
    fvalue1: 147
    fvalue2: 34.758766
    fvalue3: 0
    isCookedKeytime: true
  }
  keytimes {
    datatype: AE_FLOAT_VECTOR_DATA
    timeOffset: 6.0833139
    inttype: AE_INTERP_LINEAR
    fvalue1: 147
    fvalue2: 35.769344
    fvalue3: 0
    isCookedKeytime: true
  }
  keytimes {
    datatype: AE_FLOAT_VECTOR_DATA
    timeOffset: 6.0999742
    inttype: AE_INTERP_LINEAR
    fvalue1: 147
    fvalue2: 37.260254
    fvalue3: 0
    isCookedKeytime: true
  }
  keytimes {
    datatype: AE_FLOAT_VECTOR_DATA
    timeOffset: 6.1166344
    inttype: AE_INTERP_LINEAR
    fvalue1: 147
    fvalue2: 39.290527
    fvalue3: 0
    isCookedKeytime: true
  }
  keytimes {
    datatype: AE_FLOAT_VECTOR_DATA
    timeOffset: 6.1332946
    inttype: AE_INTERP_LINEAR
    fvalue1: 147
    fvalue2: 41.932537
    fvalue3: 0
    isCookedKeytime: true
  }
  keytimes {
    datatype: AE_FLOAT_VECTOR_DATA
    timeOffset: 6.1499548
    inttype: AE_INTERP_LINEAR
    fvalue1: 147
    fvalue2: 45.273857
    fvalue3: 0
    isCookedKeytime: true
  }
  keytimes {
    datatype: AE_FLOAT_VECTOR_DATA
    timeOffset: 6.166615
    inttype: AE_INTERP_LINEAR
    fvalue1: 147
    fvalue2: 49.41729
    fvalue3: 0
    isCookedKeytime: true
  }
  keytimes {
    datatype: AE_FLOAT_VECTOR_DATA
    timeOffset: 6.1832752
    inttype: AE_INTERP_LINEAR
    fvalue1: 147
    fvalue2: 54.494762
    fvalue3: 0
    isCookedKeytime: true
  }
  keytimes {
    datatype: AE_FLOAT_VECTOR_DATA
    timeOffset: 6.1999354
    inttype: AE_INTERP_LINEAR
    fvalue1: 147
    fvalue2: 60.686573
    fvalue3: 0
    isCookedKeytime: true
  }
  keytimes {
    datatype: AE_FLOAT_VECTOR_DATA
    timeOffset: 6.2165956
    inttype: AE_INTERP_LINEAR
    fvalue1: 147
    fvalue2: 68.250984
    fvalue3: 0
    isCookedKeytime: true
  }
  keytimes {
    datatype: AE_FLOAT_VECTOR_DATA
    timeOffset: 6.2332559
    inttype: AE_INTERP_LINEAR
    fvalue1: 147
    fvalue2: 77.519409
    fvalue3: 0
    isCookedKeytime: true
  }
  keytimes {
    datatype: AE_FLOAT_VECTOR_DATA
    timeOffset: 6.2499161
    inttype: AE_INTERP_LINEAR
    fvalue1: 147
    fvalue2: 88.960579
    fvalue3: 0
    isCookedKeytime: true
  }
  keytimes {
    datatype: AE_FLOAT_VECTOR_DATA
    timeOffset: 6.2665763
    inttype: AE_INTERP_LINEAR
    fvalue1: 147
    fvalue2: 103.34135
    fvalue3: 0
    isCookedKeytime: true
  }
  keytimes {
    datatype: AE_FLOAT_VECTOR_DATA
    timeOffset: 6.2832365
    inttype: AE_INTERP_LINEAR
    fvalue1: 147
    fvalue2: 121.91273
    fvalue3: 0
    isCookedKeytime: true
  }
  keytimes {
    datatype: AE_FLOAT_VECTOR_DATA
    timeOffset: 6.2998967
    inttype: AE_INTERP_LINEAR
    fvalue1: 147
    fvalue2: 146.85823
    fvalue3: 0
    isCookedKeytime: true
  }
  keytimes {
    datatype: AE_FLOAT_VECTOR_DATA
    timeOffset: 6.3165569
    inttype: AE_INTERP_LINEAR
    fvalue1: 147
    fvalue2: 182.01724
    fvalue3: 0
    isCookedKeytime: true
  }
  keytimes {
    datatype: AE_FLOAT_VECTOR_DATA
    timeOffset: 6.3332171
    inttype: AE_INTERP_LINEAR
    fvalue1: 147
    fvalue2: 228.42447
    fvalue3: 0
    isCookedKeytime: true
  }
  keytimes {
    datatype: AE_FLOAT_VECTOR_DATA
    timeOffset: 6.3498774
    inttype: AE_INTERP_LINEAR
    fvalue1: 147
    fvalue2: 265.7764
    fvalue3: 0
    isCookedKeytime: true
  }
  keytimes {
    datatype: AE_FLOAT_VECTOR_DATA
    timeOffset: 6.3665376
    inttype: AE_INTERP_LINEAR
    fvalue1: 147
    fvalue2: 284.19125
    fvalue3: 0
    isCookedKeytime: true
  }
  keytimes {
    datatype: AE_FLOAT_VECTOR_DATA
    timeOffset: 6.3831978
    inttype: AE_INTERP_LINEAR
    fvalue1: 147
    fvalue2: 291.92133
    fvalue3: 0
    isCookedKeytime: true
  }
  keytimes {
    datatype: AE_FLOAT_VECTOR_DATA
    timeOffset: 6.4
    inttype: AE_INTERP_LINEAR
    fvalue1: 147
    fvalue2: 294
    fvalue3: 0
  }
  trackName: "Position"
}
tracks {
  binding: OPACITY
  targetid: 690014923
  targetname: "Bar"
  keytimes {
    datatype: AE_FLOAT_DATA
    timeOffset: 0
    inttype: AE_INTERP_LINEAR
    fvalue1: 0
  }
  keytimes {
    datatype: AE_FLOAT_DATA
    timeOffset: 1.0666667
    inttype: AE_INTERP_LINEAR
    fvalue1: 0
  }
  keytimes {
    datatype: AE_FLOAT_DATA
    timeOffset: 1.0833267
    inttype: AE_INTERP_LINEAR
    fvalue1: 0.00729055
    isCookedKeytime: true
  }
  keytimes {
    datatype: AE_FLOAT_DATA
    timeOffset: 1.0999867
    inttype: AE_INTERP_LINEAR
    fvalue1: 0.035792038
    isCookedKeytime: true
  }
  keytimes {
    datatype: AE_FLOAT_DATA
    timeOffset: 1.1166466
    inttype: AE_INTERP_LINEAR
    fvalue1: 0.10421246
    isCookedKeytime: true
  }
  keytimes {
    datatype: AE_FLOAT_DATA
    timeOffset: 1.1333066
    inttype: AE_INTERP_LINEAR
    fvalue1: 0.24450918
    isCookedKeytime: true
  }
  keytimes {
    datatype: AE_FLOAT_DATA
    timeOffset: 1.1499666
    inttype: AE_INTERP_LINEAR
    fvalue1: 0.42374068
    isCookedKeytime: true
  }
  keytimes {
    datatype: AE_FLOAT_DATA
    timeOffset: 1.1666266
    inttype: AE_INTERP_LINEAR
    fvalue1: 0.5610494
    isCookedKeytime: true
  }
  keytimes {
    datatype: AE_FLOAT_DATA
    timeOffset: 1.1832865
    inttype: AE_INTERP_LINEAR
    fvalue1: 0.65834475
    isCookedKeytime: true
  }
  keytimes {
    datatype: AE_FLOAT_DATA
    timeOffset: 1.1999465
    inttype: AE_INTERP_LINEAR
    fvalue1: 0.73060769
    isCookedKeytime: true
  }
  keytimes {
    datatype: AE_FLOAT_DATA
    timeOffset: 1.2166065
    inttype: AE_INTERP_LINEAR
    fvalue1: 0.78651857
    isCookedKeytime: true
  }
  keytimes {
    datatype: AE_FLOAT_DATA
    timeOffset: 1.2332665
    inttype: AE_INTERP_LINEAR
    fvalue1: 0.83096194
    isCookedKeytime: true
  }
  keytimes {
    datatype: AE_FLOAT_DATA
    timeOffset: 1.2499264
    inttype: AE_INTERP_LINEAR
    fvalue1: 0.86689305
    isCookedKeytime: true
  }
  keytimes {
    datatype: AE_FLOAT_DATA
    timeOffset: 1.2665864
    inttype: AE_INTERP_LINEAR
    fvalue1: 0.89622766
    isCookedKeytime: true
  }
  keytimes {
    datatype: AE_FLOAT_DATA
    timeOffset: 1.2832464
    inttype: AE_INTERP_LINEAR
    fvalue1: 0.92027855
    isCookedKeytime: true
  }
  keytimes {
    datatype: AE_FLOAT_DATA
    timeOffset: 1.2999064
    inttype: AE_INTERP_LINEAR
    fvalue1: 0.93998647
    isCookedKeytime: true
  }
  keytimes {
    datatype: AE_FLOAT_DATA
    timeOffset: 1.3165663
    inttype: AE_INTERP_LINEAR
    fvalue1: 0.9560501
    isCookedKeytime: true
  }
  keytimes {
    datatype: AE_FLOAT_DATA
    timeOffset: 1.3332263
    inttype: AE_INTERP_LINEAR
    fvalue1: 0.9690035
    isCookedKeytime: true
  }
  keytimes {
    datatype: AE_FLOAT_DATA
    timeOffset: 1.3498863
    inttype: AE_INTERP_LINEAR
    fvalue1: 0.979265
    isCookedKeytime: true
  }
  keytimes {
    datatype: AE_FLOAT_DATA
    timeOffset: 1.3665463
    inttype: AE_INTERP_LINEAR
    fvalue1: 0.987169
    isCookedKeytime: true
  }
  keytimes {
    datatype: AE_FLOAT_DATA
    timeOffset: 1.3832062
    inttype: AE_INTERP_LINEAR
    fvalue1: 0.99298751
    isCookedKeytime: true
  }
  keytimes {
    datatype: AE_FLOAT_DATA
    timeOffset: 1.3998662
    inttype: AE_INTERP_LINEAR
    fvalue1: 0.996945
    isCookedKeytime: true
  }
  keytimes {
    datatype: AE_FLOAT_DATA
    timeOffset: 1.4165262
    inttype: AE_INTERP_LINEAR
    fvalue1: 0.99922913
    isCookedKeytime: true
  }
  keytimes {
    datatype: AE_FLOAT_DATA
    timeOffset: 1.4333333
    inttype: AE_INTERP_LINEAR
    fvalue1: 1
  }
  keytimes {
    datatype: AE_FLOAT_DATA
    timeOffset: 6.0333333
    inttype: AE_INTERP_LINEAR
    fvalue1: 1
  }
  keytimes {
    datatype: AE_FLOAT_DATA
    timeOffset: 6.0499935
    inttype: AE_INTERP_LINEAR
    fvalue1: 0.99929243
    isCookedKeytime: true
  }
  keytimes {
    datatype: AE_FLOAT_DATA
    timeOffset: 6.0666537
    inttype: AE_INTERP_LINEAR
    fvalue1: 0.99707657
    isCookedKeytime: true
  }
  keytimes {
    datatype: AE_FLOAT_DATA
    timeOffset: 6.0833139
    inttype: AE_INTERP_LINEAR
    fvalue1: 0.99319482
    isCookedKeytime: true
  }
  keytimes {
    datatype: AE_FLOAT_DATA
    timeOffset: 6.0999742
    inttype: AE_INTERP_LINEAR
    fvalue1: 0.98746073
    isCookedKeytime: true
  }
  keytimes {
    datatype: AE_FLOAT_DATA
    timeOffset: 6.1166344
    inttype: AE_INTERP_LINEAR
    fvalue1: 0.97965169
    isCookedKeytime: true
  }
  keytimes {
    datatype: AE_FLOAT_DATA
    timeOffset: 6.1332946
    inttype: AE_INTERP_LINEAR
    fvalue1: 0.96949804
    isCookedKeytime: true
  }
  keytimes {
    datatype: AE_FLOAT_DATA
    timeOffset: 6.1499548
    inttype: AE_INTERP_LINEAR
    fvalue1: 0.95666856
    isCookedKeytime: true
  }
  keytimes {
    datatype: AE_FLOAT_DATA
    timeOffset: 6.166615
    inttype: AE_INTERP_LINEAR
    fvalue1: 0.94074881
    isCookedKeytime: true
  }
  keytimes {
    datatype: AE_FLOAT_DATA
    timeOffset: 6.1832752
    inttype: AE_INTERP_LINEAR
    fvalue1: 0.92121077
    isCookedKeytime: true
  }
  keytimes {
    datatype: AE_FLOAT_DATA
    timeOffset: 6.1999354
    inttype: AE_INTERP_LINEAR
    fvalue1: 0.89736414
    isCookedKeytime: true
  }
  keytimes {
    datatype: AE_FLOAT_DATA
    timeOffset: 6.2165956
    inttype: AE_INTERP_LINEAR
    fvalue1: 0.86828077
    isCookedKeytime: true
  }
  keytimes {
    datatype: AE_FLOAT_DATA
    timeOffset: 6.2332559
    inttype: AE_INTERP_LINEAR
    fvalue1: 0.83266771
    isCookedKeytime: true
  }
  keytimes {
    datatype: AE_FLOAT_DATA
    timeOffset: 6.2499161
    inttype: AE_INTERP_LINEAR
    fvalue1: 0.78864205
    isCookedKeytime: true
  }
  keytimes {
    datatype: AE_FLOAT_DATA
    timeOffset: 6.2665763
    inttype: AE_INTERP_LINEAR
    fvalue1: 0.73330706
    isCookedKeytime: true
  }
  keytimes {
    datatype: AE_FLOAT_DATA
    timeOffset: 6.2832365
    inttype: AE_INTERP_LINEAR
    fvalue1: 0.66189009
    isCookedKeytime: true
  }
  keytimes {
    datatype: AE_FLOAT_DATA
    timeOffset: 6.2998967
    inttype: AE_INTERP_LINEAR
    fvalue1: 0.56593227
    isCookedKeytime: true
  }
  keytimes {
    datatype: AE_FLOAT_DATA
    timeOffset: 6.3165569
    inttype: AE_INTERP_LINEAR
    fvalue1: 0.4307017
    isCookedKeytime: true
  }
  keytimes {
    datatype: AE_FLOAT_DATA
    timeOffset: 6.3332171
    inttype: AE_INTERP_LINEAR
    fvalue1: 0.25221294
    isCookedKeytime: true
  }
  keytimes {
    datatype: AE_FLOAT_DATA
    timeOffset: 6.3498774
    inttype: AE_INTERP_LINEAR
    fvalue1: 0.10855131
    isCookedKeytime: true
  }
  keytimes {
    datatype: AE_FLOAT_DATA
    timeOffset: 6.3665376
    inttype: AE_INTERP_LINEAR
    fvalue1: 0.037722085
    isCookedKeytime: true
  }
  keytimes {
    datatype: AE_FLOAT_DATA
    timeOffset: 6.3831978
    inttype: AE_INTERP_LINEAR
    fvalue1: 0.0079948893
    isCookedKeytime: true
  }
  keytimes {
    datatype: AE_FLOAT_DATA
    timeOffset: 6.4
    inttype: AE_INTERP_LINEAR
    fvalue1: 0
  }
  trackName: "Opacity"
}
markers {
  starttime: 1
  duration: 0.46666667
  name: "Show"
  tracksSelection {
    targetid: 690014922
    binding: POSITION
  }
  tracksSelection {
    targetid: 690014922
    binding: OPACITY
  }
  tracksSelection {
    targetid: 690014923
    binding: POSITION
  }
  tracksSelection {
    targetid: 690014923
    binding: OPACITY
  }
  alltracks: false
  looping: false
}
markers {
  starttime: 6
  duration: 0.5
  name: "Hide"
  tracksSelection {
    targetid: 690014922
    binding: POSITION
  }
  tracksSelection {
    targetid: 690014922
    binding: OPACITY
  }
  tracksSelection {
    targetid: 690014923
    binding: POSITION
  }
  tracksSelection {
    targetid: 690014923
    binding: OPACITY
  }
  alltracks: false
  looping: false
}
