tracks {
  binding: IS_VISIBLE
  targetid: 521
  targetname: "toggle-line"
  keytimes {
    datatype: AE_INT_DATA
    timeOffset: 0
    inttype: AE_INTERP_HOLD
    ivalue1: 1
  }
}
tracks {
  binding: OPACITY
  targetid: 521
  targetname: "toggle-line"
  keytimes {
    datatype: AE_FLOAT_DATA
    timeOffset: 0
    inttype: AE_INTERP_LINEAR
    fvalue1: 0
  }
  keytimes {
    datatype: AE_FLOAT_DATA
    timeOffset: 3
    inttype: AE_INTERP_LINEAR
    fvalue1: 0
  }
  keytimes {
    datatype: AE_FLOAT_DATA
    timeOffset: 3.1666667
    inttype: AE_INTERP_LINEAR
    fvalue1: 1
  }
  keytimes {
    datatype: AE_FLOAT_DATA
    timeOffset: 3.3333333
    inttype: AE_INTERP_LINEAR
    fvalue1: 1
  }
  keytimes {
    datatype: AE_FLOAT_DATA
    timeOffset: 3.5
    inttype: AE_INTERP_LINEAR
    fvalue1: 0
  }
  trackName: "Opacity"
}
tracks {
  binding: IS_VISIBLE
  targetid: 522
  targetname: "tab-discover-focus.png"
  keytimes {
    datatype: AE_INT_DATA
    timeOffset: 0
    inttype: AE_INTERP_HOLD
    ivalue1: 1
  }
}
tracks {
  binding: OPACITY
  targetid: 522
  targetname: "tab-discover-focus.png"
  keytimes {
    datatype: AE_FLOAT_DATA
    timeOffset: 0
    inttype: AE_INTERP_LINEAR
    fvalue1: 0
  }
  keytimes {
    datatype: AE_FLOAT_DATA
    timeOffset: 1
    inttype: AE_INTERP_LINEAR
    fvalue1: 0
  }
  keytimes {
    datatype: AE_FLOAT_DATA
    timeOffset: 1.1666666
    inttype: AE_INTERP_LINEAR
    fvalue1: 1
  }
  keytimes {
    datatype: AE_FLOAT_DATA
    timeOffset: 2
    inttype: AE_INTERP_LINEAR
    fvalue1: 1
  }
  keytimes {
    datatype: AE_FLOAT_DATA
    timeOffset: 2.0166667
    inttype: AE_INTERP_LINEAR
    fvalue1: 0.6
  }
  keytimes {
    datatype: AE_FLOAT_DATA
    timeOffset: 2.3333333
    inttype: AE_INTERP_LINEAR
    fvalue1: 1
  }
  keytimes {
    datatype: AE_FLOAT_DATA
    timeOffset: 2.35
    inttype: AE_INTERP_LINEAR
    fvalue1: 0.6
  }
  trackName: "Opacity"
}
tracks {
  binding: IS_VISIBLE
  targetid: 523
  targetname: "Discover"
  keytimes {
    datatype: AE_INT_DATA
    timeOffset: 0
    inttype: AE_INTERP_HOLD
    ivalue1: 1
  }
}
tracks {
  binding: POSITION
  targetid: 523
  targetname: "Discover"
  keytimes {
    datatype: AE_FLOAT_VECTOR_DATA
    timeOffset: 0
    inttype: AE_INTERP_LINEAR
    fvalue1: 116.15983
    fvalue2: 43.458118
    fvalue3: 0
  }
  keytimes {
    datatype: AE_FLOAT_VECTOR_DATA
    timeOffset: 3.1666667
    inttype: AE_INTERP_LINEAR
    fvalue1: 116.15983
    fvalue2: 43.458118
    fvalue3: 0
  }
  keytimes {
    datatype: AE_FLOAT_VECTOR_DATA
    timeOffset: 3.3333333
    inttype: AE_INTERP_LINEAR
    fvalue1: 116.15983
    fvalue2: 43.458118
    fvalue3: 0
  }
  trackName: "Position"
}
tracks {
  binding: OPACITY
  targetid: 523
  targetname: "Discover"
  keytimes {
    datatype: AE_FLOAT_DATA
    timeOffset: 0
    inttype: AE_INTERP_LINEAR
    fvalue1: 1
  }
  keytimes {
    datatype: AE_FLOAT_DATA
    timeOffset: 3.1666667
    inttype: AE_INTERP_LINEAR
    fvalue1: 1
  }
  keytimes {
    datatype: AE_FLOAT_DATA
    timeOffset: 3.3333333
    inttype: AE_INTERP_LINEAR
    fvalue1: 1
  }
  trackName: "Opacity"
}
markers {
  starttime: 1
  duration: 0.16666667
  name: "FocusIn"
  tracksSelection {
    targetid: 522
    binding: OPACITY
  }
  alltracks: false
  id: 21
  looping: false
}
markers {
  starttime: 2
  duration: 0.016666668
  name: "Press"
  tracksSelection {
    targetid: 522
    binding: OPACITY
  }
  alltracks: false
  id: 18
  looping: false
}
markers {
  starttime: 2.3333333
  duration: 0.016666668
  name: "Press-Checked"
  tracksSelection {
    targetid: 522
    binding: OPACITY
  }
  alltracks: false
  id: 23
  looping: false
}
markers {
  starttime: 3
  duration: 0.16666667
  name: "Toggle-On"
  tracksSelection {
    targetid: 521
    binding: OPACITY
  }
  tracksSelection {
    targetid: 523
    binding: POSITION
  }
  tracksSelection {
    targetid: 523
    binding: OPACITY
  }
  alltracks: false
  id: 20
  looping: false
}
markers {
  starttime: 3.3333333
  duration: 0.16666667
  name: "Toggle-Off"
  tracksSelection {
    targetid: 521
    binding: OPACITY
  }
  tracksSelection {
    targetid: 523
    binding: POSITION
  }
  tracksSelection {
    targetid: 523
    binding: OPACITY
  }
  alltracks: false
  id: 26
  looping: false
}
