activecomp {
  name: "Auryn_Live-List-Container"
  width: 1920
  height: 900
  defaultcameradistance: 2666.6667
  layer {
    name: "LiveList"
    id: 690012788
    sourceid: 690012804
    transform {
      anchorPoint {
        x: 887.5
        y: 392
        z: 0
      }
      scale {
        x: 1
        y: 1
        z: 1
      }
      position {
        x: 960
        y: 450
        z: 0
      }
      orientation {
        x: 0
        y: 0
        z: 0
      }
      rotationX: 0
      rotationY: 0
      rotationZ: 0
      opacity: 1
    }
    acceptsshadows: true
    acceptslights: true
    castsshadows: false
  }
  layer {
    name: "Live-Indicator"
    id: 690012789
    sourceid: 690012750
    transform {
      anchorPoint {
        x: 50
        y: 20
        z: 0
      }
      scale {
        x: 1
        y: 1
        z: 1
      }
      position {
        x: 132
        y: 21.5
        z: 0
      }
      orientation {
        x: 0
        y: 0
        z: 0
      }
      rotationX: 0
      rotationY: 0
      rotationZ: 0
      opacity: 1
    }
    acceptsshadows: true
    acceptslights: true
    castsshadows: false
  }
  layer {
    name: "Text-Title"
    id: 690012790
    sourceid: -1
    transform {
      anchorPoint {
        x: 0.25
        y: 14.9375
        z: 0
      }
      scale {
        x: 1
        y: 1
        z: 1
      }
      position {
        x: 206.25
        y: 28.9375
        z: 0
      }
      orientation {
        x: 0
        y: 0
        z: 0
      }
      rotationX: 0
      rotationY: 0
      rotationZ: 0
      opacity: 1
    }
    acceptsshadows: true
    acceptslights: true
    castsshadows: false
    textinfo {
      justification: AE_TEXT_LEFT
      fontSize: 24
      fontColor {
        alpha: 1
        red: 0.94510000944137573
        green: 0.94510000944137573
        blue: 0.94510000944137573
      }
      fontName: "Montserrat-Bold"
      isPointText: false
      boundsWidth: 299
      boundsHeight: 48
      isLabel: true
      text: "All Channels"
      multiline: true
      isAllCaps: false
    }
  }
  bgcolor {
    alpha: 1
    red: 0.086274509803921567
    green: 0.11372549019607843
    blue: 0.14509803921568629
  }
  properties {
    key: "gravity"
    value: "top"
  }
  properties {
    key: "rows"
    value: "2"
  }
  properties {
    key: "spacing"
    value: "25.0"
  }
  childtemplates: "Auryn_LiveList"
  childtemplates: "Auryn_Live-Indicator"
}
sources {
  uid: 690012804
  srctype: AE_COMP_SRC
  name: "Auryn_LiveList.layout"
  width: 1775
  height: 784
  copy_source: true
}
sources {
  uid: 690012750
  srctype: AE_COMP_SRC
  name: "Auryn_Live-Indicator.layout"
  width: 100
  height: 40
  copy_source: true
}
sources {
  uid: 3
  srctype: AE_FONT_SRC
  name: "Montserrat-Bold"
  copy_source: true
  file_name: "yi_Montserrat-Bold.otf"
  style_name: "Bold"
}
