activecomp {
  name: "Auryn_Splash"
  width: 1920
  height: 1080
  defaultcameradistance: 2666.6667
  layer {
    name: "Youi_Filled_logo-large.png"
    id: 187
    sourceid: 690012483
    transform {
      anchorPoint {
        x: 957
        y: 884
        z: 0
      }
      scale {
        x: 2.5
        y: 2.5
        z: 1
      }
      position {
        x: 50
        y: 50
        z: 0
      }
      orientation {
        x: 0
        y: 0
        z: 0
      }
      rotationX: 0
      rotationY: 0
      rotationZ: 0
      opacity: 0
    }
    acceptsshadows: true
    acceptslights: true
    castsshadows: false
    parentid: 190
  }
  layer {
    name: "Loader"
    id: 188
    sourceid: 212
    transform {
      anchorPoint {
        x: 50
        y: 50
        z: 0
      }
      scale {
        x: 1
        y: 1
        z: 1
      }
      position {
        x: 50
        y: 144
        z: 0
      }
      orientation {
        x: 0
        y: 0
        z: 0
      }
      rotationX: 0
      rotationY: 0
      rotationZ: 0
      opacity: 0
    }
    acceptsshadows: true
    acceptslights: true
    castsshadows: false
    parentid: 189
  }
  layer {
    name: "ScalePropBottomAnchor"
    id: 189
    sourceid: 690011406
    transform {
      anchorPoint {
        x: 50
        y: 100
        z: 0
      }
      scale {
        x: 1
        y: 1
        z: 1
      }
      position {
        x: 960
        y: 1080
        z: 0
      }
      orientation {
        x: 0
        y: 0
        z: 0
      }
      rotationX: 0
      rotationY: 0
      rotationZ: 0
      opacity: 1
    }
    acceptsshadows: true
    acceptslights: true
    castsshadows: false
  }
  layer {
    name: "ScalePropCenterAnchor"
    id: 190
    sourceid: 690011406
    transform {
      anchorPoint {
        x: 50
        y: 50
        z: 0
      }
      scale {
        x: 1
        y: 1
        z: 1
      }
      position {
        x: 960
        y: 540
        z: 0
      }
      orientation {
        x: 0
        y: 0
        z: 0
      }
      rotationX: 0
      rotationY: 0
      rotationZ: 0
      opacity: 1
    }
    acceptsshadows: true
    acceptslights: true
    castsshadows: false
  }
  bgcolor {
    alpha: 1
    red: 0.086274509803921567
    green: 0.11372549019607843
    blue: 0.14509803921568629
  }
  childtemplates: "Auryn_Loader"
}
sources {
  uid: 690012483
  srctype: AE_IMAGE_SRC
  name: "Youi_Filled_logo-large.png"
  width: 1914
  height: 1768
  numberOfFrames: 1
  fps: 0
  loops: 1
  copy_source: true
}
sources {
  uid: 212
  srctype: AE_COMP_SRC
  name: "Auryn_Loader.layout"
  width: 100
  height: 100
  copy_source: true
}
sources {
  uid: 690011406
  srctype: AE_NULL_SRC
  width: 100
  height: 100
  copy_source: false
}
