activecomp {
  name: "Auryn_LiveList"
  width: 1775
  height: 784
  defaultcameradistance: 2465.2778
  classname: "CYIListView"
  bgcolor {
    alpha: 1
    red: 0.086274509803921567
    green: 0.11372549019607843
    blue: 0.14509803921568629
  }
  properties {
    key: "useComponentScrollingView"
    value: "true"
  }
  properties {
    key: "componentSubtype"
    value: "streaming"
  }
  properties {
    key: "componentType"
    value: "list"
  }
  properties {
    key: "layout"
    value: "CYIGridLayout"
  }
  properties {
    key: "spacing"
    value: "8"
  }
  properties {
    key: "columns"
    value: "2"
  }
  properties {
    key: "padding-top"
    value: "15"
  }
  properties {
    key: "padding-left"
    value: "5"
  }
  properties {
    key: "padding-right"
    value: "5"
  }
}
