tracks {
  binding: IS_VISIBLE
  targetid: 690012982
  targetname: "MiniGuide-button-outline.png"
  keytimes {
    datatype: AE_INT_DATA
    timeOffset: 0
    inttype: AE_INTERP_HOLD
    ivalue1: 1
  }
}
tracks {
  binding: IS_VISIBLE
  targetid: 690012983
  targetname: "MiniGuide-button-filled.png"
  keytimes {
    datatype: AE_INT_DATA
    timeOffset: 0
    inttype: AE_INTERP_HOLD
    ivalue1: 1
  }
}
tracks {
  binding: OPACITY
  targetid: 690012983
  targetname: "MiniGuide-button-filled.png"
  keytimes {
    datatype: AE_FLOAT_DATA
    timeOffset: 0
    inttype: AE_INTERP_LINEAR
    fvalue1: 0
  }
  keytimes {
    datatype: AE_FLOAT_DATA
    timeOffset: 1
    inttype: AE_INTERP_LINEAR
    fvalue1: 0
  }
  keytimes {
    datatype: AE_FLOAT_DATA
    timeOffset: 1.1666666
    inttype: AE_INTERP_LINEAR
    fvalue1: 1
  }
  keytimes {
    datatype: AE_FLOAT_DATA
    timeOffset: 2
    inttype: AE_INTERP_LINEAR
    fvalue1: 1
  }
  keytimes {
    datatype: AE_FLOAT_DATA
    timeOffset: 2.0166667
    inttype: AE_INTERP_LINEAR
    fvalue1: 0.6
  }
  keytimes {
    datatype: AE_FLOAT_DATA
    timeOffset: 2.3333333
    inttype: AE_INTERP_LINEAR
    fvalue1: 1
  }
  keytimes {
    datatype: AE_FLOAT_DATA
    timeOffset: 2.35
    inttype: AE_INTERP_LINEAR
    fvalue1: 0.6
  }
  trackName: "Opacity"
}
tracks {
  binding: IS_VISIBLE
  targetid: 690012984
  targetname: "View TV Guide"
  keytimes {
    datatype: AE_INT_DATA
    timeOffset: 0
    inttype: AE_INTERP_HOLD
    ivalue1: 1
  }
}
markers {
  starttime: 1
  duration: 0.16666667
  name: "FocusIn"
  tracksSelection {
    targetid: 690012983
    binding: OPACITY
  }
  alltracks: false
  id: 21
  looping: false
}
markers {
  starttime: 2
  duration: 0.016666668
  name: "Press"
  tracksSelection {
    targetid: 690012983
    binding: OPACITY
  }
  alltracks: false
  id: 18
  looping: false
}
markers {
  starttime: 2.3333333
  duration: 0.016666668
  name: "Press-Checked"
  tracksSelection {
    targetid: 690012983
    binding: OPACITY
  }
  alltracks: false
  id: 23
  looping: false
}
