activecomp {
  name: "Auryn_Btn-Nav-Search"
  width: 60
  height: 60
  defaultcameradistance: 83.333336
  layer {
    name: "FocusCirlce.png"
    id: 585
    sourceid: 690012410
    transform {
      anchorPoint {
        x: 25
        y: 25
        z: 0
      }
      scale {
        x: 1.16
        y: 1.16
        z: 1
      }
      position {
        x: 30
        y: 30
        z: 0
      }
      orientation {
        x: 0
        y: 0
        z: 0
      }
      rotationX: 0
      rotationY: 0
      rotationZ: 0
      opacity: 0
    }
    acceptsshadows: true
    acceptslights: true
    castsshadows: false
  }
  layer {
    name: "Icon-Search-Active.png"
    id: 586
    sourceid: 980
    transform {
      anchorPoint {
        x: 17.5
        y: 17.5
        z: 0
      }
      scale {
        x: -0.8
        y: 0.8
        z: 1
      }
      position {
        x: 30.034828
        y: 30.95812
        z: 0
      }
      orientation {
        x: 0
        y: 0
        z: 0
      }
      rotationX: 0
      rotationY: 0
      rotationZ: 0
      opacity: 1
    }
    acceptsshadows: true
    acceptslights: true
    castsshadows: false
  }
  layer {
    name: "Icon-Search.png"
    id: 587
    sourceid: 963
    transform {
      anchorPoint {
        x: 17.5
        y: 17.5
        z: 0
      }
      scale {
        x: -0.8
        y: 0.8
        z: 1
      }
      position {
        x: 30.034828
        y: 30.95812
        z: 0
      }
      orientation {
        x: 0
        y: 0
        z: 0
      }
      rotationX: 0
      rotationY: 0
      rotationZ: 0
      opacity: 1
    }
    acceptsshadows: true
    acceptslights: true
    castsshadows: false
  }
  classname: "CYIPushButtonView"
  bgcolor {
    alpha: 1
    red: 0.086274509803921567
    green: 0.11372549019607843
    blue: 0.14509803921568629
  }
  properties {
    key: "componentSubtype"
    value: "push"
  }
  properties {
    key: "componentType"
    value: "button"
  }
}
sources {
  uid: 690012410
  srctype: AE_IMAGE_SRC
  name: "FocusCirlce.png"
  width: 50
  height: 50
  numberOfFrames: 1
  fps: 0
  loops: 1
  copy_source: true
}
sources {
  uid: 980
  srctype: AE_IMAGE_SRC
  name: "Icon-Search-Active.png"
  width: 35
  height: 35
  numberOfFrames: 1
  fps: 0
  loops: 1
  copy_source: true
}
sources {
  uid: 963
  srctype: AE_IMAGE_SRC
  name: "Icon-Search.png"
  width: 35
  height: 35
  numberOfFrames: 1
  fps: 0
  loops: 1
  copy_source: true
}
