activecomp {
  name: "Auryn_Nav-Logo"
  width: 120
  height: 108
  defaultcameradistance: 166.66667
  layer {
    name: "Youi_Filled_logo-small.png"
    id: 259819
    sourceid: 690012401
    transform {
      anchorPoint {
        x: 45
        y: 42
        z: 0
      }
      scale {
        x: 1.2
        y: 1.2
        z: 1
      }
      position {
        x: 60
        y: 54
        z: 0
      }
      orientation {
        x: 0
        y: 0
        z: 0
      }
      rotationX: 0
      rotationY: 0
      rotationZ: 0
      opacity: 1
    }
    acceptsshadows: true
    acceptslights: true
    castsshadows: false
  }
  bgcolor {
    alpha: 1
    red: 0.086274509803921567
    green: 0.11372549019607843
    blue: 0.14509803921568629
  }
}
sources {
  uid: 690012401
  srctype: AE_IMAGE_SRC
  name: "Youi_Filled_logo-small.png"
  width: 90
  height: 84
  numberOfFrames: 1
  fps: 0
  loops: 1
  copy_source: true
}
