activecomp {
  name: "Auryn_Nav-List"
  width: 1450
  height: 60
  defaultcameradistance: 2013.8889
  layer {
    name: "Btn-Nav-List"
    id: 690014269
    sourceid: 690014319
    transform {
      anchorPoint {
        x: 117
        y: 35
        z: 0
      }
      scale {
        x: 1
        y: 1
        z: 1
      }
      position {
        x: 1125
        y: 30
        z: 0
      }
      orientation {
        x: 0
        y: 0
        z: 0
      }
      rotationX: 0
      rotationY: 0
      rotationZ: 0
      opacity: 1
    }
    acceptsshadows: true
    acceptslights: true
    castsshadows: false
    properties {
      key: "placeholder"
      value: "true"
    }
  }
  layer {
    name: "Btn-Nav-List"
    id: 690014270
    sourceid: 690014319
    transform {
      anchorPoint {
        x: 117
        y: 35
        z: 0
      }
      scale {
        x: 1
        y: 1
        z: 1
      }
      position {
        x: 825
        y: 30
        z: 0
      }
      orientation {
        x: 0
        y: 0
        z: 0
      }
      rotationX: 0
      rotationY: 0
      rotationZ: 0
      opacity: 1
    }
    acceptsshadows: true
    acceptslights: true
    castsshadows: false
    properties {
      key: "placeholder"
      value: "true"
    }
  }
  layer {
    name: "Btn-Nav-List"
    id: 690014271
    sourceid: 690014319
    transform {
      anchorPoint {
        x: 117
        y: 35
        z: 0
      }
      scale {
        x: 1
        y: 1
        z: 1
      }
      position {
        x: 525
        y: 30
        z: 0
      }
      orientation {
        x: 0
        y: 0
        z: 0
      }
      rotationX: 0
      rotationY: 0
      rotationZ: 0
      opacity: 1
    }
    acceptsshadows: true
    acceptslights: true
    castsshadows: false
    properties {
      key: "placeholder"
      value: "true"
    }
  }
  layer {
    name: "Btn-Nav-List"
    id: 690014272
    sourceid: 690014319
    transform {
      anchorPoint {
        x: 117
        y: 35
        z: 0
      }
      scale {
        x: 1
        y: 1
        z: 1
      }
      position {
        x: 225
        y: 30
        z: 0
      }
      orientation {
        x: 0
        y: 0
        z: 0
      }
      rotationX: 0
      rotationY: 0
      rotationZ: 0
      opacity: 1
    }
    acceptsshadows: true
    acceptslights: true
    castsshadows: false
    properties {
      key: "placeholder"
      value: "true"
    }
  }
  classname: "CYIListView"
  bgcolor {
    alpha: 1
    red: 0
    green: 0
    blue: 0
  }
  properties {
    key: "componentSubtype"
    value: "streaming"
  }
  properties {
    key: "componentType"
    value: "list"
  }
  properties {
    key: "useComponentScrollingView"
    value: "true"
  }
  properties {
    key: "insert-after-layer-id"
    value: "-1"
  }
  childtemplates: "Auryn_Btn-Nav-List"
}
sources {
  uid: 690014319
  srctype: AE_COMP_SRC
  name: "Auryn_Btn-Nav-List.layout"
  width: 234
  height: 70
  copy_source: true
}
