activecomp {
  name: "Auryn_Live-Asset"
  width: 848
  height: 233
  defaultcameradistance: 1177.7778
  layer {
    name: "Background"
    id: 690012635
    sourceid: 690015329
    transform {
      anchorPoint {
        x: 424
        y: 116.5
        z: 0
      }
      scale {
        x: 1
        y: 1
        z: 1
      }
      position {
        x: 0
        y: 0
        z: 0
      }
      orientation {
        x: 0
        y: 0
        z: 0
      }
      rotationX: 0
      rotationY: 0
      rotationZ: 0
      opacity: 1
    }
    acceptsshadows: true
    acceptslights: true
    castsshadows: false
    parentid: 690012644
  }
  layer {
    name: "Live-Gradient.png"
    id: 690012636
    sourceid: 690015331
    transform {
      anchorPoint {
        x: 424
        y: 0.5
        z: 0
      }
      scale {
        x: 1
        y: 233
        z: 1
      }
      position {
        x: 853
        y: 0
        z: 0
      }
      orientation {
        x: 0
        y: 0
        z: 0
      }
      rotationX: 0
      rotationY: 0
      rotationZ: 0
      opacity: 1
    }
    acceptsshadows: true
    acceptslights: true
    castsshadows: false
    parentid: 690012644
  }
  layer {
    name: "Circle.png"
    id: 690012637
    sourceid: 690015785
    transform {
      anchorPoint {
        x: 48
        y: 48
        z: 0
      }
      scale {
        x: 1
        y: 1
        z: 1
      }
      position {
        x: 6.5
        y: 13.019351
        z: 0
      }
      orientation {
        x: 0
        y: 0
        z: 0
      }
      rotationX: 0
      rotationY: 0
      rotationZ: 0
      opacity: 1
    }
    acceptsshadows: true
    acceptslights: true
    castsshadows: false
    parentid: 690012640
  }
  layer {
    name: "Progress-Bar"
    id: 690012638
    sourceid: 690012736
    transform {
      anchorPoint {
        x: 48
        y: 48
        z: 0
      }
      scale {
        x: 1
        y: 1
        z: 1
      }
      position {
        x: 312.939
        y: 0.010167369
        z: 0
      }
      orientation {
        x: 0
        y: 0
        z: 0
      }
      rotationX: 0
      rotationY: 0
      rotationZ: 0
      opacity: 0.5
    }
    acceptsshadows: true
    acceptslights: true
    castsshadows: false
    parentid: 690012644
  }
  layer {
    name: "Live-PlayIcon.png"
    id: 690012639
    sourceid: 690015531
    transform {
      anchorPoint {
        x: 46
        y: 46
        z: 0
      }
      scale {
        x: 1
        y: 1
        z: 1
      }
      position {
        x: 312
        y: 0.48064861
        z: 0
      }
      orientation {
        x: 0
        y: 0
        z: 0
      }
      rotationX: 0
      rotationY: 0
      rotationZ: 0
      opacity: 1
    }
    acceptsshadows: true
    acceptslights: true
    castsshadows: false
    parentid: 690012644
  }
  layer {
    name: "Live-PlayIcon-Focused.png"
    id: 690012640
    sourceid: 690015530
    transform {
      anchorPoint {
        x: 8
        y: 13
        z: 0
      }
      scale {
        x: 1
        y: 1
        z: 1
      }
      position {
        x: 314.5
        y: 0.48064861
        z: 0
      }
      orientation {
        x: 0
        y: 0
        z: 0
      }
      rotationX: 0
      rotationY: 0
      rotationZ: 0
      opacity: 0.05
    }
    acceptsshadows: true
    acceptslights: true
    castsshadows: false
    parentid: 690012644
  }
  layer {
    name: "Image-Dynamic-Live-Asset"
    id: 690012641
    sourceid: 690012646
    transform {
      anchorPoint {
        x: 77
        y: 116.5
        z: 0
      }
      scale {
        x: 1
        y: 1
        z: 1
      }
      position {
        x: -347
        y: 0
        z: 0
      }
      orientation {
        x: 0
        y: 0
        z: 0
      }
      rotationX: 0
      rotationY: 0
      rotationZ: 0
      opacity: 0.6
    }
    acceptsshadows: true
    acceptslights: true
    castsshadows: false
    parentid: 690012644
  }
  layer {
    name: "Metadata"
    id: 690012642
    sourceid: 690012711
    transform {
      anchorPoint {
        x: 200
        y: 25
        z: 0
      }
      scale {
        x: 1
        y: 1
        z: 1
      }
      position {
        x: 348
        y: 179.5
        z: 0
      }
      orientation {
        x: 0
        y: 0
        z: 0
      }
      rotationX: 0
      rotationY: 0
      rotationZ: 0
      opacity: 1
    }
    acceptsshadows: true
    acceptslights: true
    castsshadows: false
  }
  layer {
    name: "Container-Details"
    id: 690012643
    sourceid: 690015536
    transform {
      anchorPoint {
        x: 317.5
        y: 58.5
        z: 0
      }
      scale {
        x: 1
        y: 1
        z: 1
      }
      position {
        x: 463.5
        y: 101.5
        z: 0
      }
      orientation {
        x: 0
        y: 0
        z: 0
      }
      rotationX: 0
      rotationY: 0
      rotationZ: 0
      opacity: 1
    }
    acceptsshadows: true
    acceptslights: true
    castsshadows: false
  }
  layer {
    name: "SCALE"
    id: 690012644
    sourceid: 690012838
    transform {
      anchorPoint {
        x: 0
        y: 0
        z: 0
      }
      scale {
        x: 1
        y: 1
        z: 1
      }
      position {
        x: 424
        y: 116.5
        z: 0
      }
      orientation {
        x: 0
        y: 0
        z: 0
      }
      rotationX: 0
      rotationY: 0
      rotationZ: 0
      opacity: 1
    }
    acceptsshadows: true
    acceptslights: true
    castsshadows: false
  }
  classname: "CYIPushButtonView"
  bgcolor {
    alpha: 1
    red: 0.086274509803921567
    green: 0.11372549019607843
    blue: 0.14509803921568629
  }
  properties {
    key: "clip"
    value: "true"
  }
  properties {
    key: "componentSubtype"
    value: "push"
  }
  properties {
    key: "componentType"
    value: "button"
  }
  childtemplates: "Auryn_Progress-Bar"
  childtemplates: "Auryn_Image-Dynamic-Live-Asset"
  childtemplates: "Auryn_Metadata"
  childtemplates: "Auryn_Container-Details"
}
sources {
  uid: 690015329
  srctype: AE_SOLID_SRC
  color {
    alpha: 1
    red: 0
    green: 0
    blue: 0
  }
  width: 848
  height: 233
  copy_source: false
}
sources {
  uid: 690015331
  srctype: AE_IMAGE_SRC
  name: "Live-Gradient.png"
  width: 848
  height: 1
  numberOfFrames: 1
  fps: 0
  loops: 1
  copy_source: true
}
sources {
  uid: 690015785
  srctype: AE_IMAGE_SRC
  name: "Circle.png"
  width: 96
  height: 96
  numberOfFrames: 1
  fps: 0
  loops: 1
  copy_source: true
}
sources {
  uid: 690012736
  srctype: AE_COMP_SRC
  name: "Auryn_Progress-Bar.layout"
  width: 96
  height: 96
  copy_source: true
}
sources {
  uid: 690015531
  srctype: AE_IMAGE_SRC
  name: "Live-PlayIcon.png"
  width: 92
  height: 92
  numberOfFrames: 1
  fps: 0
  loops: 1
  copy_source: true
}
sources {
  uid: 690015530
  srctype: AE_IMAGE_SRC
  name: "Live-PlayIcon-Focused.png"
  width: 16
  height: 26
  numberOfFrames: 1
  fps: 0
  loops: 1
  copy_source: true
}
sources {
  uid: 690012646
  srctype: AE_COMP_SRC
  name: "Auryn_Image-Dynamic-Live-Asset.layout"
  width: 154
  height: 233
  copy_source: true
}
sources {
  uid: 690012711
  srctype: AE_COMP_SRC
  name: "Auryn_Metadata.layout"
  width: 400
  height: 50
  copy_source: true
}
sources {
  uid: 690015536
  srctype: AE_COMP_SRC
  name: "Auryn_Container-Details.layout"
  width: 635
  height: 117
  copy_source: true
}
sources {
  uid: 690012838
  srctype: AE_NULL_SRC
  width: 100
  height: 100
  copy_source: false
}
