activecomp {
  name: "Auryn_Live-Indicator"
  width: 100
  height: 40
  defaultcameradistance: 138.88889
  layer {
    name: "Live-Icon"
    id: 690012750
    sourceid: 690012765
    transform {
      anchorPoint {
        x: 17.5
        y: 17.5
        z: 0
      }
      scale {
        x: 1
        y: 1
        z: 1
      }
      position {
        x: 20.75
        y: 20
        z: 0
      }
      orientation {
        x: 0
        y: 0
        z: 0
      }
      rotationX: 0
      rotationY: 0
      rotationZ: 0
      opacity: 1
    }
    acceptsshadows: true
    acceptslights: true
    castsshadows: false
  }
  layer {
    name: "LIVE"
    id: 690012751
    sourceid: -1
    transform {
      anchorPoint {
        x: 32
        y: 14.59991
        z: 0
      }
      scale {
        x: 1
        y: 1
        z: 1
      }
      position {
        x: 61.5
        y: 27.1
        z: 0
      }
      orientation {
        x: 0
        y: 0
        z: 0
      }
      rotationX: 0
      rotationY: 0
      rotationZ: 0
      opacity: 1
    }
    acceptsshadows: true
    acceptslights: true
    castsshadows: false
    textinfo {
      justification: AE_TEXT_CENTER
      fontSize: 20
      fontColor {
        alpha: 1
        red: 0.94510000944137573
        green: 0.94510000944137573
        blue: 0.94510000944137573
      }
      fontName: "Montserrat-Bold"
      isPointText: false
      boundsWidth: 64
      boundsHeight: 17
      isLabel: true
      text: "LIVE"
      multiline: true
      isAllCaps: false
    }
  }
  bgcolor {
    alpha: 1
    red: 0.086274509803921567
    green: 0.11372549019607843
    blue: 0.14509803921568629
  }
  childtemplates: "Auryn_Live-Icon"
}
sources {
  uid: 690012765
  srctype: AE_COMP_SRC
  name: "Auryn_Live-Icon.layout"
  width: 35
  height: 35
  copy_source: true
}
sources {
  uid: 2
  srctype: AE_FONT_SRC
  name: "Montserrat-Bold"
  copy_source: true
  file_name: "yi_Montserrat-Bold.otf"
  style_name: "Bold"
}
