activecomp {
  name: "Auryn_Btn-Featured-Tile"
  width: 970
  height: 550
  defaultcameradistance: 1347.2222
  layer {
    name: "Red Solid 29"
    id: 690012560
    sourceid: 690012572
    transform {
      anchorPoint {
        x: 485
        y: 275
        z: 0
      }
      scale {
        x: 1
        y: 1
        z: 1
      }
      position {
        x: 485
        y: 275
        z: 0
      }
      orientation {
        x: 0
        y: 0
        z: 0
      }
      rotationX: 0
      rotationY: 0
      rotationZ: 0
      opacity: 0
    }
    acceptsshadows: true
    acceptslights: true
    castsshadows: false
  }
  layer {
    name: "Image-Dynamic-16x9"
    id: 690012561
    sourceid: 690012547
    transform {
      anchorPoint {
        x: 480.5
        y: 270
        z: 0
      }
      scale {
        x: 1
        y: 1
        z: 1
      }
      position {
        x: 485
        y: 275
        z: 0
      }
      orientation {
        x: 0
        y: 0
        z: 0
      }
      rotationX: 0
      rotationY: 0
      rotationZ: 0
      opacity: 1
    }
    acceptsshadows: true
    acceptslights: true
    castsshadows: false
  }
  layer {
    name: "Featured-Tile-Gradient-TV.png"
    id: 690012562
    sourceid: 690012627
    transform {
      anchorPoint {
        x: 480.5
        y: 197
        z: 0
      }
      scale {
        x: 1
        y: 1
        z: 1
      }
      position {
        x: 485
        y: 348
        z: 0
      }
      orientation {
        x: 0
        y: 0
        z: 0
      }
      rotationX: 0
      rotationY: 0
      rotationZ: 0
      opacity: 1
    }
    acceptsshadows: true
    acceptslights: true
    castsshadows: false
  }
  layer {
    name: "Details"
    id: 690012563
    sourceid: 690012596
    transform {
      anchorPoint {
        x: 250
        y: 25
        z: 0
      }
      scale {
        x: 1
        y: 1
        z: 1
      }
      position {
        x: 250
        y: 512
        z: 0
      }
      orientation {
        x: 0
        y: 0
        z: 0
      }
      rotationX: 0
      rotationY: 0
      rotationZ: 0
      opacity: 1
    }
    acceptsshadows: true
    acceptslights: true
    castsshadows: false
  }
  layer {
    name: "Text-Title"
    id: 690012564
    sourceid: -1
    transform {
      anchorPoint {
        x: 0.67199707
        y: 37.5
        z: 0
      }
      scale {
        x: 1
        y: 1
        z: 1
      }
      position {
        x: 30
        y: 485.5
        z: 0
      }
      orientation {
        x: 0
        y: 0
        z: 0
      }
      rotationX: 0
      rotationY: 0
      rotationZ: 0
      opacity: 1
    }
    acceptsshadows: true
    acceptslights: true
    castsshadows: false
    textinfo {
      justification: AE_TEXT_LEFT
      fontSize: 48
      fontColor {
        alpha: 1
        red: 1
        green: 1
        blue: 1
      }
      fontName: "Montserrat-Bold"
      isPointText: false
      boundsWidth: 953
      boundsHeight: 54
      isLabel: true
      text: ""
      multiline: true
      ellipsis: true
      isAllCaps: false
    }
    properties {
      key: "text-placeholder"
      value: "true"
    }
    properties {
      key: "text-overflow"
      value: "ellipsis"
    }
  }
  classname: "CYIPushButtonView"
  bgcolor {
    alpha: 1
    red: 0.086274509803921567
    green: 0.11372549019607843
    blue: 0.14509803921568629
  }
  properties {
    key: "componentSubtype"
    value: "push"
  }
  properties {
    key: "componentType"
    value: "button"
  }
  childtemplates: "Auryn_Image-Dynamic-16x9"
  childtemplates: "Auryn_Details"
}
sources {
  uid: 690012572
  srctype: AE_SOLID_SRC
  color {
    alpha: 1
    red: 0.92549020051956177
    green: 0.10980392247438431
    blue: 0.14117647707462311
  }
  width: 970
  height: 550
  copy_source: false
}
sources {
  uid: 690012547
  srctype: AE_COMP_SRC
  name: "Auryn_Image-Dynamic-16x9.layout"
  width: 961
  height: 540
  copy_source: true
}
sources {
  uid: 690012627
  srctype: AE_IMAGE_SRC
  name: "Featured-Tile-Gradient-TV.png"
  width: 961
  height: 394
  numberOfFrames: 1
  fps: 0
  loops: 1
  copy_source: true
}
sources {
  uid: 690012596
  srctype: AE_COMP_SRC
  name: "Auryn_Details.layout"
  width: 500
  height: 50
  copy_source: true
}
sources {
  uid: 5
  srctype: AE_FONT_SRC
  name: "Montserrat-Bold"
  copy_source: true
  file_name: "yi_Montserrat-Bold.otf"
  style_name: "Bold"
}
