activecomp {
  name: "Auryn_Search"
  width: 1920
  height: 1080
  defaultcameradistance: 2666.6667
  layer {
    name: "List-Movies"
    id: 743
    sourceid: 360
    transform {
      anchorPoint {
        x: 960
        y: 200
        z: 0
      }
      scale {
        x: 1
        y: 1
        z: 1
      }
      position {
        x: 960
        y: 644
        z: 0
      }
      orientation {
        x: 0
        y: 0
        z: 0
      }
      rotationX: 0
      rotationY: 0
      rotationZ: 0
      opacity: 0
    }
    acceptsshadows: true
    acceptslights: true
    castsshadows: false
    parentid: 750
  }
  layer {
    name: "Popular Movies"
    id: 744
    sourceid: -1
    transform {
      anchorPoint {
        x: 440
        y: 60
        z: 0
      }
      scale {
        x: 1
        y: 1
        z: 1
      }
      position {
        x: 537.72
        y: 452.28012
        z: 0
      }
      orientation {
        x: 0
        y: 0
        z: 0
      }
      rotationX: 0
      rotationY: 0
      rotationZ: 0
      opacity: 0
    }
    acceptsshadows: true
    acceptslights: true
    castsshadows: false
    textinfo {
      justification: AE_TEXT_LEFT
      fontSize: 36
      fontColor {
        alpha: 1
        red: 1
        green: 1
        blue: 1
      }
      fontName: "Raleway-Medium"
      isPointText: false
      boundsWidth: 880
      boundsHeight: 68
      isLabel: true
      text: "Popular Movies"
      multiline: true
      isAllCaps: false
    }
    parentid: 750
  }
  layer {
    name: "List-PDP"
    id: 745
    sourceid: 360
    transform {
      anchorPoint {
        x: 960
        y: 200
        z: 0
      }
      scale {
        x: 1
        y: 1
        z: 1
      }
      position {
        x: 960
        y: 250
        z: 0
      }
      orientation {
        x: 0
        y: 0
        z: 0
      }
      rotationX: 0
      rotationY: 0
      rotationZ: 0
      opacity: 0
    }
    acceptsshadows: true
    acceptslights: true
    castsshadows: false
    parentid: 750
  }
  layer {
    name: "Popular Shows 2"
    id: 746
    sourceid: -1
    transform {
      anchorPoint {
        x: 440
        y: 60
        z: 0
      }
      scale {
        x: 1
        y: 1
        z: 1
      }
      position {
        x: 537.72
        y: 58.280121
        z: 0
      }
      orientation {
        x: 0
        y: 0
        z: 0
      }
      rotationX: 0
      rotationY: 0
      rotationZ: 0
      opacity: 0
    }
    acceptsshadows: true
    acceptslights: true
    castsshadows: false
    textinfo {
      justification: AE_TEXT_LEFT
      fontSize: 36
      fontColor {
        alpha: 1
        red: 1
        green: 1
        blue: 1
      }
      fontName: "Raleway-Medium"
      isPointText: false
      boundsWidth: 880
      boundsHeight: 68
      isLabel: true
      text: "Popular Shows"
      multiline: true
      isAllCaps: false
    }
    parentid: 750
  }
  layer {
    name: "TextInput"
    id: 747
    sourceid: 1023
    transform {
      anchorPoint {
        x: 512
        y: 37
        z: 0
      }
      scale {
        x: 1
        y: 1
        z: 1
      }
      position {
        x: 50
        y: -110
        z: 0
      }
      orientation {
        x: 0
        y: 0
        z: 0
      }
      rotationX: 0
      rotationY: 0
      rotationZ: 0
      opacity: 0
    }
    acceptsshadows: true
    acceptslights: true
    castsshadows: false
    parentid: 749
  }
  layer {
    name: "Btn-Back"
    id: 748
    sourceid: 690011939
    transform {
      anchorPoint {
        x: 50
        y: 50
        z: 0
      }
      scale {
        x: 1
        y: 1
        z: 1
      }
      position {
        x: 45
        y: -113
        z: 0
      }
      orientation {
        x: 0
        y: 0
        z: 0
      }
      rotationX: 0
      rotationY: 0
      rotationZ: 0
      opacity: 1
    }
    acceptsshadows: true
    acceptslights: true
    castsshadows: false
    parentid: 751
  }
  layer {
    name: "ScaleWidthPropCenterAnchor"
    id: 749
    sourceid: 690011406
    transform {
      anchorPoint {
        x: 50
        y: 50
        z: 0
      }
      scale {
        x: 1
        y: 1
        z: 1
      }
      position {
        x: 960
        y: 540
        z: 0
      }
      orientation {
        x: 0
        y: 0
        z: 0
      }
      rotationX: 0
      rotationY: 0
      rotationZ: 0
      opacity: 1
    }
    acceptsshadows: true
    acceptslights: true
    castsshadows: false
  }
  layer {
    name: "ScaleWidthPropLeftAnchor"
    id: 750
    sourceid: 690011406
    transform {
      anchorPoint {
        x: 0
        y: 50
        z: 0
      }
      scale {
        x: 1
        y: 1
        z: 1
      }
      position {
        x: 0
        y: 540
        z: 0
      }
      orientation {
        x: 0
        y: 0
        z: 0
      }
      rotationX: 0
      rotationY: 0
      rotationZ: 0
      opacity: 1
    }
    acceptsshadows: true
    acceptslights: true
    castsshadows: false
  }
  layer {
    name: "ScaleWidthPropTopRightAnchor"
    id: 751
    sourceid: 690011406
    transform {
      anchorPoint {
        x: 100
        y: 0
        z: 0
      }
      scale {
        x: 1
        y: 1
        z: 1
      }
      position {
        x: 1920
        y: 0
        z: 0
      }
      orientation {
        x: 0
        y: 0
        z: 0
      }
      rotationX: 0
      rotationY: 0
      rotationZ: 0
      opacity: 1
    }
    acceptsshadows: true
    acceptslights: true
    castsshadows: false
  }
  bgcolor {
    alpha: 1
    red: 0.086274509803921567
    green: 0.11372549019607843
    blue: 0.14509803921568629
  }
  properties {
    key: "gravity"
    value: "left"
  }
  properties {
    key: "rows"
    value: "2"
  }
  childtemplates: "Auryn_List-PDP"
  childtemplates: "Auryn_TextInput"
  childtemplates: "Auryn_Btn-Back"
}
sources {
  uid: 360
  srctype: AE_COMP_SRC
  name: "Auryn_List-PDP.layout"
  width: 1920
  height: 400
  copy_source: true
}
sources {
  uid: 2
  srctype: AE_FONT_SRC
  name: "Raleway-Medium"
  copy_source: true
  file_name: "yi_Raleway-Medium.otf"
  style_name: "Medium"
}
sources {
  uid: 1023
  srctype: AE_COMP_SRC
  name: "Auryn_TextInput.layout"
  width: 1024
  height: 74
  copy_source: true
}
sources {
  uid: 690011939
  srctype: AE_COMP_SRC
  name: "Auryn_Btn-Back.layout"
  width: 100
  height: 100
  copy_source: true
}
sources {
  uid: 690011406
  srctype: AE_NULL_SRC
  width: 100
  height: 100
  copy_source: false
}
