tracks {
  binding: IS_VISIBLE
  targetid: 342
  targetname: "Gradient-PDP.png"
  keytimes {
    datatype: AE_INT_DATA
    timeOffset: 0
    inttype: AE_INTERP_HOLD
    ivalue1: 1
  }
}
tracks {
  binding: IS_VISIBLE
  targetid: 343
  targetname: "Layout-PDP-Meta-Body"
  keytimes {
    datatype: AE_INT_DATA
    timeOffset: 0
    inttype: AE_INTERP_HOLD
    ivalue1: 1
  }
}
tracks {
  binding: IS_VISIBLE
  targetid: 344
  targetname: "Text-Title"
  keytimes {
    datatype: AE_INT_DATA
    timeOffset: 0
    inttype: AE_INTERP_HOLD
    ivalue1: 1
  }
}
tracks {
  binding: OPACITY
  targetid: 344
  targetname: "Text-Title"
  keytimes {
    datatype: AE_FLOAT_DATA
    timeOffset: 0
    inttype: AE_INTERP_LINEAR
    fvalue1: 0
  }
  keytimes {
    datatype: AE_FLOAT_DATA
    timeOffset: 0.5
    inttype: AE_INTERP_LINEAR
    fvalue1: 0
  }
  keytimes {
    datatype: AE_FLOAT_DATA
    timeOffset: 0.51666
    inttype: AE_INTERP_LINEAR
    fvalue1: 0.00087904179
    isCookedKeytime: true
  }
  keytimes {
    datatype: AE_FLOAT_DATA
    timeOffset: 0.53331995
    inttype: AE_INTERP_LINEAR
    fvalue1: 0.0037387344
    isCookedKeytime: true
  }
  keytimes {
    datatype: AE_FLOAT_DATA
    timeOffset: 0.54997993
    inttype: AE_INTERP_LINEAR
    fvalue1: 0.0089863427
    isCookedKeytime: true
  }
  keytimes {
    datatype: AE_FLOAT_DATA
    timeOffset: 0.5666399
    inttype: AE_INTERP_LINEAR
    fvalue1: 0.017157584
    isCookedKeytime: true
  }
  keytimes {
    datatype: AE_FLOAT_DATA
    timeOffset: 0.58329988
    inttype: AE_INTERP_LINEAR
    fvalue1: 0.028968958
    isCookedKeytime: true
  }
  keytimes {
    datatype: AE_FLOAT_DATA
    timeOffset: 0.59995985
    inttype: AE_INTERP_LINEAR
    fvalue1: 0.045391418
    isCookedKeytime: true
  }
  keytimes {
    datatype: AE_FLOAT_DATA
    timeOffset: 0.61661983
    inttype: AE_INTERP_LINEAR
    fvalue1: 0.067743681
    isCookedKeytime: true
  }
  keytimes {
    datatype: AE_FLOAT_DATA
    timeOffset: 0.6332798
    inttype: AE_INTERP_LINEAR
    fvalue1: 0.097768612
    isCookedKeytime: true
  }
  keytimes {
    datatype: AE_FLOAT_DATA
    timeOffset: 0.64993978
    inttype: AE_INTERP_LINEAR
    fvalue1: 0.13753118
    isCookedKeytime: true
  }
  keytimes {
    datatype: AE_FLOAT_DATA
    timeOffset: 0.66659975
    inttype: AE_INTERP_LINEAR
    fvalue1: 0.18867412
    isCookedKeytime: true
  }
  keytimes {
    datatype: AE_FLOAT_DATA
    timeOffset: 0.68325973
    inttype: AE_INTERP_LINEAR
    fvalue1: 0.25046641
    isCookedKeytime: true
  }
  keytimes {
    datatype: AE_FLOAT_DATA
    timeOffset: 0.71657968
    inttype: AE_INTERP_LINEAR
    fvalue1: 0.38436663
    isCookedKeytime: true
  }
  keytimes {
    datatype: AE_FLOAT_DATA
    timeOffset: 0.73323965
    inttype: AE_INTERP_LINEAR
    fvalue1: 0.44497874
    isCookedKeytime: true
  }
  keytimes {
    datatype: AE_FLOAT_DATA
    timeOffset: 0.74989963
    inttype: AE_INTERP_LINEAR
    fvalue1: 0.4985323
    isCookedKeytime: true
  }
  keytimes {
    datatype: AE_FLOAT_DATA
    timeOffset: 0.7665596
    inttype: AE_INTERP_LINEAR
    fvalue1: 0.54545271
    isCookedKeytime: true
  }
  keytimes {
    datatype: AE_FLOAT_DATA
    timeOffset: 0.78321958
    inttype: AE_INTERP_LINEAR
    fvalue1: 0.58666962
    isCookedKeytime: true
  }
  keytimes {
    datatype: AE_FLOAT_DATA
    timeOffset: 0.79987955
    inttype: AE_INTERP_LINEAR
    fvalue1: 0.6231119
    isCookedKeytime: true
  }
  keytimes {
    datatype: AE_FLOAT_DATA
    timeOffset: 0.81653953
    inttype: AE_INTERP_LINEAR
    fvalue1: 0.6555686
    isCookedKeytime: true
  }
  keytimes {
    datatype: AE_FLOAT_DATA
    timeOffset: 0.8331995
    inttype: AE_INTERP_LINEAR
    fvalue1: 0.68467665
    isCookedKeytime: true
  }
  keytimes {
    datatype: AE_FLOAT_DATA
    timeOffset: 0.84985948
    inttype: AE_INTERP_LINEAR
    fvalue1: 0.7109437
    isCookedKeytime: true
  }
  keytimes {
    datatype: AE_FLOAT_DATA
    timeOffset: 0.86651945
    inttype: AE_INTERP_LINEAR
    fvalue1: 0.73477507
    isCookedKeytime: true
  }
  keytimes {
    datatype: AE_FLOAT_DATA
    timeOffset: 0.88317943
    inttype: AE_INTERP_LINEAR
    fvalue1: 0.75649697
    isCookedKeytime: true
  }
  keytimes {
    datatype: AE_FLOAT_DATA
    timeOffset: 0.8998394
    inttype: AE_INTERP_LINEAR
    fvalue1: 0.77637434
    isCookedKeytime: true
  }
  keytimes {
    datatype: AE_FLOAT_DATA
    timeOffset: 0.91649938
    inttype: AE_INTERP_LINEAR
    fvalue1: 0.79462487
    isCookedKeytime: true
  }
  keytimes {
    datatype: AE_FLOAT_DATA
    timeOffset: 0.93315935
    inttype: AE_INTERP_LINEAR
    fvalue1: 0.81142938
    isCookedKeytime: true
  }
  keytimes {
    datatype: AE_FLOAT_DATA
    timeOffset: 0.94981933
    inttype: AE_INTERP_LINEAR
    fvalue1: 0.82693934
    isCookedKeytime: true
  }
  keytimes {
    datatype: AE_FLOAT_DATA
    timeOffset: 0.9664793
    inttype: AE_INTERP_LINEAR
    fvalue1: 0.84128278
    isCookedKeytime: true
  }
  keytimes {
    datatype: AE_FLOAT_DATA
    timeOffset: 0.98313928
    inttype: AE_INTERP_LINEAR
    fvalue1: 0.85456932
    isCookedKeytime: true
  }
  keytimes {
    datatype: AE_FLOAT_DATA
    timeOffset: 0.99979925
    inttype: AE_INTERP_LINEAR
    fvalue1: 0.86689305
    isCookedKeytime: true
  }
  keytimes {
    datatype: AE_FLOAT_DATA
    timeOffset: 1.0164592
    inttype: AE_INTERP_LINEAR
    fvalue1: 0.87833548
    isCookedKeytime: true
  }
  keytimes {
    datatype: AE_FLOAT_DATA
    timeOffset: 1.0331192
    inttype: AE_INTERP_LINEAR
    fvalue1: 0.88896787
    isCookedKeytime: true
  }
  keytimes {
    datatype: AE_FLOAT_DATA
    timeOffset: 1.0497792
    inttype: AE_INTERP_LINEAR
    fvalue1: 0.89885259
    isCookedKeytime: true
  }
  keytimes {
    datatype: AE_FLOAT_DATA
    timeOffset: 1.0664392
    inttype: AE_INTERP_LINEAR
    fvalue1: 0.90804482
    isCookedKeytime: true
  }
  keytimes {
    datatype: AE_FLOAT_DATA
    timeOffset: 1.0830991
    inttype: AE_INTERP_LINEAR
    fvalue1: 0.91659355
    isCookedKeytime: true
  }
  keytimes {
    datatype: AE_FLOAT_DATA
    timeOffset: 1.0997591
    inttype: AE_INTERP_LINEAR
    fvalue1: 0.92454231
    isCookedKeytime: true
  }
  keytimes {
    datatype: AE_FLOAT_DATA
    timeOffset: 1.1164191
    inttype: AE_INTERP_LINEAR
    fvalue1: 0.9319303
    isCookedKeytime: true
  }
  keytimes {
    datatype: AE_FLOAT_DATA
    timeOffset: 1.1330791
    inttype: AE_INTERP_LINEAR
    fvalue1: 0.93879271
    isCookedKeytime: true
  }
  keytimes {
    datatype: AE_FLOAT_DATA
    timeOffset: 1.149739
    inttype: AE_INTERP_LINEAR
    fvalue1: 0.94516128
    isCookedKeytime: true
  }
  keytimes {
    datatype: AE_FLOAT_DATA
    timeOffset: 1.166399
    inttype: AE_INTERP_LINEAR
    fvalue1: 0.95106477
    isCookedKeytime: true
  }
  keytimes {
    datatype: AE_FLOAT_DATA
    timeOffset: 1.183059
    inttype: AE_INTERP_LINEAR
    fvalue1: 0.95652938
    isCookedKeytime: true
  }
  keytimes {
    datatype: AE_FLOAT_DATA
    timeOffset: 1.199719
    inttype: AE_INTERP_LINEAR
    fvalue1: 0.96157908
    isCookedKeytime: true
  }
  keytimes {
    datatype: AE_FLOAT_DATA
    timeOffset: 1.2163789
    inttype: AE_INTERP_LINEAR
    fvalue1: 0.96623564
    isCookedKeytime: true
  }
  keytimes {
    datatype: AE_FLOAT_DATA
    timeOffset: 1.2330389
    inttype: AE_INTERP_LINEAR
    fvalue1: 0.97051919
    isCookedKeytime: true
  }
  keytimes {
    datatype: AE_FLOAT_DATA
    timeOffset: 1.2496989
    inttype: AE_INTERP_LINEAR
    fvalue1: 0.97444814
    isCookedKeytime: true
  }
  keytimes {
    datatype: AE_FLOAT_DATA
    timeOffset: 1.2663589
    inttype: AE_INTERP_LINEAR
    fvalue1: 0.97803962
    isCookedKeytime: true
  }
  keytimes {
    datatype: AE_FLOAT_DATA
    timeOffset: 1.2830188
    inttype: AE_INTERP_LINEAR
    fvalue1: 0.98130929
    isCookedKeytime: true
  }
  keytimes {
    datatype: AE_FLOAT_DATA
    timeOffset: 1.2996788
    inttype: AE_INTERP_LINEAR
    fvalue1: 0.98427171
    isCookedKeytime: true
  }
  keytimes {
    datatype: AE_FLOAT_DATA
    timeOffset: 1.3163388
    inttype: AE_INTERP_LINEAR
    fvalue1: 0.98694056
    isCookedKeytime: true
  }
  keytimes {
    datatype: AE_FLOAT_DATA
    timeOffset: 1.3329988
    inttype: AE_INTERP_LINEAR
    fvalue1: 0.98932832
    isCookedKeytime: true
  }
  keytimes {
    datatype: AE_FLOAT_DATA
    timeOffset: 1.3496587
    inttype: AE_INTERP_LINEAR
    fvalue1: 0.99144685
    isCookedKeytime: true
  }
  keytimes {
    datatype: AE_FLOAT_DATA
    timeOffset: 1.3663187
    inttype: AE_INTERP_LINEAR
    fvalue1: 0.99330705
    isCookedKeytime: true
  }
  keytimes {
    datatype: AE_FLOAT_DATA
    timeOffset: 1.3829787
    inttype: AE_INTERP_LINEAR
    fvalue1: 0.99491918
    isCookedKeytime: true
  }
  keytimes {
    datatype: AE_FLOAT_DATA
    timeOffset: 1.3996387
    inttype: AE_INTERP_LINEAR
    fvalue1: 0.99629295
    isCookedKeytime: true
  }
  keytimes {
    datatype: AE_FLOAT_DATA
    timeOffset: 1.4162986
    inttype: AE_INTERP_LINEAR
    fvalue1: 0.9974373
    isCookedKeytime: true
  }
  keytimes {
    datatype: AE_FLOAT_DATA
    timeOffset: 1.4329586
    inttype: AE_INTERP_LINEAR
    fvalue1: 0.99836075
    isCookedKeytime: true
  }
  keytimes {
    datatype: AE_FLOAT_DATA
    timeOffset: 1.4496186
    inttype: AE_INTERP_LINEAR
    fvalue1: 0.9990713
    isCookedKeytime: true
  }
  keytimes {
    datatype: AE_FLOAT_DATA
    timeOffset: 1.4662786
    inttype: AE_INTERP_LINEAR
    fvalue1: 0.99957651
    isCookedKeytime: true
  }
  keytimes {
    datatype: AE_FLOAT_DATA
    timeOffset: 1.4829385
    inttype: AE_INTERP_LINEAR
    fvalue1: 0.99988341
    isCookedKeytime: true
  }
  keytimes {
    datatype: AE_FLOAT_DATA
    timeOffset: 1.5
    inttype: AE_INTERP_LINEAR
    fvalue1: 1
  }
  trackName: "Opacity"
}
tracks {
  binding: IS_VISIBLE
  targetid: 345
  targetname: "Text-Metadata"
  keytimes {
    datatype: AE_INT_DATA
    timeOffset: 0
    inttype: AE_INTERP_HOLD
    ivalue1: 1
  }
}
tracks {
  binding: OPACITY
  targetid: 345
  targetname: "Text-Metadata"
  keytimes {
    datatype: AE_FLOAT_DATA
    timeOffset: 0
    inttype: AE_INTERP_LINEAR
    fvalue1: 0
  }
  keytimes {
    datatype: AE_FLOAT_DATA
    timeOffset: 0.5
    inttype: AE_INTERP_LINEAR
    fvalue1: 0
  }
  keytimes {
    datatype: AE_FLOAT_DATA
    timeOffset: 0.51666
    inttype: AE_INTERP_LINEAR
    fvalue1: 0.00087904179
    isCookedKeytime: true
  }
  keytimes {
    datatype: AE_FLOAT_DATA
    timeOffset: 0.53331995
    inttype: AE_INTERP_LINEAR
    fvalue1: 0.0037387344
    isCookedKeytime: true
  }
  keytimes {
    datatype: AE_FLOAT_DATA
    timeOffset: 0.54997993
    inttype: AE_INTERP_LINEAR
    fvalue1: 0.0089863427
    isCookedKeytime: true
  }
  keytimes {
    datatype: AE_FLOAT_DATA
    timeOffset: 0.5666399
    inttype: AE_INTERP_LINEAR
    fvalue1: 0.017157584
    isCookedKeytime: true
  }
  keytimes {
    datatype: AE_FLOAT_DATA
    timeOffset: 0.58329988
    inttype: AE_INTERP_LINEAR
    fvalue1: 0.028968958
    isCookedKeytime: true
  }
  keytimes {
    datatype: AE_FLOAT_DATA
    timeOffset: 0.59995985
    inttype: AE_INTERP_LINEAR
    fvalue1: 0.045391418
    isCookedKeytime: true
  }
  keytimes {
    datatype: AE_FLOAT_DATA
    timeOffset: 0.61661983
    inttype: AE_INTERP_LINEAR
    fvalue1: 0.067743681
    isCookedKeytime: true
  }
  keytimes {
    datatype: AE_FLOAT_DATA
    timeOffset: 0.6332798
    inttype: AE_INTERP_LINEAR
    fvalue1: 0.097768612
    isCookedKeytime: true
  }
  keytimes {
    datatype: AE_FLOAT_DATA
    timeOffset: 0.64993978
    inttype: AE_INTERP_LINEAR
    fvalue1: 0.13753118
    isCookedKeytime: true
  }
  keytimes {
    datatype: AE_FLOAT_DATA
    timeOffset: 0.66659975
    inttype: AE_INTERP_LINEAR
    fvalue1: 0.18867412
    isCookedKeytime: true
  }
  keytimes {
    datatype: AE_FLOAT_DATA
    timeOffset: 0.68325973
    inttype: AE_INTERP_LINEAR
    fvalue1: 0.25046641
    isCookedKeytime: true
  }
  keytimes {
    datatype: AE_FLOAT_DATA
    timeOffset: 0.71657968
    inttype: AE_INTERP_LINEAR
    fvalue1: 0.38436663
    isCookedKeytime: true
  }
  keytimes {
    datatype: AE_FLOAT_DATA
    timeOffset: 0.73323965
    inttype: AE_INTERP_LINEAR
    fvalue1: 0.44497874
    isCookedKeytime: true
  }
  keytimes {
    datatype: AE_FLOAT_DATA
    timeOffset: 0.74989963
    inttype: AE_INTERP_LINEAR
    fvalue1: 0.4985323
    isCookedKeytime: true
  }
  keytimes {
    datatype: AE_FLOAT_DATA
    timeOffset: 0.7665596
    inttype: AE_INTERP_LINEAR
    fvalue1: 0.54545271
    isCookedKeytime: true
  }
  keytimes {
    datatype: AE_FLOAT_DATA
    timeOffset: 0.78321958
    inttype: AE_INTERP_LINEAR
    fvalue1: 0.58666962
    isCookedKeytime: true
  }
  keytimes {
    datatype: AE_FLOAT_DATA
    timeOffset: 0.79987955
    inttype: AE_INTERP_LINEAR
    fvalue1: 0.6231119
    isCookedKeytime: true
  }
  keytimes {
    datatype: AE_FLOAT_DATA
    timeOffset: 0.81653953
    inttype: AE_INTERP_LINEAR
    fvalue1: 0.6555686
    isCookedKeytime: true
  }
  keytimes {
    datatype: AE_FLOAT_DATA
    timeOffset: 0.8331995
    inttype: AE_INTERP_LINEAR
    fvalue1: 0.68467665
    isCookedKeytime: true
  }
  keytimes {
    datatype: AE_FLOAT_DATA
    timeOffset: 0.84985948
    inttype: AE_INTERP_LINEAR
    fvalue1: 0.7109437
    isCookedKeytime: true
  }
  keytimes {
    datatype: AE_FLOAT_DATA
    timeOffset: 0.86651945
    inttype: AE_INTERP_LINEAR
    fvalue1: 0.73477507
    isCookedKeytime: true
  }
  keytimes {
    datatype: AE_FLOAT_DATA
    timeOffset: 0.88317943
    inttype: AE_INTERP_LINEAR
    fvalue1: 0.75649697
    isCookedKeytime: true
  }
  keytimes {
    datatype: AE_FLOAT_DATA
    timeOffset: 0.8998394
    inttype: AE_INTERP_LINEAR
    fvalue1: 0.77637434
    isCookedKeytime: true
  }
  keytimes {
    datatype: AE_FLOAT_DATA
    timeOffset: 0.91649938
    inttype: AE_INTERP_LINEAR
    fvalue1: 0.79462487
    isCookedKeytime: true
  }
  keytimes {
    datatype: AE_FLOAT_DATA
    timeOffset: 0.93315935
    inttype: AE_INTERP_LINEAR
    fvalue1: 0.81142938
    isCookedKeytime: true
  }
  keytimes {
    datatype: AE_FLOAT_DATA
    timeOffset: 0.94981933
    inttype: AE_INTERP_LINEAR
    fvalue1: 0.82693934
    isCookedKeytime: true
  }
  keytimes {
    datatype: AE_FLOAT_DATA
    timeOffset: 0.9664793
    inttype: AE_INTERP_LINEAR
    fvalue1: 0.84128278
    isCookedKeytime: true
  }
  keytimes {
    datatype: AE_FLOAT_DATA
    timeOffset: 0.98313928
    inttype: AE_INTERP_LINEAR
    fvalue1: 0.85456932
    isCookedKeytime: true
  }
  keytimes {
    datatype: AE_FLOAT_DATA
    timeOffset: 0.99979925
    inttype: AE_INTERP_LINEAR
    fvalue1: 0.86689305
    isCookedKeytime: true
  }
  keytimes {
    datatype: AE_FLOAT_DATA
    timeOffset: 1.0164592
    inttype: AE_INTERP_LINEAR
    fvalue1: 0.87833548
    isCookedKeytime: true
  }
  keytimes {
    datatype: AE_FLOAT_DATA
    timeOffset: 1.0331192
    inttype: AE_INTERP_LINEAR
    fvalue1: 0.88896787
    isCookedKeytime: true
  }
  keytimes {
    datatype: AE_FLOAT_DATA
    timeOffset: 1.0497792
    inttype: AE_INTERP_LINEAR
    fvalue1: 0.89885259
    isCookedKeytime: true
  }
  keytimes {
    datatype: AE_FLOAT_DATA
    timeOffset: 1.0664392
    inttype: AE_INTERP_LINEAR
    fvalue1: 0.90804482
    isCookedKeytime: true
  }
  keytimes {
    datatype: AE_FLOAT_DATA
    timeOffset: 1.0830991
    inttype: AE_INTERP_LINEAR
    fvalue1: 0.91659355
    isCookedKeytime: true
  }
  keytimes {
    datatype: AE_FLOAT_DATA
    timeOffset: 1.0997591
    inttype: AE_INTERP_LINEAR
    fvalue1: 0.92454231
    isCookedKeytime: true
  }
  keytimes {
    datatype: AE_FLOAT_DATA
    timeOffset: 1.1164191
    inttype: AE_INTERP_LINEAR
    fvalue1: 0.9319303
    isCookedKeytime: true
  }
  keytimes {
    datatype: AE_FLOAT_DATA
    timeOffset: 1.1330791
    inttype: AE_INTERP_LINEAR
    fvalue1: 0.93879271
    isCookedKeytime: true
  }
  keytimes {
    datatype: AE_FLOAT_DATA
    timeOffset: 1.149739
    inttype: AE_INTERP_LINEAR
    fvalue1: 0.94516128
    isCookedKeytime: true
  }
  keytimes {
    datatype: AE_FLOAT_DATA
    timeOffset: 1.166399
    inttype: AE_INTERP_LINEAR
    fvalue1: 0.95106477
    isCookedKeytime: true
  }
  keytimes {
    datatype: AE_FLOAT_DATA
    timeOffset: 1.183059
    inttype: AE_INTERP_LINEAR
    fvalue1: 0.95652938
    isCookedKeytime: true
  }
  keytimes {
    datatype: AE_FLOAT_DATA
    timeOffset: 1.199719
    inttype: AE_INTERP_LINEAR
    fvalue1: 0.96157908
    isCookedKeytime: true
  }
  keytimes {
    datatype: AE_FLOAT_DATA
    timeOffset: 1.2163789
    inttype: AE_INTERP_LINEAR
    fvalue1: 0.96623564
    isCookedKeytime: true
  }
  keytimes {
    datatype: AE_FLOAT_DATA
    timeOffset: 1.2330389
    inttype: AE_INTERP_LINEAR
    fvalue1: 0.97051919
    isCookedKeytime: true
  }
  keytimes {
    datatype: AE_FLOAT_DATA
    timeOffset: 1.2496989
    inttype: AE_INTERP_LINEAR
    fvalue1: 0.97444814
    isCookedKeytime: true
  }
  keytimes {
    datatype: AE_FLOAT_DATA
    timeOffset: 1.2663589
    inttype: AE_INTERP_LINEAR
    fvalue1: 0.97803962
    isCookedKeytime: true
  }
  keytimes {
    datatype: AE_FLOAT_DATA
    timeOffset: 1.2830188
    inttype: AE_INTERP_LINEAR
    fvalue1: 0.98130929
    isCookedKeytime: true
  }
  keytimes {
    datatype: AE_FLOAT_DATA
    timeOffset: 1.2996788
    inttype: AE_INTERP_LINEAR
    fvalue1: 0.98427171
    isCookedKeytime: true
  }
  keytimes {
    datatype: AE_FLOAT_DATA
    timeOffset: 1.3163388
    inttype: AE_INTERP_LINEAR
    fvalue1: 0.98694056
    isCookedKeytime: true
  }
  keytimes {
    datatype: AE_FLOAT_DATA
    timeOffset: 1.3329988
    inttype: AE_INTERP_LINEAR
    fvalue1: 0.98932832
    isCookedKeytime: true
  }
  keytimes {
    datatype: AE_FLOAT_DATA
    timeOffset: 1.3496587
    inttype: AE_INTERP_LINEAR
    fvalue1: 0.99144685
    isCookedKeytime: true
  }
  keytimes {
    datatype: AE_FLOAT_DATA
    timeOffset: 1.3663187
    inttype: AE_INTERP_LINEAR
    fvalue1: 0.99330705
    isCookedKeytime: true
  }
  keytimes {
    datatype: AE_FLOAT_DATA
    timeOffset: 1.3829787
    inttype: AE_INTERP_LINEAR
    fvalue1: 0.99491918
    isCookedKeytime: true
  }
  keytimes {
    datatype: AE_FLOAT_DATA
    timeOffset: 1.3996387
    inttype: AE_INTERP_LINEAR
    fvalue1: 0.99629295
    isCookedKeytime: true
  }
  keytimes {
    datatype: AE_FLOAT_DATA
    timeOffset: 1.4162986
    inttype: AE_INTERP_LINEAR
    fvalue1: 0.9974373
    isCookedKeytime: true
  }
  keytimes {
    datatype: AE_FLOAT_DATA
    timeOffset: 1.4329586
    inttype: AE_INTERP_LINEAR
    fvalue1: 0.99836075
    isCookedKeytime: true
  }
  keytimes {
    datatype: AE_FLOAT_DATA
    timeOffset: 1.4496186
    inttype: AE_INTERP_LINEAR
    fvalue1: 0.9990713
    isCookedKeytime: true
  }
  keytimes {
    datatype: AE_FLOAT_DATA
    timeOffset: 1.4662786
    inttype: AE_INTERP_LINEAR
    fvalue1: 0.99957651
    isCookedKeytime: true
  }
  keytimes {
    datatype: AE_FLOAT_DATA
    timeOffset: 1.4829385
    inttype: AE_INTERP_LINEAR
    fvalue1: 0.99988341
    isCookedKeytime: true
  }
  keytimes {
    datatype: AE_FLOAT_DATA
    timeOffset: 1.5
    inttype: AE_INTERP_LINEAR
    fvalue1: 1
  }
  trackName: "Opacity"
}
markers {
  starttime: 0.5
  duration: 1
  name: "In2"
  tracksSelection {
    targetid: 344
    binding: OPACITY
  }
  tracksSelection {
    targetid: 345
    binding: OPACITY
  }
  alltracks: false
  looping: false
  properties {
    key: "recursive"
    value: "true"
  }
}
