activecomp {
  name: "Auryn_Container-Details"
  width: 635
  height: 117
  defaultcameradistance: 881.94446
  layer {
    name: "Details"
    id: 690015536
    sourceid: 690012596
    transform {
      anchorPoint {
        x: 250
        y: 25
        z: 0
      }
      scale {
        x: 1
        y: 1
        z: 1
      }
      position {
        x: 250
        y: 57.5
        z: 0
      }
      orientation {
        x: 0
        y: 0
        z: 0
      }
      rotationX: 0
      rotationY: 0
      rotationZ: 0
      opacity: 1
    }
    acceptsshadows: true
    acceptslights: true
    castsshadows: false
  }
  layer {
    name: "Text-Title"
    id: 690015537
    sourceid: -1
    transform {
      anchorPoint {
        x: 0.67199707
        y: 22.25
        z: 0
      }
      scale {
        x: 1
        y: 1
        z: 1
      }
      position {
        x: 38
        y: 29.750198
        z: 0
      }
      orientation {
        x: 0
        y: 0
        z: 0
      }
      rotationX: 0
      rotationY: 0
      rotationZ: 0
      opacity: 1
    }
    acceptsshadows: true
    acceptslights: true
    castsshadows: false
    textinfo {
      justification: AE_TEXT_LEFT
      fontSize: 28
      fontColor {
        alpha: 1
        red: 1
        green: 1
        blue: 1
      }
      fontName: "Montserrat-Bold"
      isPointText: false
      boundsWidth: 461
      boundsHeight: 64
      isLabel: true
      text: ""
      multiline: true
      ellipsis: true
      isAllCaps: true
    }
    classname: "CYISDFAtlasTextSceneNode"
    properties {
      key: "text-placeholder"
      value: "true"
    }
    properties {
      key: "text-overflow"
      value: "ellipsis"
    }
    properties {
      key: "margin-left"
      value: "38"
    }
  }
  bgcolor {
    alpha: 1
    red: 0.086274509803921567
    green: 0.11372549019607843
    blue: 0.14509803921568629
  }
  properties {
    key: "clip"
    value: "true"
  }
  properties {
    key: "layout"
    value: "CYIColumnLayout"
  }
  properties {
    key: "spacing"
    value: "0"
  }
  childtemplates: "Auryn_Details"
}
sources {
  uid: 690012596
  srctype: AE_COMP_SRC
  name: "Auryn_Details.layout"
  width: 500
  height: 50
  copy_source: true
}
sources {
  uid: 2
  srctype: AE_FONT_SRC
  name: "Montserrat-Bold"
  copy_source: true
  file_name: "yi_Montserrat-Bold.otf"
  style_name: "Bold"
}
