activecomp {
  name: "Auryn_List-PDP-Contianer"
  width: 1920
  height: 1080
  defaultcameradistance: 2666.6667
  layer {
    name: "List-PDP"
    id: 690012230
    sourceid: 360
    transform {
      anchorPoint {
        x: 960
        y: 200
        z: 0
      }
      scale {
        x: 1
        y: 1
        z: 1
      }
      position {
        x: 960
        y: 883
        z: 0
      }
      orientation {
        x: 0
        y: 0
        z: 0
      }
      rotationX: 0
      rotationY: 0
      rotationZ: 0
      opacity: 0
    }
    acceptsshadows: true
    acceptslights: true
    castsshadows: false
  }
  layer {
    name: "Text-ListTitle"
    id: 690012231
    sourceid: -1
    transform {
      anchorPoint {
        x: 248.5
        y: 40.5
        z: 0
      }
      scale {
        x: 1
        y: 1
        z: 1
      }
      position {
        x: 379.26
        y: 664.5
        z: 0
      }
      orientation {
        x: 0
        y: 0
        z: 0
      }
      rotationX: 0
      rotationY: 0
      rotationZ: 0
      opacity: 0
    }
    acceptsshadows: true
    acceptslights: true
    castsshadows: false
    textinfo {
      justification: AE_TEXT_LEFT
      fontSize: 28
      fontColor {
        alpha: 1
        red: 1
        green: 1
        blue: 1
      }
      fontName: "Raleway-Bold"
      isPointText: false
      boundsWidth: 1367
      boundsHeight: 60
      isLabel: true
      text: "More Like This"
      multiline: true
      isAllCaps: false
    }
  }
  bgcolor {
    alpha: 1
    red: 0.086274509803921567
    green: 0.11372549019607843
    blue: 0.14509803921568629
  }
  properties {
    key: "horizontal-scroll"
    value: "false"
  }
  properties {
    key: "vertical-scroll"
    value: "true"
  }
  childtemplates: "Auryn_List-PDP"
}
sources {
  uid: 360
  srctype: AE_COMP_SRC
  name: "Auryn_List-PDP.layout"
  width: 1920
  height: 400
  copy_source: true
}
sources {
  uid: 2
  srctype: AE_FONT_SRC
  name: "Raleway-Bold"
  copy_source: true
  file_name: "yi_Raleway-Bold.otf"
  style_name: "Bold"
}
