activecomp {
  name: "Auryn_Player-Controls"
  width: 1920
  height: 1080
  defaultcameradistance: 2666.6667
  layer {
    name: "Gradient-Player.png"
    id: 519919
    sourceid: 891
    transform {
      anchorPoint {
        x: 0.5
        y: 274
        z: 0
      }
      scale {
        x: 1920
        y: 1.080292
        z: 1
      }
      position {
        x: 960
        y: 1044
        z: 0
      }
      orientation {
        x: 0
        y: 0
        z: 0
      }
      rotationX: 0
      rotationY: 0
      rotationZ: 0
      opacity: 0
    }
    acceptsshadows: true
    acceptslights: true
    castsshadows: false
  }
  layer {
    name: "Player-Controls-Layout"
    id: 519920
    sourceid: 690014960
    transform {
      anchorPoint {
        x: 960
        y: 540
        z: 0
      }
      scale {
        x: 1
        y: 1
        z: 1
      }
      position {
        x: 50
        y: -158
        z: 0
      }
      orientation {
        x: 0
        y: 0
        z: 0
      }
      rotationX: 0
      rotationY: 0
      rotationZ: 0
      opacity: 0
    }
    acceptsshadows: true
    acceptslights: true
    castsshadows: false
    parentid: 519925
  }
  layer {
    name: "Btn-MiniGuide"
    id: 519921
    sourceid: 690012982
    transform {
      anchorPoint {
        x: 200
        y: 40
        z: 0
      }
      scale {
        x: 1
        y: 1
        z: 1
      }
      position {
        x: -190
        y: 772
        z: 0
      }
      orientation {
        x: 0
        y: 0
        z: 0
      }
      rotationX: 0
      rotationY: 0
      rotationZ: 0
      opacity: 1
    }
    acceptsshadows: true
    acceptslights: true
    castsshadows: false
    parentid: 519927
  }
  layer {
    name: "Btn-PlayPause"
    id: 519922
    sourceid: 519960
    transform {
      anchorPoint {
        x: 75
        y: 75
        z: 0
      }
      scale {
        x: 1
        y: 1
        z: 1
      }
      position {
        x: 138
        y: 248
        z: 0
      }
      orientation {
        x: 0
        y: 0
        z: 0
      }
      rotationX: 0
      rotationY: 0
      rotationZ: 0
      opacity: 0
    }
    acceptsshadows: true
    acceptslights: true
    castsshadows: false
    parentid: 519926
  }
  layer {
    name: "Btn-Back"
    id: 519923
    sourceid: 690011939
    transform {
      anchorPoint {
        x: 50
        y: 50
        z: 0
      }
      scale {
        x: 1
        y: 1
        z: 1
      }
      position {
        x: 45
        y: -113
        z: 0
      }
      orientation {
        x: 0
        y: 0
        z: 0
      }
      rotationX: 0
      rotationY: 0
      rotationZ: 0
      opacity: 0
    }
    acceptsshadows: true
    acceptslights: true
    castsshadows: false
    parentid: 519924
  }
  layer {
    name: "ScalePropTopRightAnchor"
    id: 519924
    sourceid: 690011406
    transform {
      anchorPoint {
        x: 100
        y: 0
        z: 0
      }
      scale {
        x: 1
        y: 1
        z: 1
      }
      position {
        x: 1920
        y: 0
        z: 0
      }
      orientation {
        x: 0
        y: 0
        z: 0
      }
      rotationX: 0
      rotationY: 0
      rotationZ: 0
      opacity: 1
    }
    acceptsshadows: true
    acceptslights: true
    castsshadows: false
  }
  layer {
    name: "ScaleWidthPropBottomAnchor"
    id: 519925
    sourceid: 690011406
    transform {
      anchorPoint {
        x: 50
        y: 100
        z: 0
      }
      scale {
        x: 1
        y: 1
        z: 1
      }
      position {
        x: 960
        y: 1080
        z: 0
      }
      orientation {
        x: 0
        y: 0
        z: 0
      }
      rotationX: 0
      rotationY: 0
      rotationZ: 0
      opacity: 1
    }
    acceptsshadows: true
    acceptslights: true
    castsshadows: false
  }
  layer {
    name: "ScaleWidthPropBottomLeftAnchor"
    id: 519926
    sourceid: 690011406
    transform {
      anchorPoint {
        x: 0
        y: 100
        z: 0
      }
      scale {
        x: 1
        y: 1
        z: 1
      }
      position {
        x: 0
        y: 1080
        z: 0
      }
      orientation {
        x: 0
        y: 0
        z: 0
      }
      rotationX: 0
      rotationY: 0
      rotationZ: 0
      opacity: 1
    }
    acceptsshadows: true
    acceptslights: true
    castsshadows: false
  }
  layer {
    name: "ScaleWidthPropRightAnchor"
    id: 519927
    sourceid: 690011406
    transform {
      anchorPoint {
        x: 100
        y: 50
        z: 0
      }
      scale {
        x: 1
        y: 1
        z: 1
      }
      position {
        x: 1920
        y: 540
        z: 0
      }
      orientation {
        x: 0
        y: 0
        z: 0
      }
      rotationX: 0
      rotationY: 0
      rotationZ: 0
      opacity: 1
    }
    acceptsshadows: true
    acceptslights: true
    castsshadows: false
  }
  bgcolor {
    alpha: 1
    red: 0.086274509803921567
    green: 0.11372549019607843
    blue: 0.14509803921568629
  }
  properties {
    key: "clip"
    value: "true"
  }
  childtemplates: "Auryn_Player-Controls-Layout"
  childtemplates: "Auryn_Btn-MiniGuide"
  childtemplates: "Auryn_Btn-PlayPause"
  childtemplates: "Auryn_Btn-Back"
}
sources {
  uid: 891
  srctype: AE_IMAGE_SRC
  name: "Gradient-Player.png"
  width: 1
  height: 548
  numberOfFrames: 1
  fps: 0
  loops: 1
  copy_source: true
}
sources {
  uid: 690014960
  srctype: AE_COMP_SRC
  name: "Auryn_Player-Controls-Layout.layout"
  width: 1920
  height: 1080
  copy_source: true
}
sources {
  uid: 690012982
  srctype: AE_COMP_SRC
  name: "Auryn_Btn-MiniGuide.layout"
  width: 400
  height: 80
  copy_source: true
}
sources {
  uid: 519960
  srctype: AE_COMP_SRC
  name: "Auryn_Btn-PlayPause.layout"
  width: 150
  height: 150
  copy_source: true
}
sources {
  uid: 690011939
  srctype: AE_COMP_SRC
  name: "Auryn_Btn-Back.layout"
  width: 100
  height: 100
  copy_source: true
}
sources {
  uid: 690011406
  srctype: AE_NULL_SRC
  width: 100
  height: 100
  copy_source: false
}
