activecomp {
  name: "Auryn_Btn-Nav-Shows"
  width: 234
  height: 70
  defaultcameradistance: 325
  layer {
    name: "toggle-line"
    id: 690012435
    sourceid: 690012418
    transform {
      anchorPoint {
        x: 20
        y: 3
        z: 0
      }
      scale {
        x: 1
        y: 1
        z: 1
      }
      position {
        x: 116.5
        y: 57
        z: 0
      }
      orientation {
        x: 0
        y: 0
        z: 0
      }
      rotationX: 0
      rotationY: 0
      rotationZ: 0
      opacity: 0
    }
    acceptsshadows: true
    acceptslights: true
    castsshadows: false
  }
  layer {
    name: "tab-discover-focus.png"
    id: 690012436
    sourceid: 690012419
    transform {
      anchorPoint {
        x: 84.5
        y: 25
        z: 0
      }
      scale {
        x: 1.1
        y: 1.1
        z: 1
      }
      position {
        x: 116.5
        y: 32.5
        z: 0
      }
      orientation {
        x: 0
        y: 0
        z: 0
      }
      rotationX: 0
      rotationY: 0
      rotationZ: 0
      opacity: 0
    }
    acceptsshadows: true
    acceptslights: true
    castsshadows: false
  }
  layer {
    name: "Shows"
    id: 690012437
    sourceid: -1
    transform {
      anchorPoint {
        x: 100
        y: 21.5
        z: 0
      }
      scale {
        x: 1
        y: 1
        z: 1
      }
      position {
        x: 116.15983
        y: 43.458118
        z: 0
      }
      orientation {
        x: 0
        y: 0
        z: 0
      }
      rotationX: 0
      rotationY: 0
      rotationZ: 0
      opacity: 1
    }
    acceptsshadows: true
    acceptslights: true
    castsshadows: false
    textinfo {
      justification: AE_TEXT_CENTER
      fontSize: 28
      fontColor {
        alpha: 1
        red: 1
        green: 1
        blue: 1
      }
      fontName: "Raleway-Medium"
      isPointText: false
      boundsWidth: 200
      boundsHeight: 33
      isLabel: true
      text: "Shows"
      multiline: true
      isAllCaps: false
    }
  }
  classname: "CYIPushButtonView"
  bgcolor {
    alpha: 1
    red: 0.086274509803921567
    green: 0.11372549019607843
    blue: 0.14509803921568629
  }
  properties {
    key: "componentSubtype"
    value: "push"
  }
  properties {
    key: "componentType"
    value: "button"
  }
}
sources {
  uid: 690012418
  srctype: AE_IMAGE_SRC
  name: "activeTab-underline.png"
  width: 40
  height: 6
  numberOfFrames: 1
  fps: 0
  loops: 1
  copy_source: true
}
sources {
  uid: 690012419
  srctype: AE_IMAGE_SRC
  name: "tab-discover-focus.png"
  width: 169
  height: 50
  numberOfFrames: 1
  fps: 0
  loops: 1
  copy_source: true
}
sources {
  uid: 3
  srctype: AE_FONT_SRC
  name: "Raleway-Medium"
  copy_source: true
  file_name: "yi_Raleway-Medium.otf"
  style_name: "Medium"
}
