tracks {
  binding: IS_VISIBLE
  targetid: 306
  targetname: "VideoSurface"
  keytimes {
    datatype: AE_INT_DATA
    timeOffset: 0
    inttype: AE_INTERP_HOLD
    ivalue1: 1
  }
}
tracks {
  binding: IS_VISIBLE
  targetid: 307
  targetname: "Player-Controls"
  keytimes {
    datatype: AE_INT_DATA
    timeOffset: 0
    inttype: AE_INTERP_HOLD
    ivalue1: 1
  }
}
tracks {
  binding: IS_VISIBLE
  targetid: 308
  targetname: "ActivityIndicator"
  keytimes {
    datatype: AE_INT_DATA
    timeOffset: 0
    inttype: AE_INTERP_HOLD
    ivalue1: 1
  }
}
