activecomp {
  name: "Auryn_Btn-Nav-Profile"
  width: 60
  height: 60
  defaultcameradistance: 83.333336
  layer {
    name: "FocusCirlce.png"
    id: 604
    sourceid: 690012410
    transform {
      anchorPoint {
        x: 25
        y: 25
        z: 0
      }
      scale {
        x: 1.16
        y: 1.16
        z: 1
      }
      position {
        x: 30
        y: 30
        z: 0
      }
      orientation {
        x: 0
        y: 0
        z: 0
      }
      rotationX: 0
      rotationY: 0
      rotationZ: 0
      opacity: 0
    }
    acceptsshadows: true
    acceptslights: true
    castsshadows: false
  }
  layer {
    name: "Icon-Profile-Active.png"
    id: 605
    sourceid: 979
    transform {
      anchorPoint {
        x: 15
        y: 19.5
        z: 0
      }
      scale {
        x: 1
        y: 1
        z: 1
      }
      position {
        x: 30.034828
        y: 30.95812
        z: 0
      }
      orientation {
        x: 0
        y: 0
        z: 0
      }
      rotationX: 0
      rotationY: 0
      rotationZ: 0
      opacity: 0
    }
    acceptsshadows: true
    acceptslights: true
    castsshadows: false
  }
  layer {
    name: "Icon-Profile.png"
    id: 606
    sourceid: 965
    transform {
      anchorPoint {
        x: 15
        y: 19.5
        z: 0
      }
      scale {
        x: 1
        y: 1
        z: 1
      }
      position {
        x: 30.034828
        y: 30.95812
        z: 0
      }
      orientation {
        x: 0
        y: 0
        z: 0
      }
      rotationX: 0
      rotationY: 0
      rotationZ: 0
      opacity: 1
    }
    acceptsshadows: true
    acceptslights: true
    castsshadows: false
  }
  classname: "CYIPushButtonView"
  bgcolor {
    alpha: 1
    red: 0.086274509803921567
    green: 0.11372549019607843
    blue: 0.14509803921568629
  }
  properties {
    key: "componentSubtype"
    value: "push"
  }
  properties {
    key: "componentType"
    value: "button"
  }
}
sources {
  uid: 690012410
  srctype: AE_IMAGE_SRC
  name: "FocusCirlce.png"
  width: 50
  height: 50
  numberOfFrames: 1
  fps: 0
  loops: 1
  copy_source: true
}
sources {
  uid: 979
  srctype: AE_IMAGE_SRC
  name: "Icon-Profile-Active.png"
  width: 30
  height: 39
  numberOfFrames: 1
  fps: 0
  loops: 1
  copy_source: true
}
sources {
  uid: 965
  srctype: AE_IMAGE_SRC
  name: "Icon-Profile.png"
  width: 30
  height: 39
  numberOfFrames: 1
  fps: 0
  loops: 1
  copy_source: true
}
