activecomp {
  name: "Auryn_Player-Scrubber"
  width: 1500
  height: 60
  defaultcameradistance: 2083.3333
  layer {
    name: "Max-Track"
    id: 519942
    sourceid: 690012527
    transform {
      anchorPoint {
        x: 0
        y: 6
        z: 0
      }
      scale {
        x: 1
        y: 1
        z: 1
      }
      position {
        x: 50
        y: 30
        z: 0
      }
      orientation {
        x: 0
        y: 0
        z: 0
      }
      rotationX: 0
      rotationY: 0
      rotationZ: 0
      opacity: 0.4
    }
    acceptsshadows: true
    acceptslights: true
    castsshadows: false
  }
  layer {
    name: "MinTrack"
    id: 519943
    sourceid: 690012515
    transform {
      anchorPoint {
        x: 0
        y: 6
        z: 0
      }
      scale {
        x: 0.02
        y: 1
        z: 1
      }
      position {
        x: 50
        y: 30
        z: 0
      }
      orientation {
        x: 0
        y: 0
        z: 0
      }
      rotationX: 0
      rotationY: 0
      rotationZ: 0
      opacity: 1
    }
    acceptsshadows: true
    acceptslights: true
    castsshadows: false
  }
  layer {
    name: "Thumb"
    id: 519944
    sourceid: 690012503
    transform {
      anchorPoint {
        x: 24
        y: 24
        z: 0
      }
      scale {
        x: 0.6
        y: 0.6
        z: 1
      }
      position {
        x: -628
        y: 50
        z: 0
      }
      orientation {
        x: 0
        y: 0
        z: 0
      }
      rotationX: 0
      rotationY: 0
      rotationZ: 0
      opacity: 1
    }
    acceptsshadows: true
    acceptslights: true
    castsshadows: false
    parentid: 519945
  }
  layer {
    name: "ScalePropCenterAnchor"
    id: 519945
    sourceid: 690011406
    transform {
      anchorPoint {
        x: 50
        y: 50
        z: 0
      }
      scale {
        x: 1
        y: 1
        z: 1
      }
      position {
        x: 750
        y: 30
        z: 0
      }
      orientation {
        x: 0
        y: 0
        z: 0
      }
      rotationX: 0
      rotationY: 0
      rotationZ: 0
      opacity: 1
    }
    acceptsshadows: true
    acceptslights: true
    castsshadows: false
  }
  classname: "CYIScrollBarView"
  bgcolor {
    alpha: 1
    red: 0.086274509803921567
    green: 0.11372549019607843
    blue: 0.14509803921568629
  }
  properties {
    key: "componentSubtype"
    value: "scrollBar"
  }
  properties {
    key: "componentType"
    value: "bar"
  }
  childtemplates: "Auryn_Max-Track"
  childtemplates: "Auryn_Min-Track"
  childtemplates: "Auryn_Thumb"
}
sources {
  uid: 690012527
  srctype: AE_COMP_SRC
  name: "Auryn_Max-Track.layout"
  width: 1400
  height: 12
  copy_source: true
}
sources {
  uid: 690012515
  srctype: AE_COMP_SRC
  name: "Auryn_Min-Track.layout"
  width: 1400
  height: 12
  copy_source: true
}
sources {
  uid: 690012503
  srctype: AE_COMP_SRC
  name: "Auryn_Thumb.layout"
  width: 48
  height: 48
  copy_source: true
}
sources {
  uid: 690011406
  srctype: AE_NULL_SRC
  width: 100
  height: 100
  copy_source: false
}
