activecomp {
  name: "Auryn_Container-Btn-Poster-Small"
  width: 400
  height: 800
  defaultcameradistance: 555.55554
  layer {
    name: "Btn-Poster-Small"
    id: 488
    sourceid: 502
    transform {
      anchorPoint {
        x: 188
        y: 388
        z: 0
      }
      scale {
        x: 1
        y: 1
        z: 1
      }
      position {
        x: 200
        y: 400
        z: 0
      }
      orientation {
        x: 0
        y: 0
        z: 0
      }
      rotationX: 0
      rotationY: 0
      rotationZ: 0
      opacity: 1
    }
    acceptsshadows: true
    acceptslights: true
    castsshadows: false
  }
  bgcolor {
    alpha: 1
    red: 0.086274509803921567
    green: 0.11372549019607843
    blue: 0.14509803921568629
  }
  childtemplates: "Auryn_Btn-Poster-Small"
}
sources {
  uid: 502
  srctype: AE_COMP_SRC
  name: "Auryn_Btn-Poster-Small.layout"
  width: 376
  height: 776
  copy_source: true
}
