activecomp {
  name: "Auryn_Live-TvGuide"
  width: 1920
  height: 1080
  defaultcameradistance: 2666.6667
  layer {
    name: "Gradient-Player.png"
    id: 690014557
    sourceid: 891
    transform {
      anchorPoint {
        x: 0.5
        y: 274
        z: 0
      }
      scale {
        x: 1100
        y: 1.9
        z: 1
      }
      position {
        x: 2150.5
        y: 540
        z: 0
      }
      orientation {
        x: 0
        y: 0
        z: 0
      }
      rotationX: 0
      rotationY: 0
      rotationZ: -90
      opacity: 0
    }
    acceptsshadows: true
    acceptslights: true
    castsshadows: false
  }
  layer {
    name: "Live-TvGuide-List"
    id: 690014558
    sourceid: 690013018
    transform {
      anchorPoint {
        x: 444
        y: 540
        z: 0
      }
      scale {
        x: 1
        y: 1
        z: 1
      }
      position {
        x: 1752
        y: 540
        z: 0
      }
      orientation {
        x: 0
        y: 0
        z: 0
      }
      rotationX: 0
      rotationY: 0
      rotationZ: 0
      opacity: 0
    }
    acceptsshadows: true
    acceptslights: true
    castsshadows: false
  }
  layer {
    name: "Btn-TvGuide-Close"
    id: 690014559
    sourceid: 690017083
    transform {
      anchorPoint {
        x: 0
        y: 540
        z: 0
      }
      scale {
        x: 1
        y: 1
        z: 1
      }
      position {
        x: 0
        y: 540
        z: 0
      }
      orientation {
        x: 0
        y: 0
        z: 0
      }
      rotationX: 0
      rotationY: 0
      rotationZ: 0
      opacity: 1
    }
    acceptsshadows: true
    acceptslights: true
    castsshadows: false
  }
  bgcolor {
    alpha: 1
    red: 0.086274509803921567
    green: 0.11372549019607843
    blue: 0.14509803921568629
  }
  childtemplates: "Auryn_Live-TvGuide-List"
  childtemplates: "Auryn_Btn-TvGuide-Close"
}
sources {
  uid: 891
  srctype: AE_IMAGE_SRC
  name: "Gradient-Player.png"
  width: 1
  height: 548
  numberOfFrames: 1
  fps: 0
  loops: 1
  copy_source: true
}
sources {
  uid: 690013018
  srctype: AE_COMP_SRC
  name: "Auryn_Live-TvGuide-List.layout"
  width: 888
  height: 1080
  copy_source: true
}
sources {
  uid: 690017083
  srctype: AE_COMP_SRC
  name: "Auryn_Btn-TvGuide-Close.layout"
  width: 936
  height: 1080
  copy_source: true
}
