activecomp {
  name: "Auryn_Btn-Poster-Basic"
  width: 274
  height: 410
  defaultcameradistance: 380.55554
  layer {
    name: "Text-Container"
    id: 690016883
    sourceid: 690016656
    transform {
      anchorPoint {
        x: 188
        y: 48
        z: 0
      }
      scale {
        x: 1
        y: 1
        z: 1
      }
      position {
        x: 137
        y: 545
        z: 0
      }
      orientation {
        x: 0
        y: 0
        z: 0
      }
      rotationX: 0
      rotationY: 0
      rotationZ: 0
      opacity: 1
    }
    acceptsshadows: true
    acceptslights: true
    castsshadows: false
  }
  layer {
    name: "Poster-Shadow-Small.png"
    id: 690016884
    sourceid: 690015211
    transform {
      anchorPoint {
        x: 211
        y: 317
        z: 0
      }
      scale {
        x: 1
        y: 1
        z: 1
      }
      position {
        x: 188
        y: 288.95239
        z: 0
      }
      orientation {
        x: 0
        y: 0
        z: 0
      }
      rotationX: 0
      rotationY: 0
      rotationZ: 0
      opacity: 1
    }
    acceptsshadows: true
    acceptslights: true
    castsshadows: false
    parentid: 690016886
  }
  layer {
    name: "Background 2"
    id: 690016885
    sourceid: 690014199
    transform {
      anchorPoint {
        x: 188
        y: 288
        z: 0
      }
      scale {
        x: 1
        y: 1
        z: 1
      }
      position {
        x: 188
        y: 288
        z: 0
      }
      orientation {
        x: 0
        y: 0
        z: 0
      }
      rotationX: 0
      rotationY: 0
      rotationZ: 0
      opacity: 1
    }
    acceptsshadows: true
    acceptslights: true
    castsshadows: false
    parentid: 690016886
  }
  layer {
    name: "Image-Dynamic"
    id: 690016886
    sourceid: 284
    transform {
      anchorPoint {
        x: 188
        y: 288
        z: 0
      }
      scale {
        x: 0.67160004
        y: 0.67160004
        z: 1
      }
      position {
        x: 137
        y: 205
        z: 0
      }
      orientation {
        x: 0
        y: 0
        z: 0
      }
      rotationX: 0
      rotationY: 0
      rotationZ: 0
      opacity: 0.8
    }
    acceptsshadows: true
    acceptslights: true
    castsshadows: false
  }
  layer {
    name: "Red Solid 40"
    id: 690016887
    sourceid: 690016906
    transform {
      anchorPoint {
        x: 137
        y: 4
        z: 0
      }
      scale {
        x: 1.4459225
        y: 1.4459225
        z: 1
      }
      position {
        x: 188
        y: -2.6304221
        z: 0
      }
      orientation {
        x: 0
        y: 0
        z: 0
      }
      rotationX: 0
      rotationY: 0
      rotationZ: 0
      opacity: 0
    }
    acceptsshadows: true
    acceptslights: true
    castsshadows: false
    parentid: 690016886
  }
  layer {
    name: "Red Solid 40"
    id: 690016888
    sourceid: 690016906
    transform {
      anchorPoint {
        x: 137
        y: 4
        z: 0
      }
      scale {
        x: 1.4459225
        y: 1.4459225
        z: 1
      }
      position {
        x: 188
        y: 578.63043
        z: 0
      }
      orientation {
        x: 0
        y: 0
        z: 0
      }
      rotationX: 0
      rotationY: 0
      rotationZ: 0
      opacity: 0
    }
    acceptsshadows: true
    acceptslights: true
    castsshadows: false
    parentid: 690016886
  }
  layer {
    name: "Red Solid 41"
    id: 690016889
    sourceid: 690016909
    transform {
      anchorPoint {
        x: 4
        y: 197
        z: 0
      }
      scale {
        x: 1.4459225
        y: 1.4459225
        z: 1
      }
      position {
        x: 380.30768
        y: 288
        z: 0
      }
      orientation {
        x: 0
        y: 0
        z: 0
      }
      rotationX: 0
      rotationY: 0
      rotationZ: 0
      opacity: 0
    }
    acceptsshadows: true
    acceptslights: true
    castsshadows: false
    parentid: 690016886
  }
  layer {
    name: "Red Solid 41"
    id: 690016890
    sourceid: 690016909
    transform {
      anchorPoint {
        x: 4
        y: 197
        z: 0
      }
      scale {
        x: 1.4459225
        y: 1.4459225
        z: 1
      }
      position {
        x: -4.3076925
        y: 288
        z: 0
      }
      orientation {
        x: 0
        y: 0
        z: 0
      }
      rotationX: 0
      rotationY: 0
      rotationZ: 0
      opacity: 0
    }
    acceptsshadows: true
    acceptslights: true
    castsshadows: false
    parentid: 690016886
  }
  classname: "CYIPushButtonView"
  bgcolor {
    alpha: 1
    red: 0.086274509803921567
    green: 0.11372549019607843
    blue: 0.14509803921568629
  }
  properties {
    key: "componentSubtype"
    value: "push"
  }
  properties {
    key: "componentType"
    value: "button"
  }
  properties {
    key: "clip"
    value: "false"
  }
  childtemplates: "Auryn_Text-Container"
  childtemplates: "Auryn_Image-Dynamic-2x3"
}
sources {
  uid: 690016656
  srctype: AE_COMP_SRC
  name: "Auryn_Text-Container.layout"
  width: 376
  height: 96
  copy_source: true
}
sources {
  uid: 690015211
  srctype: AE_IMAGE_SRC
  name: "Poster-Shadow-Small.png"
  width: 422
  height: 634
  numberOfFrames: 1
  fps: 0
  loops: 1
  copy_source: true
}
sources {
  uid: 690014199
  srctype: AE_SOLID_SRC
  color {
    alpha: 1
    red: 0
    green: 0
    blue: 0
  }
  width: 376
  height: 576
  copy_source: false
}
sources {
  uid: 284
  srctype: AE_COMP_SRC
  name: "Auryn_Image-Dynamic-2x3.layout"
  width: 376
  height: 576
  copy_source: true
}
sources {
  uid: 690016906
  srctype: AE_SOLID_SRC
  color {
    alpha: 1
    red: 0.92549020051956177
    green: 0.10980392247438431
    blue: 0.14509804546833038
  }
  width: 274
  height: 8
  copy_source: false
}
sources {
  uid: 690016909
  srctype: AE_SOLID_SRC
  color {
    alpha: 1
    red: 0.92549002170562744
    green: 0.10980399698019028
    blue: 0.1450980007648468
  }
  width: 8
  height: 394
  copy_source: false
}
