activecomp {
  name: "Auryn_Btn-Backdrop-Large"
  width: 938
  height: 527
  defaultcameradistance: 1302.7778
  layer {
    name: "Black Solid 7"
    id: 128
    sourceid: 378
    transform {
      anchorPoint {
        x: 533.5
        y: 300
        z: 0
      }
      scale {
        x: 1
        y: 1
        z: 1
      }
      position {
        x: 469
        y: 263.5
        z: 0
      }
      orientation {
        x: 0
        y: 0
        z: 0
      }
      rotationX: 0
      rotationY: 0
      rotationZ: 0
      opacity: 1
    }
    acceptsshadows: true
    acceptslights: true
    castsshadows: false
  }
  layer {
    name: "Image-Dynamic"
    id: 129
    sourceid: 52
    transform {
      anchorPoint {
        x: 522
        y: 288
        z: 0
      }
      scale {
        x: 1
        y: 1
        z: 1
      }
      position {
        x: 469
        y: 263.5
        z: 0
      }
      orientation {
        x: 0
        y: 0
        z: 0
      }
      rotationX: 0
      rotationY: 0
      rotationZ: 0
      opacity: 0.6
    }
    acceptsshadows: true
    acceptslights: true
    castsshadows: false
  }
  layer {
    name: "Gradient-Player.png"
    id: 130
    sourceid: 891
    transform {
      anchorPoint {
        x: 0.5
        y: 548
        z: 0
      }
      scale {
        x: 1081
        y: 0.35
        z: 1
      }
      position {
        x: 469
        y: 531
        z: 0
      }
      orientation {
        x: 0
        y: 0
        z: 0
      }
      rotationX: 0
      rotationY: 0
      rotationZ: 0
      opacity: 1
    }
    acceptsshadows: true
    acceptslights: true
    castsshadows: false
  }
  layer {
    name: "Backdrop-Large-Unfocused-Text"
    id: 131
    sourceid: 690016780
    transform {
      anchorPoint {
        x: 469
        y: 100
        z: 0
      }
      scale {
        x: 1
        y: 1
        z: 1
      }
      position {
        x: 468.76
        y: 425
        z: 0
      }
      orientation {
        x: 0
        y: 0
        z: 0
      }
      rotationX: 0
      rotationY: 0
      rotationZ: 0
      opacity: 1
    }
    acceptsshadows: true
    acceptslights: true
    castsshadows: false
  }
  layer {
    name: "Backdrop-Gradient-Large.png"
    id: 132
    sourceid: 690015178
    transform {
      anchorPoint {
        x: 0
        y: 0.5
        z: 0
      }
      scale {
        x: 1
        y: 536.89
        z: 1
      }
      position {
        x: 471
        y: 0
        z: 0
      }
      orientation {
        x: 0
        y: 0
        z: 0
      }
      rotationX: 0
      rotationY: 0
      rotationZ: 0
      opacity: 1
    }
    acceptsshadows: true
    acceptslights: true
    castsshadows: false
    parentid: 138
  }
  layer {
    name: "Text-Details"
    id: 133
    sourceid: -1
    transform {
      anchorPoint {
        x: 0.076538086
        y: -0.38703918
        z: 0
      }
      scale {
        x: 1
        y: 1
        z: 1
      }
      position {
        x: 821
        y: -105.38704
        z: 0
      }
      orientation {
        x: 0
        y: 0
        z: 0
      }
      rotationX: 0
      rotationY: 0
      rotationZ: 0
      opacity: 0
    }
    acceptsshadows: true
    acceptslights: true
    castsshadows: false
    textinfo {
      justification: AE_TEXT_LEFT
      fontSize: 19
      fontColor {
        alpha: 1
        red: 1
        green: 1
        blue: 1
      }
      fontName: "Montserrat-Medium"
      isPointText: false
      boundsWidth: 422
      boundsHeight: 100
      isLabel: true
      text: ""
      multiline: true
      ellipsis: true
      leading: 38
      isAllCaps: false
    }
    parentid: 138
    properties {
      key: "text-placeholder"
      value: "true"
    }
    properties {
      key: "text-overflow"
      value: "ellipsis"
    }
    properties {
      key: "leading"
      value: "38"
    }
  }
  layer {
    name: "Text-Title"
    id: 134
    sourceid: -1
    transform {
      anchorPoint {
        x: 0.13293457
        y: -1.6692352
        z: 0
      }
      scale {
        x: 1
        y: 1
        z: 1
      }
      position {
        x: 661
        y: -164.66924
        z: 0
      }
      orientation {
        x: 0
        y: 0
        z: 0
      }
      rotationX: 0
      rotationY: 0
      rotationZ: 0
      opacity: 0.8
    }
    acceptsshadows: true
    acceptslights: true
    castsshadows: false
    textinfo {
      justification: AE_TEXT_LEFT
      fontSize: 33
      fontColor {
        alpha: 1
        red: 1
        green: 1
        blue: 1
      }
      fontName: "Montserrat-Bold"
      isPointText: false
      boundsWidth: 445
      boundsHeight: 38
      isLabel: true
      text: ""
      multiline: true
      ellipsis: true
      isAllCaps: true
    }
    parentid: 138
    properties {
      key: "text-placeholder"
      value: "true"
    }
    properties {
      key: "text-overflow"
      value: "ellipsis"
    }
  }
  layer {
    name: "Text-Metadata"
    id: 135
    sourceid: -1
    transform {
      anchorPoint {
        x: 0.088623047
        y: 0.81472778
        z: 0
      }
      scale {
        x: 1
        y: 1
        z: 1
      }
      position {
        x: 501
        y: -199.18527
        z: 0
      }
      orientation {
        x: 0
        y: 0
        z: 0
      }
      rotationX: 0
      rotationY: 0
      rotationZ: 0
      opacity: 0
    }
    acceptsshadows: true
    acceptslights: true
    castsshadows: false
    textinfo {
      justification: AE_TEXT_LEFT
      fontSize: 22
      fontColor {
        alpha: 1
        red: 1
        green: 1
        blue: 1
      }
      fontName: "Montserrat-Bold"
      isPointText: false
      boundsWidth: 422
      boundsHeight: 24
      isLabel: true
      text: ""
      multiline: true
      ellipsis: true
      isAllCaps: true
    }
    parentid: 138
    properties {
      key: "text-placeholder"
      value: "true"
    }
    properties {
      key: "text-overflow"
      value: "ellipsis"
    }
  }
  layer {
    name: "Watch"
    id: 136
    sourceid: -1
    transform {
      anchorPoint {
        x: 0.39880371
        y: 7.0112
        z: 0
      }
      scale {
        x: 1
        y: 1
        z: 1
      }
      position {
        x: 667.3988
        y: 170.5112
        z: 0
      }
      orientation {
        x: 0
        y: 0
        z: 0
      }
      rotationX: 0
      rotationY: 0
      rotationZ: 0
      opacity: 1
    }
    acceptsshadows: true
    acceptslights: true
    castsshadows: false
    textinfo {
      justification: AE_TEXT_LEFT
      fontSize: 18
      fontColor {
        alpha: 1
        red: 1
        green: 1
        blue: 1
      }
      fontName: "Montserrat-Bold"
      isPointText: false
      boundsWidth: 116
      boundsHeight: 23
      isLabel: true
      text: "Watch"
      multiline: true
      isAllCaps: true
    }
    parentid: 138
  }
  layer {
    name: "PlayIcon2.png"
    id: 137
    sourceid: 690016655
    transform {
      anchorPoint {
        x: 38
        y: 38
        z: 0
      }
      scale {
        x: 1
        y: 1
        z: 1
      }
      position {
        x: 661
        y: 169
        z: 0
      }
      orientation {
        x: 0
        y: 0
        z: 0
      }
      rotationX: 0
      rotationY: 0
      rotationZ: 0
      opacity: 1
    }
    acceptsshadows: true
    acceptslights: true
    castsshadows: false
    parentid: 138
  }
  layer {
    name: "Opacity_Ctrl"
    id: 138
    sourceid: 690016678
    transform {
      anchorPoint {
        x: 0
        y: 0
        z: 0
      }
      scale {
        x: 1
        y: 1
        z: 1
      }
      position {
        x: 469
        y: 263.5
        z: 0
      }
      orientation {
        x: 0
        y: 0
        z: 0
      }
      rotationX: 0
      rotationY: 0
      rotationZ: 0
      opacity: 1
    }
    acceptsshadows: true
    acceptslights: true
    castsshadows: false
  }
  classname: "CYIPushButtonView"
  bgcolor {
    alpha: 1
    red: 0.086274509803921567
    green: 0.11372549019607843
    blue: 0.14509803921568629
  }
  properties {
    key: "componentSubtype"
    value: "push"
  }
  properties {
    key: "componentType"
    value: "button"
  }
  properties {
    key: "clip"
    value: "true"
  }
  childtemplates: "Auryn_Image-Dynamic-Full"
  childtemplates: "Auryn_Backdrop-Large-Unfocused-Text"
}
sources {
  uid: 378
  srctype: AE_SOLID_SRC
  color {
    alpha: 1
    red: 0
    green: 0
    blue: 0
  }
  width: 1067
  height: 600
  copy_source: false
}
sources {
  uid: 52
  srctype: AE_COMP_SRC
  name: "Auryn_Image-Dynamic-Full.layout"
  width: 1044
  height: 576
  copy_source: true
}
sources {
  uid: 891
  srctype: AE_IMAGE_SRC
  name: "Gradient-Player.png"
  width: 1
  height: 548
  numberOfFrames: 1
  fps: 0
  loops: 1
  copy_source: true
}
sources {
  uid: 690016780
  srctype: AE_COMP_SRC
  name: "Auryn_Backdrop-Large-Unfocused-Text.layout"
  width: 938
  height: 200
  copy_source: true
}
sources {
  uid: 690015178
  srctype: AE_IMAGE_SRC
  name: "Backdrop-Gradient-Large.png"
  width: 527
  height: 1
  numberOfFrames: 1
  fps: 0
  loops: 1
  copy_source: true
}
sources {
  uid: 6
  srctype: AE_FONT_SRC
  name: "Montserrat-Medium"
  copy_source: true
  file_name: "yi_Montserrat-Medium.otf"
  style_name: "Medium"
}
sources {
  uid: 7
  srctype: AE_FONT_SRC
  name: "Montserrat-Bold"
  copy_source: true
  file_name: "yi_Montserrat-Bold.otf"
  style_name: "Bold"
}
sources {
  uid: 690016655
  srctype: AE_IMAGE_SRC
  name: "PlayIcon2.png"
  width: 76
  height: 76
  numberOfFrames: 1
  fps: 0
  loops: 1
  copy_source: true
}
sources {
  uid: 690016678
  srctype: AE_NULL_SRC
  width: 100
  height: 100
  copy_source: false
}
