activecomp {
  name: "Auryn_Layout-PDP-Meta-Body"
  width: 736
  height: 293
  defaultcameradistance: 1022.2222
  layer {
    name: "Text-Featured"
    id: 690015213
    sourceid: -1
    transform {
      anchorPoint {
        x: 0.86399841
        y: -0.00010299683
        z: 0
      }
      scale {
        x: 1
        y: 1
        z: 1
      }
      position {
        x: 480.81036
        y: 49.999897
        z: 0
      }
      orientation {
        x: 0
        y: 0
        z: 0
      }
      rotationX: 0
      rotationY: 0
      rotationZ: 0
      opacity: 0
    }
    acceptsshadows: true
    acceptslights: true
    castsshadows: false
    textinfo {
      justification: AE_TEXT_LEFT
      fontSize: 20
      fontColor {
        alpha: 1
        red: 1
        green: 1
        blue: 1
      }
      fontName: "Montserrat-Medium"
      isPointText: false
      boundsWidth: 257
      boundsHeight: 242
      isLabel: true
      text: ""
      multiline: true
      ellipsis: true
      leading: 35
      isAllCaps: false
    }
    classname: "CYISDFAtlasTextSceneNode"
    properties {
      key: "text-placeholder"
      value: "true"
    }
    properties {
      key: "text-overflow"
      value: "ellipsis"
    }
    properties {
      key: "leading"
      value: "35"
    }
  }
  layer {
    name: "Featured"
    id: 690015214
    sourceid: -1
    transform {
      anchorPoint {
        x: 2.0720062
        y: 0.5598793
        z: 0
      }
      scale {
        x: 1
        y: 1
        z: 1
      }
      position {
        x: 481.27618
        y: 4.41988
        z: 0
      }
      orientation {
        x: 0
        y: 0
        z: 0
      }
      rotationX: 0
      rotationY: 0
      rotationZ: 0
      opacity: 0
    }
    acceptsshadows: true
    acceptslights: true
    castsshadows: false
    textinfo {
      justification: AE_TEXT_LEFT
      fontSize: 19
      fontColor {
        alpha: 1
        red: 1
        green: 1
        blue: 1
      }
      fontName: "Montserrat-Bold"
      isPointText: false
      boundsWidth: 265
      boundsHeight: 30
      isLabel: true
      text: "Featured"
      multiline: true
      isAllCaps: true
    }
    classname: "CYISDFAtlasTextSceneNode"
    properties {
      key: "margin-top"
      value: "20"
    }
  }
  layer {
    name: "Text-Overview"
    id: 690015215
    sourceid: -1
    transform {
      anchorPoint {
        x: 0.24000549
        y: -0.00010299683
        z: 0
      }
      scale {
        x: 1
        y: 1
        z: 1
      }
      position {
        x: 0
        y: 49.999897
        z: 0
      }
      orientation {
        x: 0
        y: 0
        z: 0
      }
      rotationX: 0
      rotationY: 0
      rotationZ: 0
      opacity: 0
    }
    acceptsshadows: true
    acceptslights: true
    castsshadows: false
    textinfo {
      justification: AE_TEXT_LEFT
      fontSize: 20
      fontColor {
        alpha: 1
        red: 1
        green: 1
        blue: 1
      }
      fontName: "Montserrat-Medium"
      isPointText: false
      boundsWidth: 425
      boundsHeight: 238
      isLabel: true
      text: ""
      multiline: true
      ellipsis: true
      leading: 35
      isAllCaps: false
    }
    classname: "CYISDFAtlasTextSceneNode"
    properties {
      key: "text-placeholder"
      value: "true"
    }
    properties {
      key: "text-overflow"
      value: "ellipsis"
    }
    properties {
      key: "leading"
      value: "35"
    }
  }
  layer {
    name: "Overview"
    id: 690015216
    sourceid: -1
    transform {
      anchorPoint {
        x: 0.86799622
        y: 0.41987991
        z: 0
      }
      scale {
        x: 1
        y: 1
        z: 1
      }
      position {
        x: 0.5
        y: 4.41988
        z: 0
      }
      orientation {
        x: 0
        y: 0
        z: 0
      }
      rotationX: 0
      rotationY: 0
      rotationZ: 0
      opacity: 0
    }
    acceptsshadows: true
    acceptslights: true
    castsshadows: false
    textinfo {
      justification: AE_TEXT_LEFT
      fontSize: 19
      fontColor {
        alpha: 1
        red: 1
        green: 1
        blue: 1
      }
      fontName: "Montserrat-Bold"
      isPointText: false
      boundsWidth: 365
      boundsHeight: 30
      isLabel: true
      text: "Overview"
      multiline: true
      isAllCaps: true
    }
    classname: "CYISDFAtlasTextSceneNode"
    properties {
      key: "margin-top"
      value: "20"
    }
  }
  bgcolor {
    alpha: 1
    red: 0.29411764705882354
    green: 0.29411764705882354
    blue: 0.29411764705882354
  }
  properties {
    key: "gravity"
    value: "left"
  }
  properties {
    key: "padding-top"
    value: "-10"
  }
}
sources {
  uid: 1
  srctype: AE_FONT_SRC
  name: "Montserrat-Medium"
  copy_source: true
  file_name: "yi_Montserrat-Medium.otf"
  style_name: "Medium"
}
sources {
  uid: 2
  srctype: AE_FONT_SRC
  name: "Montserrat-Bold"
  copy_source: true
  file_name: "yi_Montserrat-Bold.otf"
  style_name: "Bold"
}
