activecomp {
  name: "Auryn_Nav"
  width: 1920
  height: 180
  defaultcameradistance: 2666.6667
  layer {
    name: "Btn-Nav-Profile"
    id: 78
    sourceid: 604
    transform {
      anchorPoint {
        x: 30
        y: 30
        z: 0
      }
      scale {
        x: 1
        y: 1
        z: 1
      }
      position {
        x: -14
        y: 110
        z: 0
      }
      orientation {
        x: 0
        y: 0
        z: 0
      }
      rotationX: 0
      rotationY: 0
      rotationZ: 0
      opacity: 0
    }
    acceptsshadows: true
    acceptslights: true
    castsshadows: false
    parentid: 82
  }
  layer {
    name: "Btn-Nav-Search"
    id: 79
    sourceid: 585
    transform {
      anchorPoint {
        x: 30
        y: 30
        z: 0
      }
      scale {
        x: 1
        y: 1
        z: 1
      }
      position {
        x: -89.5
        y: 110
        z: 0
      }
      orientation {
        x: 0
        y: 0
        z: 0
      }
      rotationX: 0
      rotationY: 0
      rotationZ: 0
      opacity: 0
    }
    acceptsshadows: true
    acceptslights: true
    castsshadows: false
    parentid: 82
  }
  layer {
    name: "Nav-List"
    id: 80
    sourceid: 690014269
    transform {
      anchorPoint {
        x: 725
        y: 30
        z: 0
      }
      scale {
        x: 1
        y: 1
        z: 1
      }
      position {
        x: 50
        y: 44
        z: 0
      }
      orientation {
        x: 0
        y: 0
        z: 0
      }
      rotationX: 0
      rotationY: 0
      rotationZ: 0
      opacity: 0
    }
    acceptsshadows: true
    acceptslights: true
    castsshadows: false
    parentid: 83
  }
  layer {
    name: "Nav-Logo"
    id: 81
    sourceid: 259819
    transform {
      anchorPoint {
        x: 60
        y: 54
        z: 0
      }
      scale {
        x: 1
        y: 1
        z: 1
      }
      position {
        x: 144
        y: 104
        z: 0
      }
      orientation {
        x: 0
        y: 0
        z: 0
      }
      rotationX: 0
      rotationY: 0
      rotationZ: 0
      opacity: 0
    }
    acceptsshadows: true
    acceptslights: true
    castsshadows: false
    parentid: 84
  }
  layer {
    name: "ScalePropTopRightAnchor"
    id: 82
    sourceid: 690011406
    transform {
      anchorPoint {
        x: 100
        y: 0
        z: 0
      }
      scale {
        x: 1
        y: 1
        z: 1
      }
      position {
        x: 1920
        y: 0
        z: 0
      }
      orientation {
        x: 0
        y: 0
        z: 0
      }
      rotationX: 0
      rotationY: 0
      rotationZ: 0
      opacity: 1
    }
    acceptsshadows: true
    acceptslights: true
    castsshadows: false
  }
  layer {
    name: "ScalePropTopAnchor"
    id: 83
    sourceid: 690011406
    transform {
      anchorPoint {
        x: 50
        y: 0
        z: 0
      }
      scale {
        x: 1
        y: 1
        z: 1
      }
      position {
        x: 960
        y: 0
        z: 0
      }
      orientation {
        x: 0
        y: 0
        z: 0
      }
      rotationX: 0
      rotationY: 0
      rotationZ: 0
      opacity: 1
    }
    acceptsshadows: true
    acceptslights: true
    castsshadows: false
  }
  layer {
    name: "ScalePropTopLeftAnchor"
    id: 84
    sourceid: 690011406
    transform {
      anchorPoint {
        x: 0
        y: 0
        z: 0
      }
      scale {
        x: 1
        y: 1
        z: 1
      }
      position {
        x: 0
        y: 0
        z: 0
      }
      orientation {
        x: 0
        y: 0
        z: 0
      }
      rotationX: 0
      rotationY: 0
      rotationZ: 0
      opacity: 1
    }
    acceptsshadows: true
    acceptslights: true
    castsshadows: false
  }
  bgcolor {
    alpha: 1
    red: 0.086274509803921567
    green: 0.11372549019607843
    blue: 0.14509803921568629
  }
  properties {
    key: "clip"
    value: "true"
  }
  childtemplates: "Auryn_Btn-Nav-Profile"
  childtemplates: "Auryn_Btn-Nav-Search"
  childtemplates: "Auryn_Nav-List"
  childtemplates: "Auryn_Nav-Logo"
}
sources {
  uid: 604
  srctype: AE_COMP_SRC
  name: "Auryn_Btn-Nav-Profile.layout"
  width: 60
  height: 60
  copy_source: true
}
sources {
  uid: 585
  srctype: AE_COMP_SRC
  name: "Auryn_Btn-Nav-Search.layout"
  width: 60
  height: 60
  copy_source: true
}
sources {
  uid: 690014269
  srctype: AE_COMP_SRC
  name: "Auryn_Nav-List.layout"
  width: 1450
  height: 60
  copy_source: true
}
sources {
  uid: 259819
  srctype: AE_COMP_SRC
  name: "Auryn_Nav-Logo.layout"
  width: 120
  height: 108
  copy_source: true
}
sources {
  uid: 690011406
  srctype: AE_NULL_SRC
  width: 100
  height: 100
  copy_source: false
}
