tracks {
  binding: IS_VISIBLE
  targetid: 64
  targetname: "Stack"
  keytimes {
    datatype: AE_INT_DATA
    timeOffset: 0
    inttype: AE_INTERP_HOLD
    ivalue1: 1
  }
}
tracks {
  binding: POSITION
  targetid: 64
  targetname: "Stack"
  keytimes {
    datatype: AE_FLOAT_VECTOR_DATA
    timeOffset: 0
    inttype: AE_INTERP_LINEAR
    fvalue1: 960
    fvalue2: 140
    fvalue3: -494
  }
  keytimes {
    datatype: AE_FLOAT_VECTOR_DATA
    timeOffset: 1
    inttype: AE_INTERP_LINEAR
    fvalue1: 960
    fvalue2: 140
    fvalue3: -494
  }
  keytimes {
    datatype: AE_FLOAT_VECTOR_DATA
    timeOffset: 1.01666
    inttype: AE_INTERP_LINEAR
    fvalue1: 960
    fvalue2: 140
    fvalue3: -493.57187
    isCookedKeytime: true
  }
  keytimes {
    datatype: AE_FLOAT_VECTOR_DATA
    timeOffset: 1.03332
    inttype: AE_INTERP_LINEAR
    fvalue1: 960
    fvalue2: 140
    fvalue3: -492.15329
    isCookedKeytime: true
  }
  keytimes {
    datatype: AE_FLOAT_VECTOR_DATA
    timeOffset: 1.0499799
    inttype: AE_INTERP_LINEAR
    fvalue1: 960
    fvalue2: 140
    fvalue3: -489.5607
    isCookedKeytime: true
  }
  keytimes {
    datatype: AE_FLOAT_VECTOR_DATA
    timeOffset: 1.0666399
    inttype: AE_INTERP_LINEAR
    fvalue1: 960
    fvalue2: 140
    fvalue3: -485.52417
    isCookedKeytime: true
  }
  keytimes {
    datatype: AE_FLOAT_VECTOR_DATA
    timeOffset: 1.0832999
    inttype: AE_INTERP_LINEAR
    fvalue1: 960
    fvalue2: 140
    fvalue3: -479.68869
    isCookedKeytime: true
  }
  keytimes {
    datatype: AE_FLOAT_VECTOR_DATA
    timeOffset: 1.0999599
    inttype: AE_INTERP_LINEAR
    fvalue1: 960
    fvalue2: 140
    fvalue3: -471.57574
    isCookedKeytime: true
  }
  keytimes {
    datatype: AE_FLOAT_VECTOR_DATA
    timeOffset: 1.1166198
    inttype: AE_INTERP_LINEAR
    fvalue1: 960
    fvalue2: 140
    fvalue3: -460.53391
    isCookedKeytime: true
  }
  keytimes {
    datatype: AE_FLOAT_VECTOR_DATA
    timeOffset: 1.1332798
    inttype: AE_INTERP_LINEAR
    fvalue1: 960
    fvalue2: 140
    fvalue3: -445.70139
    isCookedKeytime: true
  }
  keytimes {
    datatype: AE_FLOAT_VECTOR_DATA
    timeOffset: 1.1499398
    inttype: AE_INTERP_LINEAR
    fvalue1: 960
    fvalue2: 140
    fvalue3: -426.05807
    isCookedKeytime: true
  }
  keytimes {
    datatype: AE_FLOAT_VECTOR_DATA
    timeOffset: 1.1665998
    inttype: AE_INTERP_LINEAR
    fvalue1: 960
    fvalue2: 140
    fvalue3: -400.79395
    isCookedKeytime: true
  }
  keytimes {
    datatype: AE_FLOAT_VECTOR_DATA
    timeOffset: 1.1832597
    inttype: AE_INTERP_LINEAR
    fvalue1: 960
    fvalue2: 140
    fvalue3: -370.2695
    isCookedKeytime: true
  }
  keytimes {
    datatype: AE_FLOAT_VECTOR_DATA
    timeOffset: 1.2165797
    inttype: AE_INTERP_LINEAR
    fvalue1: 960
    fvalue2: 140
    fvalue3: -304.12231
    isCookedKeytime: true
  }
  keytimes {
    datatype: AE_FLOAT_VECTOR_DATA
    timeOffset: 1.2332397
    inttype: AE_INTERP_LINEAR
    fvalue1: 960
    fvalue2: 140
    fvalue3: -274.17911
    isCookedKeytime: true
  }
  keytimes {
    datatype: AE_FLOAT_VECTOR_DATA
    timeOffset: 1.2498996
    inttype: AE_INTERP_LINEAR
    fvalue1: 960
    fvalue2: 140
    fvalue3: -247.72461
    isCookedKeytime: true
  }
  keytimes {
    datatype: AE_FLOAT_VECTOR_DATA
    timeOffset: 1.2665596
    inttype: AE_INTERP_LINEAR
    fvalue1: 960
    fvalue2: 140
    fvalue3: -224.54713
    isCookedKeytime: true
  }
  keytimes {
    datatype: AE_FLOAT_VECTOR_DATA
    timeOffset: 1.2832196
    inttype: AE_INTERP_LINEAR
    fvalue1: 960
    fvalue2: 140
    fvalue3: -204.18538
    isCookedKeytime: true
  }
  keytimes {
    datatype: AE_FLOAT_VECTOR_DATA
    timeOffset: 1.2998796
    inttype: AE_INTERP_LINEAR
    fvalue1: 960
    fvalue2: 140
    fvalue3: -186.18501
    isCookedKeytime: true
  }
  keytimes {
    datatype: AE_FLOAT_VECTOR_DATA
    timeOffset: 1.3165395
    inttype: AE_INTERP_LINEAR
    fvalue1: 960
    fvalue2: 140
    fvalue3: -170.15512
    isCookedKeytime: true
  }
  keytimes {
    datatype: AE_FLOAT_VECTOR_DATA
    timeOffset: 1.3331995
    inttype: AE_INTERP_LINEAR
    fvalue1: 960
    fvalue2: 140
    fvalue3: -155.77548
    isCookedKeytime: true
  }
  keytimes {
    datatype: AE_FLOAT_VECTOR_DATA
    timeOffset: 1.3498595
    inttype: AE_INTERP_LINEAR
    fvalue1: 960
    fvalue2: 140
    fvalue3: -142.79625
    isCookedKeytime: true
  }
  keytimes {
    datatype: AE_FLOAT_VECTOR_DATA
    timeOffset: 1.3665195
    inttype: AE_INTERP_LINEAR
    fvalue1: 960
    fvalue2: 140
    fvalue3: -131.02107
    isCookedKeytime: true
  }
  keytimes {
    datatype: AE_FLOAT_VECTOR_DATA
    timeOffset: 1.3831794
    inttype: AE_INTERP_LINEAR
    fvalue1: 960
    fvalue2: 140
    fvalue3: -120.29136
    isCookedKeytime: true
  }
  keytimes {
    datatype: AE_FLOAT_VECTOR_DATA
    timeOffset: 1.3998394
    inttype: AE_INTERP_LINEAR
    fvalue1: 960
    fvalue2: 140
    fvalue3: -110.4727
    isCookedKeytime: true
  }
  keytimes {
    datatype: AE_FLOAT_VECTOR_DATA
    timeOffset: 1.4164994
    inttype: AE_INTERP_LINEAR
    fvalue1: 960
    fvalue2: 140
    fvalue3: -101.45628
    isCookedKeytime: true
  }
  keytimes {
    datatype: AE_FLOAT_VECTOR_DATA
    timeOffset: 1.4331594
    inttype: AE_INTERP_LINEAR
    fvalue1: 960
    fvalue2: 140
    fvalue3: -93.153885
    isCookedKeytime: true
  }
  keytimes {
    datatype: AE_FLOAT_VECTOR_DATA
    timeOffset: 1.4498193
    inttype: AE_INTERP_LINEAR
    fvalue1: 960
    fvalue2: 140
    fvalue3: -85.492828
    isCookedKeytime: true
  }
  keytimes {
    datatype: AE_FLOAT_VECTOR_DATA
    timeOffset: 1.4664793
    inttype: AE_INTERP_LINEAR
    fvalue1: 960
    fvalue2: 140
    fvalue3: -78.408371
    isCookedKeytime: true
  }
  keytimes {
    datatype: AE_FLOAT_VECTOR_DATA
    timeOffset: 1.4831393
    inttype: AE_INTERP_LINEAR
    fvalue1: 960
    fvalue2: 140
    fvalue3: -71.844925
    isCookedKeytime: true
  }
  keytimes {
    datatype: AE_FLOAT_VECTOR_DATA
    timeOffset: 1.4997993
    inttype: AE_INTERP_LINEAR
    fvalue1: 960
    fvalue2: 140
    fvalue3: -65.756042
    isCookedKeytime: true
  }
  keytimes {
    datatype: AE_FLOAT_VECTOR_DATA
    timeOffset: 1.5164592
    inttype: AE_INTERP_LINEAR
    fvalue1: 960
    fvalue2: 140
    fvalue3: -60.102375
    isCookedKeytime: true
  }
  keytimes {
    datatype: AE_FLOAT_VECTOR_DATA
    timeOffset: 1.5331192
    inttype: AE_INTERP_LINEAR
    fvalue1: 960
    fvalue2: 140
    fvalue3: -54.850151
    isCookedKeytime: true
  }
  keytimes {
    datatype: AE_FLOAT_VECTOR_DATA
    timeOffset: 1.5497792
    inttype: AE_INTERP_LINEAR
    fvalue1: 960
    fvalue2: 140
    fvalue3: -49.968075
    isCookedKeytime: true
  }
  keytimes {
    datatype: AE_FLOAT_VECTOR_DATA
    timeOffset: 1.5664392
    inttype: AE_INTERP_LINEAR
    fvalue1: 960
    fvalue2: 140
    fvalue3: -45.427681
    isCookedKeytime: true
  }
  keytimes {
    datatype: AE_FLOAT_VECTOR_DATA
    timeOffset: 1.5830991
    inttype: AE_INTERP_LINEAR
    fvalue1: 960
    fvalue2: 140
    fvalue3: -41.204433
    isCookedKeytime: true
  }
  keytimes {
    datatype: AE_FLOAT_VECTOR_DATA
    timeOffset: 1.5997591
    inttype: AE_INTERP_LINEAR
    fvalue1: 960
    fvalue2: 140
    fvalue3: -37.276981
    isCookedKeytime: true
  }
  keytimes {
    datatype: AE_FLOAT_VECTOR_DATA
    timeOffset: 1.6164191
    inttype: AE_INTERP_LINEAR
    fvalue1: 960
    fvalue2: 140
    fvalue3: -33.626549
    isCookedKeytime: true
  }
  keytimes {
    datatype: AE_FLOAT_VECTOR_DATA
    timeOffset: 1.6330791
    inttype: AE_INTERP_LINEAR
    fvalue1: 960
    fvalue2: 140
    fvalue3: -30.236506
    isCookedKeytime: true
  }
  keytimes {
    datatype: AE_FLOAT_VECTOR_DATA
    timeOffset: 1.649739
    inttype: AE_INTERP_LINEAR
    fvalue1: 960
    fvalue2: 140
    fvalue3: -27.091169
    isCookedKeytime: true
  }
  keytimes {
    datatype: AE_FLOAT_VECTOR_DATA
    timeOffset: 1.666399
    inttype: AE_INTERP_LINEAR
    fvalue1: 960
    fvalue2: 140
    fvalue3: -24.175581
    isCookedKeytime: true
  }
  keytimes {
    datatype: AE_FLOAT_VECTOR_DATA
    timeOffset: 1.683059
    inttype: AE_INTERP_LINEAR
    fvalue1: 960
    fvalue2: 140
    fvalue3: -21.47644
    isCookedKeytime: true
  }
  keytimes {
    datatype: AE_FLOAT_VECTOR_DATA
    timeOffset: 1.699719
    inttype: AE_INTERP_LINEAR
    fvalue1: 960
    fvalue2: 140
    fvalue3: -18.981855
    isCookedKeytime: true
  }
  keytimes {
    datatype: AE_FLOAT_VECTOR_DATA
    timeOffset: 1.7163789
    inttype: AE_INTERP_LINEAR
    fvalue1: 960
    fvalue2: 140
    fvalue3: -16.6811
    isCookedKeytime: true
  }
  keytimes {
    datatype: AE_FLOAT_VECTOR_DATA
    timeOffset: 1.7330389
    inttype: AE_INTERP_LINEAR
    fvalue1: 960
    fvalue2: 140
    fvalue3: -14.564438
    isCookedKeytime: true
  }
  keytimes {
    datatype: AE_FLOAT_VECTOR_DATA
    timeOffset: 1.7496989
    inttype: AE_INTERP_LINEAR
    fvalue1: 960
    fvalue2: 140
    fvalue3: -12.622953
    isCookedKeytime: true
  }
  keytimes {
    datatype: AE_FLOAT_VECTOR_DATA
    timeOffset: 1.7663589
    inttype: AE_INTERP_LINEAR
    fvalue1: 960
    fvalue2: 140
    fvalue3: -10.848437
    isCookedKeytime: true
  }
  keytimes {
    datatype: AE_FLOAT_VECTOR_DATA
    timeOffset: 1.7830188
    inttype: AE_INTERP_LINEAR
    fvalue1: 960
    fvalue2: 140
    fvalue3: -9.23318
    isCookedKeytime: true
  }
  keytimes {
    datatype: AE_FLOAT_VECTOR_DATA
    timeOffset: 1.7996788
    inttype: AE_INTERP_LINEAR
    fvalue1: 960
    fvalue2: 140
    fvalue3: -7.7697926
    isCookedKeytime: true
  }
  keytimes {
    datatype: AE_FLOAT_VECTOR_DATA
    timeOffset: 1.8163388
    inttype: AE_INTERP_LINEAR
    fvalue1: 960
    fvalue2: 140
    fvalue3: -6.4514594
    isCookedKeytime: true
  }
  keytimes {
    datatype: AE_FLOAT_VECTOR_DATA
    timeOffset: 1.8329988
    inttype: AE_INTERP_LINEAR
    fvalue1: 960
    fvalue2: 140
    fvalue3: -5.2718983
    isCookedKeytime: true
  }
  keytimes {
    datatype: AE_FLOAT_VECTOR_DATA
    timeOffset: 1.8496587
    inttype: AE_INTERP_LINEAR
    fvalue1: 960
    fvalue2: 140
    fvalue3: -4.2252913
    isCookedKeytime: true
  }
  keytimes {
    datatype: AE_FLOAT_VECTOR_DATA
    timeOffset: 1.8663187
    inttype: AE_INTERP_LINEAR
    fvalue1: 960
    fvalue2: 140
    fvalue3: -3.3063231
    isCookedKeytime: true
  }
  keytimes {
    datatype: AE_FLOAT_VECTOR_DATA
    timeOffset: 1.8829787
    inttype: AE_INTERP_LINEAR
    fvalue1: 960
    fvalue2: 140
    fvalue3: -2.5099525
    isCookedKeytime: true
  }
  keytimes {
    datatype: AE_FLOAT_VECTOR_DATA
    timeOffset: 1.8996387
    inttype: AE_INTERP_LINEAR
    fvalue1: 960
    fvalue2: 140
    fvalue3: -1.831018
    isCookedKeytime: true
  }
  keytimes {
    datatype: AE_FLOAT_VECTOR_DATA
    timeOffset: 1.9162986
    inttype: AE_INTERP_LINEAR
    fvalue1: 960
    fvalue2: 140
    fvalue3: -1.2621119
    isCookedKeytime: true
  }
  keytimes {
    datatype: AE_FLOAT_VECTOR_DATA
    timeOffset: 1.9329586
    inttype: AE_INTERP_LINEAR
    fvalue1: 960
    fvalue2: 140
    fvalue3: -0.80320859
    isCookedKeytime: true
  }
  keytimes {
    datatype: AE_FLOAT_VECTOR_DATA
    timeOffset: 1.9496186
    inttype: AE_INTERP_LINEAR
    fvalue1: 960
    fvalue2: 140
    fvalue3: -0.4525041
    isCookedKeytime: true
  }
  keytimes {
    datatype: AE_FLOAT_VECTOR_DATA
    timeOffset: 1.9662786
    inttype: AE_INTERP_LINEAR
    fvalue1: 960
    fvalue2: 140
    fvalue3: -0.20535713
    isCookedKeytime: true
  }
  keytimes {
    datatype: AE_FLOAT_VECTOR_DATA
    timeOffset: 1.9829385
    inttype: AE_INTERP_LINEAR
    fvalue1: 960
    fvalue2: 140
    fvalue3: -0.056357518
    isCookedKeytime: true
  }
  keytimes {
    datatype: AE_FLOAT_VECTOR_DATA
    timeOffset: 2
    inttype: AE_INTERP_LINEAR
    fvalue1: 960
    fvalue2: 140
    fvalue3: 0
  }
  keytimes {
    datatype: AE_FLOAT_VECTOR_DATA
    timeOffset: 5
    inttype: AE_INTERP_LINEAR
    fvalue1: 960
    fvalue2: 140
    fvalue3: 0
  }
  keytimes {
    datatype: AE_FLOAT_VECTOR_DATA
    timeOffset: 5.01666
    inttype: AE_INTERP_LINEAR
    fvalue1: 960
    fvalue2: 140
    fvalue3: -0.31948316
    isCookedKeytime: true
  }
  keytimes {
    datatype: AE_FLOAT_VECTOR_DATA
    timeOffset: 5.0333204
    inttype: AE_INTERP_LINEAR
    fvalue1: 960
    fvalue2: 140
    fvalue3: -1.3215724
    isCookedKeytime: true
  }
  keytimes {
    datatype: AE_FLOAT_VECTOR_DATA
    timeOffset: 5.0499806
    inttype: AE_INTERP_LINEAR
    fvalue1: 960
    fvalue2: 140
    fvalue3: -3.0721648
    isCookedKeytime: true
  }
  keytimes {
    datatype: AE_FLOAT_VECTOR_DATA
    timeOffset: 5.0666409
    inttype: AE_INTERP_LINEAR
    fvalue1: 960
    fvalue2: 140
    fvalue3: -5.6017466
    isCookedKeytime: true
  }
  keytimes {
    datatype: AE_FLOAT_VECTOR_DATA
    timeOffset: 5.0833011
    inttype: AE_INTERP_LINEAR
    fvalue1: 960
    fvalue2: 140
    fvalue3: -8.983285
    isCookedKeytime: true
  }
  keytimes {
    datatype: AE_FLOAT_VECTOR_DATA
    timeOffset: 5.0999613
    inttype: AE_INTERP_LINEAR
    fvalue1: 960
    fvalue2: 140
    fvalue3: -13.290214
    isCookedKeytime: true
  }
  keytimes {
    datatype: AE_FLOAT_VECTOR_DATA
    timeOffset: 5.1166215
    inttype: AE_INTERP_LINEAR
    fvalue1: 960
    fvalue2: 140
    fvalue3: -18.60634
    isCookedKeytime: true
  }
  keytimes {
    datatype: AE_FLOAT_VECTOR_DATA
    timeOffset: 5.1332817
    inttype: AE_INTERP_LINEAR
    fvalue1: 960
    fvalue2: 140
    fvalue3: -25.029383
    isCookedKeytime: true
  }
  keytimes {
    datatype: AE_FLOAT_VECTOR_DATA
    timeOffset: 5.1499419
    inttype: AE_INTERP_LINEAR
    fvalue1: 960
    fvalue2: 140
    fvalue3: -32.67025
    isCookedKeytime: true
  }
  keytimes {
    datatype: AE_FLOAT_VECTOR_DATA
    timeOffset: 5.1666021
    inttype: AE_INTERP_LINEAR
    fvalue1: 960
    fvalue2: 140
    fvalue3: -41.659279
    isCookedKeytime: true
  }
  keytimes {
    datatype: AE_FLOAT_VECTOR_DATA
    timeOffset: 5.1832623
    inttype: AE_INTERP_LINEAR
    fvalue1: 960
    fvalue2: 140
    fvalue3: -52.155022
    isCookedKeytime: true
  }
  keytimes {
    datatype: AE_FLOAT_VECTOR_DATA
    timeOffset: 5.1999226
    inttype: AE_INTERP_LINEAR
    fvalue1: 960
    fvalue2: 140
    fvalue3: -64.349449
    isCookedKeytime: true
  }
  keytimes {
    datatype: AE_FLOAT_VECTOR_DATA
    timeOffset: 5.2165828
    inttype: AE_INTERP_LINEAR
    fvalue1: 960
    fvalue2: 140
    fvalue3: -78.465828
    isCookedKeytime: true
  }
  keytimes {
    datatype: AE_FLOAT_VECTOR_DATA
    timeOffset: 5.233243
    inttype: AE_INTERP_LINEAR
    fvalue1: 960
    fvalue2: 140
    fvalue3: -94.7866
    isCookedKeytime: true
  }
  keytimes {
    datatype: AE_FLOAT_VECTOR_DATA
    timeOffset: 5.2499032
    inttype: AE_INTERP_LINEAR
    fvalue1: 960
    fvalue2: 140
    fvalue3: -113.67602
    isCookedKeytime: true
  }
  keytimes {
    datatype: AE_FLOAT_VECTOR_DATA
    timeOffset: 5.2665634
    inttype: AE_INTERP_LINEAR
    fvalue1: 960
    fvalue2: 140
    fvalue3: -135.58214
    isCookedKeytime: true
  }
  keytimes {
    datatype: AE_FLOAT_VECTOR_DATA
    timeOffset: 5.2832236
    inttype: AE_INTERP_LINEAR
    fvalue1: 960
    fvalue2: 140
    fvalue3: -161.11079
    isCookedKeytime: true
  }
  keytimes {
    datatype: AE_FLOAT_VECTOR_DATA
    timeOffset: 5.2998838
    inttype: AE_INTERP_LINEAR
    fvalue1: 960
    fvalue2: 140
    fvalue3: -191.07236
    isCookedKeytime: true
  }
  keytimes {
    datatype: AE_FLOAT_VECTOR_DATA
    timeOffset: 5.3165441
    inttype: AE_INTERP_LINEAR
    fvalue1: 960
    fvalue2: 140
    fvalue3: -226.59937
    isCookedKeytime: true
  }
  keytimes {
    datatype: AE_FLOAT_VECTOR_DATA
    timeOffset: 5.3332043
    inttype: AE_INTERP_LINEAR
    fvalue1: 960
    fvalue2: 140
    fvalue3: -269.34277
    isCookedKeytime: true
  }
  keytimes {
    datatype: AE_FLOAT_VECTOR_DATA
    timeOffset: 5.3498645
    inttype: AE_INTERP_LINEAR
    fvalue1: 960
    fvalue2: 140
    fvalue3: -321.79938
    isCookedKeytime: true
  }
  keytimes {
    datatype: AE_FLOAT_VECTOR_DATA
    timeOffset: 5.3665247
    inttype: AE_INTERP_LINEAR
    fvalue1: 960
    fvalue2: 140
    fvalue3: -387.86148
    isCookedKeytime: true
  }
  keytimes {
    datatype: AE_FLOAT_VECTOR_DATA
    timeOffset: 5.3831849
    inttype: AE_INTERP_LINEAR
    fvalue1: 960
    fvalue2: 140
    fvalue3: -473.23871
    isCookedKeytime: true
  }
  keytimes {
    datatype: AE_FLOAT_VECTOR_DATA
    timeOffset: 5.4165053
    inttype: AE_INTERP_LINEAR
    fvalue1: 960
    fvalue2: 140
    fvalue3: -694.341
    isCookedKeytime: true
  }
  keytimes {
    datatype: AE_FLOAT_VECTOR_DATA
    timeOffset: 5.4331656
    inttype: AE_INTERP_LINEAR
    fvalue1: 960
    fvalue2: 140
    fvalue3: -775.06488
    isCookedKeytime: true
  }
  keytimes {
    datatype: AE_FLOAT_VECTOR_DATA
    timeOffset: 5.4498258
    inttype: AE_INTERP_LINEAR
    fvalue1: 960
    fvalue2: 140
    fvalue3: -821.85
    isCookedKeytime: true
  }
  keytimes {
    datatype: AE_FLOAT_VECTOR_DATA
    timeOffset: 5.466486
    inttype: AE_INTERP_LINEAR
    fvalue1: 960
    fvalue2: 140
    fvalue3: -847.17291
    isCookedKeytime: true
  }
  keytimes {
    datatype: AE_FLOAT_VECTOR_DATA
    timeOffset: 5.4831462
    inttype: AE_INTERP_LINEAR
    fvalue1: 960
    fvalue2: 140
    fvalue3: -859.35626
    isCookedKeytime: true
  }
  keytimes {
    datatype: AE_FLOAT_VECTOR_DATA
    timeOffset: 5.5
    inttype: AE_INTERP_LINEAR
    fvalue1: 960
    fvalue2: 140
    fvalue3: -863
  }
  trackName: "Position"
}
tracks {
  binding: OPACITY
  targetid: 64
  targetname: "Stack"
  keytimes {
    datatype: AE_FLOAT_DATA
    timeOffset: 0
    inttype: AE_INTERP_LINEAR
    fvalue1: 0
  }
  keytimes {
    datatype: AE_FLOAT_DATA
    timeOffset: 1
    inttype: AE_INTERP_LINEAR
    fvalue1: 0
  }
  keytimes {
    datatype: AE_FLOAT_DATA
    timeOffset: 1.01666
    inttype: AE_INTERP_LINEAR
    fvalue1: 0.00087904179
    isCookedKeytime: true
  }
  keytimes {
    datatype: AE_FLOAT_DATA
    timeOffset: 1.03332
    inttype: AE_INTERP_LINEAR
    fvalue1: 0.0037387344
    isCookedKeytime: true
  }
  keytimes {
    datatype: AE_FLOAT_DATA
    timeOffset: 1.0499799
    inttype: AE_INTERP_LINEAR
    fvalue1: 0.0089863427
    isCookedKeytime: true
  }
  keytimes {
    datatype: AE_FLOAT_DATA
    timeOffset: 1.0666399
    inttype: AE_INTERP_LINEAR
    fvalue1: 0.017157584
    isCookedKeytime: true
  }
  keytimes {
    datatype: AE_FLOAT_DATA
    timeOffset: 1.0832999
    inttype: AE_INTERP_LINEAR
    fvalue1: 0.028968958
    isCookedKeytime: true
  }
  keytimes {
    datatype: AE_FLOAT_DATA
    timeOffset: 1.0999599
    inttype: AE_INTERP_LINEAR
    fvalue1: 0.045391418
    isCookedKeytime: true
  }
  keytimes {
    datatype: AE_FLOAT_DATA
    timeOffset: 1.1166198
    inttype: AE_INTERP_LINEAR
    fvalue1: 0.067743681
    isCookedKeytime: true
  }
  keytimes {
    datatype: AE_FLOAT_DATA
    timeOffset: 1.1332798
    inttype: AE_INTERP_LINEAR
    fvalue1: 0.097768612
    isCookedKeytime: true
  }
  keytimes {
    datatype: AE_FLOAT_DATA
    timeOffset: 1.1499398
    inttype: AE_INTERP_LINEAR
    fvalue1: 0.13753118
    isCookedKeytime: true
  }
  keytimes {
    datatype: AE_FLOAT_DATA
    timeOffset: 1.1665998
    inttype: AE_INTERP_LINEAR
    fvalue1: 0.18867412
    isCookedKeytime: true
  }
  keytimes {
    datatype: AE_FLOAT_DATA
    timeOffset: 1.1832597
    inttype: AE_INTERP_LINEAR
    fvalue1: 0.25046641
    isCookedKeytime: true
  }
  keytimes {
    datatype: AE_FLOAT_DATA
    timeOffset: 1.2165797
    inttype: AE_INTERP_LINEAR
    fvalue1: 0.38436663
    isCookedKeytime: true
  }
  keytimes {
    datatype: AE_FLOAT_DATA
    timeOffset: 1.2332397
    inttype: AE_INTERP_LINEAR
    fvalue1: 0.44497874
    isCookedKeytime: true
  }
  keytimes {
    datatype: AE_FLOAT_DATA
    timeOffset: 1.2498996
    inttype: AE_INTERP_LINEAR
    fvalue1: 0.4985323
    isCookedKeytime: true
  }
  keytimes {
    datatype: AE_FLOAT_DATA
    timeOffset: 1.2665596
    inttype: AE_INTERP_LINEAR
    fvalue1: 0.54545271
    isCookedKeytime: true
  }
  keytimes {
    datatype: AE_FLOAT_DATA
    timeOffset: 1.2832196
    inttype: AE_INTERP_LINEAR
    fvalue1: 0.58666962
    isCookedKeytime: true
  }
  keytimes {
    datatype: AE_FLOAT_DATA
    timeOffset: 1.2998796
    inttype: AE_INTERP_LINEAR
    fvalue1: 0.6231119
    isCookedKeytime: true
  }
  keytimes {
    datatype: AE_FLOAT_DATA
    timeOffset: 1.3165395
    inttype: AE_INTERP_LINEAR
    fvalue1: 0.6555686
    isCookedKeytime: true
  }
  keytimes {
    datatype: AE_FLOAT_DATA
    timeOffset: 1.3331995
    inttype: AE_INTERP_LINEAR
    fvalue1: 0.68467665
    isCookedKeytime: true
  }
  keytimes {
    datatype: AE_FLOAT_DATA
    timeOffset: 1.3498595
    inttype: AE_INTERP_LINEAR
    fvalue1: 0.7109437
    isCookedKeytime: true
  }
  keytimes {
    datatype: AE_FLOAT_DATA
    timeOffset: 1.3665195
    inttype: AE_INTERP_LINEAR
    fvalue1: 0.73477507
    isCookedKeytime: true
  }
  keytimes {
    datatype: AE_FLOAT_DATA
    timeOffset: 1.3831794
    inttype: AE_INTERP_LINEAR
    fvalue1: 0.75649697
    isCookedKeytime: true
  }
  keytimes {
    datatype: AE_FLOAT_DATA
    timeOffset: 1.3998394
    inttype: AE_INTERP_LINEAR
    fvalue1: 0.77637434
    isCookedKeytime: true
  }
  keytimes {
    datatype: AE_FLOAT_DATA
    timeOffset: 1.4164994
    inttype: AE_INTERP_LINEAR
    fvalue1: 0.79462487
    isCookedKeytime: true
  }
  keytimes {
    datatype: AE_FLOAT_DATA
    timeOffset: 1.4331594
    inttype: AE_INTERP_LINEAR
    fvalue1: 0.81142938
    isCookedKeytime: true
  }
  keytimes {
    datatype: AE_FLOAT_DATA
    timeOffset: 1.4498193
    inttype: AE_INTERP_LINEAR
    fvalue1: 0.82693934
    isCookedKeytime: true
  }
  keytimes {
    datatype: AE_FLOAT_DATA
    timeOffset: 1.4664793
    inttype: AE_INTERP_LINEAR
    fvalue1: 0.84128278
    isCookedKeytime: true
  }
  keytimes {
    datatype: AE_FLOAT_DATA
    timeOffset: 1.4831393
    inttype: AE_INTERP_LINEAR
    fvalue1: 0.85456932
    isCookedKeytime: true
  }
  keytimes {
    datatype: AE_FLOAT_DATA
    timeOffset: 1.4997993
    inttype: AE_INTERP_LINEAR
    fvalue1: 0.86689305
    isCookedKeytime: true
  }
  keytimes {
    datatype: AE_FLOAT_DATA
    timeOffset: 1.5164592
    inttype: AE_INTERP_LINEAR
    fvalue1: 0.87833548
    isCookedKeytime: true
  }
  keytimes {
    datatype: AE_FLOAT_DATA
    timeOffset: 1.5331192
    inttype: AE_INTERP_LINEAR
    fvalue1: 0.88896787
    isCookedKeytime: true
  }
  keytimes {
    datatype: AE_FLOAT_DATA
    timeOffset: 1.5497792
    inttype: AE_INTERP_LINEAR
    fvalue1: 0.89885259
    isCookedKeytime: true
  }
  keytimes {
    datatype: AE_FLOAT_DATA
    timeOffset: 1.5664392
    inttype: AE_INTERP_LINEAR
    fvalue1: 0.90804482
    isCookedKeytime: true
  }
  keytimes {
    datatype: AE_FLOAT_DATA
    timeOffset: 1.5830991
    inttype: AE_INTERP_LINEAR
    fvalue1: 0.91659355
    isCookedKeytime: true
  }
  keytimes {
    datatype: AE_FLOAT_DATA
    timeOffset: 1.5997591
    inttype: AE_INTERP_LINEAR
    fvalue1: 0.92454231
    isCookedKeytime: true
  }
  keytimes {
    datatype: AE_FLOAT_DATA
    timeOffset: 1.6164191
    inttype: AE_INTERP_LINEAR
    fvalue1: 0.9319303
    isCookedKeytime: true
  }
  keytimes {
    datatype: AE_FLOAT_DATA
    timeOffset: 1.6330791
    inttype: AE_INTERP_LINEAR
    fvalue1: 0.93879271
    isCookedKeytime: true
  }
  keytimes {
    datatype: AE_FLOAT_DATA
    timeOffset: 1.649739
    inttype: AE_INTERP_LINEAR
    fvalue1: 0.94516128
    isCookedKeytime: true
  }
  keytimes {
    datatype: AE_FLOAT_DATA
    timeOffset: 1.666399
    inttype: AE_INTERP_LINEAR
    fvalue1: 0.95106477
    isCookedKeytime: true
  }
  keytimes {
    datatype: AE_FLOAT_DATA
    timeOffset: 1.683059
    inttype: AE_INTERP_LINEAR
    fvalue1: 0.95652938
    isCookedKeytime: true
  }
  keytimes {
    datatype: AE_FLOAT_DATA
    timeOffset: 1.699719
    inttype: AE_INTERP_LINEAR
    fvalue1: 0.96157908
    isCookedKeytime: true
  }
  keytimes {
    datatype: AE_FLOAT_DATA
    timeOffset: 1.7163789
    inttype: AE_INTERP_LINEAR
    fvalue1: 0.96623564
    isCookedKeytime: true
  }
  keytimes {
    datatype: AE_FLOAT_DATA
    timeOffset: 1.7330389
    inttype: AE_INTERP_LINEAR
    fvalue1: 0.97051919
    isCookedKeytime: true
  }
  keytimes {
    datatype: AE_FLOAT_DATA
    timeOffset: 1.7496989
    inttype: AE_INTERP_LINEAR
    fvalue1: 0.97444814
    isCookedKeytime: true
  }
  keytimes {
    datatype: AE_FLOAT_DATA
    timeOffset: 1.7663589
    inttype: AE_INTERP_LINEAR
    fvalue1: 0.97803962
    isCookedKeytime: true
  }
  keytimes {
    datatype: AE_FLOAT_DATA
    timeOffset: 1.7830188
    inttype: AE_INTERP_LINEAR
    fvalue1: 0.98130929
    isCookedKeytime: true
  }
  keytimes {
    datatype: AE_FLOAT_DATA
    timeOffset: 1.7996788
    inttype: AE_INTERP_LINEAR
    fvalue1: 0.98427171
    isCookedKeytime: true
  }
  keytimes {
    datatype: AE_FLOAT_DATA
    timeOffset: 1.8163388
    inttype: AE_INTERP_LINEAR
    fvalue1: 0.98694056
    isCookedKeytime: true
  }
  keytimes {
    datatype: AE_FLOAT_DATA
    timeOffset: 1.8329988
    inttype: AE_INTERP_LINEAR
    fvalue1: 0.98932832
    isCookedKeytime: true
  }
  keytimes {
    datatype: AE_FLOAT_DATA
    timeOffset: 1.8496587
    inttype: AE_INTERP_LINEAR
    fvalue1: 0.99144685
    isCookedKeytime: true
  }
  keytimes {
    datatype: AE_FLOAT_DATA
    timeOffset: 1.8663187
    inttype: AE_INTERP_LINEAR
    fvalue1: 0.99330705
    isCookedKeytime: true
  }
  keytimes {
    datatype: AE_FLOAT_DATA
    timeOffset: 1.8829787
    inttype: AE_INTERP_LINEAR
    fvalue1: 0.99491918
    isCookedKeytime: true
  }
  keytimes {
    datatype: AE_FLOAT_DATA
    timeOffset: 1.8996387
    inttype: AE_INTERP_LINEAR
    fvalue1: 0.99629295
    isCookedKeytime: true
  }
  keytimes {
    datatype: AE_FLOAT_DATA
    timeOffset: 1.9162986
    inttype: AE_INTERP_LINEAR
    fvalue1: 0.9974373
    isCookedKeytime: true
  }
  keytimes {
    datatype: AE_FLOAT_DATA
    timeOffset: 1.9329586
    inttype: AE_INTERP_LINEAR
    fvalue1: 0.99836075
    isCookedKeytime: true
  }
  keytimes {
    datatype: AE_FLOAT_DATA
    timeOffset: 1.9496186
    inttype: AE_INTERP_LINEAR
    fvalue1: 0.9990713
    isCookedKeytime: true
  }
  keytimes {
    datatype: AE_FLOAT_DATA
    timeOffset: 1.9662786
    inttype: AE_INTERP_LINEAR
    fvalue1: 0.99957651
    isCookedKeytime: true
  }
  keytimes {
    datatype: AE_FLOAT_DATA
    timeOffset: 1.9829385
    inttype: AE_INTERP_LINEAR
    fvalue1: 0.99988341
    isCookedKeytime: true
  }
  keytimes {
    datatype: AE_FLOAT_DATA
    timeOffset: 2
    inttype: AE_INTERP_LINEAR
    fvalue1: 1
  }
  keytimes {
    datatype: AE_FLOAT_DATA
    timeOffset: 5
    inttype: AE_INTERP_LINEAR
    fvalue1: 1
  }
  keytimes {
    datatype: AE_FLOAT_DATA
    timeOffset: 5.01666
    inttype: AE_INTERP_LINEAR
    fvalue1: 0.99962264
    isCookedKeytime: true
  }
  keytimes {
    datatype: AE_FLOAT_DATA
    timeOffset: 5.0333204
    inttype: AE_INTERP_LINEAR
    fvalue1: 0.99845505
    isCookedKeytime: true
  }
  keytimes {
    datatype: AE_FLOAT_DATA
    timeOffset: 5.0499806
    inttype: AE_INTERP_LINEAR
    fvalue1: 0.996439
    isCookedKeytime: true
  }
  keytimes {
    datatype: AE_FLOAT_DATA
    timeOffset: 5.0666409
    inttype: AE_INTERP_LINEAR
    fvalue1: 0.993509
    isCookedKeytime: true
  }
  keytimes {
    datatype: AE_FLOAT_DATA
    timeOffset: 5.0833011
    inttype: AE_INTERP_LINEAR
    fvalue1: 0.98959076
    isCookedKeytime: true
  }
  keytimes {
    datatype: AE_FLOAT_DATA
    timeOffset: 5.0999613
    inttype: AE_INTERP_LINEAR
    fvalue1: 0.98460007
    isCookedKeytime: true
  }
  keytimes {
    datatype: AE_FLOAT_DATA
    timeOffset: 5.1166215
    inttype: AE_INTERP_LINEAR
    fvalue1: 0.97843987
    isCookedKeytime: true
  }
  keytimes {
    datatype: AE_FLOAT_DATA
    timeOffset: 5.1332817
    inttype: AE_INTERP_LINEAR
    fvalue1: 0.97099853
    isCookedKeytime: true
  }
  keytimes {
    datatype: AE_FLOAT_DATA
    timeOffset: 5.1499419
    inttype: AE_INTERP_LINEAR
    fvalue1: 0.96214575
    isCookedKeytime: true
  }
  keytimes {
    datatype: AE_FLOAT_DATA
    timeOffset: 5.1666021
    inttype: AE_INTERP_LINEAR
    fvalue1: 0.95172864
    isCookedKeytime: true
  }
  keytimes {
    datatype: AE_FLOAT_DATA
    timeOffset: 5.1832623
    inttype: AE_INTERP_LINEAR
    fvalue1: 0.93956548
    isCookedKeytime: true
  }
  keytimes {
    datatype: AE_FLOAT_DATA
    timeOffset: 5.1999226
    inttype: AE_INTERP_LINEAR
    fvalue1: 0.92543817
    isCookedKeytime: true
  }
  keytimes {
    datatype: AE_FLOAT_DATA
    timeOffset: 5.2165828
    inttype: AE_INTERP_LINEAR
    fvalue1: 0.90908104
    isCookedKeytime: true
  }
  keytimes {
    datatype: AE_FLOAT_DATA
    timeOffset: 5.233243
    inttype: AE_INTERP_LINEAR
    fvalue1: 0.8901661
    isCookedKeytime: true
  }
  keytimes {
    datatype: AE_FLOAT_DATA
    timeOffset: 5.2499032
    inttype: AE_INTERP_LINEAR
    fvalue1: 0.86828077
    isCookedKeytime: true
  }
  keytimes {
    datatype: AE_FLOAT_DATA
    timeOffset: 5.2665634
    inttype: AE_INTERP_LINEAR
    fvalue1: 0.84289569
    isCookedKeytime: true
  }
  keytimes {
    datatype: AE_FLOAT_DATA
    timeOffset: 5.2832236
    inttype: AE_INTERP_LINEAR
    fvalue1: 0.81331491
    isCookedKeytime: true
  }
  keytimes {
    datatype: AE_FLOAT_DATA
    timeOffset: 5.2998838
    inttype: AE_INTERP_LINEAR
    fvalue1: 0.77859777
    isCookedKeytime: true
  }
  keytimes {
    datatype: AE_FLOAT_DATA
    timeOffset: 5.3165441
    inttype: AE_INTERP_LINEAR
    fvalue1: 0.73742938
    isCookedKeytime: true
  }
  keytimes {
    datatype: AE_FLOAT_DATA
    timeOffset: 5.3332043
    inttype: AE_INTERP_LINEAR
    fvalue1: 0.68789941
    isCookedKeytime: true
  }
  keytimes {
    datatype: AE_FLOAT_DATA
    timeOffset: 5.3498645
    inttype: AE_INTERP_LINEAR
    fvalue1: 0.62711579
    isCookedKeytime: true
  }
  keytimes {
    datatype: AE_FLOAT_DATA
    timeOffset: 5.3665247
    inttype: AE_INTERP_LINEAR
    fvalue1: 0.55056894
    isCookedKeytime: true
  }
  keytimes {
    datatype: AE_FLOAT_DATA
    timeOffset: 5.3831849
    inttype: AE_INTERP_LINEAR
    fvalue1: 0.45163375
    isCookedKeytime: true
  }
  keytimes {
    datatype: AE_FLOAT_DATA
    timeOffset: 5.4165053
    inttype: AE_INTERP_LINEAR
    fvalue1: 0.19543268
    isCookedKeytime: true
  }
  keytimes {
    datatype: AE_FLOAT_DATA
    timeOffset: 5.4331656
    inttype: AE_INTERP_LINEAR
    fvalue1: 0.1018923
    isCookedKeytime: true
  }
  keytimes {
    datatype: AE_FLOAT_DATA
    timeOffset: 5.4498258
    inttype: AE_INTERP_LINEAR
    fvalue1: 0.04767907
    isCookedKeytime: true
  }
  keytimes {
    datatype: AE_FLOAT_DATA
    timeOffset: 5.466486
    inttype: AE_INTERP_LINEAR
    fvalue1: 0.018339727
    isCookedKeytime: true
  }
  keytimes {
    datatype: AE_FLOAT_DATA
    timeOffset: 5.4831462
    inttype: AE_INTERP_LINEAR
    fvalue1: 0.0042221565
    isCookedKeytime: true
  }
  keytimes {
    datatype: AE_FLOAT_DATA
    timeOffset: 5.5
    inttype: AE_INTERP_LINEAR
    fvalue1: 0
  }
  trackName: "Opacity"
}
tracks {
  binding: IS_VISIBLE
  targetid: 65
  targetname: "Nav"
  keytimes {
    datatype: AE_INT_DATA
    timeOffset: 0
    inttype: AE_INTERP_HOLD
    ivalue1: 1
  }
}
tracks {
  binding: OPACITY
  targetid: 65
  targetname: "Nav"
  keytimes {
    datatype: AE_FLOAT_DATA
    timeOffset: 0
    inttype: AE_INTERP_LINEAR
    fvalue1: 1
  }
  keytimes {
    datatype: AE_FLOAT_DATA
    timeOffset: 1
    inttype: AE_INTERP_LINEAR
    fvalue1: 1
  }
  keytimes {
    datatype: AE_FLOAT_DATA
    timeOffset: 2
    inttype: AE_INTERP_LINEAR
    fvalue1: 1
  }
  keytimes {
    datatype: AE_FLOAT_DATA
    timeOffset: 5
    inttype: AE_INTERP_LINEAR
    fvalue1: 1
  }
  keytimes {
    datatype: AE_FLOAT_DATA
    timeOffset: 5.01666
    inttype: AE_INTERP_LINEAR
    fvalue1: 0.99962264
    isCookedKeytime: true
  }
  keytimes {
    datatype: AE_FLOAT_DATA
    timeOffset: 5.0333204
    inttype: AE_INTERP_LINEAR
    fvalue1: 0.99845505
    isCookedKeytime: true
  }
  keytimes {
    datatype: AE_FLOAT_DATA
    timeOffset: 5.0499806
    inttype: AE_INTERP_LINEAR
    fvalue1: 0.996439
    isCookedKeytime: true
  }
  keytimes {
    datatype: AE_FLOAT_DATA
    timeOffset: 5.0666409
    inttype: AE_INTERP_LINEAR
    fvalue1: 0.993509
    isCookedKeytime: true
  }
  keytimes {
    datatype: AE_FLOAT_DATA
    timeOffset: 5.0833011
    inttype: AE_INTERP_LINEAR
    fvalue1: 0.98959076
    isCookedKeytime: true
  }
  keytimes {
    datatype: AE_FLOAT_DATA
    timeOffset: 5.0999613
    inttype: AE_INTERP_LINEAR
    fvalue1: 0.98460007
    isCookedKeytime: true
  }
  keytimes {
    datatype: AE_FLOAT_DATA
    timeOffset: 5.1166215
    inttype: AE_INTERP_LINEAR
    fvalue1: 0.97843987
    isCookedKeytime: true
  }
  keytimes {
    datatype: AE_FLOAT_DATA
    timeOffset: 5.1332817
    inttype: AE_INTERP_LINEAR
    fvalue1: 0.97099853
    isCookedKeytime: true
  }
  keytimes {
    datatype: AE_FLOAT_DATA
    timeOffset: 5.1499419
    inttype: AE_INTERP_LINEAR
    fvalue1: 0.96214575
    isCookedKeytime: true
  }
  keytimes {
    datatype: AE_FLOAT_DATA
    timeOffset: 5.1666021
    inttype: AE_INTERP_LINEAR
    fvalue1: 0.95172864
    isCookedKeytime: true
  }
  keytimes {
    datatype: AE_FLOAT_DATA
    timeOffset: 5.1832623
    inttype: AE_INTERP_LINEAR
    fvalue1: 0.93956548
    isCookedKeytime: true
  }
  keytimes {
    datatype: AE_FLOAT_DATA
    timeOffset: 5.1999226
    inttype: AE_INTERP_LINEAR
    fvalue1: 0.92543817
    isCookedKeytime: true
  }
  keytimes {
    datatype: AE_FLOAT_DATA
    timeOffset: 5.2165828
    inttype: AE_INTERP_LINEAR
    fvalue1: 0.90908104
    isCookedKeytime: true
  }
  keytimes {
    datatype: AE_FLOAT_DATA
    timeOffset: 5.233243
    inttype: AE_INTERP_LINEAR
    fvalue1: 0.8901661
    isCookedKeytime: true
  }
  keytimes {
    datatype: AE_FLOAT_DATA
    timeOffset: 5.2499032
    inttype: AE_INTERP_LINEAR
    fvalue1: 0.86828077
    isCookedKeytime: true
  }
  keytimes {
    datatype: AE_FLOAT_DATA
    timeOffset: 5.2665634
    inttype: AE_INTERP_LINEAR
    fvalue1: 0.84289569
    isCookedKeytime: true
  }
  keytimes {
    datatype: AE_FLOAT_DATA
    timeOffset: 5.2832236
    inttype: AE_INTERP_LINEAR
    fvalue1: 0.81331491
    isCookedKeytime: true
  }
  keytimes {
    datatype: AE_FLOAT_DATA
    timeOffset: 5.2998838
    inttype: AE_INTERP_LINEAR
    fvalue1: 0.77859777
    isCookedKeytime: true
  }
  keytimes {
    datatype: AE_FLOAT_DATA
    timeOffset: 5.3165441
    inttype: AE_INTERP_LINEAR
    fvalue1: 0.73742938
    isCookedKeytime: true
  }
  keytimes {
    datatype: AE_FLOAT_DATA
    timeOffset: 5.3332043
    inttype: AE_INTERP_LINEAR
    fvalue1: 0.68789941
    isCookedKeytime: true
  }
  keytimes {
    datatype: AE_FLOAT_DATA
    timeOffset: 5.3498645
    inttype: AE_INTERP_LINEAR
    fvalue1: 0.62711579
    isCookedKeytime: true
  }
  keytimes {
    datatype: AE_FLOAT_DATA
    timeOffset: 5.3665247
    inttype: AE_INTERP_LINEAR
    fvalue1: 0.55056894
    isCookedKeytime: true
  }
  keytimes {
    datatype: AE_FLOAT_DATA
    timeOffset: 5.3831849
    inttype: AE_INTERP_LINEAR
    fvalue1: 0.45163375
    isCookedKeytime: true
  }
  keytimes {
    datatype: AE_FLOAT_DATA
    timeOffset: 5.4165053
    inttype: AE_INTERP_LINEAR
    fvalue1: 0.19543268
    isCookedKeytime: true
  }
  keytimes {
    datatype: AE_FLOAT_DATA
    timeOffset: 5.4331656
    inttype: AE_INTERP_LINEAR
    fvalue1: 0.1018923
    isCookedKeytime: true
  }
  keytimes {
    datatype: AE_FLOAT_DATA
    timeOffset: 5.4498258
    inttype: AE_INTERP_LINEAR
    fvalue1: 0.04767907
    isCookedKeytime: true
  }
  keytimes {
    datatype: AE_FLOAT_DATA
    timeOffset: 5.466486
    inttype: AE_INTERP_LINEAR
    fvalue1: 0.018339727
    isCookedKeytime: true
  }
  keytimes {
    datatype: AE_FLOAT_DATA
    timeOffset: 5.4831462
    inttype: AE_INTERP_LINEAR
    fvalue1: 0.0042221565
    isCookedKeytime: true
  }
  keytimes {
    datatype: AE_FLOAT_DATA
    timeOffset: 5.5
    inttype: AE_INTERP_LINEAR
    fvalue1: 0
  }
  trackName: "Opacity"
}
tracks {
  binding: IS_VISIBLE
  targetid: 66
  targetname: "ScaleWidthPropLeftAnchor"
  keytimes {
    datatype: AE_INT_DATA
    timeOffset: 0
    inttype: AE_INTERP_HOLD
    ivalue1: 1
  }
}
markers {
  starttime: 1
  duration: 1
  name: "LanderIn"
  tracksSelection {
    targetid: 64
    binding: POSITION
  }
  tracksSelection {
    targetid: 64
    binding: OPACITY
  }
  tracksSelection {
    targetid: 65
    binding: OPACITY
  }
  alltracks: false
  looping: false
  properties {
    key: "recursive"
    value: "true"
  }
}
markers {
  starttime: 5
  duration: 0.5
  name: "LanderOut"
  tracksSelection {
    targetid: 64
    binding: POSITION
  }
  tracksSelection {
    targetid: 64
    binding: OPACITY
  }
  tracksSelection {
    targetid: 65
    binding: OPACITY
  }
  alltracks: false
  looping: false
  properties {
    key: "recursive"
    value: "true"
  }
}
