tracks {
  binding: IS_VISIBLE
  targetid: 690012230
  targetname: "List-PDP"
  keytimes {
    datatype: AE_INT_DATA
    timeOffset: 0
    inttype: AE_INTERP_HOLD
    ivalue1: 1
  }
}
tracks {
  binding: OPACITY
  targetid: 690012230
  targetname: "List-PDP"
  keytimes {
    datatype: AE_FLOAT_DATA
    timeOffset: 0
    inttype: AE_INTERP_LINEAR
    fvalue1: 0
  }
  keytimes {
    datatype: AE_FLOAT_DATA
    timeOffset: 1.2
    inttype: AE_INTERP_LINEAR
    fvalue1: 0
  }
  keytimes {
    datatype: AE_FLOAT_DATA
    timeOffset: 1.21666
    inttype: AE_INTERP_LINEAR
    fvalue1: 0.011354187
    isCookedKeytime: true
  }
  keytimes {
    datatype: AE_FLOAT_DATA
    timeOffset: 1.23332
    inttype: AE_INTERP_LINEAR
    fvalue1: 0.0595355
    isCookedKeytime: true
  }
  keytimes {
    datatype: AE_FLOAT_DATA
    timeOffset: 1.24998
    inttype: AE_INTERP_LINEAR
    fvalue1: 0.18867412
    isCookedKeytime: true
  }
  keytimes {
    datatype: AE_FLOAT_DATA
    timeOffset: 1.26664
    inttype: AE_INTERP_LINEAR
    fvalue1: 0.40532914
    isCookedKeytime: true
  }
  keytimes {
    datatype: AE_FLOAT_DATA
    timeOffset: 1.2832999
    inttype: AE_INTERP_LINEAR
    fvalue1: 0.57350463
    isCookedKeytime: true
  }
  keytimes {
    datatype: AE_FLOAT_DATA
    timeOffset: 1.2999599
    inttype: AE_INTERP_LINEAR
    fvalue1: 0.68467665
    isCookedKeytime: true
  }
  keytimes {
    datatype: AE_FLOAT_DATA
    timeOffset: 1.3166199
    inttype: AE_INTERP_LINEAR
    fvalue1: 0.76331609
    isCookedKeytime: true
  }
  keytimes {
    datatype: AE_FLOAT_DATA
    timeOffset: 1.3332798
    inttype: AE_INTERP_LINEAR
    fvalue1: 0.82190484
    isCookedKeytime: true
  }
  keytimes {
    datatype: AE_FLOAT_DATA
    timeOffset: 1.3499398
    inttype: AE_INTERP_LINEAR
    fvalue1: 0.86689305
    isCookedKeytime: true
  }
  keytimes {
    datatype: AE_FLOAT_DATA
    timeOffset: 1.3665998
    inttype: AE_INTERP_LINEAR
    fvalue1: 0.90199107
    isCookedKeytime: true
  }
  keytimes {
    datatype: AE_FLOAT_DATA
    timeOffset: 1.3832598
    inttype: AE_INTERP_LINEAR
    fvalue1: 0.92952776
    isCookedKeytime: true
  }
  keytimes {
    datatype: AE_FLOAT_DATA
    timeOffset: 1.3999197
    inttype: AE_INTERP_LINEAR
    fvalue1: 0.95106477
    isCookedKeytime: true
  }
  keytimes {
    datatype: AE_FLOAT_DATA
    timeOffset: 1.4165797
    inttype: AE_INTERP_LINEAR
    fvalue1: 0.967704
    isCookedKeytime: true
  }
  keytimes {
    datatype: AE_FLOAT_DATA
    timeOffset: 1.4332397
    inttype: AE_INTERP_LINEAR
    fvalue1: 0.98025423
    isCookedKeytime: true
  }
  keytimes {
    datatype: AE_FLOAT_DATA
    timeOffset: 1.4498997
    inttype: AE_INTERP_LINEAR
    fvalue1: 0.98932832
    isCookedKeytime: true
  }
  keytimes {
    datatype: AE_FLOAT_DATA
    timeOffset: 1.4665596
    inttype: AE_INTERP_LINEAR
    fvalue1: 0.99540311
    isCookedKeytime: true
  }
  keytimes {
    datatype: AE_FLOAT_DATA
    timeOffset: 1.4832196
    inttype: AE_INTERP_LINEAR
    fvalue1: 0.99885768
    isCookedKeytime: true
  }
  keytimes {
    datatype: AE_FLOAT_DATA
    timeOffset: 1.5
    inttype: AE_INTERP_LINEAR
    fvalue1: 1
  }
  keytimes {
    datatype: AE_FLOAT_DATA
    timeOffset: 1.51666
    inttype: AE_INTERP_LINEAR
    fvalue1: 1
    isCookedKeytime: true
  }
  keytimes {
    datatype: AE_FLOAT_DATA
    timeOffset: 1.53332
    inttype: AE_INTERP_LINEAR
    fvalue1: 1
    isCookedKeytime: true
  }
  keytimes {
    datatype: AE_FLOAT_DATA
    timeOffset: 1.5499799
    inttype: AE_INTERP_LINEAR
    fvalue1: 1
    isCookedKeytime: true
  }
  keytimes {
    datatype: AE_FLOAT_DATA
    timeOffset: 1.5666399
    inttype: AE_INTERP_LINEAR
    fvalue1: 1
    isCookedKeytime: true
  }
  keytimes {
    datatype: AE_FLOAT_DATA
    timeOffset: 1.5832999
    inttype: AE_INTERP_LINEAR
    fvalue1: 1
    isCookedKeytime: true
  }
  keytimes {
    datatype: AE_FLOAT_DATA
    timeOffset: 1.5999599
    inttype: AE_INTERP_LINEAR
    fvalue1: 1
    isCookedKeytime: true
  }
  keytimes {
    datatype: AE_FLOAT_DATA
    timeOffset: 1.6166198
    inttype: AE_INTERP_LINEAR
    fvalue1: 1
    isCookedKeytime: true
  }
  keytimes {
    datatype: AE_FLOAT_DATA
    timeOffset: 1.6332798
    inttype: AE_INTERP_LINEAR
    fvalue1: 1
    isCookedKeytime: true
  }
  keytimes {
    datatype: AE_FLOAT_DATA
    timeOffset: 1.6499398
    inttype: AE_INTERP_LINEAR
    fvalue1: 1
    isCookedKeytime: true
  }
  keytimes {
    datatype: AE_FLOAT_DATA
    timeOffset: 1.6665998
    inttype: AE_INTERP_LINEAR
    fvalue1: 1
    isCookedKeytime: true
  }
  keytimes {
    datatype: AE_FLOAT_DATA
    timeOffset: 1.6832597
    inttype: AE_INTERP_LINEAR
    fvalue1: 1
    isCookedKeytime: true
  }
  keytimes {
    datatype: AE_FLOAT_DATA
    timeOffset: 1.6999197
    inttype: AE_INTERP_LINEAR
    fvalue1: 1
    isCookedKeytime: true
  }
  keytimes {
    datatype: AE_FLOAT_DATA
    timeOffset: 1.7165797
    inttype: AE_INTERP_LINEAR
    fvalue1: 1
    isCookedKeytime: true
  }
  keytimes {
    datatype: AE_FLOAT_DATA
    timeOffset: 1.7332397
    inttype: AE_INTERP_LINEAR
    fvalue1: 1
    isCookedKeytime: true
  }
  keytimes {
    datatype: AE_FLOAT_DATA
    timeOffset: 1.7498996
    inttype: AE_INTERP_LINEAR
    fvalue1: 1
    isCookedKeytime: true
  }
  keytimes {
    datatype: AE_FLOAT_DATA
    timeOffset: 1.7665596
    inttype: AE_INTERP_LINEAR
    fvalue1: 1
    isCookedKeytime: true
  }
  keytimes {
    datatype: AE_FLOAT_DATA
    timeOffset: 1.7832196
    inttype: AE_INTERP_LINEAR
    fvalue1: 1
    isCookedKeytime: true
  }
  keytimes {
    datatype: AE_FLOAT_DATA
    timeOffset: 1.7998796
    inttype: AE_INTERP_LINEAR
    fvalue1: 1
    isCookedKeytime: true
  }
  keytimes {
    datatype: AE_FLOAT_DATA
    timeOffset: 1.8165395
    inttype: AE_INTERP_LINEAR
    fvalue1: 1
    isCookedKeytime: true
  }
  keytimes {
    datatype: AE_FLOAT_DATA
    timeOffset: 1.8331995
    inttype: AE_INTERP_LINEAR
    fvalue1: 1
    isCookedKeytime: true
  }
  keytimes {
    datatype: AE_FLOAT_DATA
    timeOffset: 1.8498595
    inttype: AE_INTERP_LINEAR
    fvalue1: 1
    isCookedKeytime: true
  }
  keytimes {
    datatype: AE_FLOAT_DATA
    timeOffset: 1.8665195
    inttype: AE_INTERP_LINEAR
    fvalue1: 1
    isCookedKeytime: true
  }
  keytimes {
    datatype: AE_FLOAT_DATA
    timeOffset: 1.8831794
    inttype: AE_INTERP_LINEAR
    fvalue1: 1
    isCookedKeytime: true
  }
  keytimes {
    datatype: AE_FLOAT_DATA
    timeOffset: 1.8998394
    inttype: AE_INTERP_LINEAR
    fvalue1: 1
    isCookedKeytime: true
  }
  keytimes {
    datatype: AE_FLOAT_DATA
    timeOffset: 1.9164994
    inttype: AE_INTERP_LINEAR
    fvalue1: 1
    isCookedKeytime: true
  }
  keytimes {
    datatype: AE_FLOAT_DATA
    timeOffset: 1.9331594
    inttype: AE_INTERP_LINEAR
    fvalue1: 1
    isCookedKeytime: true
  }
  keytimes {
    datatype: AE_FLOAT_DATA
    timeOffset: 1.9498193
    inttype: AE_INTERP_LINEAR
    fvalue1: 1
    isCookedKeytime: true
  }
  keytimes {
    datatype: AE_FLOAT_DATA
    timeOffset: 1.9664793
    inttype: AE_INTERP_LINEAR
    fvalue1: 1
    isCookedKeytime: true
  }
  keytimes {
    datatype: AE_FLOAT_DATA
    timeOffset: 1.9831393
    inttype: AE_INTERP_LINEAR
    fvalue1: 1
    isCookedKeytime: true
  }
  keytimes {
    datatype: AE_FLOAT_DATA
    timeOffset: 1.9997993
    inttype: AE_INTERP_LINEAR
    fvalue1: 1
    isCookedKeytime: true
  }
  keytimes {
    datatype: AE_FLOAT_DATA
    timeOffset: 2.0164592
    inttype: AE_INTERP_LINEAR
    fvalue1: 1
    isCookedKeytime: true
  }
  keytimes {
    datatype: AE_FLOAT_DATA
    timeOffset: 2.0331192
    inttype: AE_INTERP_LINEAR
    fvalue1: 1
    isCookedKeytime: true
  }
  keytimes {
    datatype: AE_FLOAT_DATA
    timeOffset: 2.0497792
    inttype: AE_INTERP_LINEAR
    fvalue1: 1
    isCookedKeytime: true
  }
  keytimes {
    datatype: AE_FLOAT_DATA
    timeOffset: 2.0664392
    inttype: AE_INTERP_LINEAR
    fvalue1: 1
    isCookedKeytime: true
  }
  keytimes {
    datatype: AE_FLOAT_DATA
    timeOffset: 2.0830991
    inttype: AE_INTERP_LINEAR
    fvalue1: 1
    isCookedKeytime: true
  }
  keytimes {
    datatype: AE_FLOAT_DATA
    timeOffset: 2.0997591
    inttype: AE_INTERP_LINEAR
    fvalue1: 1
    isCookedKeytime: true
  }
  keytimes {
    datatype: AE_FLOAT_DATA
    timeOffset: 2.1164191
    inttype: AE_INTERP_LINEAR
    fvalue1: 1
    isCookedKeytime: true
  }
  keytimes {
    datatype: AE_FLOAT_DATA
    timeOffset: 2.1330791
    inttype: AE_INTERP_LINEAR
    fvalue1: 1
    isCookedKeytime: true
  }
  keytimes {
    datatype: AE_FLOAT_DATA
    timeOffset: 2.149739
    inttype: AE_INTERP_LINEAR
    fvalue1: 1
    isCookedKeytime: true
  }
  keytimes {
    datatype: AE_FLOAT_DATA
    timeOffset: 2.166399
    inttype: AE_INTERP_LINEAR
    fvalue1: 1
    isCookedKeytime: true
  }
  keytimes {
    datatype: AE_FLOAT_DATA
    timeOffset: 2.183059
    inttype: AE_INTERP_LINEAR
    fvalue1: 1
    isCookedKeytime: true
  }
  keytimes {
    datatype: AE_FLOAT_DATA
    timeOffset: 2.199719
    inttype: AE_INTERP_LINEAR
    fvalue1: 1
    isCookedKeytime: true
  }
  keytimes {
    datatype: AE_FLOAT_DATA
    timeOffset: 2.2163789
    inttype: AE_INTERP_LINEAR
    fvalue1: 1
    isCookedKeytime: true
  }
  keytimes {
    datatype: AE_FLOAT_DATA
    timeOffset: 2.2330389
    inttype: AE_INTERP_LINEAR
    fvalue1: 1
    isCookedKeytime: true
  }
  keytimes {
    datatype: AE_FLOAT_DATA
    timeOffset: 2.2496989
    inttype: AE_INTERP_LINEAR
    fvalue1: 1
    isCookedKeytime: true
  }
  keytimes {
    datatype: AE_FLOAT_DATA
    timeOffset: 2.2663589
    inttype: AE_INTERP_LINEAR
    fvalue1: 1
    isCookedKeytime: true
  }
  keytimes {
    datatype: AE_FLOAT_DATA
    timeOffset: 2.2830188
    inttype: AE_INTERP_LINEAR
    fvalue1: 1
    isCookedKeytime: true
  }
  keytimes {
    datatype: AE_FLOAT_DATA
    timeOffset: 2.2996788
    inttype: AE_INTERP_LINEAR
    fvalue1: 1
    isCookedKeytime: true
  }
  keytimes {
    datatype: AE_FLOAT_DATA
    timeOffset: 2.3163388
    inttype: AE_INTERP_LINEAR
    fvalue1: 1
    isCookedKeytime: true
  }
  keytimes {
    datatype: AE_FLOAT_DATA
    timeOffset: 2.3329988
    inttype: AE_INTERP_LINEAR
    fvalue1: 1
    isCookedKeytime: true
  }
  keytimes {
    datatype: AE_FLOAT_DATA
    timeOffset: 2.3496587
    inttype: AE_INTERP_LINEAR
    fvalue1: 1
    isCookedKeytime: true
  }
  keytimes {
    datatype: AE_FLOAT_DATA
    timeOffset: 2.3663187
    inttype: AE_INTERP_LINEAR
    fvalue1: 1
    isCookedKeytime: true
  }
  keytimes {
    datatype: AE_FLOAT_DATA
    timeOffset: 2.3829787
    inttype: AE_INTERP_LINEAR
    fvalue1: 1
    isCookedKeytime: true
  }
  keytimes {
    datatype: AE_FLOAT_DATA
    timeOffset: 2.3996387
    inttype: AE_INTERP_LINEAR
    fvalue1: 1
    isCookedKeytime: true
  }
  keytimes {
    datatype: AE_FLOAT_DATA
    timeOffset: 2.4162986
    inttype: AE_INTERP_LINEAR
    fvalue1: 1
    isCookedKeytime: true
  }
  keytimes {
    datatype: AE_FLOAT_DATA
    timeOffset: 2.4329586
    inttype: AE_INTERP_LINEAR
    fvalue1: 1
    isCookedKeytime: true
  }
  keytimes {
    datatype: AE_FLOAT_DATA
    timeOffset: 2.4496186
    inttype: AE_INTERP_LINEAR
    fvalue1: 1
    isCookedKeytime: true
  }
  keytimes {
    datatype: AE_FLOAT_DATA
    timeOffset: 2.4662786
    inttype: AE_INTERP_LINEAR
    fvalue1: 1
    isCookedKeytime: true
  }
  keytimes {
    datatype: AE_FLOAT_DATA
    timeOffset: 2.4829385
    inttype: AE_INTERP_LINEAR
    fvalue1: 1
    isCookedKeytime: true
  }
  keytimes {
    datatype: AE_FLOAT_DATA
    timeOffset: 2.4995985
    inttype: AE_INTERP_LINEAR
    fvalue1: 1
    isCookedKeytime: true
  }
  keytimes {
    datatype: AE_FLOAT_DATA
    timeOffset: 2.5162585
    inttype: AE_INTERP_LINEAR
    fvalue1: 1
    isCookedKeytime: true
  }
  keytimes {
    datatype: AE_FLOAT_DATA
    timeOffset: 2.5329185
    inttype: AE_INTERP_LINEAR
    fvalue1: 1
    isCookedKeytime: true
  }
  keytimes {
    datatype: AE_FLOAT_DATA
    timeOffset: 2.5495784
    inttype: AE_INTERP_LINEAR
    fvalue1: 1
    isCookedKeytime: true
  }
  keytimes {
    datatype: AE_FLOAT_DATA
    timeOffset: 2.5662384
    inttype: AE_INTERP_LINEAR
    fvalue1: 1
    isCookedKeytime: true
  }
  keytimes {
    datatype: AE_FLOAT_DATA
    timeOffset: 2.5828984
    inttype: AE_INTERP_LINEAR
    fvalue1: 1
    isCookedKeytime: true
  }
  keytimes {
    datatype: AE_FLOAT_DATA
    timeOffset: 2.5995584
    inttype: AE_INTERP_LINEAR
    fvalue1: 1
    isCookedKeytime: true
  }
  keytimes {
    datatype: AE_FLOAT_DATA
    timeOffset: 2.6162183
    inttype: AE_INTERP_LINEAR
    fvalue1: 1
    isCookedKeytime: true
  }
  keytimes {
    datatype: AE_FLOAT_DATA
    timeOffset: 2.6328783
    inttype: AE_INTERP_LINEAR
    fvalue1: 1
    isCookedKeytime: true
  }
  keytimes {
    datatype: AE_FLOAT_DATA
    timeOffset: 2.6495383
    inttype: AE_INTERP_LINEAR
    fvalue1: 1
    isCookedKeytime: true
  }
  keytimes {
    datatype: AE_FLOAT_DATA
    timeOffset: 2.6661983
    inttype: AE_INTERP_LINEAR
    fvalue1: 1
    isCookedKeytime: true
  }
  keytimes {
    datatype: AE_FLOAT_DATA
    timeOffset: 2.6828582
    inttype: AE_INTERP_LINEAR
    fvalue1: 1
    isCookedKeytime: true
  }
  keytimes {
    datatype: AE_FLOAT_DATA
    timeOffset: 2.6995182
    inttype: AE_INTERP_LINEAR
    fvalue1: 1
    isCookedKeytime: true
  }
  keytimes {
    datatype: AE_FLOAT_DATA
    timeOffset: 2.7161782
    inttype: AE_INTERP_LINEAR
    fvalue1: 1
    isCookedKeytime: true
  }
  keytimes {
    datatype: AE_FLOAT_DATA
    timeOffset: 2.7328382
    inttype: AE_INTERP_LINEAR
    fvalue1: 1
    isCookedKeytime: true
  }
  keytimes {
    datatype: AE_FLOAT_DATA
    timeOffset: 2.7494981
    inttype: AE_INTERP_LINEAR
    fvalue1: 1
    isCookedKeytime: true
  }
  keytimes {
    datatype: AE_FLOAT_DATA
    timeOffset: 2.7661581
    inttype: AE_INTERP_LINEAR
    fvalue1: 1
    isCookedKeytime: true
  }
  keytimes {
    datatype: AE_FLOAT_DATA
    timeOffset: 2.7828181
    inttype: AE_INTERP_LINEAR
    fvalue1: 1
    isCookedKeytime: true
  }
  keytimes {
    datatype: AE_FLOAT_DATA
    timeOffset: 2.7994781
    inttype: AE_INTERP_LINEAR
    fvalue1: 1
    isCookedKeytime: true
  }
  keytimes {
    datatype: AE_FLOAT_DATA
    timeOffset: 2.816138
    inttype: AE_INTERP_LINEAR
    fvalue1: 1
    isCookedKeytime: true
  }
  keytimes {
    datatype: AE_FLOAT_DATA
    timeOffset: 2.832798
    inttype: AE_INTERP_LINEAR
    fvalue1: 1
    isCookedKeytime: true
  }
  keytimes {
    datatype: AE_FLOAT_DATA
    timeOffset: 2.849458
    inttype: AE_INTERP_LINEAR
    fvalue1: 1
    isCookedKeytime: true
  }
  keytimes {
    datatype: AE_FLOAT_DATA
    timeOffset: 2.866118
    inttype: AE_INTERP_LINEAR
    fvalue1: 1
    isCookedKeytime: true
  }
  keytimes {
    datatype: AE_FLOAT_DATA
    timeOffset: 2.8827779
    inttype: AE_INTERP_LINEAR
    fvalue1: 1
    isCookedKeytime: true
  }
  keytimes {
    datatype: AE_FLOAT_DATA
    timeOffset: 2.8994379
    inttype: AE_INTERP_LINEAR
    fvalue1: 1
    isCookedKeytime: true
  }
  keytimes {
    datatype: AE_FLOAT_DATA
    timeOffset: 2.9160979
    inttype: AE_INTERP_LINEAR
    fvalue1: 1
    isCookedKeytime: true
  }
  keytimes {
    datatype: AE_FLOAT_DATA
    timeOffset: 2.9327579
    inttype: AE_INTERP_LINEAR
    fvalue1: 1
    isCookedKeytime: true
  }
  keytimes {
    datatype: AE_FLOAT_DATA
    timeOffset: 2.9494178
    inttype: AE_INTERP_LINEAR
    fvalue1: 1
    isCookedKeytime: true
  }
  keytimes {
    datatype: AE_FLOAT_DATA
    timeOffset: 2.9660778
    inttype: AE_INTERP_LINEAR
    fvalue1: 1
    isCookedKeytime: true
  }
  keytimes {
    datatype: AE_FLOAT_DATA
    timeOffset: 2.9827378
    inttype: AE_INTERP_LINEAR
    fvalue1: 1
    isCookedKeytime: true
  }
  keytimes {
    datatype: AE_FLOAT_DATA
    timeOffset: 2.9993978
    inttype: AE_INTERP_LINEAR
    fvalue1: 1
    isCookedKeytime: true
  }
  keytimes {
    datatype: AE_FLOAT_DATA
    timeOffset: 3.0160577
    inttype: AE_INTERP_LINEAR
    fvalue1: 1
    isCookedKeytime: true
  }
  keytimes {
    datatype: AE_FLOAT_DATA
    timeOffset: 3.0327177
    inttype: AE_INTERP_LINEAR
    fvalue1: 1
    isCookedKeytime: true
  }
  keytimes {
    datatype: AE_FLOAT_DATA
    timeOffset: 3.0493777
    inttype: AE_INTERP_LINEAR
    fvalue1: 1
    isCookedKeytime: true
  }
  keytimes {
    datatype: AE_FLOAT_DATA
    timeOffset: 3.0660377
    inttype: AE_INTERP_LINEAR
    fvalue1: 1
    isCookedKeytime: true
  }
  keytimes {
    datatype: AE_FLOAT_DATA
    timeOffset: 3.0826976
    inttype: AE_INTERP_LINEAR
    fvalue1: 1
    isCookedKeytime: true
  }
  keytimes {
    datatype: AE_FLOAT_DATA
    timeOffset: 3.0993576
    inttype: AE_INTERP_LINEAR
    fvalue1: 1
    isCookedKeytime: true
  }
  keytimes {
    datatype: AE_FLOAT_DATA
    timeOffset: 3.1160176
    inttype: AE_INTERP_LINEAR
    fvalue1: 1
    isCookedKeytime: true
  }
  keytimes {
    datatype: AE_FLOAT_DATA
    timeOffset: 3.1326776
    inttype: AE_INTERP_LINEAR
    fvalue1: 1
    isCookedKeytime: true
  }
  keytimes {
    datatype: AE_FLOAT_DATA
    timeOffset: 3.1493375
    inttype: AE_INTERP_LINEAR
    fvalue1: 1
    isCookedKeytime: true
  }
  keytimes {
    datatype: AE_FLOAT_DATA
    timeOffset: 3.1659975
    inttype: AE_INTERP_LINEAR
    fvalue1: 1
    isCookedKeytime: true
  }
  keytimes {
    datatype: AE_FLOAT_DATA
    timeOffset: 3.1826575
    inttype: AE_INTERP_LINEAR
    fvalue1: 1
    isCookedKeytime: true
  }
  keytimes {
    datatype: AE_FLOAT_DATA
    timeOffset: 3.1993175
    inttype: AE_INTERP_LINEAR
    fvalue1: 1
    isCookedKeytime: true
  }
  keytimes {
    datatype: AE_FLOAT_DATA
    timeOffset: 3.2159774
    inttype: AE_INTERP_LINEAR
    fvalue1: 1
    isCookedKeytime: true
  }
  keytimes {
    datatype: AE_FLOAT_DATA
    timeOffset: 3.2326374
    inttype: AE_INTERP_LINEAR
    fvalue1: 1
    isCookedKeytime: true
  }
  keytimes {
    datatype: AE_FLOAT_DATA
    timeOffset: 3.2492974
    inttype: AE_INTERP_LINEAR
    fvalue1: 1
    isCookedKeytime: true
  }
  keytimes {
    datatype: AE_FLOAT_DATA
    timeOffset: 3.2659574
    inttype: AE_INTERP_LINEAR
    fvalue1: 1
    isCookedKeytime: true
  }
  keytimes {
    datatype: AE_FLOAT_DATA
    timeOffset: 3.2826173
    inttype: AE_INTERP_LINEAR
    fvalue1: 1
    isCookedKeytime: true
  }
  keytimes {
    datatype: AE_FLOAT_DATA
    timeOffset: 3.2992773
    inttype: AE_INTERP_LINEAR
    fvalue1: 1
    isCookedKeytime: true
  }
  keytimes {
    datatype: AE_FLOAT_DATA
    timeOffset: 3.3159373
    inttype: AE_INTERP_LINEAR
    fvalue1: 1
    isCookedKeytime: true
  }
  keytimes {
    datatype: AE_FLOAT_DATA
    timeOffset: 3.3325973
    inttype: AE_INTERP_LINEAR
    fvalue1: 1
    isCookedKeytime: true
  }
  keytimes {
    datatype: AE_FLOAT_DATA
    timeOffset: 3.3492572
    inttype: AE_INTERP_LINEAR
    fvalue1: 1
    isCookedKeytime: true
  }
  keytimes {
    datatype: AE_FLOAT_DATA
    timeOffset: 3.3659172
    inttype: AE_INTERP_LINEAR
    fvalue1: 1
    isCookedKeytime: true
  }
  keytimes {
    datatype: AE_FLOAT_DATA
    timeOffset: 3.3825772
    inttype: AE_INTERP_LINEAR
    fvalue1: 1
    isCookedKeytime: true
  }
  keytimes {
    datatype: AE_FLOAT_DATA
    timeOffset: 3.3992372
    inttype: AE_INTERP_LINEAR
    fvalue1: 1
    isCookedKeytime: true
  }
  keytimes {
    datatype: AE_FLOAT_DATA
    timeOffset: 3.4158971
    inttype: AE_INTERP_LINEAR
    fvalue1: 1
    isCookedKeytime: true
  }
  keytimes {
    datatype: AE_FLOAT_DATA
    timeOffset: 3.4325571
    inttype: AE_INTERP_LINEAR
    fvalue1: 1
    isCookedKeytime: true
  }
  keytimes {
    datatype: AE_FLOAT_DATA
    timeOffset: 3.4492171
    inttype: AE_INTERP_LINEAR
    fvalue1: 1
    isCookedKeytime: true
  }
  keytimes {
    datatype: AE_FLOAT_DATA
    timeOffset: 3.4658771
    inttype: AE_INTERP_LINEAR
    fvalue1: 1
    isCookedKeytime: true
  }
  keytimes {
    datatype: AE_FLOAT_DATA
    timeOffset: 3.482537
    inttype: AE_INTERP_LINEAR
    fvalue1: 1
    isCookedKeytime: true
  }
  keytimes {
    datatype: AE_FLOAT_DATA
    timeOffset: 3.499197
    inttype: AE_INTERP_LINEAR
    fvalue1: 1
    isCookedKeytime: true
  }
  keytimes {
    datatype: AE_FLOAT_DATA
    timeOffset: 3.515857
    inttype: AE_INTERP_LINEAR
    fvalue1: 1
    isCookedKeytime: true
  }
  keytimes {
    datatype: AE_FLOAT_DATA
    timeOffset: 3.532517
    inttype: AE_INTERP_LINEAR
    fvalue1: 1
    isCookedKeytime: true
  }
  keytimes {
    datatype: AE_FLOAT_DATA
    timeOffset: 3.5491769
    inttype: AE_INTERP_LINEAR
    fvalue1: 1
    isCookedKeytime: true
  }
  keytimes {
    datatype: AE_FLOAT_DATA
    timeOffset: 3.5658369
    inttype: AE_INTERP_LINEAR
    fvalue1: 1
    isCookedKeytime: true
  }
  keytimes {
    datatype: AE_FLOAT_DATA
    timeOffset: 3.5824969
    inttype: AE_INTERP_LINEAR
    fvalue1: 1
    isCookedKeytime: true
  }
  keytimes {
    datatype: AE_FLOAT_DATA
    timeOffset: 3.5991569
    inttype: AE_INTERP_LINEAR
    fvalue1: 1
    isCookedKeytime: true
  }
  keytimes {
    datatype: AE_FLOAT_DATA
    timeOffset: 3.6158168
    inttype: AE_INTERP_LINEAR
    fvalue1: 1
    isCookedKeytime: true
  }
  keytimes {
    datatype: AE_FLOAT_DATA
    timeOffset: 3.6324768
    inttype: AE_INTERP_LINEAR
    fvalue1: 1
    isCookedKeytime: true
  }
  keytimes {
    datatype: AE_FLOAT_DATA
    timeOffset: 3.6491368
    inttype: AE_INTERP_LINEAR
    fvalue1: 1
    isCookedKeytime: true
  }
  keytimes {
    datatype: AE_FLOAT_DATA
    timeOffset: 3.6657968
    inttype: AE_INTERP_LINEAR
    fvalue1: 1
    isCookedKeytime: true
  }
  keytimes {
    datatype: AE_FLOAT_DATA
    timeOffset: 3.6824567
    inttype: AE_INTERP_LINEAR
    fvalue1: 1
    isCookedKeytime: true
  }
  keytimes {
    datatype: AE_FLOAT_DATA
    timeOffset: 3.6991167
    inttype: AE_INTERP_LINEAR
    fvalue1: 1
    isCookedKeytime: true
  }
  keytimes {
    datatype: AE_FLOAT_DATA
    timeOffset: 3.7157767
    inttype: AE_INTERP_LINEAR
    fvalue1: 1
    isCookedKeytime: true
  }
  keytimes {
    datatype: AE_FLOAT_DATA
    timeOffset: 3.7324367
    inttype: AE_INTERP_LINEAR
    fvalue1: 1
    isCookedKeytime: true
  }
  keytimes {
    datatype: AE_FLOAT_DATA
    timeOffset: 3.7490966
    inttype: AE_INTERP_LINEAR
    fvalue1: 1
    isCookedKeytime: true
  }
  keytimes {
    datatype: AE_FLOAT_DATA
    timeOffset: 3.7657566
    inttype: AE_INTERP_LINEAR
    fvalue1: 1
    isCookedKeytime: true
  }
  keytimes {
    datatype: AE_FLOAT_DATA
    timeOffset: 3.7824166
    inttype: AE_INTERP_LINEAR
    fvalue1: 1
    isCookedKeytime: true
  }
  keytimes {
    datatype: AE_FLOAT_DATA
    timeOffset: 3.7990766
    inttype: AE_INTERP_LINEAR
    fvalue1: 1
    isCookedKeytime: true
  }
  keytimes {
    datatype: AE_FLOAT_DATA
    timeOffset: 3.8157365
    inttype: AE_INTERP_LINEAR
    fvalue1: 1
    isCookedKeytime: true
  }
  keytimes {
    datatype: AE_FLOAT_DATA
    timeOffset: 3.8323965
    inttype: AE_INTERP_LINEAR
    fvalue1: 1
    isCookedKeytime: true
  }
  keytimes {
    datatype: AE_FLOAT_DATA
    timeOffset: 3.8490565
    inttype: AE_INTERP_LINEAR
    fvalue1: 1
    isCookedKeytime: true
  }
  keytimes {
    datatype: AE_FLOAT_DATA
    timeOffset: 3.8657165
    inttype: AE_INTERP_LINEAR
    fvalue1: 1
    isCookedKeytime: true
  }
  keytimes {
    datatype: AE_FLOAT_DATA
    timeOffset: 3.8823764
    inttype: AE_INTERP_LINEAR
    fvalue1: 1
    isCookedKeytime: true
  }
  keytimes {
    datatype: AE_FLOAT_DATA
    timeOffset: 3.8990364
    inttype: AE_INTERP_LINEAR
    fvalue1: 1
    isCookedKeytime: true
  }
  keytimes {
    datatype: AE_FLOAT_DATA
    timeOffset: 3.9156964
    inttype: AE_INTERP_LINEAR
    fvalue1: 1
    isCookedKeytime: true
  }
  keytimes {
    datatype: AE_FLOAT_DATA
    timeOffset: 3.9323564
    inttype: AE_INTERP_LINEAR
    fvalue1: 1
    isCookedKeytime: true
  }
  keytimes {
    datatype: AE_FLOAT_DATA
    timeOffset: 3.9490163
    inttype: AE_INTERP_LINEAR
    fvalue1: 1
    isCookedKeytime: true
  }
  keytimes {
    datatype: AE_FLOAT_DATA
    timeOffset: 3.9656763
    inttype: AE_INTERP_LINEAR
    fvalue1: 1
    isCookedKeytime: true
  }
  keytimes {
    datatype: AE_FLOAT_DATA
    timeOffset: 3.9823363
    inttype: AE_INTERP_LINEAR
    fvalue1: 1
    isCookedKeytime: true
  }
  keytimes {
    datatype: AE_FLOAT_DATA
    timeOffset: 3.9989963
    inttype: AE_INTERP_LINEAR
    fvalue1: 1
    isCookedKeytime: true
  }
  keytimes {
    datatype: AE_FLOAT_DATA
    timeOffset: 4
    inttype: AE_INTERP_LINEAR
    fvalue1: 1
  }
  keytimes {
    datatype: AE_FLOAT_DATA
    timeOffset: 4.01666
    inttype: AE_INTERP_LINEAR
    fvalue1: 0.99940705
    isCookedKeytime: true
  }
  keytimes {
    datatype: AE_FLOAT_DATA
    timeOffset: 4.0333204
    inttype: AE_INTERP_LINEAR
    fvalue1: 0.997557
    isCookedKeytime: true
  }
  keytimes {
    datatype: AE_FLOAT_DATA
    timeOffset: 4.0499806
    inttype: AE_INTERP_LINEAR
    fvalue1: 0.99433106
    isCookedKeytime: true
  }
  keytimes {
    datatype: AE_FLOAT_DATA
    timeOffset: 4.0666409
    inttype: AE_INTERP_LINEAR
    fvalue1: 0.98959076
    isCookedKeytime: true
  }
  keytimes {
    datatype: AE_FLOAT_DATA
    timeOffset: 4.0833011
    inttype: AE_INTERP_LINEAR
    fvalue1: 0.98317373
    isCookedKeytime: true
  }
  keytimes {
    datatype: AE_FLOAT_DATA
    timeOffset: 4.0999613
    inttype: AE_INTERP_LINEAR
    fvalue1: 0.974887
    isCookedKeytime: true
  }
  keytimes {
    datatype: AE_FLOAT_DATA
    timeOffset: 4.1166215
    inttype: AE_INTERP_LINEAR
    fvalue1: 0.96449924
    isCookedKeytime: true
  }
  keytimes {
    datatype: AE_FLOAT_DATA
    timeOffset: 4.1332817
    inttype: AE_INTERP_LINEAR
    fvalue1: 0.95172864
    isCookedKeytime: true
  }
  keytimes {
    datatype: AE_FLOAT_DATA
    timeOffset: 4.1499419
    inttype: AE_INTERP_LINEAR
    fvalue1: 0.93622726
    isCookedKeytime: true
  }
  keytimes {
    datatype: AE_FLOAT_DATA
    timeOffset: 4.1666021
    inttype: AE_INTERP_LINEAR
    fvalue1: 0.91755712
    isCookedKeytime: true
  }
  keytimes {
    datatype: AE_FLOAT_DATA
    timeOffset: 4.1832623
    inttype: AE_INTERP_LINEAR
    fvalue1: 0.89515549
    isCookedKeytime: true
  }
  keytimes {
    datatype: AE_FLOAT_DATA
    timeOffset: 4.1999226
    inttype: AE_INTERP_LINEAR
    fvalue1: 0.86828077
    isCookedKeytime: true
  }
  keytimes {
    datatype: AE_FLOAT_DATA
    timeOffset: 4.2165828
    inttype: AE_INTERP_LINEAR
    fvalue1: 0.83592558
    isCookedKeytime: true
  }
  keytimes {
    datatype: AE_FLOAT_DATA
    timeOffset: 4.233243
    inttype: AE_INTERP_LINEAR
    fvalue1: 0.79666978
    isCookedKeytime: true
  }
  keytimes {
    datatype: AE_FLOAT_DATA
    timeOffset: 4.2499032
    inttype: AE_INTERP_LINEAR
    fvalue1: 0.74841768
    isCookedKeytime: true
  }
  keytimes {
    datatype: AE_FLOAT_DATA
    timeOffset: 4.2665634
    inttype: AE_INTERP_LINEAR
    fvalue1: 0.68789941
    isCookedKeytime: true
  }
  keytimes {
    datatype: AE_FLOAT_DATA
    timeOffset: 4.2832236
    inttype: AE_INTERP_LINEAR
    fvalue1: 0.60967994
    isCookedKeytime: true
  }
  keytimes {
    datatype: AE_FLOAT_DATA
    timeOffset: 4.2998838
    inttype: AE_INTERP_LINEAR
    fvalue1: 0.5043689
    isCookedKeytime: true
  }
  keytimes {
    datatype: AE_FLOAT_DATA
    timeOffset: 4.3165441
    inttype: AE_INTERP_LINEAR
    fvalue1: 0.35948989
    isCookedKeytime: true
  }
  keytimes {
    datatype: AE_FLOAT_DATA
    timeOffset: 4.3332043
    inttype: AE_INTERP_LINEAR
    fvalue1: 0.19543268
    isCookedKeytime: true
  }
  keytimes {
    datatype: AE_FLOAT_DATA
    timeOffset: 4.3498645
    inttype: AE_INTERP_LINEAR
    fvalue1: 0.08524701
    isCookedKeytime: true
  }
  keytimes {
    datatype: AE_FLOAT_DATA
    timeOffset: 4.3665247
    inttype: AE_INTERP_LINEAR
    fvalue1: 0.030636398
    isCookedKeytime: true
  }
  keytimes {
    datatype: AE_FLOAT_DATA
    timeOffset: 4.3831849
    inttype: AE_INTERP_LINEAR
    fvalue1: 0.006665898
    isCookedKeytime: true
  }
  keytimes {
    datatype: AE_FLOAT_DATA
    timeOffset: 4.3998451
    inttype: AE_INTERP_LINEAR
    fvalue1: 1.1519125e-05
    isCookedKeytime: true
  }
  keytimes {
    datatype: AE_FLOAT_DATA
    timeOffset: 4.4
    inttype: AE_INTERP_LINEAR
    fvalue1: 0
  }
  trackName: "Opacity"
}
tracks {
  binding: IS_VISIBLE
  targetid: 690012231
  targetname: "Text-ListTitle"
  keytimes {
    datatype: AE_INT_DATA
    timeOffset: 0
    inttype: AE_INTERP_HOLD
    ivalue1: 1
  }
}
tracks {
  binding: OPACITY
  targetid: 690012231
  targetname: "Text-ListTitle"
  keytimes {
    datatype: AE_FLOAT_DATA
    timeOffset: 0
    inttype: AE_INTERP_LINEAR
    fvalue1: 0
  }
  keytimes {
    datatype: AE_FLOAT_DATA
    timeOffset: 1.1333333
    inttype: AE_INTERP_LINEAR
    fvalue1: 0
  }
  keytimes {
    datatype: AE_FLOAT_DATA
    timeOffset: 1.1499933
    inttype: AE_INTERP_LINEAR
    fvalue1: 0.011354187
    isCookedKeytime: true
  }
  keytimes {
    datatype: AE_FLOAT_DATA
    timeOffset: 1.1666533
    inttype: AE_INTERP_LINEAR
    fvalue1: 0.0595355
    isCookedKeytime: true
  }
  keytimes {
    datatype: AE_FLOAT_DATA
    timeOffset: 1.1833133
    inttype: AE_INTERP_LINEAR
    fvalue1: 0.18867412
    isCookedKeytime: true
  }
  keytimes {
    datatype: AE_FLOAT_DATA
    timeOffset: 1.1999732
    inttype: AE_INTERP_LINEAR
    fvalue1: 0.40532914
    isCookedKeytime: true
  }
  keytimes {
    datatype: AE_FLOAT_DATA
    timeOffset: 1.2166332
    inttype: AE_INTERP_LINEAR
    fvalue1: 0.57350463
    isCookedKeytime: true
  }
  keytimes {
    datatype: AE_FLOAT_DATA
    timeOffset: 1.2332932
    inttype: AE_INTERP_LINEAR
    fvalue1: 0.68467665
    isCookedKeytime: true
  }
  keytimes {
    datatype: AE_FLOAT_DATA
    timeOffset: 1.2499532
    inttype: AE_INTERP_LINEAR
    fvalue1: 0.76331609
    isCookedKeytime: true
  }
  keytimes {
    datatype: AE_FLOAT_DATA
    timeOffset: 1.2666131
    inttype: AE_INTERP_LINEAR
    fvalue1: 0.82190484
    isCookedKeytime: true
  }
  keytimes {
    datatype: AE_FLOAT_DATA
    timeOffset: 1.2832731
    inttype: AE_INTERP_LINEAR
    fvalue1: 0.86689305
    isCookedKeytime: true
  }
  keytimes {
    datatype: AE_FLOAT_DATA
    timeOffset: 1.2999331
    inttype: AE_INTERP_LINEAR
    fvalue1: 0.90199107
    isCookedKeytime: true
  }
  keytimes {
    datatype: AE_FLOAT_DATA
    timeOffset: 1.3165931
    inttype: AE_INTERP_LINEAR
    fvalue1: 0.92952776
    isCookedKeytime: true
  }
  keytimes {
    datatype: AE_FLOAT_DATA
    timeOffset: 1.333253
    inttype: AE_INTERP_LINEAR
    fvalue1: 0.95106477
    isCookedKeytime: true
  }
  keytimes {
    datatype: AE_FLOAT_DATA
    timeOffset: 1.349913
    inttype: AE_INTERP_LINEAR
    fvalue1: 0.967704
    isCookedKeytime: true
  }
  keytimes {
    datatype: AE_FLOAT_DATA
    timeOffset: 1.366573
    inttype: AE_INTERP_LINEAR
    fvalue1: 0.98025423
    isCookedKeytime: true
  }
  keytimes {
    datatype: AE_FLOAT_DATA
    timeOffset: 1.383233
    inttype: AE_INTERP_LINEAR
    fvalue1: 0.98932832
    isCookedKeytime: true
  }
  keytimes {
    datatype: AE_FLOAT_DATA
    timeOffset: 1.3998929
    inttype: AE_INTERP_LINEAR
    fvalue1: 0.99540311
    isCookedKeytime: true
  }
  keytimes {
    datatype: AE_FLOAT_DATA
    timeOffset: 1.4165529
    inttype: AE_INTERP_LINEAR
    fvalue1: 0.99885768
    isCookedKeytime: true
  }
  keytimes {
    datatype: AE_FLOAT_DATA
    timeOffset: 1.4333333
    inttype: AE_INTERP_LINEAR
    fvalue1: 1
  }
  keytimes {
    datatype: AE_FLOAT_DATA
    timeOffset: 1.4499933
    inttype: AE_INTERP_LINEAR
    fvalue1: 1
    isCookedKeytime: true
  }
  keytimes {
    datatype: AE_FLOAT_DATA
    timeOffset: 1.4666532
    inttype: AE_INTERP_LINEAR
    fvalue1: 1
    isCookedKeytime: true
  }
  keytimes {
    datatype: AE_FLOAT_DATA
    timeOffset: 1.4833132
    inttype: AE_INTERP_LINEAR
    fvalue1: 1
    isCookedKeytime: true
  }
  keytimes {
    datatype: AE_FLOAT_DATA
    timeOffset: 1.4999732
    inttype: AE_INTERP_LINEAR
    fvalue1: 1
    isCookedKeytime: true
  }
  keytimes {
    datatype: AE_FLOAT_DATA
    timeOffset: 1.5166332
    inttype: AE_INTERP_LINEAR
    fvalue1: 1
    isCookedKeytime: true
  }
  keytimes {
    datatype: AE_FLOAT_DATA
    timeOffset: 1.5332931
    inttype: AE_INTERP_LINEAR
    fvalue1: 1
    isCookedKeytime: true
  }
  keytimes {
    datatype: AE_FLOAT_DATA
    timeOffset: 1.5499531
    inttype: AE_INTERP_LINEAR
    fvalue1: 1
    isCookedKeytime: true
  }
  keytimes {
    datatype: AE_FLOAT_DATA
    timeOffset: 1.5666131
    inttype: AE_INTERP_LINEAR
    fvalue1: 1
    isCookedKeytime: true
  }
  keytimes {
    datatype: AE_FLOAT_DATA
    timeOffset: 1.5832731
    inttype: AE_INTERP_LINEAR
    fvalue1: 1
    isCookedKeytime: true
  }
  keytimes {
    datatype: AE_FLOAT_DATA
    timeOffset: 1.599933
    inttype: AE_INTERP_LINEAR
    fvalue1: 1
    isCookedKeytime: true
  }
  keytimes {
    datatype: AE_FLOAT_DATA
    timeOffset: 1.616593
    inttype: AE_INTERP_LINEAR
    fvalue1: 1
    isCookedKeytime: true
  }
  keytimes {
    datatype: AE_FLOAT_DATA
    timeOffset: 1.633253
    inttype: AE_INTERP_LINEAR
    fvalue1: 1
    isCookedKeytime: true
  }
  keytimes {
    datatype: AE_FLOAT_DATA
    timeOffset: 1.649913
    inttype: AE_INTERP_LINEAR
    fvalue1: 1
    isCookedKeytime: true
  }
  keytimes {
    datatype: AE_FLOAT_DATA
    timeOffset: 1.6665729
    inttype: AE_INTERP_LINEAR
    fvalue1: 1
    isCookedKeytime: true
  }
  keytimes {
    datatype: AE_FLOAT_DATA
    timeOffset: 1.6832329
    inttype: AE_INTERP_LINEAR
    fvalue1: 1
    isCookedKeytime: true
  }
  keytimes {
    datatype: AE_FLOAT_DATA
    timeOffset: 1.6998929
    inttype: AE_INTERP_LINEAR
    fvalue1: 1
    isCookedKeytime: true
  }
  keytimes {
    datatype: AE_FLOAT_DATA
    timeOffset: 1.7165529
    inttype: AE_INTERP_LINEAR
    fvalue1: 1
    isCookedKeytime: true
  }
  keytimes {
    datatype: AE_FLOAT_DATA
    timeOffset: 1.7332128
    inttype: AE_INTERP_LINEAR
    fvalue1: 1
    isCookedKeytime: true
  }
  keytimes {
    datatype: AE_FLOAT_DATA
    timeOffset: 1.7498728
    inttype: AE_INTERP_LINEAR
    fvalue1: 1
    isCookedKeytime: true
  }
  keytimes {
    datatype: AE_FLOAT_DATA
    timeOffset: 1.7665328
    inttype: AE_INTERP_LINEAR
    fvalue1: 1
    isCookedKeytime: true
  }
  keytimes {
    datatype: AE_FLOAT_DATA
    timeOffset: 1.7831928
    inttype: AE_INTERP_LINEAR
    fvalue1: 1
    isCookedKeytime: true
  }
  keytimes {
    datatype: AE_FLOAT_DATA
    timeOffset: 1.7998527
    inttype: AE_INTERP_LINEAR
    fvalue1: 1
    isCookedKeytime: true
  }
  keytimes {
    datatype: AE_FLOAT_DATA
    timeOffset: 1.8165127
    inttype: AE_INTERP_LINEAR
    fvalue1: 1
    isCookedKeytime: true
  }
  keytimes {
    datatype: AE_FLOAT_DATA
    timeOffset: 1.8331727
    inttype: AE_INTERP_LINEAR
    fvalue1: 1
    isCookedKeytime: true
  }
  keytimes {
    datatype: AE_FLOAT_DATA
    timeOffset: 1.8498327
    inttype: AE_INTERP_LINEAR
    fvalue1: 1
    isCookedKeytime: true
  }
  keytimes {
    datatype: AE_FLOAT_DATA
    timeOffset: 1.8664926
    inttype: AE_INTERP_LINEAR
    fvalue1: 1
    isCookedKeytime: true
  }
  keytimes {
    datatype: AE_FLOAT_DATA
    timeOffset: 1.8831526
    inttype: AE_INTERP_LINEAR
    fvalue1: 1
    isCookedKeytime: true
  }
  keytimes {
    datatype: AE_FLOAT_DATA
    timeOffset: 1.8998126
    inttype: AE_INTERP_LINEAR
    fvalue1: 1
    isCookedKeytime: true
  }
  keytimes {
    datatype: AE_FLOAT_DATA
    timeOffset: 1.9164726
    inttype: AE_INTERP_LINEAR
    fvalue1: 1
    isCookedKeytime: true
  }
  keytimes {
    datatype: AE_FLOAT_DATA
    timeOffset: 1.9331325
    inttype: AE_INTERP_LINEAR
    fvalue1: 1
    isCookedKeytime: true
  }
  keytimes {
    datatype: AE_FLOAT_DATA
    timeOffset: 1.9497925
    inttype: AE_INTERP_LINEAR
    fvalue1: 1
    isCookedKeytime: true
  }
  keytimes {
    datatype: AE_FLOAT_DATA
    timeOffset: 1.9664525
    inttype: AE_INTERP_LINEAR
    fvalue1: 1
    isCookedKeytime: true
  }
  keytimes {
    datatype: AE_FLOAT_DATA
    timeOffset: 1.9831125
    inttype: AE_INTERP_LINEAR
    fvalue1: 1
    isCookedKeytime: true
  }
  keytimes {
    datatype: AE_FLOAT_DATA
    timeOffset: 1.9997724
    inttype: AE_INTERP_LINEAR
    fvalue1: 1
    isCookedKeytime: true
  }
  keytimes {
    datatype: AE_FLOAT_DATA
    timeOffset: 2.0164325
    inttype: AE_INTERP_LINEAR
    fvalue1: 1
    isCookedKeytime: true
  }
  keytimes {
    datatype: AE_FLOAT_DATA
    timeOffset: 2.0330925
    inttype: AE_INTERP_LINEAR
    fvalue1: 1
    isCookedKeytime: true
  }
  keytimes {
    datatype: AE_FLOAT_DATA
    timeOffset: 2.0497525
    inttype: AE_INTERP_LINEAR
    fvalue1: 1
    isCookedKeytime: true
  }
  keytimes {
    datatype: AE_FLOAT_DATA
    timeOffset: 2.0664124
    inttype: AE_INTERP_LINEAR
    fvalue1: 1
    isCookedKeytime: true
  }
  keytimes {
    datatype: AE_FLOAT_DATA
    timeOffset: 2.0830724
    inttype: AE_INTERP_LINEAR
    fvalue1: 1
    isCookedKeytime: true
  }
  keytimes {
    datatype: AE_FLOAT_DATA
    timeOffset: 2.0997324
    inttype: AE_INTERP_LINEAR
    fvalue1: 1
    isCookedKeytime: true
  }
  keytimes {
    datatype: AE_FLOAT_DATA
    timeOffset: 2.1163924
    inttype: AE_INTERP_LINEAR
    fvalue1: 1
    isCookedKeytime: true
  }
  keytimes {
    datatype: AE_FLOAT_DATA
    timeOffset: 2.1330523
    inttype: AE_INTERP_LINEAR
    fvalue1: 1
    isCookedKeytime: true
  }
  keytimes {
    datatype: AE_FLOAT_DATA
    timeOffset: 2.1497123
    inttype: AE_INTERP_LINEAR
    fvalue1: 1
    isCookedKeytime: true
  }
  keytimes {
    datatype: AE_FLOAT_DATA
    timeOffset: 2.1663723
    inttype: AE_INTERP_LINEAR
    fvalue1: 1
    isCookedKeytime: true
  }
  keytimes {
    datatype: AE_FLOAT_DATA
    timeOffset: 2.1830323
    inttype: AE_INTERP_LINEAR
    fvalue1: 1
    isCookedKeytime: true
  }
  keytimes {
    datatype: AE_FLOAT_DATA
    timeOffset: 2.1996922
    inttype: AE_INTERP_LINEAR
    fvalue1: 1
    isCookedKeytime: true
  }
  keytimes {
    datatype: AE_FLOAT_DATA
    timeOffset: 2.2163522
    inttype: AE_INTERP_LINEAR
    fvalue1: 1
    isCookedKeytime: true
  }
  keytimes {
    datatype: AE_FLOAT_DATA
    timeOffset: 2.2330122
    inttype: AE_INTERP_LINEAR
    fvalue1: 1
    isCookedKeytime: true
  }
  keytimes {
    datatype: AE_FLOAT_DATA
    timeOffset: 2.2496722
    inttype: AE_INTERP_LINEAR
    fvalue1: 1
    isCookedKeytime: true
  }
  keytimes {
    datatype: AE_FLOAT_DATA
    timeOffset: 2.2663321
    inttype: AE_INTERP_LINEAR
    fvalue1: 1
    isCookedKeytime: true
  }
  keytimes {
    datatype: AE_FLOAT_DATA
    timeOffset: 2.2829921
    inttype: AE_INTERP_LINEAR
    fvalue1: 1
    isCookedKeytime: true
  }
  keytimes {
    datatype: AE_FLOAT_DATA
    timeOffset: 2.2996521
    inttype: AE_INTERP_LINEAR
    fvalue1: 1
    isCookedKeytime: true
  }
  keytimes {
    datatype: AE_FLOAT_DATA
    timeOffset: 2.3163121
    inttype: AE_INTERP_LINEAR
    fvalue1: 1
    isCookedKeytime: true
  }
  keytimes {
    datatype: AE_FLOAT_DATA
    timeOffset: 2.332972
    inttype: AE_INTERP_LINEAR
    fvalue1: 1
    isCookedKeytime: true
  }
  keytimes {
    datatype: AE_FLOAT_DATA
    timeOffset: 2.349632
    inttype: AE_INTERP_LINEAR
    fvalue1: 1
    isCookedKeytime: true
  }
  keytimes {
    datatype: AE_FLOAT_DATA
    timeOffset: 2.366292
    inttype: AE_INTERP_LINEAR
    fvalue1: 1
    isCookedKeytime: true
  }
  keytimes {
    datatype: AE_FLOAT_DATA
    timeOffset: 2.382952
    inttype: AE_INTERP_LINEAR
    fvalue1: 1
    isCookedKeytime: true
  }
  keytimes {
    datatype: AE_FLOAT_DATA
    timeOffset: 2.3996119
    inttype: AE_INTERP_LINEAR
    fvalue1: 1
    isCookedKeytime: true
  }
  keytimes {
    datatype: AE_FLOAT_DATA
    timeOffset: 2.4162719
    inttype: AE_INTERP_LINEAR
    fvalue1: 1
    isCookedKeytime: true
  }
  keytimes {
    datatype: AE_FLOAT_DATA
    timeOffset: 2.4329319
    inttype: AE_INTERP_LINEAR
    fvalue1: 1
    isCookedKeytime: true
  }
  keytimes {
    datatype: AE_FLOAT_DATA
    timeOffset: 2.4495919
    inttype: AE_INTERP_LINEAR
    fvalue1: 1
    isCookedKeytime: true
  }
  keytimes {
    datatype: AE_FLOAT_DATA
    timeOffset: 2.4662519
    inttype: AE_INTERP_LINEAR
    fvalue1: 1
    isCookedKeytime: true
  }
  keytimes {
    datatype: AE_FLOAT_DATA
    timeOffset: 2.4829118
    inttype: AE_INTERP_LINEAR
    fvalue1: 1
    isCookedKeytime: true
  }
  keytimes {
    datatype: AE_FLOAT_DATA
    timeOffset: 2.4995718
    inttype: AE_INTERP_LINEAR
    fvalue1: 1
    isCookedKeytime: true
  }
  keytimes {
    datatype: AE_FLOAT_DATA
    timeOffset: 2.5162318
    inttype: AE_INTERP_LINEAR
    fvalue1: 1
    isCookedKeytime: true
  }
  keytimes {
    datatype: AE_FLOAT_DATA
    timeOffset: 2.5328918
    inttype: AE_INTERP_LINEAR
    fvalue1: 1
    isCookedKeytime: true
  }
  keytimes {
    datatype: AE_FLOAT_DATA
    timeOffset: 2.5495517
    inttype: AE_INTERP_LINEAR
    fvalue1: 1
    isCookedKeytime: true
  }
  keytimes {
    datatype: AE_FLOAT_DATA
    timeOffset: 2.5662117
    inttype: AE_INTERP_LINEAR
    fvalue1: 1
    isCookedKeytime: true
  }
  keytimes {
    datatype: AE_FLOAT_DATA
    timeOffset: 2.5828717
    inttype: AE_INTERP_LINEAR
    fvalue1: 1
    isCookedKeytime: true
  }
  keytimes {
    datatype: AE_FLOAT_DATA
    timeOffset: 2.5995317
    inttype: AE_INTERP_LINEAR
    fvalue1: 1
    isCookedKeytime: true
  }
  keytimes {
    datatype: AE_FLOAT_DATA
    timeOffset: 2.6161916
    inttype: AE_INTERP_LINEAR
    fvalue1: 1
    isCookedKeytime: true
  }
  keytimes {
    datatype: AE_FLOAT_DATA
    timeOffset: 2.6328516
    inttype: AE_INTERP_LINEAR
    fvalue1: 1
    isCookedKeytime: true
  }
  keytimes {
    datatype: AE_FLOAT_DATA
    timeOffset: 2.6495116
    inttype: AE_INTERP_LINEAR
    fvalue1: 1
    isCookedKeytime: true
  }
  keytimes {
    datatype: AE_FLOAT_DATA
    timeOffset: 2.6661716
    inttype: AE_INTERP_LINEAR
    fvalue1: 1
    isCookedKeytime: true
  }
  keytimes {
    datatype: AE_FLOAT_DATA
    timeOffset: 2.6828315
    inttype: AE_INTERP_LINEAR
    fvalue1: 1
    isCookedKeytime: true
  }
  keytimes {
    datatype: AE_FLOAT_DATA
    timeOffset: 2.6994915
    inttype: AE_INTERP_LINEAR
    fvalue1: 1
    isCookedKeytime: true
  }
  keytimes {
    datatype: AE_FLOAT_DATA
    timeOffset: 2.7161515
    inttype: AE_INTERP_LINEAR
    fvalue1: 1
    isCookedKeytime: true
  }
  keytimes {
    datatype: AE_FLOAT_DATA
    timeOffset: 2.7328115
    inttype: AE_INTERP_LINEAR
    fvalue1: 1
    isCookedKeytime: true
  }
  keytimes {
    datatype: AE_FLOAT_DATA
    timeOffset: 2.7494714
    inttype: AE_INTERP_LINEAR
    fvalue1: 1
    isCookedKeytime: true
  }
  keytimes {
    datatype: AE_FLOAT_DATA
    timeOffset: 2.7661314
    inttype: AE_INTERP_LINEAR
    fvalue1: 1
    isCookedKeytime: true
  }
  keytimes {
    datatype: AE_FLOAT_DATA
    timeOffset: 2.7827914
    inttype: AE_INTERP_LINEAR
    fvalue1: 1
    isCookedKeytime: true
  }
  keytimes {
    datatype: AE_FLOAT_DATA
    timeOffset: 2.7994514
    inttype: AE_INTERP_LINEAR
    fvalue1: 1
    isCookedKeytime: true
  }
  keytimes {
    datatype: AE_FLOAT_DATA
    timeOffset: 2.8161113
    inttype: AE_INTERP_LINEAR
    fvalue1: 1
    isCookedKeytime: true
  }
  keytimes {
    datatype: AE_FLOAT_DATA
    timeOffset: 2.8327713
    inttype: AE_INTERP_LINEAR
    fvalue1: 1
    isCookedKeytime: true
  }
  keytimes {
    datatype: AE_FLOAT_DATA
    timeOffset: 2.8494313
    inttype: AE_INTERP_LINEAR
    fvalue1: 1
    isCookedKeytime: true
  }
  keytimes {
    datatype: AE_FLOAT_DATA
    timeOffset: 2.8660913
    inttype: AE_INTERP_LINEAR
    fvalue1: 1
    isCookedKeytime: true
  }
  keytimes {
    datatype: AE_FLOAT_DATA
    timeOffset: 2.8827512
    inttype: AE_INTERP_LINEAR
    fvalue1: 1
    isCookedKeytime: true
  }
  keytimes {
    datatype: AE_FLOAT_DATA
    timeOffset: 2.8994112
    inttype: AE_INTERP_LINEAR
    fvalue1: 1
    isCookedKeytime: true
  }
  keytimes {
    datatype: AE_FLOAT_DATA
    timeOffset: 2.9160712
    inttype: AE_INTERP_LINEAR
    fvalue1: 1
    isCookedKeytime: true
  }
  keytimes {
    datatype: AE_FLOAT_DATA
    timeOffset: 2.9327312
    inttype: AE_INTERP_LINEAR
    fvalue1: 1
    isCookedKeytime: true
  }
  keytimes {
    datatype: AE_FLOAT_DATA
    timeOffset: 2.9493911
    inttype: AE_INTERP_LINEAR
    fvalue1: 1
    isCookedKeytime: true
  }
  keytimes {
    datatype: AE_FLOAT_DATA
    timeOffset: 2.9660511
    inttype: AE_INTERP_LINEAR
    fvalue1: 1
    isCookedKeytime: true
  }
  keytimes {
    datatype: AE_FLOAT_DATA
    timeOffset: 2.9827111
    inttype: AE_INTERP_LINEAR
    fvalue1: 1
    isCookedKeytime: true
  }
  keytimes {
    datatype: AE_FLOAT_DATA
    timeOffset: 2.9993711
    inttype: AE_INTERP_LINEAR
    fvalue1: 1
    isCookedKeytime: true
  }
  keytimes {
    datatype: AE_FLOAT_DATA
    timeOffset: 3.016031
    inttype: AE_INTERP_LINEAR
    fvalue1: 1
    isCookedKeytime: true
  }
  keytimes {
    datatype: AE_FLOAT_DATA
    timeOffset: 3.032691
    inttype: AE_INTERP_LINEAR
    fvalue1: 1
    isCookedKeytime: true
  }
  keytimes {
    datatype: AE_FLOAT_DATA
    timeOffset: 3.049351
    inttype: AE_INTERP_LINEAR
    fvalue1: 1
    isCookedKeytime: true
  }
  keytimes {
    datatype: AE_FLOAT_DATA
    timeOffset: 3.066011
    inttype: AE_INTERP_LINEAR
    fvalue1: 1
    isCookedKeytime: true
  }
  keytimes {
    datatype: AE_FLOAT_DATA
    timeOffset: 3.0826709
    inttype: AE_INTERP_LINEAR
    fvalue1: 1
    isCookedKeytime: true
  }
  keytimes {
    datatype: AE_FLOAT_DATA
    timeOffset: 3.0993309
    inttype: AE_INTERP_LINEAR
    fvalue1: 1
    isCookedKeytime: true
  }
  keytimes {
    datatype: AE_FLOAT_DATA
    timeOffset: 3.1159909
    inttype: AE_INTERP_LINEAR
    fvalue1: 1
    isCookedKeytime: true
  }
  keytimes {
    datatype: AE_FLOAT_DATA
    timeOffset: 3.1326509
    inttype: AE_INTERP_LINEAR
    fvalue1: 1
    isCookedKeytime: true
  }
  keytimes {
    datatype: AE_FLOAT_DATA
    timeOffset: 3.1493108
    inttype: AE_INTERP_LINEAR
    fvalue1: 1
    isCookedKeytime: true
  }
  keytimes {
    datatype: AE_FLOAT_DATA
    timeOffset: 3.1659708
    inttype: AE_INTERP_LINEAR
    fvalue1: 1
    isCookedKeytime: true
  }
  keytimes {
    datatype: AE_FLOAT_DATA
    timeOffset: 3.1826308
    inttype: AE_INTERP_LINEAR
    fvalue1: 1
    isCookedKeytime: true
  }
  keytimes {
    datatype: AE_FLOAT_DATA
    timeOffset: 3.1992908
    inttype: AE_INTERP_LINEAR
    fvalue1: 1
    isCookedKeytime: true
  }
  keytimes {
    datatype: AE_FLOAT_DATA
    timeOffset: 3.2159507
    inttype: AE_INTERP_LINEAR
    fvalue1: 1
    isCookedKeytime: true
  }
  keytimes {
    datatype: AE_FLOAT_DATA
    timeOffset: 3.2326107
    inttype: AE_INTERP_LINEAR
    fvalue1: 1
    isCookedKeytime: true
  }
  keytimes {
    datatype: AE_FLOAT_DATA
    timeOffset: 3.2492707
    inttype: AE_INTERP_LINEAR
    fvalue1: 1
    isCookedKeytime: true
  }
  keytimes {
    datatype: AE_FLOAT_DATA
    timeOffset: 3.2659307
    inttype: AE_INTERP_LINEAR
    fvalue1: 1
    isCookedKeytime: true
  }
  keytimes {
    datatype: AE_FLOAT_DATA
    timeOffset: 3.2825906
    inttype: AE_INTERP_LINEAR
    fvalue1: 1
    isCookedKeytime: true
  }
  keytimes {
    datatype: AE_FLOAT_DATA
    timeOffset: 3.2992506
    inttype: AE_INTERP_LINEAR
    fvalue1: 1
    isCookedKeytime: true
  }
  keytimes {
    datatype: AE_FLOAT_DATA
    timeOffset: 3.3159106
    inttype: AE_INTERP_LINEAR
    fvalue1: 1
    isCookedKeytime: true
  }
  keytimes {
    datatype: AE_FLOAT_DATA
    timeOffset: 3.3325706
    inttype: AE_INTERP_LINEAR
    fvalue1: 1
    isCookedKeytime: true
  }
  keytimes {
    datatype: AE_FLOAT_DATA
    timeOffset: 3.3492305
    inttype: AE_INTERP_LINEAR
    fvalue1: 1
    isCookedKeytime: true
  }
  keytimes {
    datatype: AE_FLOAT_DATA
    timeOffset: 3.3658905
    inttype: AE_INTERP_LINEAR
    fvalue1: 1
    isCookedKeytime: true
  }
  keytimes {
    datatype: AE_FLOAT_DATA
    timeOffset: 3.3825505
    inttype: AE_INTERP_LINEAR
    fvalue1: 1
    isCookedKeytime: true
  }
  keytimes {
    datatype: AE_FLOAT_DATA
    timeOffset: 3.3992105
    inttype: AE_INTERP_LINEAR
    fvalue1: 1
    isCookedKeytime: true
  }
  keytimes {
    datatype: AE_FLOAT_DATA
    timeOffset: 3.4158704
    inttype: AE_INTERP_LINEAR
    fvalue1: 1
    isCookedKeytime: true
  }
  keytimes {
    datatype: AE_FLOAT_DATA
    timeOffset: 3.4325304
    inttype: AE_INTERP_LINEAR
    fvalue1: 1
    isCookedKeytime: true
  }
  keytimes {
    datatype: AE_FLOAT_DATA
    timeOffset: 3.4491904
    inttype: AE_INTERP_LINEAR
    fvalue1: 1
    isCookedKeytime: true
  }
  keytimes {
    datatype: AE_FLOAT_DATA
    timeOffset: 3.4658504
    inttype: AE_INTERP_LINEAR
    fvalue1: 1
    isCookedKeytime: true
  }
  keytimes {
    datatype: AE_FLOAT_DATA
    timeOffset: 3.4825103
    inttype: AE_INTERP_LINEAR
    fvalue1: 1
    isCookedKeytime: true
  }
  keytimes {
    datatype: AE_FLOAT_DATA
    timeOffset: 3.4991703
    inttype: AE_INTERP_LINEAR
    fvalue1: 1
    isCookedKeytime: true
  }
  keytimes {
    datatype: AE_FLOAT_DATA
    timeOffset: 3.5158303
    inttype: AE_INTERP_LINEAR
    fvalue1: 1
    isCookedKeytime: true
  }
  keytimes {
    datatype: AE_FLOAT_DATA
    timeOffset: 3.5324903
    inttype: AE_INTERP_LINEAR
    fvalue1: 1
    isCookedKeytime: true
  }
  keytimes {
    datatype: AE_FLOAT_DATA
    timeOffset: 3.5491502
    inttype: AE_INTERP_LINEAR
    fvalue1: 1
    isCookedKeytime: true
  }
  keytimes {
    datatype: AE_FLOAT_DATA
    timeOffset: 3.5658102
    inttype: AE_INTERP_LINEAR
    fvalue1: 1
    isCookedKeytime: true
  }
  keytimes {
    datatype: AE_FLOAT_DATA
    timeOffset: 3.5824702
    inttype: AE_INTERP_LINEAR
    fvalue1: 1
    isCookedKeytime: true
  }
  keytimes {
    datatype: AE_FLOAT_DATA
    timeOffset: 3.5991302
    inttype: AE_INTERP_LINEAR
    fvalue1: 1
    isCookedKeytime: true
  }
  keytimes {
    datatype: AE_FLOAT_DATA
    timeOffset: 3.6157901
    inttype: AE_INTERP_LINEAR
    fvalue1: 1
    isCookedKeytime: true
  }
  keytimes {
    datatype: AE_FLOAT_DATA
    timeOffset: 3.63245
    inttype: AE_INTERP_LINEAR
    fvalue1: 1
    isCookedKeytime: true
  }
  keytimes {
    datatype: AE_FLOAT_DATA
    timeOffset: 3.64911
    inttype: AE_INTERP_LINEAR
    fvalue1: 1
    isCookedKeytime: true
  }
  keytimes {
    datatype: AE_FLOAT_DATA
    timeOffset: 3.66577
    inttype: AE_INTERP_LINEAR
    fvalue1: 1
    isCookedKeytime: true
  }
  keytimes {
    datatype: AE_FLOAT_DATA
    timeOffset: 3.68243
    inttype: AE_INTERP_LINEAR
    fvalue1: 1
    isCookedKeytime: true
  }
  keytimes {
    datatype: AE_FLOAT_DATA
    timeOffset: 3.69909
    inttype: AE_INTERP_LINEAR
    fvalue1: 1
    isCookedKeytime: true
  }
  keytimes {
    datatype: AE_FLOAT_DATA
    timeOffset: 3.71575
    inttype: AE_INTERP_LINEAR
    fvalue1: 1
    isCookedKeytime: true
  }
  keytimes {
    datatype: AE_FLOAT_DATA
    timeOffset: 3.73241
    inttype: AE_INTERP_LINEAR
    fvalue1: 1
    isCookedKeytime: true
  }
  keytimes {
    datatype: AE_FLOAT_DATA
    timeOffset: 3.74907
    inttype: AE_INTERP_LINEAR
    fvalue1: 1
    isCookedKeytime: true
  }
  keytimes {
    datatype: AE_FLOAT_DATA
    timeOffset: 3.76573
    inttype: AE_INTERP_LINEAR
    fvalue1: 1
    isCookedKeytime: true
  }
  keytimes {
    datatype: AE_FLOAT_DATA
    timeOffset: 3.7823899
    inttype: AE_INTERP_LINEAR
    fvalue1: 1
    isCookedKeytime: true
  }
  keytimes {
    datatype: AE_FLOAT_DATA
    timeOffset: 3.7990499
    inttype: AE_INTERP_LINEAR
    fvalue1: 1
    isCookedKeytime: true
  }
  keytimes {
    datatype: AE_FLOAT_DATA
    timeOffset: 3.8157098
    inttype: AE_INTERP_LINEAR
    fvalue1: 1
    isCookedKeytime: true
  }
  keytimes {
    datatype: AE_FLOAT_DATA
    timeOffset: 3.8323698
    inttype: AE_INTERP_LINEAR
    fvalue1: 1
    isCookedKeytime: true
  }
  keytimes {
    datatype: AE_FLOAT_DATA
    timeOffset: 3.8490298
    inttype: AE_INTERP_LINEAR
    fvalue1: 1
    isCookedKeytime: true
  }
  keytimes {
    datatype: AE_FLOAT_DATA
    timeOffset: 3.8656898
    inttype: AE_INTERP_LINEAR
    fvalue1: 1
    isCookedKeytime: true
  }
  keytimes {
    datatype: AE_FLOAT_DATA
    timeOffset: 3.8823497
    inttype: AE_INTERP_LINEAR
    fvalue1: 1
    isCookedKeytime: true
  }
  keytimes {
    datatype: AE_FLOAT_DATA
    timeOffset: 3.8990097
    inttype: AE_INTERP_LINEAR
    fvalue1: 1
    isCookedKeytime: true
  }
  keytimes {
    datatype: AE_FLOAT_DATA
    timeOffset: 3.9156697
    inttype: AE_INTERP_LINEAR
    fvalue1: 1
    isCookedKeytime: true
  }
  keytimes {
    datatype: AE_FLOAT_DATA
    timeOffset: 3.9323297
    inttype: AE_INTERP_LINEAR
    fvalue1: 1
    isCookedKeytime: true
  }
  keytimes {
    datatype: AE_FLOAT_DATA
    timeOffset: 3.9489896
    inttype: AE_INTERP_LINEAR
    fvalue1: 1
    isCookedKeytime: true
  }
  keytimes {
    datatype: AE_FLOAT_DATA
    timeOffset: 3.9656496
    inttype: AE_INTERP_LINEAR
    fvalue1: 1
    isCookedKeytime: true
  }
  keytimes {
    datatype: AE_FLOAT_DATA
    timeOffset: 3.9823096
    inttype: AE_INTERP_LINEAR
    fvalue1: 1
    isCookedKeytime: true
  }
  keytimes {
    datatype: AE_FLOAT_DATA
    timeOffset: 3.9989696
    inttype: AE_INTERP_LINEAR
    fvalue1: 1
    isCookedKeytime: true
  }
  keytimes {
    datatype: AE_FLOAT_DATA
    timeOffset: 4.01563
    inttype: AE_INTERP_LINEAR
    fvalue1: 1
    isCookedKeytime: true
  }
  keytimes {
    datatype: AE_FLOAT_DATA
    timeOffset: 4.03229
    inttype: AE_INTERP_LINEAR
    fvalue1: 1
    isCookedKeytime: true
  }
  keytimes {
    datatype: AE_FLOAT_DATA
    timeOffset: 4.0333333
    inttype: AE_INTERP_LINEAR
    fvalue1: 1
  }
  keytimes {
    datatype: AE_FLOAT_DATA
    timeOffset: 4.0499935
    inttype: AE_INTERP_LINEAR
    fvalue1: 0.99940705
    isCookedKeytime: true
  }
  keytimes {
    datatype: AE_FLOAT_DATA
    timeOffset: 4.0666537
    inttype: AE_INTERP_LINEAR
    fvalue1: 0.997557
    isCookedKeytime: true
  }
  keytimes {
    datatype: AE_FLOAT_DATA
    timeOffset: 4.0833139
    inttype: AE_INTERP_LINEAR
    fvalue1: 0.99433106
    isCookedKeytime: true
  }
  keytimes {
    datatype: AE_FLOAT_DATA
    timeOffset: 4.0999742
    inttype: AE_INTERP_LINEAR
    fvalue1: 0.98959076
    isCookedKeytime: true
  }
  keytimes {
    datatype: AE_FLOAT_DATA
    timeOffset: 4.1166344
    inttype: AE_INTERP_LINEAR
    fvalue1: 0.98317373
    isCookedKeytime: true
  }
  keytimes {
    datatype: AE_FLOAT_DATA
    timeOffset: 4.1332946
    inttype: AE_INTERP_LINEAR
    fvalue1: 0.974887
    isCookedKeytime: true
  }
  keytimes {
    datatype: AE_FLOAT_DATA
    timeOffset: 4.1499548
    inttype: AE_INTERP_LINEAR
    fvalue1: 0.96449924
    isCookedKeytime: true
  }
  keytimes {
    datatype: AE_FLOAT_DATA
    timeOffset: 4.166615
    inttype: AE_INTERP_LINEAR
    fvalue1: 0.95172864
    isCookedKeytime: true
  }
  keytimes {
    datatype: AE_FLOAT_DATA
    timeOffset: 4.1832752
    inttype: AE_INTERP_LINEAR
    fvalue1: 0.93622726
    isCookedKeytime: true
  }
  keytimes {
    datatype: AE_FLOAT_DATA
    timeOffset: 4.1999354
    inttype: AE_INTERP_LINEAR
    fvalue1: 0.91755712
    isCookedKeytime: true
  }
  keytimes {
    datatype: AE_FLOAT_DATA
    timeOffset: 4.2165956
    inttype: AE_INTERP_LINEAR
    fvalue1: 0.89515549
    isCookedKeytime: true
  }
  keytimes {
    datatype: AE_FLOAT_DATA
    timeOffset: 4.2332559
    inttype: AE_INTERP_LINEAR
    fvalue1: 0.86828077
    isCookedKeytime: true
  }
  keytimes {
    datatype: AE_FLOAT_DATA
    timeOffset: 4.2499161
    inttype: AE_INTERP_LINEAR
    fvalue1: 0.83592558
    isCookedKeytime: true
  }
  keytimes {
    datatype: AE_FLOAT_DATA
    timeOffset: 4.2665763
    inttype: AE_INTERP_LINEAR
    fvalue1: 0.79666978
    isCookedKeytime: true
  }
  keytimes {
    datatype: AE_FLOAT_DATA
    timeOffset: 4.2832365
    inttype: AE_INTERP_LINEAR
    fvalue1: 0.74841768
    isCookedKeytime: true
  }
  keytimes {
    datatype: AE_FLOAT_DATA
    timeOffset: 4.2998967
    inttype: AE_INTERP_LINEAR
    fvalue1: 0.68789941
    isCookedKeytime: true
  }
  keytimes {
    datatype: AE_FLOAT_DATA
    timeOffset: 4.3165569
    inttype: AE_INTERP_LINEAR
    fvalue1: 0.60967994
    isCookedKeytime: true
  }
  keytimes {
    datatype: AE_FLOAT_DATA
    timeOffset: 4.3332171
    inttype: AE_INTERP_LINEAR
    fvalue1: 0.5043689
    isCookedKeytime: true
  }
  keytimes {
    datatype: AE_FLOAT_DATA
    timeOffset: 4.3498774
    inttype: AE_INTERP_LINEAR
    fvalue1: 0.35948989
    isCookedKeytime: true
  }
  keytimes {
    datatype: AE_FLOAT_DATA
    timeOffset: 4.3665376
    inttype: AE_INTERP_LINEAR
    fvalue1: 0.19543268
    isCookedKeytime: true
  }
  keytimes {
    datatype: AE_FLOAT_DATA
    timeOffset: 4.3831978
    inttype: AE_INTERP_LINEAR
    fvalue1: 0.08524701
    isCookedKeytime: true
  }
  keytimes {
    datatype: AE_FLOAT_DATA
    timeOffset: 4.399858
    inttype: AE_INTERP_LINEAR
    fvalue1: 0.030636398
    isCookedKeytime: true
  }
  keytimes {
    datatype: AE_FLOAT_DATA
    timeOffset: 4.4165182
    inttype: AE_INTERP_LINEAR
    fvalue1: 0.006665898
    isCookedKeytime: true
  }
  keytimes {
    datatype: AE_FLOAT_DATA
    timeOffset: 4.4331784
    inttype: AE_INTERP_LINEAR
    fvalue1: 1.1519125e-05
    isCookedKeytime: true
  }
  keytimes {
    datatype: AE_FLOAT_DATA
    timeOffset: 4.4333334
    inttype: AE_INTERP_LINEAR
    fvalue1: 0
  }
  trackName: "Opacity"
}
markers {
  starttime: 0.5
  duration: 1
  name: "ContentIn"
  tracksSelection {
    targetid: 690012230
    binding: OPACITY
  }
  tracksSelection {
    targetid: 690012231
    binding: OPACITY
  }
  alltracks: false
  looping: false
}
markers {
  starttime: 4
  duration: 1.0166667
  name: "ContentOut"
  tracksSelection {
    targetid: 690012230
    binding: OPACITY
  }
  tracksSelection {
    targetid: 690012231
    binding: OPACITY
  }
  alltracks: false
  looping: false
}
