activecomp {
  name: "Auryn_Container-Layout-PDP-Top"
  width: 1760
  height: 687
  defaultcameradistance: 2444.4443
  layer {
    name: "Layout-PDP-Meta"
    id: 690016257
    sourceid: 342
    transform {
      anchorPoint {
        x: 424
        y: 294.5
        z: 0
      }
      scale {
        x: 1
        y: 1
        z: 1
      }
      position {
        x: 1336
        y: 392.5
        z: 1000
      }
      orientation {
        x: 0
        y: 0
        z: 0
      }
      rotationX: 0
      rotationY: 0
      rotationZ: 0
      opacity: 0
    }
    acceptsshadows: true
    acceptslights: true
    castsshadows: false
  }
  layer {
    name: "Container-Btn-Backdrop-LargePDP"
    id: 690016258
    sourceid: 690015282
    transform {
      anchorPoint {
        x: 445.5
        y: 343.5
        z: 0
      }
      scale {
        x: 1
        y: 1
        z: 1
      }
      position {
        x: 445.5
        y: 343.5
        z: 1000
      }
      orientation {
        x: 0
        y: 0
        z: 0
      }
      rotationX: 0
      rotationY: 0
      rotationZ: 0
      opacity: 0
    }
    acceptsshadows: true
    acceptslights: true
    castsshadows: false
  }
  bgcolor {
    alpha: 1
    red: 0.29019607843137257
    green: 0.29019607843137257
    blue: 0.29019607843137257
  }
  childtemplates: "Auryn_Layout-PDP-Meta"
  childtemplates: "Auryn_Container-Btn-Backdrop-LargePDP"
}
sources {
  uid: 342
  srctype: AE_COMP_SRC
  name: "Auryn_Layout-PDP-Meta.layout"
  width: 848
  height: 589
  copy_source: true
}
sources {
  uid: 690015282
  srctype: AE_COMP_SRC
  name: "Auryn_Container-Btn-Backdrop-LargePDP.layout"
  width: 891
  height: 687
  copy_source: true
}
