tracks {
  binding: IS_VISIBLE
  targetid: 690015263
  targetname: "Background"
  keytimes {
    datatype: AE_INT_DATA
    timeOffset: 0
    inttype: AE_INTERP_HOLD
    ivalue1: 1
  }
}
tracks {
  binding: IS_VISIBLE
  targetid: 690015264
  targetname: "Image-Dynamic"
  keytimes {
    datatype: AE_INT_DATA
    timeOffset: 0
    inttype: AE_INTERP_HOLD
    ivalue1: 1
  }
}
tracks {
  binding: OPACITY
  targetid: 690015264
  targetname: "Image-Dynamic"
  keytimes {
    datatype: AE_FLOAT_DATA
    timeOffset: 0
    inttype: AE_INTERP_LINEAR
    fvalue1: 0.8
  }
  keytimes {
    datatype: AE_FLOAT_DATA
    timeOffset: 1
    inttype: AE_INTERP_LINEAR
    fvalue1: 0.8
  }
  keytimes {
    datatype: AE_FLOAT_DATA
    timeOffset: 1.01666
    inttype: AE_INTERP_LINEAR
    fvalue1: 0.80557895
    isCookedKeytime: true
  }
  keytimes {
    datatype: AE_FLOAT_DATA
    timeOffset: 1.03332
    inttype: AE_INTERP_LINEAR
    fvalue1: 0.820725
    isCookedKeytime: true
  }
  keytimes {
    datatype: AE_FLOAT_DATA
    timeOffset: 1.0499799
    inttype: AE_INTERP_LINEAR
    fvalue1: 0.84305245
    isCookedKeytime: true
  }
  keytimes {
    datatype: AE_FLOAT_DATA
    timeOffset: 1.0666399
    inttype: AE_INTERP_LINEAR
    fvalue1: 0.87017512
    isCookedKeytime: true
  }
  keytimes {
    datatype: AE_FLOAT_DATA
    timeOffset: 1.0999599
    inttype: AE_INTERP_LINEAR
    fvalue1: 0.92926234
    isCookedKeytime: true
  }
  keytimes {
    datatype: AE_FLOAT_DATA
    timeOffset: 1.1166198
    inttype: AE_INTERP_LINEAR
    fvalue1: 0.956455
    isCookedKeytime: true
  }
  keytimes {
    datatype: AE_FLOAT_DATA
    timeOffset: 1.1332798
    inttype: AE_INTERP_LINEAR
    fvalue1: 0.97889918
    isCookedKeytime: true
  }
  keytimes {
    datatype: AE_FLOAT_DATA
    timeOffset: 1.1499398
    inttype: AE_INTERP_LINEAR
    fvalue1: 0.99420869
    isCookedKeytime: true
  }
  keytimes {
    datatype: AE_FLOAT_DATA
    timeOffset: 1.1666666
    inttype: AE_INTERP_LINEAR
    fvalue1: 1
  }
  keytimes {
    datatype: AE_FLOAT_DATA
    timeOffset: 3
    inttype: AE_INTERP_LINEAR
    fvalue1: 1
  }
  keytimes {
    datatype: AE_FLOAT_DATA
    timeOffset: 3.01666
    inttype: AE_INTERP_LINEAR
    fvalue1: 0.969493
    isCookedKeytime: true
  }
  keytimes {
    datatype: AE_FLOAT_DATA
    timeOffset: 3.06664
    inttype: AE_INTERP_LINEAR
    fvalue1: 0.83091944
    isCookedKeytime: true
  }
  keytimes {
    datatype: AE_FLOAT_DATA
    timeOffset: 3.0833333
    inttype: AE_INTERP_LINEAR
    fvalue1: 0.8
  }
  trackName: "Opacity"
}
tracks {
  binding: SCALE
  targetid: 690015264
  targetname: "Image-Dynamic"
  keytimes {
    datatype: AE_FLOAT_VECTOR_DATA
    timeOffset: 0
    inttype: AE_INTERP_LINEAR
    fvalue1: 1.0225694
    fvalue2: 1.0225694
    fvalue3: 1
  }
  keytimes {
    datatype: AE_FLOAT_VECTOR_DATA
    timeOffset: 1
    inttype: AE_INTERP_LINEAR
    fvalue1: 1.0225694
    fvalue2: 1.0225694
    fvalue3: 1
  }
  keytimes {
    datatype: AE_FLOAT_VECTOR_DATA
    timeOffset: 1.01666
    inttype: AE_INTERP_LINEAR
    fvalue1: 1.0238146
    fvalue2: 1.0238146
    fvalue3: 1
    isCookedKeytime: true
  }
  keytimes {
    datatype: AE_FLOAT_VECTOR_DATA
    timeOffset: 1.03332
    inttype: AE_INTERP_LINEAR
    fvalue1: 1.0312924
    fvalue2: 1.0312924
    fvalue3: 1
    isCookedKeytime: true
  }
  keytimes {
    datatype: AE_FLOAT_VECTOR_DATA
    timeOffset: 1.0499799
    inttype: AE_INTERP_LINEAR
    fvalue1: 1.0396618
    fvalue2: 1.0396618
    fvalue3: 1
    isCookedKeytime: true
  }
  keytimes {
    datatype: AE_FLOAT_VECTOR_DATA
    timeOffset: 1.0666399
    inttype: AE_INTERP_LINEAR
    fvalue1: 1.0438658
    fvalue2: 1.0438658
    fvalue3: 1
    isCookedKeytime: true
  }
  keytimes {
    datatype: AE_FLOAT_VECTOR_DATA
    timeOffset: 1.0832999
    inttype: AE_INTERP_LINEAR
    fvalue1: 1.0463488
    fvalue2: 1.0463488
    fvalue3: 1
    isCookedKeytime: true
  }
  keytimes {
    datatype: AE_FLOAT_VECTOR_DATA
    timeOffset: 1.0999599
    inttype: AE_INTERP_LINEAR
    fvalue1: 1.0479301
    fvalue2: 1.0479301
    fvalue3: 1
    isCookedKeytime: true
  }
  keytimes {
    datatype: AE_FLOAT_VECTOR_DATA
    timeOffset: 1.1166198
    inttype: AE_INTERP_LINEAR
    fvalue1: 1.048946
    fvalue2: 1.048946
    fvalue3: 1
    isCookedKeytime: true
  }
  keytimes {
    datatype: AE_FLOAT_VECTOR_DATA
    timeOffset: 1.1332798
    inttype: AE_INTERP_LINEAR
    fvalue1: 1.0495685
    fvalue2: 1.0495685
    fvalue3: 1
    isCookedKeytime: true
  }
  keytimes {
    datatype: AE_FLOAT_VECTOR_DATA
    timeOffset: 1.1499398
    inttype: AE_INTERP_LINEAR
    fvalue1: 1.0498983
    fvalue2: 1.0498983
    fvalue3: 1
    isCookedKeytime: true
  }
  keytimes {
    datatype: AE_FLOAT_VECTOR_DATA
    timeOffset: 1.1666666
    inttype: AE_INTERP_LINEAR
    fvalue1: 1.05
    fvalue2: 1.05
    fvalue3: 1
  }
  trackName: "Scale"
}
tracks {
  binding: IS_VISIBLE
  targetid: 690015265
  targetname: "PlayIcon_PDP.png"
  keytimes {
    datatype: AE_INT_DATA
    timeOffset: 0
    inttype: AE_INTERP_HOLD
    ivalue1: 1
  }
}
tracks {
  binding: OPACITY
  targetid: 690015265
  targetname: "PlayIcon_PDP.png"
  keytimes {
    datatype: AE_FLOAT_DATA
    timeOffset: 0
    inttype: AE_INTERP_LINEAR
    fvalue1: 0
  }
  keytimes {
    datatype: AE_FLOAT_DATA
    timeOffset: 1.0333333
    inttype: AE_INTERP_LINEAR
    fvalue1: 0
  }
  keytimes {
    datatype: AE_FLOAT_DATA
    timeOffset: 1.0499933
    inttype: AE_INTERP_LINEAR
    fvalue1: 0.08167167
    isCookedKeytime: true
  }
  keytimes {
    datatype: AE_FLOAT_DATA
    timeOffset: 1.0666533
    inttype: AE_INTERP_LINEAR
    fvalue1: 0.4985323
    isCookedKeytime: true
  }
  keytimes {
    datatype: AE_FLOAT_DATA
    timeOffset: 1.0833132
    inttype: AE_INTERP_LINEAR
    fvalue1: 0.74588186
    isCookedKeytime: true
  }
  keytimes {
    datatype: AE_FLOAT_DATA
    timeOffset: 1.0999732
    inttype: AE_INTERP_LINEAR
    fvalue1: 0.86689305
    isCookedKeytime: true
  }
  keytimes {
    datatype: AE_FLOAT_DATA
    timeOffset: 1.1166332
    inttype: AE_INTERP_LINEAR
    fvalue1: 0.93542516
    isCookedKeytime: true
  }
  keytimes {
    datatype: AE_FLOAT_DATA
    timeOffset: 1.1332932
    inttype: AE_INTERP_LINEAR
    fvalue1: 0.97444814
    isCookedKeytime: true
  }
  keytimes {
    datatype: AE_FLOAT_DATA
    timeOffset: 1.1499531
    inttype: AE_INTERP_LINEAR
    fvalue1: 0.99414343
    isCookedKeytime: true
  }
  keytimes {
    datatype: AE_FLOAT_DATA
    timeOffset: 1.1666666
    inttype: AE_INTERP_LINEAR
    fvalue1: 1
  }
  trackName: "Opacity"
}
tracks {
  binding: SCALE
  targetid: 690015265
  targetname: "PlayIcon_PDP.png"
  keytimes {
    datatype: AE_FLOAT_VECTOR_DATA
    timeOffset: 0
    inttype: AE_INTERP_LINEAR
    fvalue1: 0.6
    fvalue2: 0.6
    fvalue3: 1
  }
  keytimes {
    datatype: AE_FLOAT_VECTOR_DATA
    timeOffset: 1.0333333
    inttype: AE_INTERP_LINEAR
    fvalue1: 0.6
    fvalue2: 0.6
    fvalue3: 1
  }
  keytimes {
    datatype: AE_FLOAT_VECTOR_DATA
    timeOffset: 1.0499933
    inttype: AE_INTERP_LINEAR
    fvalue1: 0.63266867
    fvalue2: 0.63266867
    fvalue3: 1
    isCookedKeytime: true
  }
  keytimes {
    datatype: AE_FLOAT_VECTOR_DATA
    timeOffset: 1.0666533
    inttype: AE_INTERP_LINEAR
    fvalue1: 0.79941291
    fvalue2: 0.79941291
    fvalue3: 1
    isCookedKeytime: true
  }
  keytimes {
    datatype: AE_FLOAT_VECTOR_DATA
    timeOffset: 1.0833132
    inttype: AE_INTERP_LINEAR
    fvalue1: 0.89835274
    fvalue2: 0.89835274
    fvalue3: 1
    isCookedKeytime: true
  }
  keytimes {
    datatype: AE_FLOAT_VECTOR_DATA
    timeOffset: 1.0999732
    inttype: AE_INTERP_LINEAR
    fvalue1: 0.9467572
    fvalue2: 0.9467572
    fvalue3: 1
    isCookedKeytime: true
  }
  keytimes {
    datatype: AE_FLOAT_VECTOR_DATA
    timeOffset: 1.1166332
    inttype: AE_INTERP_LINEAR
    fvalue1: 0.97417009
    fvalue2: 0.97417009
    fvalue3: 1
    isCookedKeytime: true
  }
  keytimes {
    datatype: AE_FLOAT_VECTOR_DATA
    timeOffset: 1.1332932
    inttype: AE_INTERP_LINEAR
    fvalue1: 0.98977929
    fvalue2: 0.98977929
    fvalue3: 1
    isCookedKeytime: true
  }
  keytimes {
    datatype: AE_FLOAT_VECTOR_DATA
    timeOffset: 1.1499531
    inttype: AE_INTERP_LINEAR
    fvalue1: 0.99765742
    fvalue2: 0.99765742
    fvalue3: 1
    isCookedKeytime: true
  }
  keytimes {
    datatype: AE_FLOAT_VECTOR_DATA
    timeOffset: 1.1666666
    inttype: AE_INTERP_LINEAR
    fvalue1: 1
    fvalue2: 1
    fvalue3: 1
  }
  trackName: "Scale"
}
tracks {
  binding: IS_VISIBLE
  targetid: 690015266
  targetname: "Red Solid 38"
  keytimes {
    datatype: AE_INT_DATA
    timeOffset: 0
    inttype: AE_INTERP_HOLD
    ivalue1: 1
  }
}
tracks {
  binding: OPACITY
  targetid: 690015266
  targetname: "Red Solid 38"
  keytimes {
    datatype: AE_FLOAT_DATA
    timeOffset: 0
    inttype: AE_INTERP_LINEAR
    fvalue1: 0
  }
  keytimes {
    datatype: AE_FLOAT_DATA
    timeOffset: 1
    inttype: AE_INTERP_LINEAR
    fvalue1: 0
  }
  keytimes {
    datatype: AE_FLOAT_DATA
    timeOffset: 1.01666
    inttype: AE_INTERP_LINEAR
    fvalue1: 0.045391418
    isCookedKeytime: true
  }
  keytimes {
    datatype: AE_FLOAT_DATA
    timeOffset: 1.03332
    inttype: AE_INTERP_LINEAR
    fvalue1: 0.31800389
    isCookedKeytime: true
  }
  keytimes {
    datatype: AE_FLOAT_DATA
    timeOffset: 1.0499799
    inttype: AE_INTERP_LINEAR
    fvalue1: 0.6231119
    isCookedKeytime: true
  }
  keytimes {
    datatype: AE_FLOAT_DATA
    timeOffset: 1.0666399
    inttype: AE_INTERP_LINEAR
    fvalue1: 0.77637434
    isCookedKeytime: true
  }
  keytimes {
    datatype: AE_FLOAT_DATA
    timeOffset: 1.0832999
    inttype: AE_INTERP_LINEAR
    fvalue1: 0.86689305
    isCookedKeytime: true
  }
  keytimes {
    datatype: AE_FLOAT_DATA
    timeOffset: 1.0999599
    inttype: AE_INTERP_LINEAR
    fvalue1: 0.92454231
    isCookedKeytime: true
  }
  keytimes {
    datatype: AE_FLOAT_DATA
    timeOffset: 1.1166198
    inttype: AE_INTERP_LINEAR
    fvalue1: 0.96157908
    isCookedKeytime: true
  }
  keytimes {
    datatype: AE_FLOAT_DATA
    timeOffset: 1.1332798
    inttype: AE_INTERP_LINEAR
    fvalue1: 0.98427171
    isCookedKeytime: true
  }
  keytimes {
    datatype: AE_FLOAT_DATA
    timeOffset: 1.1499398
    inttype: AE_INTERP_LINEAR
    fvalue1: 0.99629295
    isCookedKeytime: true
  }
  keytimes {
    datatype: AE_FLOAT_DATA
    timeOffset: 1.1666666
    inttype: AE_INTERP_LINEAR
    fvalue1: 1
  }
  trackName: "Opacity"
}
tracks {
  binding: IS_VISIBLE
  targetid: 690015267
  targetname: "Red Solid 38"
  keytimes {
    datatype: AE_INT_DATA
    timeOffset: 0
    inttype: AE_INTERP_HOLD
    ivalue1: 1
  }
}
tracks {
  binding: OPACITY
  targetid: 690015267
  targetname: "Red Solid 38"
  keytimes {
    datatype: AE_FLOAT_DATA
    timeOffset: 0
    inttype: AE_INTERP_LINEAR
    fvalue1: 0
  }
  keytimes {
    datatype: AE_FLOAT_DATA
    timeOffset: 1
    inttype: AE_INTERP_LINEAR
    fvalue1: 0
  }
  keytimes {
    datatype: AE_FLOAT_DATA
    timeOffset: 1.01666
    inttype: AE_INTERP_LINEAR
    fvalue1: 0.045391418
    isCookedKeytime: true
  }
  keytimes {
    datatype: AE_FLOAT_DATA
    timeOffset: 1.03332
    inttype: AE_INTERP_LINEAR
    fvalue1: 0.31800389
    isCookedKeytime: true
  }
  keytimes {
    datatype: AE_FLOAT_DATA
    timeOffset: 1.0499799
    inttype: AE_INTERP_LINEAR
    fvalue1: 0.6231119
    isCookedKeytime: true
  }
  keytimes {
    datatype: AE_FLOAT_DATA
    timeOffset: 1.0666399
    inttype: AE_INTERP_LINEAR
    fvalue1: 0.77637434
    isCookedKeytime: true
  }
  keytimes {
    datatype: AE_FLOAT_DATA
    timeOffset: 1.0832999
    inttype: AE_INTERP_LINEAR
    fvalue1: 0.86689305
    isCookedKeytime: true
  }
  keytimes {
    datatype: AE_FLOAT_DATA
    timeOffset: 1.0999599
    inttype: AE_INTERP_LINEAR
    fvalue1: 0.92454231
    isCookedKeytime: true
  }
  keytimes {
    datatype: AE_FLOAT_DATA
    timeOffset: 1.1166198
    inttype: AE_INTERP_LINEAR
    fvalue1: 0.96157908
    isCookedKeytime: true
  }
  keytimes {
    datatype: AE_FLOAT_DATA
    timeOffset: 1.1332798
    inttype: AE_INTERP_LINEAR
    fvalue1: 0.98427171
    isCookedKeytime: true
  }
  keytimes {
    datatype: AE_FLOAT_DATA
    timeOffset: 1.1499398
    inttype: AE_INTERP_LINEAR
    fvalue1: 0.99629295
    isCookedKeytime: true
  }
  keytimes {
    datatype: AE_FLOAT_DATA
    timeOffset: 1.1666666
    inttype: AE_INTERP_LINEAR
    fvalue1: 1
  }
  trackName: "Opacity"
}
tracks {
  binding: IS_VISIBLE
  targetid: 690015268
  targetname: "Red Solid 39"
  keytimes {
    datatype: AE_INT_DATA
    timeOffset: 0
    inttype: AE_INTERP_HOLD
    ivalue1: 1
  }
}
tracks {
  binding: OPACITY
  targetid: 690015268
  targetname: "Red Solid 39"
  keytimes {
    datatype: AE_FLOAT_DATA
    timeOffset: 0
    inttype: AE_INTERP_LINEAR
    fvalue1: 0
  }
  keytimes {
    datatype: AE_FLOAT_DATA
    timeOffset: 1
    inttype: AE_INTERP_LINEAR
    fvalue1: 0
  }
  keytimes {
    datatype: AE_FLOAT_DATA
    timeOffset: 1.01666
    inttype: AE_INTERP_LINEAR
    fvalue1: 0.045391418
    isCookedKeytime: true
  }
  keytimes {
    datatype: AE_FLOAT_DATA
    timeOffset: 1.03332
    inttype: AE_INTERP_LINEAR
    fvalue1: 0.31800389
    isCookedKeytime: true
  }
  keytimes {
    datatype: AE_FLOAT_DATA
    timeOffset: 1.0499799
    inttype: AE_INTERP_LINEAR
    fvalue1: 0.6231119
    isCookedKeytime: true
  }
  keytimes {
    datatype: AE_FLOAT_DATA
    timeOffset: 1.0666399
    inttype: AE_INTERP_LINEAR
    fvalue1: 0.77637434
    isCookedKeytime: true
  }
  keytimes {
    datatype: AE_FLOAT_DATA
    timeOffset: 1.0832999
    inttype: AE_INTERP_LINEAR
    fvalue1: 0.86689305
    isCookedKeytime: true
  }
  keytimes {
    datatype: AE_FLOAT_DATA
    timeOffset: 1.0999599
    inttype: AE_INTERP_LINEAR
    fvalue1: 0.92454231
    isCookedKeytime: true
  }
  keytimes {
    datatype: AE_FLOAT_DATA
    timeOffset: 1.1166198
    inttype: AE_INTERP_LINEAR
    fvalue1: 0.96157908
    isCookedKeytime: true
  }
  keytimes {
    datatype: AE_FLOAT_DATA
    timeOffset: 1.1332798
    inttype: AE_INTERP_LINEAR
    fvalue1: 0.98427171
    isCookedKeytime: true
  }
  keytimes {
    datatype: AE_FLOAT_DATA
    timeOffset: 1.1499398
    inttype: AE_INTERP_LINEAR
    fvalue1: 0.99629295
    isCookedKeytime: true
  }
  keytimes {
    datatype: AE_FLOAT_DATA
    timeOffset: 1.1666666
    inttype: AE_INTERP_LINEAR
    fvalue1: 1
  }
  trackName: "Opacity"
}
tracks {
  binding: IS_VISIBLE
  targetid: 690015269
  targetname: "Red Solid 39"
  keytimes {
    datatype: AE_INT_DATA
    timeOffset: 0
    inttype: AE_INTERP_HOLD
    ivalue1: 1
  }
}
tracks {
  binding: OPACITY
  targetid: 690015269
  targetname: "Red Solid 39"
  keytimes {
    datatype: AE_FLOAT_DATA
    timeOffset: 0
    inttype: AE_INTERP_LINEAR
    fvalue1: 0
  }
  keytimes {
    datatype: AE_FLOAT_DATA
    timeOffset: 1
    inttype: AE_INTERP_LINEAR
    fvalue1: 0
  }
  keytimes {
    datatype: AE_FLOAT_DATA
    timeOffset: 1.01666
    inttype: AE_INTERP_LINEAR
    fvalue1: 0.045391418
    isCookedKeytime: true
  }
  keytimes {
    datatype: AE_FLOAT_DATA
    timeOffset: 1.03332
    inttype: AE_INTERP_LINEAR
    fvalue1: 0.31800389
    isCookedKeytime: true
  }
  keytimes {
    datatype: AE_FLOAT_DATA
    timeOffset: 1.0499799
    inttype: AE_INTERP_LINEAR
    fvalue1: 0.6231119
    isCookedKeytime: true
  }
  keytimes {
    datatype: AE_FLOAT_DATA
    timeOffset: 1.0666399
    inttype: AE_INTERP_LINEAR
    fvalue1: 0.77637434
    isCookedKeytime: true
  }
  keytimes {
    datatype: AE_FLOAT_DATA
    timeOffset: 1.0832999
    inttype: AE_INTERP_LINEAR
    fvalue1: 0.86689305
    isCookedKeytime: true
  }
  keytimes {
    datatype: AE_FLOAT_DATA
    timeOffset: 1.0999599
    inttype: AE_INTERP_LINEAR
    fvalue1: 0.92454231
    isCookedKeytime: true
  }
  keytimes {
    datatype: AE_FLOAT_DATA
    timeOffset: 1.1166198
    inttype: AE_INTERP_LINEAR
    fvalue1: 0.96157908
    isCookedKeytime: true
  }
  keytimes {
    datatype: AE_FLOAT_DATA
    timeOffset: 1.1332798
    inttype: AE_INTERP_LINEAR
    fvalue1: 0.98427171
    isCookedKeytime: true
  }
  keytimes {
    datatype: AE_FLOAT_DATA
    timeOffset: 1.1499398
    inttype: AE_INTERP_LINEAR
    fvalue1: 0.99629295
    isCookedKeytime: true
  }
  keytimes {
    datatype: AE_FLOAT_DATA
    timeOffset: 1.1666666
    inttype: AE_INTERP_LINEAR
    fvalue1: 1
  }
  trackName: "Opacity"
}
markers {
  starttime: 1
  duration: 0.16666667
  name: "FocusIn"
  tracksSelection {
    targetid: 690015264
    binding: OPACITY
  }
  tracksSelection {
    targetid: 690015264
    binding: SCALE
  }
  tracksSelection {
    targetid: 690015265
    binding: OPACITY
  }
  tracksSelection {
    targetid: 690015265
    binding: SCALE
  }
  tracksSelection {
    targetid: 690015266
    binding: OPACITY
  }
  tracksSelection {
    targetid: 690015267
    binding: OPACITY
  }
  tracksSelection {
    targetid: 690015268
    binding: OPACITY
  }
  tracksSelection {
    targetid: 690015269
    binding: OPACITY
  }
  alltracks: false
  id: 21
  looping: false
}
markers {
  starttime: 3
  duration: 0.083333336
  name: "Press"
  tracksSelection {
    targetid: 690015264
    binding: OPACITY
  }
  alltracks: false
  id: 18
  looping: false
}
