activecomp {
  name: "Auryn_Nav-List"
  width: 782
  height: 140
  defaultcameradistance: 1086.1111
  layer {
    name: "Btn-Nav-List"
    id: 690014353
    sourceid: 690014383
    transform {
      anchorPoint {
        x: 117
        y: 70
        z: 0
      }
      scale {
        x: 1
        y: 1
        z: 1
      }
      position {
        x: 671
        y: 70
        z: 0
      }
      orientation {
        x: 0
        y: 0
        z: 0
      }
      rotationX: 0
      rotationY: 0
      rotationZ: 0
      opacity: 1
    }
    acceptsshadows: true
    acceptslights: true
    castsshadows: false
    properties {
      key: "placeholder"
      value: "true"
    }
  }
  layer {
    name: "Btn-Nav-List"
    id: 690014354
    sourceid: 690014383
    transform {
      anchorPoint {
        x: 117
        y: 70
        z: 0
      }
      scale {
        x: 1
        y: 1
        z: 1
      }
      position {
        x: 484.33334
        y: 70
        z: 0
      }
      orientation {
        x: 0
        y: 0
        z: 0
      }
      rotationX: 0
      rotationY: 0
      rotationZ: 0
      opacity: 1
    }
    acceptsshadows: true
    acceptslights: true
    castsshadows: false
    properties {
      key: "placeholder"
      value: "true"
    }
  }
  layer {
    name: "Btn-Nav-List"
    id: 690014355
    sourceid: 690014383
    transform {
      anchorPoint {
        x: 117
        y: 70
        z: 0
      }
      scale {
        x: 1
        y: 1
        z: 1
      }
      position {
        x: 297.66666
        y: 70
        z: 0
      }
      orientation {
        x: 0
        y: 0
        z: 0
      }
      rotationX: 0
      rotationY: 0
      rotationZ: 0
      opacity: 1
    }
    acceptsshadows: true
    acceptslights: true
    castsshadows: false
    properties {
      key: "placeholder"
      value: "true"
    }
  }
  layer {
    name: "Btn-Nav-List"
    id: 690014356
    sourceid: 690014383
    transform {
      anchorPoint {
        x: 117
        y: 70
        z: 0
      }
      scale {
        x: 1
        y: 1
        z: 1
      }
      position {
        x: 111
        y: 70
        z: 0
      }
      orientation {
        x: 0
        y: 0
        z: 0
      }
      rotationX: 0
      rotationY: 0
      rotationZ: 0
      opacity: 1
    }
    acceptsshadows: true
    acceptslights: true
    castsshadows: false
    properties {
      key: "placeholder"
      value: "true"
    }
  }
  classname: "CYIListView"
  bgcolor {
    alpha: 1
    red: 0
    green: 0
    blue: 0
  }
  properties {
    key: "componentSubtype"
    value: "streaming"
  }
  properties {
    key: "componentType"
    value: "list"
  }
  properties {
    key: "useComponentScrollingView"
    value: "true"
  }
  properties {
    key: "insert-after-layer-id"
    value: "-1"
  }
  childtemplates: "Auryn_Btn-Nav-List"
}
sources {
  uid: 690014383
  srctype: AE_COMP_SRC
  name: "Auryn_Btn-Nav-List.layout"
  width: 234
  height: 140
  copy_source: true
}
