activecomp {
  name: "Auryn_Lander"
  width: 1080
  height: 1920
  defaultcameradistance: 1500
  layer {
    name: "Nav"
    id: 1318
    sourceid: 1673
    transform {
      anchorPoint {
        x: 540
        y: 960
        z: 0
      }
      scale {
        x: 1
        y: 1
        z: 1
      }
      position {
        x: 540
        y: 960
        z: 0
      }
      orientation {
        x: 0
        y: 0
        z: 0
      }
      rotationX: 0
      rotationY: 0
      rotationZ: 0
      opacity: 1
    }
    acceptsshadows: true
    acceptslights: true
    castsshadows: false
  }
  layer {
    name: "Stack"
    id: 1319
    sourceid: 1340
    transform {
      anchorPoint {
        x: 540
        y: 675
        z: 0
      }
      scale {
        x: 1.78
        y: 1.78
        z: 1
      }
      position {
        x: 51.261871
        y: 72.420135
        z: 0
      }
      orientation {
        x: 0
        y: 0
        z: 0
      }
      rotationX: 0
      rotationY: 0
      rotationZ: 0
      opacity: 0
    }
    acceptsshadows: true
    acceptslights: true
    castsshadows: false
    parentid: 1320
  }
  layer {
    name: "ScaleWidthPropCenterAnchor"
    id: 1320
    sourceid: 2419
    transform {
      anchorPoint {
        x: 50
        y: 50
        z: 0
      }
      scale {
        x: 0.5625
        y: 0.5625
        z: 1
      }
      position {
        x: 540
        y: 960
        z: 0
      }
      orientation {
        x: 0
        y: 0
        z: 0
      }
      rotationX: 0
      rotationY: 0
      rotationZ: 0
      opacity: 1
    }
    acceptsshadows: true
    acceptslights: true
    castsshadows: false
  }
  bgcolor {
    alpha: 1
    red: 0.086274509803921567
    green: 0.11372549019607843
    blue: 0.14509803921568629
  }
  childtemplates: "Auryn_Nav"
  childtemplates: "Auryn_Lander-ContentStack"
}
sources {
  uid: 1673
  srctype: AE_COMP_SRC
  name: "Auryn_Nav.layout"
  width: 1080
  height: 1920
  copy_source: true
}
sources {
  uid: 1340
  srctype: AE_COMP_SRC
  name: "Auryn_Lander-ContentStack.layout"
  width: 1080
  height: 1350
  copy_source: true
}
sources {
  uid: 2419
  srctype: AE_NULL_SRC
  width: 100
  height: 100
  copy_source: false
}
