activecomp {
  name: "Auryn_Lander-List"
  width: 1080
  height: 1350
  defaultcameradistance: 1500
  classname: "CYIListView"
  bgcolor {
    alpha: 1
    red: 0.086274509803921567
    green: 0.11372549019607843
    blue: 0.14509803921568629
  }
  properties {
    key: "componentSubtype"
    value: "streaming"
  }
  properties {
    key: "componentType"
    value: "list"
  }
  properties {
    key: "useComponentScrollingView"
    value: "true"
  }
  properties {
    key: "height"
    value: "fill-parent"
  }
  properties {
    key: "layout"
    value: "CYIColumnLayout"
  }
  properties {
    key: "vertical-overpull"
    value: "80"
  }
}
