activecomp {
  name: "Auryn_Content-List-Search"
  width: 1080
  height: 1920
  defaultcameradistance: 1500
  layer {
    name: "List-PDP"
    id: 690016978
    sourceid: 690016966
    transform {
      anchorPoint {
        x: 522
        y: 1620
        z: 0
      }
      scale {
        x: 1
        y: 1
        z: 1
      }
      position {
        x: 540
        y: 1920
        z: 0
      }
      orientation {
        x: 0
        y: 0
        z: 0
      }
      rotationX: 0
      rotationY: 0
      rotationZ: 0
      opacity: 1
    }
    acceptsshadows: true
    acceptslights: true
    castsshadows: false
    properties {
      key: "height"
      value: "fill-parent"
    }
    properties {
      key: "margin-top"
      value: "466"
    }
  }
  bgcolor {
    alpha: 1
    red: 0.086274509803921567
    green: 0.11372549019607843
    blue: 0.14509803921568629
  }
  properties {
    key: "layout"
    value: "CYIColumnLayout"
  }
  properties {
    key: "gravity"
    value: "bottom"
  }
  childtemplates: "Auryn_List-Search"
}
sources {
  uid: 690016966
  srctype: AE_COMP_SRC
  name: "Auryn_List-Search.layout"
  width: 1044
  height: 1620
  copy_source: true
}
