activecomp {
  name: "Auryn_Btn-Nav-Search"
  width: 60
  height: 60
  defaultcameradistance: 83.333336
  layer {
    name: "Icon-Search.png"
    id: 724
    sourceid: 104
    transform {
      anchorPoint {
        x: 22.5
        y: 23.5
        z: 0
      }
      scale {
        x: 0.76
        y: 0.76
        z: 1
      }
      position {
        x: 30.034828
        y: 30.95812
        z: 0
      }
      orientation {
        x: 0
        y: 0
        z: 0
      }
      rotationX: 0
      rotationY: 0
      rotationZ: 0
      opacity: 1
    }
    acceptsshadows: true
    acceptslights: true
    castsshadows: false
  }
  classname: "CYIPushButtonView"
  bgcolor {
    alpha: 1
    red: 0.086274509803921567
    green: 0.11372549019607843
    blue: 0.14509803921568629
  }
  properties {
    key: "componentSubtype"
    value: "push"
  }
  properties {
    key: "componentType"
    value: "button"
  }
}
sources {
  uid: 104
  srctype: AE_IMAGE_SRC
  name: "Icon-Search.png"
  width: 45
  height: 47
  numberOfFrames: 1
  fps: 0
  loops: 1
  copy_source: true
}
