activecomp {
  name: "Auryn_Live-Icon"
  width: 35
  height: 35
  defaultcameradistance: 48.611111
  layer {
    name: "Live-Pill-Outer.png"
    id: 1425
    sourceid: 690012666
    transform {
      anchorPoint {
        x: 15
        y: 15
        z: 0
      }
      scale {
        x: 0.75
        y: 0.75
        z: 1
      }
      position {
        x: 17.5
        y: 17.5
        z: 0
      }
      orientation {
        x: 0
        y: 0
        z: 0
      }
      rotationX: 0
      rotationY: 0
      rotationZ: 0
      opacity: 1
    }
    acceptsshadows: true
    acceptslights: true
    castsshadows: false
  }
  layer {
    name: "Live-Pulse-Middle.png"
    id: 1426
    sourceid: 690012668
    transform {
      anchorPoint {
        x: 9
        y: 9
        z: 0
      }
      scale {
        x: 0.75
        y: 0.75
        z: 1
      }
      position {
        x: 17.5
        y: 17.5
        z: 0
      }
      orientation {
        x: 0
        y: 0
        z: 0
      }
      rotationX: 0
      rotationY: 0
      rotationZ: 0
      opacity: 1
    }
    acceptsshadows: true
    acceptslights: true
    castsshadows: false
  }
  layer {
    name: "Live-Pulse-inner.png"
    id: 1427
    sourceid: 690012667
    transform {
      anchorPoint {
        x: 3
        y: 3
        z: 0
      }
      scale {
        x: 1
        y: 1
        z: 1
      }
      position {
        x: 17.5
        y: 17.5
        z: 0
      }
      orientation {
        x: 0
        y: 0
        z: 0
      }
      rotationX: 0
      rotationY: 0
      rotationZ: 0
      opacity: 1
    }
    acceptsshadows: true
    acceptslights: true
    castsshadows: false
  }
  classname: "CYIActivityIndicatorView"
  bgcolor {
    alpha: 1
    red: 0.086274509803921567
    green: 0.11372549019607843
    blue: 0.14509803921568629
  }
  properties {
    key: "componentType"
    value: "loader"
  }
}
sources {
  uid: 690012666
  srctype: AE_IMAGE_SRC
  name: "Live-Pill-Outer.png"
  width: 30
  height: 30
  numberOfFrames: 1
  fps: 0
  loops: 1
  copy_source: true
}
sources {
  uid: 690012668
  srctype: AE_IMAGE_SRC
  name: "Live-Pulse-Middle.png"
  width: 18
  height: 18
  numberOfFrames: 1
  fps: 0
  loops: 1
  copy_source: true
}
sources {
  uid: 690012667
  srctype: AE_IMAGE_SRC
  name: "Live-Pulse-inner.png"
  width: 6
  height: 6
  numberOfFrames: 1
  fps: 0
  loops: 1
  copy_source: true
}
