activecomp {
  name: "Auryn_Container-Btn-Backdrop-Small"
  width: 536
  height: 468
  defaultcameradistance: 744.44446
  layer {
    name: "Btn-Backdrop-Small"
    id: 1062
    sourceid: 410
    transform {
      anchorPoint {
        x: 268
        y: 234
        z: 0
      }
      scale {
        x: 1
        y: 1
        z: 1
      }
      position {
        x: 268
        y: 234
        z: 0
      }
      orientation {
        x: 0
        y: 0
        z: 0
      }
      rotationX: 0
      rotationY: 0
      rotationZ: 0
      opacity: 1
    }
    acceptsshadows: true
    acceptslights: true
    castsshadows: false
  }
  bgcolor {
    alpha: 1
    red: 0.086274509803921567
    green: 0.11372549019607843
    blue: 0.14509803921568629
  }
  childtemplates: "Auryn_Btn-Backdrop-Small"
}
sources {
  uid: 410
  srctype: AE_COMP_SRC
  name: "Auryn_Btn-Backdrop-Small.layout"
  width: 536
  height: 468
  copy_source: true
}
