tracks {
  binding: IS_VISIBLE
  targetid: 1546
  targetname: "VideoSurface"
  keytimes {
    datatype: AE_INT_DATA
    timeOffset: 0
    inttype: AE_INTERP_HOLD
    ivalue1: 1
  }
}
tracks {
  binding: IS_VISIBLE
  targetid: 1547
  targetname: "Live-Player-Controls"
  keytimes {
    datatype: AE_INT_DATA
    timeOffset: 0
    inttype: AE_INTERP_HOLD
    ivalue1: 1
  }
}
tracks {
  binding: IS_VISIBLE
  targetid: 1548
  targetname: "ActivityIndicator"
  keytimes {
    datatype: AE_INT_DATA
    timeOffset: 0
    inttype: AE_INTERP_HOLD
    ivalue1: 1
  }
}
markers {
  starttime: 1
  duration: 0.5
  name: "Show"
  alltracks: false
  looping: false
}
markers {
  starttime: 6.0166669
  duration: 0.5
  name: "Hide"
  alltracks: false
  looping: false
}
