tracks {
  binding: IS_VISIBLE
  targetid: 1950
  targetname: "Timer"
  keytimes {
    datatype: AE_INT_DATA
    timeOffset: 0
    inttype: AE_INTERP_HOLD
    ivalue1: 1
  }
}
tracks {
  binding: IS_VISIBLE
  targetid: 1951
  targetname: "UpNext-Text"
  keytimes {
    datatype: AE_INT_DATA
    timeOffset: 0
    inttype: AE_INTERP_HOLD
    ivalue1: 1
  }
}
markers {
  starttime: 4
  duration: 0.33333334
  name: "Compress"
  alltracks: false
  looping: false
}
markers {
  starttime: 5
  duration: 0.33333334
  name: "Expand"
  alltracks: false
  looping: false
}
