activecomp {
  name: "Auryn_Poster-Small-Metadata"
  width: 473
  height: 120
  defaultcameradistance: 656.94446
  layer {
    name: "Text-Details"
    id: 690016227
    sourceid: -1
    transform {
      anchorPoint {
        x: 225.26991
        y: 31.870331
        z: 0
      }
      scale {
        x: 1
        y: 1
        z: 1
      }
      position {
        x: 255.93829
        y: 100.87033
        z: 0
      }
      orientation {
        x: 0
        y: 0
        z: 0
      }
      rotationX: 0
      rotationY: 0
      rotationZ: 0
      opacity: 0.5
    }
    acceptsshadows: true
    acceptslights: true
    castsshadows: false
    textinfo {
      justification: AE_TEXT_LEFT
      fontSize: 34
      fontColor {
        alpha: 1
        red: 0.94510000944137573
        green: 0.94510000944137573
        blue: 0.94510000944137573
      }
      fontName: "Montserrat-SemiBold"
      isPointText: false
      boundsWidth: 409
      boundsHeight: 44
      isLabel: true
      text: ""
      multiline: true
      ellipsis: true
      isAllCaps: false
    }
    properties {
      key: "text-placeholder"
      value: "true"
    }
    properties {
      key: "text-overflow"
      value: "ellipsis"
    }
  }
  layer {
    name: "Text-Title"
    id: 690016228
    sourceid: -1
    transform {
      anchorPoint {
        x: 226.35277
        y: 33.299809
        z: 0
      }
      scale {
        x: 1
        y: 1
        z: 1
      }
      position {
        x: 256.20413
        y: 50
        z: 0
      }
      orientation {
        x: 0
        y: 0
        z: 0
      }
      rotationX: 0
      rotationY: 0
      rotationZ: 0
      opacity: 1
    }
    acceptsshadows: true
    acceptslights: true
    castsshadows: false
    textinfo {
      justification: AE_TEXT_LEFT
      fontSize: 34
      fontColor {
        alpha: 1
        red: 0.94510000944137573
        green: 0.94510000944137573
        blue: 0.94510000944137573
      }
      fontName: "Montserrat-Bold"
      isPointText: false
      boundsWidth: 412
      boundsHeight: 90
      isLabel: true
      text: ""
      multiline: true
      ellipsis: true
      isAllCaps: false
    }
    properties {
      key: "text-placeholder"
      value: "true"
    }
    properties {
      key: "text-overflow"
      value: "ellipsis"
    }
    properties {
      key: "margin-top"
      value: "20"
    }
  }
  bgcolor {
    alpha: 1
    red: 0.086274509803921567
    green: 0.11372549019607843
    blue: 0.14509803921568629
  }
  properties {
    key: "clip"
    value: "true"
  }
  properties {
    key: "spacing"
    value: "0"
  }
  properties {
    key: "layout"
    value: "CYIColumnLayout"
  }
  properties {
    key: "padding-left"
    value: "38"
  }
  properties {
    key: "height"
    value: "fit-content"
  }
}
sources {
  uid: 1
  srctype: AE_FONT_SRC
  name: "Montserrat-SemiBold"
  copy_source: true
  file_name: "yi_Montserrat-Semi Bold.otf"
  style_name: "Semi Bold"
}
sources {
  uid: 2
  srctype: AE_FONT_SRC
  name: "Montserrat-Bold"
  copy_source: true
  file_name: "yi_Montserrat-Bold.otf"
  style_name: "Bold"
}
