activecomp {
  name: "Auryn_Btn-Backdrop-Large"
  width: 1044
  height: 576
  defaultcameradistance: 1450
  layer {
    name: "Black Solid 7"
    id: 345
    sourceid: 2427
    transform {
      anchorPoint {
        x: 533.5
        y: 300
        z: 0
      }
      scale {
        x: 1
        y: 1
        z: 1
      }
      position {
        x: 522
        y: 288
        z: 0
      }
      orientation {
        x: 0
        y: 0
        z: 0
      }
      rotationX: 0
      rotationY: 0
      rotationZ: 0
      opacity: 1
    }
    acceptsshadows: true
    acceptslights: true
    castsshadows: false
  }
  layer {
    name: "Image-Dynamic"
    id: 346
    sourceid: 1246
    transform {
      anchorPoint {
        x: 522
        y: 288
        z: 0
      }
      scale {
        x: 1
        y: 1
        z: 1
      }
      position {
        x: 522
        y: 288
        z: 0
      }
      orientation {
        x: 0
        y: 0
        z: 0
      }
      rotationX: 0
      rotationY: 0
      rotationZ: 0
      opacity: 1
    }
    acceptsshadows: true
    acceptslights: true
    castsshadows: false
  }
  layer {
    name: "Gradient-Player_2.png"
    id: 347
    sourceid: 96
    transform {
      anchorPoint {
        x: 0.5
        y: 548
        z: 0
      }
      scale {
        x: 1081
        y: 0.35
        z: 1
      }
      position {
        x: 522
        y: 590
        z: 0
      }
      orientation {
        x: 0
        y: 0
        z: 0
      }
      rotationX: 0
      rotationY: 0
      rotationZ: 0
      opacity: 1
    }
    acceptsshadows: true
    acceptslights: true
    castsshadows: false
  }
  layer {
    name: "Text-Details"
    id: 348
    sourceid: -1
    transform {
      anchorPoint {
        x: 248.5
        y: 40.5
        z: 0
      }
      scale {
        x: 1
        y: 1
        z: 1
      }
      position {
        x: 287.76
        y: 518.5
        z: 0
      }
      orientation {
        x: 0
        y: 0
        z: 0
      }
      rotationX: 0
      rotationY: 0
      rotationZ: 0
      opacity: 1
    }
    acceptsshadows: true
    acceptslights: true
    castsshadows: false
    textinfo {
      justification: AE_TEXT_LEFT
      fontSize: 24
      fontColor {
        alpha: 1
        red: 1
        green: 1
        blue: 1
      }
      fontName: "Raleway-Medium"
      isPointText: false
      boundsWidth: 953
      boundsHeight: 83
      isLabel: true
      text: ""
      multiline: true
      ellipsis: true
      isAllCaps: false
    }
    properties {
      key: "text-placeholder"
      value: "true"
    }
    properties {
      key: "text-overflow"
      value: "ellipsis"
    }
  }
  layer {
    name: "Text-Title"
    id: 349
    sourceid: -1
    transform {
      anchorPoint {
        x: 248.5
        y: 40.5
        z: 0
      }
      scale {
        x: 1
        y: 1
        z: 1
      }
      position {
        x: 286.76
        y: 466.5
        z: 0
      }
      orientation {
        x: 0
        y: 0
        z: 0
      }
      rotationX: 0
      rotationY: 0
      rotationZ: 0
      opacity: 1
    }
    acceptsshadows: true
    acceptslights: true
    castsshadows: false
    textinfo {
      justification: AE_TEXT_LEFT
      fontSize: 48
      fontColor {
        alpha: 1
        red: 1
        green: 1
        blue: 1
      }
      fontName: "Raleway-Bold"
      isPointText: false
      boundsWidth: 953
      boundsHeight: 54
      isLabel: true
      text: ""
      multiline: true
      ellipsis: true
      isAllCaps: false
    }
    properties {
      key: "text-placeholder"
      value: "true"
    }
    properties {
      key: "text-overflow"
      value: "ellipsis"
    }
  }
  classname: "CYIPushButtonView"
  bgcolor {
    alpha: 1
    red: 0.086274509803921567
    green: 0.11372549019607843
    blue: 0.14509803921568629
  }
  properties {
    key: "componentSubtype"
    value: "push"
  }
  properties {
    key: "componentType"
    value: "button"
  }
  properties {
    key: "clip"
    value: "true"
  }
  childtemplates: "Auryn_Image-Dynamic-Full"
}
sources {
  uid: 2427
  srctype: AE_SOLID_SRC
  color {
    alpha: 1
    red: 0
    green: 0
    blue: 0
  }
  width: 1067
  height: 600
  copy_source: false
}
sources {
  uid: 1246
  srctype: AE_COMP_SRC
  name: "Auryn_Image-Dynamic-Full.layout"
  width: 1044
  height: 576
  copy_source: true
}
sources {
  uid: 96
  srctype: AE_IMAGE_SRC
  name: "Gradient-Player_2.png"
  width: 1
  height: 548
  numberOfFrames: 1
  fps: 0
  loops: 1
  copy_source: true
}
sources {
  uid: 4
  srctype: AE_FONT_SRC
  name: "Raleway-Medium"
  copy_source: true
  file_name: "yi_Raleway-Medium.otf"
  style_name: "Medium"
}
sources {
  uid: 5
  srctype: AE_FONT_SRC
  name: "Raleway-Bold"
  copy_source: true
  file_name: "yi_Raleway-Bold.otf"
  style_name: "Bold"
}
