activecomp {
  name: "Auryn_Live-MiniGuide-List"
  width: 991
  height: 1080
  defaultcameradistance: 1376.3889
  layer {
    name: "Live-Asset"
    id: 1500
    sourceid: 1406
    transform {
      anchorPoint {
        x: 495.5
        y: 172
        z: 0
      }
      scale {
        x: 1
        y: 1
        z: 1
      }
      position {
        x: 495.5
        y: 169
        z: 0
      }
      orientation {
        x: 0
        y: 0
        z: 0
      }
      rotationX: 0
      rotationY: 0
      rotationZ: 0
      opacity: 1
    }
    acceptsshadows: true
    acceptslights: true
    castsshadows: false
    properties {
      key: "placeholder"
      value: "true"
    }
  }
  classname: "CYIListView"
  bgcolor {
    alpha: 1
    red: 0.086274509803921567
    green: 0.11372549019607843
    blue: 0.14509803921568629
  }
  properties {
    key: "componentSubtype"
    value: "streaming"
  }
  properties {
    key: "componentType"
    value: "list"
  }
  properties {
    key: "layout"
    value: "CYIColumnLayout"
  }
  properties {
    key: "columns"
    value: "1"
  }
  properties {
    key: "padding-top"
    value: "60"
  }
  properties {
    key: "padding-right"
    value: "5"
  }
  properties {
    key: "horizontal-scroll"
    value: "false"
  }
  properties {
    key: "vertical-scroll"
    value: "true"
  }
  properties {
    key: "vertical-overpull"
    value: "60"
  }
  properties {
    key: "padding-bottom"
    value: "60"
  }
  properties {
    key: "insert-after-layer-id"
    value: "-1"
  }
  childtemplates: "Auryn_Live-Asset"
}
sources {
  uid: 1406
  srctype: AE_COMP_SRC
  name: "Auryn_Live-Asset.layout"
  width: 991
  height: 344
  copy_source: true
}
