activecomp {
  name: "Auryn_Main"
  width: 1080
  height: 1920
  defaultcameradistance: 1500
  layer {
    name: "Content"
    id: 1612
    sourceid: 1158
    transform {
      anchorPoint {
        x: 540
        y: 960
        z: 0
      }
      scale {
        x: 1
        y: 1
        z: 1
      }
      position {
        x: 540
        y: 960
        z: 0
      }
      orientation {
        x: 0
        y: 0
        z: 0
      }
      rotationX: 0
      rotationY: 0
      rotationZ: 0
      opacity: 1
    }
    acceptsshadows: true
    acceptslights: true
    castsshadows: false
  }
  bgcolor {
    alpha: 1
    red: 0.0784313725490196
    green: 0.21176470588235294
    blue: 0.44705882352941179
  }
  childtemplates: "Auryn_Content"
}
sources {
  uid: 1158
  srctype: AE_COMP_SRC
  name: "Auryn_Content.layout"
  width: 1080
  height: 1920
  copy_source: true
}
