tracks {
  binding: IS_VISIBLE
  targetid: 690014592
  targetname: "Gradient-Player.png"
  keytimes {
    datatype: AE_INT_DATA
    timeOffset: 0
    inttype: AE_INTERP_HOLD
    ivalue1: 1
  }
}
tracks {
  binding: POSITION
  targetid: 690014592
  targetname: "Gradient-Player.png"
  keytimes {
    datatype: AE_FLOAT_VECTOR_DATA
    timeOffset: 0
    inttype: AE_INTERP_LINEAR
    fvalue1: 2083.5
    fvalue2: 540
    fvalue3: 0
  }
  keytimes {
    datatype: AE_FLOAT_VECTOR_DATA
    timeOffset: 2.5
    inttype: AE_INTERP_LINEAR
    fvalue1: 2083.5
    fvalue2: 540
    fvalue3: 0
  }
  keytimes {
    datatype: AE_FLOAT_VECTOR_DATA
    timeOffset: 2.51666
    inttype: AE_INTERP_LINEAR
    fvalue1: 2076.7861
    fvalue2: 540
    fvalue3: 0
    isCookedKeytime: true
  }
  keytimes {
    datatype: AE_FLOAT_VECTOR_DATA
    timeOffset: 2.53332
    inttype: AE_INTERP_LINEAR
    fvalue1: 2049.584
    fvalue2: 540
    fvalue3: 0
    isCookedKeytime: true
  }
  keytimes {
    datatype: AE_FLOAT_VECTOR_DATA
    timeOffset: 2.54998
    inttype: AE_INTERP_LINEAR
    fvalue1: 1980.7452
    fvalue2: 540
    fvalue3: 0
    isCookedKeytime: true
  }
  keytimes {
    datatype: AE_FLOAT_VECTOR_DATA
    timeOffset: 2.5832999
    inttype: AE_INTERP_LINEAR
    fvalue1: 1711.0375
    fvalue2: 540
    fvalue3: 0
    isCookedKeytime: true
  }
  keytimes {
    datatype: AE_FLOAT_VECTOR_DATA
    timeOffset: 2.5999599
    inttype: AE_INTERP_LINEAR
    fvalue1: 1617.964
    fvalue2: 540
    fvalue3: 0
    isCookedKeytime: true
  }
  keytimes {
    datatype: AE_FLOAT_VECTOR_DATA
    timeOffset: 2.6166198
    inttype: AE_INTERP_LINEAR
    fvalue1: 1552.3494
    fvalue2: 540
    fvalue3: 0
    isCookedKeytime: true
  }
  keytimes {
    datatype: AE_FLOAT_VECTOR_DATA
    timeOffset: 2.6332798
    inttype: AE_INTERP_LINEAR
    fvalue1: 1503.4574
    fvalue2: 540
    fvalue3: 0
    isCookedKeytime: true
  }
  keytimes {
    datatype: AE_FLOAT_VECTOR_DATA
    timeOffset: 2.6499398
    inttype: AE_INTERP_LINEAR
    fvalue1: 1465.6771
    fvalue2: 540
    fvalue3: 0
    isCookedKeytime: true
  }
  keytimes {
    datatype: AE_FLOAT_VECTOR_DATA
    timeOffset: 2.6665998
    inttype: AE_INTERP_LINEAR
    fvalue1: 1435.8307
    fvalue2: 540
    fvalue3: 0
    isCookedKeytime: true
  }
  keytimes {
    datatype: AE_FLOAT_VECTOR_DATA
    timeOffset: 2.6832597
    inttype: AE_INTERP_LINEAR
    fvalue1: 1411.9496
    fvalue2: 540
    fvalue3: 0
    isCookedKeytime: true
  }
  keytimes {
    datatype: AE_FLOAT_VECTOR_DATA
    timeOffset: 2.6999197
    inttype: AE_INTERP_LINEAR
    fvalue1: 1392.7589
    fvalue2: 540
    fvalue3: 0
    isCookedKeytime: true
  }
  keytimes {
    datatype: AE_FLOAT_VECTOR_DATA
    timeOffset: 2.7165797
    inttype: AE_INTERP_LINEAR
    fvalue1: 1377.3511
    fvalue2: 540
    fvalue3: 0
    isCookedKeytime: true
  }
  keytimes {
    datatype: AE_FLOAT_VECTOR_DATA
    timeOffset: 2.7332397
    inttype: AE_INTERP_LINEAR
    fvalue1: 1365.0869
    fvalue2: 540
    fvalue3: 0
    isCookedKeytime: true
  }
  keytimes {
    datatype: AE_FLOAT_VECTOR_DATA
    timeOffset: 2.7498996
    inttype: AE_INTERP_LINEAR
    fvalue1: 1355.4711
    fvalue2: 540
    fvalue3: 0
    isCookedKeytime: true
  }
  keytimes {
    datatype: AE_FLOAT_VECTOR_DATA
    timeOffset: 2.7665596
    inttype: AE_INTERP_LINEAR
    fvalue1: 1348.1309
    fvalue2: 540
    fvalue3: 0
    isCookedKeytime: true
  }
  keytimes {
    datatype: AE_FLOAT_VECTOR_DATA
    timeOffset: 2.7832196
    inttype: AE_INTERP_LINEAR
    fvalue1: 1342.7704
    fvalue2: 540
    fvalue3: 0
    isCookedKeytime: true
  }
  keytimes {
    datatype: AE_FLOAT_VECTOR_DATA
    timeOffset: 2.7998796
    inttype: AE_INTERP_LINEAR
    fvalue1: 1339.1497
    fvalue2: 540
    fvalue3: 0
    isCookedKeytime: true
  }
  keytimes {
    datatype: AE_FLOAT_VECTOR_DATA
    timeOffset: 2.8165395
    inttype: AE_INTERP_LINEAR
    fvalue1: 1337.0635
    fvalue2: 540
    fvalue3: 0
    isCookedKeytime: true
  }
  keytimes {
    datatype: AE_FLOAT_VECTOR_DATA
    timeOffset: 2.8333333
    inttype: AE_INTERP_LINEAR
    fvalue1: 1336.38
    fvalue2: 540
    fvalue3: 0
  }
  keytimes {
    datatype: AE_FLOAT_VECTOR_DATA
    timeOffset: 3.5
    inttype: AE_INTERP_LINEAR
    fvalue1: 1336.38
    fvalue2: 540
    fvalue3: 0
  }
  keytimes {
    datatype: AE_FLOAT_VECTOR_DATA
    timeOffset: 3.51666
    inttype: AE_INTERP_LINEAR
    fvalue1: 1337.0117
    fvalue2: 540
    fvalue3: 0
    isCookedKeytime: true
  }
  keytimes {
    datatype: AE_FLOAT_VECTOR_DATA
    timeOffset: 3.53332
    inttype: AE_INTERP_LINEAR
    fvalue1: 1339.0404
    fvalue2: 540
    fvalue3: 0
    isCookedKeytime: true
  }
  keytimes {
    datatype: AE_FLOAT_VECTOR_DATA
    timeOffset: 3.54998
    inttype: AE_INTERP_LINEAR
    fvalue1: 1342.5973
    fvalue2: 540
    fvalue3: 0
    isCookedKeytime: true
  }
  keytimes {
    datatype: AE_FLOAT_VECTOR_DATA
    timeOffset: 3.56664
    inttype: AE_INTERP_LINEAR
    fvalue1: 1347.8856
    fvalue2: 540
    fvalue3: 0
    isCookedKeytime: true
  }
  keytimes {
    datatype: AE_FLOAT_VECTOR_DATA
    timeOffset: 3.5832999
    inttype: AE_INTERP_LINEAR
    fvalue1: 1355.1431
    fvalue2: 540
    fvalue3: 0
    isCookedKeytime: true
  }
  keytimes {
    datatype: AE_FLOAT_VECTOR_DATA
    timeOffset: 3.5999599
    inttype: AE_INTERP_LINEAR
    fvalue1: 1364.6635
    fvalue2: 540
    fvalue3: 0
    isCookedKeytime: true
  }
  keytimes {
    datatype: AE_FLOAT_VECTOR_DATA
    timeOffset: 3.6166198
    inttype: AE_INTERP_LINEAR
    fvalue1: 1376.8156
    fvalue2: 540
    fvalue3: 0
    isCookedKeytime: true
  }
  keytimes {
    datatype: AE_FLOAT_VECTOR_DATA
    timeOffset: 3.6332798
    inttype: AE_INTERP_LINEAR
    fvalue1: 1392.0896
    fvalue2: 540
    fvalue3: 0
    isCookedKeytime: true
  }
  keytimes {
    datatype: AE_FLOAT_VECTOR_DATA
    timeOffset: 3.6499398
    inttype: AE_INTERP_LINEAR
    fvalue1: 1411.1173
    fvalue2: 540
    fvalue3: 0
    isCookedKeytime: true
  }
  keytimes {
    datatype: AE_FLOAT_VECTOR_DATA
    timeOffset: 3.6665998
    inttype: AE_INTERP_LINEAR
    fvalue1: 1434.7938
    fvalue2: 540
    fvalue3: 0
    isCookedKeytime: true
  }
  keytimes {
    datatype: AE_FLOAT_VECTOR_DATA
    timeOffset: 3.6832597
    inttype: AE_INTERP_LINEAR
    fvalue1: 1464.3754
    fvalue2: 540
    fvalue3: 0
    isCookedKeytime: true
  }
  keytimes {
    datatype: AE_FLOAT_VECTOR_DATA
    timeOffset: 3.6999197
    inttype: AE_INTERP_LINEAR
    fvalue1: 1501.7964
    fvalue2: 540
    fvalue3: 0
    isCookedKeytime: true
  }
  keytimes {
    datatype: AE_FLOAT_VECTOR_DATA
    timeOffset: 3.7165797
    inttype: AE_INTERP_LINEAR
    fvalue1: 1550.1688
    fvalue2: 540
    fvalue3: 0
    isCookedKeytime: true
  }
  keytimes {
    datatype: AE_FLOAT_VECTOR_DATA
    timeOffset: 3.7332397
    inttype: AE_INTERP_LINEAR
    fvalue1: 1614.9738
    fvalue2: 540
    fvalue3: 0
    isCookedKeytime: true
  }
  keytimes {
    datatype: AE_FLOAT_VECTOR_DATA
    timeOffset: 3.7498996
    inttype: AE_INTERP_LINEAR
    fvalue1: 1706.6771
    fvalue2: 540
    fvalue3: 0
    isCookedKeytime: true
  }
  keytimes {
    datatype: AE_FLOAT_VECTOR_DATA
    timeOffset: 3.7832196
    inttype: AE_INTERP_LINEAR
    fvalue1: 1976.7117
    fvalue2: 540
    fvalue3: 0
    isCookedKeytime: true
  }
  keytimes {
    datatype: AE_FLOAT_VECTOR_DATA
    timeOffset: 3.7998796
    inttype: AE_INTERP_LINEAR
    fvalue1: 2047.8752
    fvalue2: 540
    fvalue3: 0
    isCookedKeytime: true
  }
  keytimes {
    datatype: AE_FLOAT_VECTOR_DATA
    timeOffset: 3.8165395
    inttype: AE_INTERP_LINEAR
    fvalue1: 2076.1914
    fvalue2: 540
    fvalue3: 0
    isCookedKeytime: true
  }
  keytimes {
    datatype: AE_FLOAT_VECTOR_DATA
    timeOffset: 3.8333333
    inttype: AE_INTERP_LINEAR
    fvalue1: 2083.5
    fvalue2: 540
    fvalue3: 0
  }
  trackName: "Position"
}
tracks {
  binding: OPACITY
  targetid: 690014592
  targetname: "Gradient-Player.png"
  keytimes {
    datatype: AE_FLOAT_DATA
    timeOffset: 0
    inttype: AE_INTERP_LINEAR
    fvalue1: 0
  }
  keytimes {
    datatype: AE_FLOAT_DATA
    timeOffset: 2.5
    inttype: AE_INTERP_LINEAR
    fvalue1: 0
  }
  keytimes {
    datatype: AE_FLOAT_DATA
    timeOffset: 2.51666
    inttype: AE_INTERP_LINEAR
    fvalue1: 0.0089863427
    isCookedKeytime: true
  }
  keytimes {
    datatype: AE_FLOAT_DATA
    timeOffset: 2.53332
    inttype: AE_INTERP_LINEAR
    fvalue1: 0.045391418
    isCookedKeytime: true
  }
  keytimes {
    datatype: AE_FLOAT_DATA
    timeOffset: 2.54998
    inttype: AE_INTERP_LINEAR
    fvalue1: 0.13753118
    isCookedKeytime: true
  }
  keytimes {
    datatype: AE_FLOAT_DATA
    timeOffset: 2.5832999
    inttype: AE_INTERP_LINEAR
    fvalue1: 0.4985323
    isCookedKeytime: true
  }
  keytimes {
    datatype: AE_FLOAT_DATA
    timeOffset: 2.5999599
    inttype: AE_INTERP_LINEAR
    fvalue1: 0.6231119
    isCookedKeytime: true
  }
  keytimes {
    datatype: AE_FLOAT_DATA
    timeOffset: 2.6166198
    inttype: AE_INTERP_LINEAR
    fvalue1: 0.7109437
    isCookedKeytime: true
  }
  keytimes {
    datatype: AE_FLOAT_DATA
    timeOffset: 2.6332798
    inttype: AE_INTERP_LINEAR
    fvalue1: 0.77637434
    isCookedKeytime: true
  }
  keytimes {
    datatype: AE_FLOAT_DATA
    timeOffset: 2.6499398
    inttype: AE_INTERP_LINEAR
    fvalue1: 0.82693934
    isCookedKeytime: true
  }
  keytimes {
    datatype: AE_FLOAT_DATA
    timeOffset: 2.6665998
    inttype: AE_INTERP_LINEAR
    fvalue1: 0.86689305
    isCookedKeytime: true
  }
  keytimes {
    datatype: AE_FLOAT_DATA
    timeOffset: 2.6832597
    inttype: AE_INTERP_LINEAR
    fvalue1: 0.89885259
    isCookedKeytime: true
  }
  keytimes {
    datatype: AE_FLOAT_DATA
    timeOffset: 2.6999197
    inttype: AE_INTERP_LINEAR
    fvalue1: 0.92454231
    isCookedKeytime: true
  }
  keytimes {
    datatype: AE_FLOAT_DATA
    timeOffset: 2.7165797
    inttype: AE_INTERP_LINEAR
    fvalue1: 0.94516128
    isCookedKeytime: true
  }
  keytimes {
    datatype: AE_FLOAT_DATA
    timeOffset: 2.7332397
    inttype: AE_INTERP_LINEAR
    fvalue1: 0.96157908
    isCookedKeytime: true
  }
  keytimes {
    datatype: AE_FLOAT_DATA
    timeOffset: 2.7498996
    inttype: AE_INTERP_LINEAR
    fvalue1: 0.97444814
    isCookedKeytime: true
  }
  keytimes {
    datatype: AE_FLOAT_DATA
    timeOffset: 2.7665596
    inttype: AE_INTERP_LINEAR
    fvalue1: 0.98427171
    isCookedKeytime: true
  }
  keytimes {
    datatype: AE_FLOAT_DATA
    timeOffset: 2.7832196
    inttype: AE_INTERP_LINEAR
    fvalue1: 0.99144685
    isCookedKeytime: true
  }
  keytimes {
    datatype: AE_FLOAT_DATA
    timeOffset: 2.7998796
    inttype: AE_INTERP_LINEAR
    fvalue1: 0.99629295
    isCookedKeytime: true
  }
  keytimes {
    datatype: AE_FLOAT_DATA
    timeOffset: 2.8165395
    inttype: AE_INTERP_LINEAR
    fvalue1: 0.9990713
    isCookedKeytime: true
  }
  keytimes {
    datatype: AE_FLOAT_DATA
    timeOffset: 2.8333333
    inttype: AE_INTERP_LINEAR
    fvalue1: 1
  }
  keytimes {
    datatype: AE_FLOAT_DATA
    timeOffset: 3.5
    inttype: AE_INTERP_LINEAR
    fvalue1: 1
  }
  keytimes {
    datatype: AE_FLOAT_DATA
    timeOffset: 3.51666
    inttype: AE_INTERP_LINEAR
    fvalue1: 0.99914116
    isCookedKeytime: true
  }
  keytimes {
    datatype: AE_FLOAT_DATA
    timeOffset: 3.53332
    inttype: AE_INTERP_LINEAR
    fvalue1: 0.996439
    isCookedKeytime: true
  }
  keytimes {
    datatype: AE_FLOAT_DATA
    timeOffset: 3.54998
    inttype: AE_INTERP_LINEAR
    fvalue1: 0.99167842
    isCookedKeytime: true
  }
  keytimes {
    datatype: AE_FLOAT_DATA
    timeOffset: 3.56664
    inttype: AE_INTERP_LINEAR
    fvalue1: 0.98460007
    isCookedKeytime: true
  }
  keytimes {
    datatype: AE_FLOAT_DATA
    timeOffset: 3.5832999
    inttype: AE_INTERP_LINEAR
    fvalue1: 0.974887
    isCookedKeytime: true
  }
  keytimes {
    datatype: AE_FLOAT_DATA
    timeOffset: 3.5999599
    inttype: AE_INTERP_LINEAR
    fvalue1: 0.96214575
    isCookedKeytime: true
  }
  keytimes {
    datatype: AE_FLOAT_DATA
    timeOffset: 3.6166198
    inttype: AE_INTERP_LINEAR
    fvalue1: 0.94587797
    isCookedKeytime: true
  }
  keytimes {
    datatype: AE_FLOAT_DATA
    timeOffset: 3.6332798
    inttype: AE_INTERP_LINEAR
    fvalue1: 0.92543817
    isCookedKeytime: true
  }
  keytimes {
    datatype: AE_FLOAT_DATA
    timeOffset: 3.6499398
    inttype: AE_INTERP_LINEAR
    fvalue1: 0.89996684
    isCookedKeytime: true
  }
  keytimes {
    datatype: AE_FLOAT_DATA
    timeOffset: 3.6665998
    inttype: AE_INTERP_LINEAR
    fvalue1: 0.86828077
    isCookedKeytime: true
  }
  keytimes {
    datatype: AE_FLOAT_DATA
    timeOffset: 3.6832597
    inttype: AE_INTERP_LINEAR
    fvalue1: 0.82868165
    isCookedKeytime: true
  }
  keytimes {
    datatype: AE_FLOAT_DATA
    timeOffset: 3.6999197
    inttype: AE_INTERP_LINEAR
    fvalue1: 0.77859777
    isCookedKeytime: true
  }
  keytimes {
    datatype: AE_FLOAT_DATA
    timeOffset: 3.7165797
    inttype: AE_INTERP_LINEAR
    fvalue1: 0.71386117
    isCookedKeytime: true
  }
  keytimes {
    datatype: AE_FLOAT_DATA
    timeOffset: 3.7332397
    inttype: AE_INTERP_LINEAR
    fvalue1: 0.62711579
    isCookedKeytime: true
  }
  keytimes {
    datatype: AE_FLOAT_DATA
    timeOffset: 3.7498996
    inttype: AE_INTERP_LINEAR
    fvalue1: 0.5043689
    isCookedKeytime: true
  }
  keytimes {
    datatype: AE_FLOAT_DATA
    timeOffset: 3.7832196
    inttype: AE_INTERP_LINEAR
    fvalue1: 0.14292909
    isCookedKeytime: true
  }
  keytimes {
    datatype: AE_FLOAT_DATA
    timeOffset: 3.7998796
    inttype: AE_INTERP_LINEAR
    fvalue1: 0.04767907
    isCookedKeytime: true
  }
  keytimes {
    datatype: AE_FLOAT_DATA
    timeOffset: 3.8165395
    inttype: AE_INTERP_LINEAR
    fvalue1: 0.00978235
    isCookedKeytime: true
  }
  keytimes {
    datatype: AE_FLOAT_DATA
    timeOffset: 3.8333333
    inttype: AE_INTERP_LINEAR
    fvalue1: 0
  }
  trackName: "Opacity"
}
tracks {
  binding: IS_VISIBLE
  targetid: 690014593
  targetname: "Live-MiniGuide-List"
  keytimes {
    datatype: AE_INT_DATA
    timeOffset: 0
    inttype: AE_INTERP_HOLD
    ivalue1: 1
  }
}
tracks {
  binding: POSITION
  targetid: 690014593
  targetname: "Live-MiniGuide-List"
  keytimes {
    datatype: AE_FLOAT_VECTOR_DATA
    timeOffset: 0
    inttype: AE_INTERP_LINEAR
    fvalue1: 1666
    fvalue2: 540
    fvalue3: 0
  }
  keytimes {
    datatype: AE_FLOAT_VECTOR_DATA
    timeOffset: 2.5
    inttype: AE_INTERP_LINEAR
    fvalue1: 1666
    fvalue2: 540
    fvalue3: 0
  }
  keytimes {
    datatype: AE_FLOAT_VECTOR_DATA
    timeOffset: 2.51666
    inttype: AE_INTERP_LINEAR
    fvalue1: 1625.326
    fvalue2: 540
    fvalue3: 0
    isCookedKeytime: true
  }
  keytimes {
    datatype: AE_FLOAT_VECTOR_DATA
    timeOffset: 2.53332
    inttype: AE_INTERP_LINEAR
    fvalue1: 1590.3502
    fvalue2: 540
    fvalue3: 0
    isCookedKeytime: true
  }
  keytimes {
    datatype: AE_FLOAT_VECTOR_DATA
    timeOffset: 2.54998
    inttype: AE_INTERP_LINEAR
    fvalue1: 1559.127
    fvalue2: 540
    fvalue3: 0
    isCookedKeytime: true
  }
  keytimes {
    datatype: AE_FLOAT_VECTOR_DATA
    timeOffset: 2.56664
    inttype: AE_INTERP_LINEAR
    fvalue1: 1530.9729
    fvalue2: 540
    fvalue3: 0
    isCookedKeytime: true
  }
  keytimes {
    datatype: AE_FLOAT_VECTOR_DATA
    timeOffset: 2.5832999
    inttype: AE_INTERP_LINEAR
    fvalue1: 1505.4673
    fvalue2: 540
    fvalue3: 0
    isCookedKeytime: true
  }
  keytimes {
    datatype: AE_FLOAT_VECTOR_DATA
    timeOffset: 2.5999599
    inttype: AE_INTERP_LINEAR
    fvalue1: 1482.3428
    fvalue2: 540
    fvalue3: 0
    isCookedKeytime: true
  }
  keytimes {
    datatype: AE_FLOAT_VECTOR_DATA
    timeOffset: 2.6166198
    inttype: AE_INTERP_LINEAR
    fvalue1: 1461.3989
    fvalue2: 540
    fvalue3: 0
    isCookedKeytime: true
  }
  keytimes {
    datatype: AE_FLOAT_VECTOR_DATA
    timeOffset: 2.6332798
    inttype: AE_INTERP_LINEAR
    fvalue1: 1442.4788
    fvalue2: 540
    fvalue3: 0
    isCookedKeytime: true
  }
  keytimes {
    datatype: AE_FLOAT_VECTOR_DATA
    timeOffset: 2.6499398
    inttype: AE_INTERP_LINEAR
    fvalue1: 1425.453
    fvalue2: 540
    fvalue3: 0
    isCookedKeytime: true
  }
  keytimes {
    datatype: AE_FLOAT_VECTOR_DATA
    timeOffset: 2.6665998
    inttype: AE_INTERP_LINEAR
    fvalue1: 1410.2272
    fvalue2: 540
    fvalue3: 0
    isCookedKeytime: true
  }
  keytimes {
    datatype: AE_FLOAT_VECTOR_DATA
    timeOffset: 2.6832597
    inttype: AE_INTERP_LINEAR
    fvalue1: 1396.7087
    fvalue2: 540
    fvalue3: 0
    isCookedKeytime: true
  }
  keytimes {
    datatype: AE_FLOAT_VECTOR_DATA
    timeOffset: 2.6999197
    inttype: AE_INTERP_LINEAR
    fvalue1: 1384.8235
    fvalue2: 540
    fvalue3: 0
    isCookedKeytime: true
  }
  keytimes {
    datatype: AE_FLOAT_VECTOR_DATA
    timeOffset: 2.7165797
    inttype: AE_INTERP_LINEAR
    fvalue1: 1374.5059
    fvalue2: 540
    fvalue3: 0
    isCookedKeytime: true
  }
  keytimes {
    datatype: AE_FLOAT_VECTOR_DATA
    timeOffset: 2.7332397
    inttype: AE_INTERP_LINEAR
    fvalue1: 1365.6975
    fvalue2: 540
    fvalue3: 0
    isCookedKeytime: true
  }
  keytimes {
    datatype: AE_FLOAT_VECTOR_DATA
    timeOffset: 2.7498996
    inttype: AE_INTERP_LINEAR
    fvalue1: 1358.3485
    fvalue2: 540
    fvalue3: 0
    isCookedKeytime: true
  }
  keytimes {
    datatype: AE_FLOAT_VECTOR_DATA
    timeOffset: 2.7665596
    inttype: AE_INTERP_LINEAR
    fvalue1: 1352.4111
    fvalue2: 540
    fvalue3: 0
    isCookedKeytime: true
  }
  keytimes {
    datatype: AE_FLOAT_VECTOR_DATA
    timeOffset: 2.7832196
    inttype: AE_INTERP_LINEAR
    fvalue1: 1347.8434
    fvalue2: 540
    fvalue3: 0
    isCookedKeytime: true
  }
  keytimes {
    datatype: AE_FLOAT_VECTOR_DATA
    timeOffset: 2.7998796
    inttype: AE_INTERP_LINEAR
    fvalue1: 1344.6089
    fvalue2: 540
    fvalue3: 0
    isCookedKeytime: true
  }
  keytimes {
    datatype: AE_FLOAT_VECTOR_DATA
    timeOffset: 2.8165395
    inttype: AE_INTERP_LINEAR
    fvalue1: 1342.6685
    fvalue2: 540
    fvalue3: 0
    isCookedKeytime: true
  }
  keytimes {
    datatype: AE_FLOAT_VECTOR_DATA
    timeOffset: 2.8333333
    inttype: AE_INTERP_HOLD
    fvalue1: 1342
    fvalue2: 540
    fvalue3: 0
  }
  keytimes {
    datatype: AE_FLOAT_VECTOR_DATA
    timeOffset: 3.5
    inttype: AE_INTERP_LINEAR
    fvalue1: 1342
    fvalue2: 540
    fvalue3: 0
  }
  keytimes {
    datatype: AE_FLOAT_VECTOR_DATA
    timeOffset: 3.51666
    inttype: AE_INTERP_LINEAR
    fvalue1: 1342.6183
    fvalue2: 540
    fvalue3: 0
    isCookedKeytime: true
  }
  keytimes {
    datatype: AE_FLOAT_VECTOR_DATA
    timeOffset: 3.53332
    inttype: AE_INTERP_LINEAR
    fvalue1: 1344.5089
    fvalue2: 540
    fvalue3: 0
    isCookedKeytime: true
  }
  keytimes {
    datatype: AE_FLOAT_VECTOR_DATA
    timeOffset: 3.54998
    inttype: AE_INTERP_LINEAR
    fvalue1: 1347.6919
    fvalue2: 540
    fvalue3: 0
    isCookedKeytime: true
  }
  keytimes {
    datatype: AE_FLOAT_VECTOR_DATA
    timeOffset: 3.56664
    inttype: AE_INTERP_LINEAR
    fvalue1: 1352.2068
    fvalue2: 540
    fvalue3: 0
    isCookedKeytime: true
  }
  keytimes {
    datatype: AE_FLOAT_VECTOR_DATA
    timeOffset: 3.5832999
    inttype: AE_INTERP_LINEAR
    fvalue1: 1358.09
    fvalue2: 540
    fvalue3: 0
    isCookedKeytime: true
  }
  keytimes {
    datatype: AE_FLOAT_VECTOR_DATA
    timeOffset: 3.5999599
    inttype: AE_INTERP_LINEAR
    fvalue1: 1365.3827
    fvalue2: 540
    fvalue3: 0
    isCookedKeytime: true
  }
  keytimes {
    datatype: AE_FLOAT_VECTOR_DATA
    timeOffset: 3.6166198
    inttype: AE_INTERP_LINEAR
    fvalue1: 1374.1332
    fvalue2: 540
    fvalue3: 0
    isCookedKeytime: true
  }
  keytimes {
    datatype: AE_FLOAT_VECTOR_DATA
    timeOffset: 3.6332798
    inttype: AE_INTERP_LINEAR
    fvalue1: 1384.3904
    fvalue2: 540
    fvalue3: 0
    isCookedKeytime: true
  }
  keytimes {
    datatype: AE_FLOAT_VECTOR_DATA
    timeOffset: 3.6499398
    inttype: AE_INTERP_LINEAR
    fvalue1: 1396.2135
    fvalue2: 540
    fvalue3: 0
    isCookedKeytime: true
  }
  keytimes {
    datatype: AE_FLOAT_VECTOR_DATA
    timeOffset: 3.6665998
    inttype: AE_INTERP_LINEAR
    fvalue1: 1409.6664
    fvalue2: 540
    fvalue3: 0
    isCookedKeytime: true
  }
  keytimes {
    datatype: AE_FLOAT_VECTOR_DATA
    timeOffset: 3.6832597
    inttype: AE_INTERP_LINEAR
    fvalue1: 1424.824
    fvalue2: 540
    fvalue3: 0
    isCookedKeytime: true
  }
  keytimes {
    datatype: AE_FLOAT_VECTOR_DATA
    timeOffset: 3.6999197
    inttype: AE_INTERP_LINEAR
    fvalue1: 1441.7773
    fvalue2: 540
    fvalue3: 0
    isCookedKeytime: true
  }
  keytimes {
    datatype: AE_FLOAT_VECTOR_DATA
    timeOffset: 3.7165797
    inttype: AE_INTERP_LINEAR
    fvalue1: 1460.6215
    fvalue2: 540
    fvalue3: 0
    isCookedKeytime: true
  }
  keytimes {
    datatype: AE_FLOAT_VECTOR_DATA
    timeOffset: 3.7332397
    inttype: AE_INTERP_LINEAR
    fvalue1: 1481.483
    fvalue2: 540
    fvalue3: 0
    isCookedKeytime: true
  }
  keytimes {
    datatype: AE_FLOAT_VECTOR_DATA
    timeOffset: 3.7498996
    inttype: AE_INTERP_LINEAR
    fvalue1: 1504.519
    fvalue2: 540
    fvalue3: 0
    isCookedKeytime: true
  }
  keytimes {
    datatype: AE_FLOAT_VECTOR_DATA
    timeOffset: 3.7665596
    inttype: AE_INTERP_LINEAR
    fvalue1: 1529.9268
    fvalue2: 540
    fvalue3: 0
    isCookedKeytime: true
  }
  keytimes {
    datatype: AE_FLOAT_VECTOR_DATA
    timeOffset: 3.7832196
    inttype: AE_INTERP_LINEAR
    fvalue1: 1557.9708
    fvalue2: 540
    fvalue3: 0
    isCookedKeytime: true
  }
  keytimes {
    datatype: AE_FLOAT_VECTOR_DATA
    timeOffset: 3.7998796
    inttype: AE_INTERP_LINEAR
    fvalue1: 1589.064
    fvalue2: 540
    fvalue3: 0
    isCookedKeytime: true
  }
  keytimes {
    datatype: AE_FLOAT_VECTOR_DATA
    timeOffset: 3.8165395
    inttype: AE_INTERP_LINEAR
    fvalue1: 1623.8717
    fvalue2: 540
    fvalue3: 0
    isCookedKeytime: true
  }
  keytimes {
    datatype: AE_FLOAT_VECTOR_DATA
    timeOffset: 3.8333333
    inttype: AE_INTERP_LINEAR
    fvalue1: 1666
    fvalue2: 540
    fvalue3: 0
  }
  trackName: "Position"
}
tracks {
  binding: OPACITY
  targetid: 690014593
  targetname: "Live-MiniGuide-List"
  keytimes {
    datatype: AE_FLOAT_DATA
    timeOffset: 0
    inttype: AE_INTERP_LINEAR
    fvalue1: 0
  }
  keytimes {
    datatype: AE_FLOAT_DATA
    timeOffset: 2.5
    inttype: AE_INTERP_LINEAR
    fvalue1: 0
  }
  keytimes {
    datatype: AE_FLOAT_DATA
    timeOffset: 2.51666
    inttype: AE_INTERP_LINEAR
    fvalue1: 0.0020241225
    isCookedKeytime: true
  }
  keytimes {
    datatype: AE_FLOAT_DATA
    timeOffset: 2.53332
    inttype: AE_INTERP_LINEAR
    fvalue1: 0.0086442418
    isCookedKeytime: true
  }
  keytimes {
    datatype: AE_FLOAT_DATA
    timeOffset: 2.54998
    inttype: AE_INTERP_LINEAR
    fvalue1: 0.020892467
    isCookedKeytime: true
  }
  keytimes {
    datatype: AE_FLOAT_DATA
    timeOffset: 2.56664
    inttype: AE_INTERP_LINEAR
    fvalue1: 0.040192503
    isCookedKeytime: true
  }
  keytimes {
    datatype: AE_FLOAT_DATA
    timeOffset: 2.5832999
    inttype: AE_INTERP_LINEAR
    fvalue1: 0.068572462
    isCookedKeytime: true
  }
  keytimes {
    datatype: AE_FLOAT_DATA
    timeOffset: 2.5999599
    inttype: AE_INTERP_LINEAR
    fvalue1: 0.10901897
    isCookedKeytime: true
  }
  keytimes {
    datatype: AE_FLOAT_DATA
    timeOffset: 2.6166198
    inttype: AE_INTERP_LINEAR
    fvalue1: 0.16603789
    isCookedKeytime: true
  }
  keytimes {
    datatype: AE_FLOAT_DATA
    timeOffset: 2.6332798
    inttype: AE_INTERP_LINEAR
    fvalue1: 0.24626675
    isCookedKeytime: true
  }
  keytimes {
    datatype: AE_FLOAT_DATA
    timeOffset: 2.6499398
    inttype: AE_INTERP_LINEAR
    fvalue1: 0.35729641
    isCookedKeytime: true
  }
  keytimes {
    datatype: AE_FLOAT_DATA
    timeOffset: 2.6832597
    inttype: AE_INTERP_LINEAR
    fvalue1: 0.63768274
    isCookedKeytime: true
  }
  keytimes {
    datatype: AE_FLOAT_DATA
    timeOffset: 2.6999197
    inttype: AE_INTERP_LINEAR
    fvalue1: 0.75000906
    isCookedKeytime: true
  }
  keytimes {
    datatype: AE_FLOAT_DATA
    timeOffset: 2.7165797
    inttype: AE_INTERP_LINEAR
    fvalue1: 0.83130926
    isCookedKeytime: true
  }
  keytimes {
    datatype: AE_FLOAT_DATA
    timeOffset: 2.7332397
    inttype: AE_INTERP_LINEAR
    fvalue1: 0.88909686
    isCookedKeytime: true
  }
  keytimes {
    datatype: AE_FLOAT_DATA
    timeOffset: 2.7498996
    inttype: AE_INTERP_LINEAR
    fvalue1: 0.93009496
    isCookedKeytime: true
  }
  keytimes {
    datatype: AE_FLOAT_DATA
    timeOffset: 2.7665596
    inttype: AE_INTERP_LINEAR
    fvalue1: 0.95888329
    isCookedKeytime: true
  }
  keytimes {
    datatype: AE_FLOAT_DATA
    timeOffset: 2.7832196
    inttype: AE_INTERP_LINEAR
    fvalue1: 0.97849572
    isCookedKeytime: true
  }
  keytimes {
    datatype: AE_FLOAT_DATA
    timeOffset: 2.7998796
    inttype: AE_INTERP_LINEAR
    fvalue1: 0.99099
    isCookedKeytime: true
  }
  keytimes {
    datatype: AE_FLOAT_DATA
    timeOffset: 2.8165395
    inttype: AE_INTERP_LINEAR
    fvalue1: 0.99780893
    isCookedKeytime: true
  }
  keytimes {
    datatype: AE_FLOAT_DATA
    timeOffset: 2.8333333
    inttype: AE_INTERP_LINEAR
    fvalue1: 1
  }
  keytimes {
    datatype: AE_FLOAT_DATA
    timeOffset: 3.5
    inttype: AE_INTERP_LINEAR
    fvalue1: 1
  }
  keytimes {
    datatype: AE_FLOAT_DATA
    timeOffset: 3.51666
    inttype: AE_INTERP_LINEAR
    fvalue1: 0.99797583
    isCookedKeytime: true
  }
  keytimes {
    datatype: AE_FLOAT_DATA
    timeOffset: 3.53332
    inttype: AE_INTERP_LINEAR
    fvalue1: 0.99135572
    isCookedKeytime: true
  }
  keytimes {
    datatype: AE_FLOAT_DATA
    timeOffset: 3.54998
    inttype: AE_INTERP_LINEAR
    fvalue1: 0.9791075
    isCookedKeytime: true
  }
  keytimes {
    datatype: AE_FLOAT_DATA
    timeOffset: 3.56664
    inttype: AE_INTERP_LINEAR
    fvalue1: 0.95980752
    isCookedKeytime: true
  }
  keytimes {
    datatype: AE_FLOAT_DATA
    timeOffset: 3.5832999
    inttype: AE_INTERP_LINEAR
    fvalue1: 0.93142754
    isCookedKeytime: true
  }
  keytimes {
    datatype: AE_FLOAT_DATA
    timeOffset: 3.5999599
    inttype: AE_INTERP_LINEAR
    fvalue1: 0.89098108
    isCookedKeytime: true
  }
  keytimes {
    datatype: AE_FLOAT_DATA
    timeOffset: 3.6166198
    inttype: AE_INTERP_LINEAR
    fvalue1: 0.83396208
    isCookedKeytime: true
  }
  keytimes {
    datatype: AE_FLOAT_DATA
    timeOffset: 3.6332798
    inttype: AE_INTERP_LINEAR
    fvalue1: 0.75373322
    isCookedKeytime: true
  }
  keytimes {
    datatype: AE_FLOAT_DATA
    timeOffset: 3.6499398
    inttype: AE_INTERP_LINEAR
    fvalue1: 0.64270353
    isCookedKeytime: true
  }
  keytimes {
    datatype: AE_FLOAT_DATA
    timeOffset: 3.6832597
    inttype: AE_INTERP_LINEAR
    fvalue1: 0.36231726
    isCookedKeytime: true
  }
  keytimes {
    datatype: AE_FLOAT_DATA
    timeOffset: 3.6999197
    inttype: AE_INTERP_LINEAR
    fvalue1: 0.24999093
    isCookedKeytime: true
  }
  keytimes {
    datatype: AE_FLOAT_DATA
    timeOffset: 3.7165797
    inttype: AE_INTERP_LINEAR
    fvalue1: 0.16869073
    isCookedKeytime: true
  }
  keytimes {
    datatype: AE_FLOAT_DATA
    timeOffset: 3.7332397
    inttype: AE_INTERP_LINEAR
    fvalue1: 0.1109032
    isCookedKeytime: true
  }
  keytimes {
    datatype: AE_FLOAT_DATA
    timeOffset: 3.7498996
    inttype: AE_INTERP_LINEAR
    fvalue1: 0.069904983
    isCookedKeytime: true
  }
  keytimes {
    datatype: AE_FLOAT_DATA
    timeOffset: 3.7665596
    inttype: AE_INTERP_LINEAR
    fvalue1: 0.041116726
    isCookedKeytime: true
  }
  keytimes {
    datatype: AE_FLOAT_DATA
    timeOffset: 3.7832196
    inttype: AE_INTERP_LINEAR
    fvalue1: 0.021504324
    isCookedKeytime: true
  }
  keytimes {
    datatype: AE_FLOAT_DATA
    timeOffset: 3.7998796
    inttype: AE_INTERP_LINEAR
    fvalue1: 0.0090099853
    isCookedKeytime: true
  }
  keytimes {
    datatype: AE_FLOAT_DATA
    timeOffset: 3.8165395
    inttype: AE_INTERP_LINEAR
    fvalue1: 0.0021910509
    isCookedKeytime: true
  }
  keytimes {
    datatype: AE_FLOAT_DATA
    timeOffset: 3.8333333
    inttype: AE_INTERP_LINEAR
    fvalue1: 0
  }
  trackName: "Opacity"
}
tracks {
  binding: IS_VISIBLE
  targetid: 690014594
  targetname: "Btn-MiniGuide-Close"
  keytimes {
    datatype: AE_INT_DATA
    timeOffset: 0
    inttype: AE_INTERP_HOLD
    ivalue1: 1
  }
}
markers {
  starttime: 2.5
  duration: 0.33333334
  name: "ShowGuide"
  tracksSelection {
    targetid: 690014592
    binding: POSITION
  }
  tracksSelection {
    targetid: 690014592
    binding: OPACITY
  }
  tracksSelection {
    targetid: 690014593
    binding: POSITION
  }
  tracksSelection {
    targetid: 690014593
    binding: OPACITY
  }
  alltracks: false
  looping: false
}
markers {
  starttime: 3.5
  duration: 0.33333334
  name: "HideGuide"
  tracksSelection {
    targetid: 690014592
    binding: POSITION
  }
  tracksSelection {
    targetid: 690014592
    binding: OPACITY
  }
  tracksSelection {
    targetid: 690014593
    binding: POSITION
  }
  tracksSelection {
    targetid: 690014593
    binding: OPACITY
  }
  alltracks: false
  looping: false
}
