tracks {
  binding: IS_VISIBLE
  targetid: 445
  targetname: "Btn-Cap_2.png"
  keytimes {
    datatype: AE_INT_DATA
    timeOffset: 0
    inttype: AE_INTERP_HOLD
    ivalue1: 1
  }
}
tracks {
  binding: OPACITY
  targetid: 445
  targetname: "Btn-Cap_2.png"
  keytimes {
    datatype: AE_FLOAT_DATA
    timeOffset: 0
    inttype: AE_INTERP_LINEAR
    fvalue1: 0.6
  }
  keytimes {
    datatype: AE_FLOAT_DATA
    timeOffset: 1.001001
    inttype: AE_INTERP_LINEAR
    fvalue1: 0.6
  }
  keytimes {
    datatype: AE_FLOAT_DATA
    timeOffset: 1.017661
    inttype: AE_INTERP_LINEAR
    fvalue1: 0.60359019
    isCookedKeytime: true
  }
  keytimes {
    datatype: AE_FLOAT_DATA
    timeOffset: 1.034321
    inttype: AE_INTERP_LINEAR
    fvalue1: 0.6181314
    isCookedKeytime: true
  }
  keytimes {
    datatype: AE_FLOAT_DATA
    timeOffset: 1.0509809
    inttype: AE_INTERP_LINEAR
    fvalue1: 0.6549232
    isCookedKeytime: true
  }
  keytimes {
    datatype: AE_FLOAT_DATA
    timeOffset: 1.0843009
    inttype: AE_INTERP_LINEAR
    fvalue1: 0.7992481
    isCookedKeytime: true
  }
  keytimes {
    datatype: AE_FLOAT_DATA
    timeOffset: 1.1009609
    inttype: AE_INTERP_LINEAR
    fvalue1: 0.84910929
    isCookedKeytime: true
  }
  keytimes {
    datatype: AE_FLOAT_DATA
    timeOffset: 1.1176208
    inttype: AE_INTERP_LINEAR
    fvalue1: 0.88426238
    isCookedKeytime: true
  }
  keytimes {
    datatype: AE_FLOAT_DATA
    timeOffset: 1.1342808
    inttype: AE_INTERP_LINEAR
    fvalue1: 0.91044962
    isCookedKeytime: true
  }
  keytimes {
    datatype: AE_FLOAT_DATA
    timeOffset: 1.1509408
    inttype: AE_INTERP_LINEAR
    fvalue1: 0.93068743
    isCookedKeytime: true
  }
  keytimes {
    datatype: AE_FLOAT_DATA
    timeOffset: 1.1676008
    inttype: AE_INTERP_LINEAR
    fvalue1: 0.94667917
    isCookedKeytime: true
  }
  keytimes {
    datatype: AE_FLOAT_DATA
    timeOffset: 1.1842607
    inttype: AE_INTERP_LINEAR
    fvalue1: 0.95947206
    isCookedKeytime: true
  }
  keytimes {
    datatype: AE_FLOAT_DATA
    timeOffset: 1.2009207
    inttype: AE_INTERP_LINEAR
    fvalue1: 0.96975636
    isCookedKeytime: true
  }
  keytimes {
    datatype: AE_FLOAT_DATA
    timeOffset: 1.2175807
    inttype: AE_INTERP_LINEAR
    fvalue1: 0.97801208
    isCookedKeytime: true
  }
  keytimes {
    datatype: AE_FLOAT_DATA
    timeOffset: 1.2342407
    inttype: AE_INTERP_LINEAR
    fvalue1: 0.98458695
    isCookedKeytime: true
  }
  keytimes {
    datatype: AE_FLOAT_DATA
    timeOffset: 1.2509006
    inttype: AE_INTERP_LINEAR
    fvalue1: 0.9897421
    isCookedKeytime: true
  }
  keytimes {
    datatype: AE_FLOAT_DATA
    timeOffset: 1.2675606
    inttype: AE_INTERP_LINEAR
    fvalue1: 0.99367905
    isCookedKeytime: true
  }
  keytimes {
    datatype: AE_FLOAT_DATA
    timeOffset: 1.2842206
    inttype: AE_INTERP_LINEAR
    fvalue1: 0.99655646
    isCookedKeytime: true
  }
  keytimes {
    datatype: AE_FLOAT_DATA
    timeOffset: 1.3008806
    inttype: AE_INTERP_LINEAR
    fvalue1: 0.99850225
    isCookedKeytime: true
  }
  keytimes {
    datatype: AE_FLOAT_DATA
    timeOffset: 1.3175405
    inttype: AE_INTERP_LINEAR
    fvalue1: 0.99962091
    isCookedKeytime: true
  }
  keytimes {
    datatype: AE_FLOAT_DATA
    timeOffset: 1.334668
    inttype: AE_INTERP_LINEAR
    fvalue1: 1
  }
  trackName: "Opacity"
}
tracks {
  binding: SCALE
  targetid: 445
  targetname: "Btn-Cap_2.png"
  keytimes {
    datatype: AE_FLOAT_VECTOR_DATA
    timeOffset: 0
    inttype: AE_INTERP_LINEAR
    fvalue1: 0.8
    fvalue2: 0.8
    fvalue3: 1
  }
  keytimes {
    datatype: AE_FLOAT_VECTOR_DATA
    timeOffset: 1.001001
    inttype: AE_INTERP_LINEAR
    fvalue1: 0.8
    fvalue2: 0.8
    fvalue3: 1
  }
  keytimes {
    datatype: AE_FLOAT_VECTOR_DATA
    timeOffset: 1.017661
    inttype: AE_INTERP_LINEAR
    fvalue1: 0.80017161
    fvalue2: 0.80017161
    fvalue3: 1
    isCookedKeytime: true
  }
  keytimes {
    datatype: AE_FLOAT_VECTOR_DATA
    timeOffset: 1.034321
    inttype: AE_INTERP_LINEAR
    fvalue1: 0.80071139
    fvalue2: 0.80071139
    fvalue3: 1
    isCookedKeytime: true
  }
  keytimes {
    datatype: AE_FLOAT_VECTOR_DATA
    timeOffset: 1.0509809
    inttype: AE_INTERP_LINEAR
    fvalue1: 0.80166239
    fvalue2: 0.80166239
    fvalue3: 1
    isCookedKeytime: true
  }
  keytimes {
    datatype: AE_FLOAT_VECTOR_DATA
    timeOffset: 1.0676409
    inttype: AE_INTERP_LINEAR
    fvalue1: 0.80307633
    fvalue2: 0.80307633
    fvalue3: 1
    isCookedKeytime: true
  }
  keytimes {
    datatype: AE_FLOAT_VECTOR_DATA
    timeOffset: 1.0843009
    inttype: AE_INTERP_LINEAR
    fvalue1: 0.80501646
    fvalue2: 0.80501646
    fvalue3: 1
    isCookedKeytime: true
  }
  keytimes {
    datatype: AE_FLOAT_VECTOR_DATA
    timeOffset: 1.1009609
    inttype: AE_INTERP_LINEAR
    fvalue1: 0.80756134
    fvalue2: 0.80756134
    fvalue3: 1
    isCookedKeytime: true
  }
  keytimes {
    datatype: AE_FLOAT_VECTOR_DATA
    timeOffset: 1.1176208
    inttype: AE_INTERP_LINEAR
    fvalue1: 0.81081039
    fvalue2: 0.81081039
    fvalue3: 1
    isCookedKeytime: true
  }
  keytimes {
    datatype: AE_FLOAT_VECTOR_DATA
    timeOffset: 1.1342808
    inttype: AE_INTERP_LINEAR
    fvalue1: 0.81489241
    fvalue2: 0.81489241
    fvalue3: 1
    isCookedKeytime: true
  }
  keytimes {
    datatype: AE_FLOAT_VECTOR_DATA
    timeOffset: 1.1509408
    inttype: AE_INTERP_LINEAR
    fvalue1: 0.81997871
    fvalue2: 0.81997871
    fvalue3: 1
    isCookedKeytime: true
  }
  keytimes {
    datatype: AE_FLOAT_VECTOR_DATA
    timeOffset: 1.1676008
    inttype: AE_INTERP_LINEAR
    fvalue1: 0.82630515
    fvalue2: 0.82630515
    fvalue3: 1
    isCookedKeytime: true
  }
  keytimes {
    datatype: AE_FLOAT_VECTOR_DATA
    timeOffset: 1.1842607
    inttype: AE_INTERP_LINEAR
    fvalue1: 0.83421028
    fvalue2: 0.83421028
    fvalue3: 1
    isCookedKeytime: true
  }
  keytimes {
    datatype: AE_FLOAT_VECTOR_DATA
    timeOffset: 1.2009207
    inttype: AE_INTERP_LINEAR
    fvalue1: 0.84420615
    fvalue2: 0.84420615
    fvalue3: 1
    isCookedKeytime: true
  }
  keytimes {
    datatype: AE_FLOAT_VECTOR_DATA
    timeOffset: 1.2175807
    inttype: AE_INTERP_LINEAR
    fvalue1: 0.85712224
    fvalue2: 0.85712224
    fvalue3: 1
    isCookedKeytime: true
  }
  keytimes {
    datatype: AE_FLOAT_VECTOR_DATA
    timeOffset: 1.2342407
    inttype: AE_INTERP_LINEAR
    fvalue1: 0.87442118
    fvalue2: 0.87442118
    fvalue3: 1
    isCookedKeytime: true
  }
  keytimes {
    datatype: AE_FLOAT_VECTOR_DATA
    timeOffset: 1.2509006
    inttype: AE_INTERP_LINEAR
    fvalue1: 0.89888334
    fvalue2: 0.89888334
    fvalue3: 1
    isCookedKeytime: true
  }
  keytimes {
    datatype: AE_FLOAT_VECTOR_DATA
    timeOffset: 1.2842206
    inttype: AE_INTERP_LINEAR
    fvalue1: 0.97115248
    fvalue2: 0.97115248
    fvalue3: 1
    isCookedKeytime: true
  }
  keytimes {
    datatype: AE_FLOAT_VECTOR_DATA
    timeOffset: 1.3008806
    inttype: AE_INTERP_LINEAR
    fvalue1: 0.99034631
    fvalue2: 0.99034631
    fvalue3: 1
    isCookedKeytime: true
  }
  keytimes {
    datatype: AE_FLOAT_VECTOR_DATA
    timeOffset: 1.3175405
    inttype: AE_INTERP_LINEAR
    fvalue1: 0.99799979
    fvalue2: 0.99799979
    fvalue3: 1
    isCookedKeytime: true
  }
  keytimes {
    datatype: AE_FLOAT_VECTOR_DATA
    timeOffset: 1.334668
    inttype: AE_INTERP_LINEAR
    fvalue1: 1
    fvalue2: 1
    fvalue3: 1
  }
  trackName: "Scale"
}
tracks {
  binding: IS_VISIBLE
  targetid: 446
  targetname: "Btn-X_2.png"
  keytimes {
    datatype: AE_INT_DATA
    timeOffset: 0
    inttype: AE_INTERP_HOLD
    ivalue1: 1
  }
}
tracks {
  binding: OPACITY
  targetid: 446
  targetname: "Btn-X_2.png"
  keytimes {
    datatype: AE_FLOAT_DATA
    timeOffset: 0
    inttype: AE_INTERP_LINEAR
    fvalue1: 0.6
  }
  keytimes {
    datatype: AE_FLOAT_DATA
    timeOffset: 1.001001
    inttype: AE_INTERP_LINEAR
    fvalue1: 0.6
  }
  keytimes {
    datatype: AE_FLOAT_DATA
    timeOffset: 1.017661
    inttype: AE_INTERP_LINEAR
    fvalue1: 0.60034317
    isCookedKeytime: true
  }
  keytimes {
    datatype: AE_FLOAT_DATA
    timeOffset: 1.034321
    inttype: AE_INTERP_LINEAR
    fvalue1: 0.60142279
    isCookedKeytime: true
  }
  keytimes {
    datatype: AE_FLOAT_DATA
    timeOffset: 1.0509809
    inttype: AE_INTERP_LINEAR
    fvalue1: 0.60332477
    isCookedKeytime: true
  }
  keytimes {
    datatype: AE_FLOAT_DATA
    timeOffset: 1.0676409
    inttype: AE_INTERP_LINEAR
    fvalue1: 0.60615271
    isCookedKeytime: true
  }
  keytimes {
    datatype: AE_FLOAT_DATA
    timeOffset: 1.0843009
    inttype: AE_INTERP_LINEAR
    fvalue1: 0.610033
    isCookedKeytime: true
  }
  keytimes {
    datatype: AE_FLOAT_DATA
    timeOffset: 1.1009609
    inttype: AE_INTERP_LINEAR
    fvalue1: 0.61512274
    isCookedKeytime: true
  }
  keytimes {
    datatype: AE_FLOAT_DATA
    timeOffset: 1.1176208
    inttype: AE_INTERP_LINEAR
    fvalue1: 0.62162083
    isCookedKeytime: true
  }
  keytimes {
    datatype: AE_FLOAT_DATA
    timeOffset: 1.1342808
    inttype: AE_INTERP_LINEAR
    fvalue1: 0.62978482
    isCookedKeytime: true
  }
  keytimes {
    datatype: AE_FLOAT_DATA
    timeOffset: 1.1509408
    inttype: AE_INTERP_LINEAR
    fvalue1: 0.63995737
    isCookedKeytime: true
  }
  keytimes {
    datatype: AE_FLOAT_DATA
    timeOffset: 1.1676008
    inttype: AE_INTERP_LINEAR
    fvalue1: 0.6526103
    isCookedKeytime: true
  }
  keytimes {
    datatype: AE_FLOAT_DATA
    timeOffset: 1.1842607
    inttype: AE_INTERP_LINEAR
    fvalue1: 0.66842055
    isCookedKeytime: true
  }
  keytimes {
    datatype: AE_FLOAT_DATA
    timeOffset: 1.2009207
    inttype: AE_INTERP_LINEAR
    fvalue1: 0.68841231
    isCookedKeytime: true
  }
  keytimes {
    datatype: AE_FLOAT_DATA
    timeOffset: 1.2175807
    inttype: AE_INTERP_LINEAR
    fvalue1: 0.71424454
    isCookedKeytime: true
  }
  keytimes {
    datatype: AE_FLOAT_DATA
    timeOffset: 1.2342407
    inttype: AE_INTERP_LINEAR
    fvalue1: 0.7488423
    isCookedKeytime: true
  }
  keytimes {
    datatype: AE_FLOAT_DATA
    timeOffset: 1.2509006
    inttype: AE_INTERP_LINEAR
    fvalue1: 0.7977668
    isCookedKeytime: true
  }
  keytimes {
    datatype: AE_FLOAT_DATA
    timeOffset: 1.2842206
    inttype: AE_INTERP_LINEAR
    fvalue1: 0.94230497
    isCookedKeytime: true
  }
  keytimes {
    datatype: AE_FLOAT_DATA
    timeOffset: 1.3008806
    inttype: AE_INTERP_LINEAR
    fvalue1: 0.98069251
    isCookedKeytime: true
  }
  keytimes {
    datatype: AE_FLOAT_DATA
    timeOffset: 1.3175405
    inttype: AE_INTERP_LINEAR
    fvalue1: 0.99599957
    isCookedKeytime: true
  }
  keytimes {
    datatype: AE_FLOAT_DATA
    timeOffset: 1.334668
    inttype: AE_INTERP_LINEAR
    fvalue1: 1
  }
  trackName: "Opacity"
}
tracks {
  binding: SCALE
  targetid: 446
  targetname: "Btn-X_2.png"
  keytimes {
    datatype: AE_FLOAT_VECTOR_DATA
    timeOffset: 0
    inttype: AE_INTERP_LINEAR
    fvalue1: 0.8
    fvalue2: 0.8
    fvalue3: 1
  }
  keytimes {
    datatype: AE_FLOAT_VECTOR_DATA
    timeOffset: 1.001001
    inttype: AE_INTERP_LINEAR
    fvalue1: 0.8
    fvalue2: 0.8
    fvalue3: 1
  }
  keytimes {
    datatype: AE_FLOAT_VECTOR_DATA
    timeOffset: 1.017661
    inttype: AE_INTERP_LINEAR
    fvalue1: 0.80017161
    fvalue2: 0.80017161
    fvalue3: 1
    isCookedKeytime: true
  }
  keytimes {
    datatype: AE_FLOAT_VECTOR_DATA
    timeOffset: 1.034321
    inttype: AE_INTERP_LINEAR
    fvalue1: 0.80071139
    fvalue2: 0.80071139
    fvalue3: 1
    isCookedKeytime: true
  }
  keytimes {
    datatype: AE_FLOAT_VECTOR_DATA
    timeOffset: 1.0509809
    inttype: AE_INTERP_LINEAR
    fvalue1: 0.80166239
    fvalue2: 0.80166239
    fvalue3: 1
    isCookedKeytime: true
  }
  keytimes {
    datatype: AE_FLOAT_VECTOR_DATA
    timeOffset: 1.0676409
    inttype: AE_INTERP_LINEAR
    fvalue1: 0.80307633
    fvalue2: 0.80307633
    fvalue3: 1
    isCookedKeytime: true
  }
  keytimes {
    datatype: AE_FLOAT_VECTOR_DATA
    timeOffset: 1.0843009
    inttype: AE_INTERP_LINEAR
    fvalue1: 0.80501646
    fvalue2: 0.80501646
    fvalue3: 1
    isCookedKeytime: true
  }
  keytimes {
    datatype: AE_FLOAT_VECTOR_DATA
    timeOffset: 1.1009609
    inttype: AE_INTERP_LINEAR
    fvalue1: 0.80756134
    fvalue2: 0.80756134
    fvalue3: 1
    isCookedKeytime: true
  }
  keytimes {
    datatype: AE_FLOAT_VECTOR_DATA
    timeOffset: 1.1176208
    inttype: AE_INTERP_LINEAR
    fvalue1: 0.81081039
    fvalue2: 0.81081039
    fvalue3: 1
    isCookedKeytime: true
  }
  keytimes {
    datatype: AE_FLOAT_VECTOR_DATA
    timeOffset: 1.1342808
    inttype: AE_INTERP_LINEAR
    fvalue1: 0.81489241
    fvalue2: 0.81489241
    fvalue3: 1
    isCookedKeytime: true
  }
  keytimes {
    datatype: AE_FLOAT_VECTOR_DATA
    timeOffset: 1.1509408
    inttype: AE_INTERP_LINEAR
    fvalue1: 0.81997871
    fvalue2: 0.81997871
    fvalue3: 1
    isCookedKeytime: true
  }
  keytimes {
    datatype: AE_FLOAT_VECTOR_DATA
    timeOffset: 1.1676008
    inttype: AE_INTERP_LINEAR
    fvalue1: 0.82630515
    fvalue2: 0.82630515
    fvalue3: 1
    isCookedKeytime: true
  }
  keytimes {
    datatype: AE_FLOAT_VECTOR_DATA
    timeOffset: 1.1842607
    inttype: AE_INTERP_LINEAR
    fvalue1: 0.83421028
    fvalue2: 0.83421028
    fvalue3: 1
    isCookedKeytime: true
  }
  keytimes {
    datatype: AE_FLOAT_VECTOR_DATA
    timeOffset: 1.2009207
    inttype: AE_INTERP_LINEAR
    fvalue1: 0.84420615
    fvalue2: 0.84420615
    fvalue3: 1
    isCookedKeytime: true
  }
  keytimes {
    datatype: AE_FLOAT_VECTOR_DATA
    timeOffset: 1.2175807
    inttype: AE_INTERP_LINEAR
    fvalue1: 0.85712224
    fvalue2: 0.85712224
    fvalue3: 1
    isCookedKeytime: true
  }
  keytimes {
    datatype: AE_FLOAT_VECTOR_DATA
    timeOffset: 1.2342407
    inttype: AE_INTERP_LINEAR
    fvalue1: 0.87442118
    fvalue2: 0.87442118
    fvalue3: 1
    isCookedKeytime: true
  }
  keytimes {
    datatype: AE_FLOAT_VECTOR_DATA
    timeOffset: 1.2509006
    inttype: AE_INTERP_LINEAR
    fvalue1: 0.89888334
    fvalue2: 0.89888334
    fvalue3: 1
    isCookedKeytime: true
  }
  keytimes {
    datatype: AE_FLOAT_VECTOR_DATA
    timeOffset: 1.2842206
    inttype: AE_INTERP_LINEAR
    fvalue1: 0.97115248
    fvalue2: 0.97115248
    fvalue3: 1
    isCookedKeytime: true
  }
  keytimes {
    datatype: AE_FLOAT_VECTOR_DATA
    timeOffset: 1.3008806
    inttype: AE_INTERP_LINEAR
    fvalue1: 0.99034631
    fvalue2: 0.99034631
    fvalue3: 1
    isCookedKeytime: true
  }
  keytimes {
    datatype: AE_FLOAT_VECTOR_DATA
    timeOffset: 1.3175405
    inttype: AE_INTERP_LINEAR
    fvalue1: 0.99799979
    fvalue2: 0.99799979
    fvalue3: 1
    isCookedKeytime: true
  }
  keytimes {
    datatype: AE_FLOAT_VECTOR_DATA
    timeOffset: 1.334668
    inttype: AE_INTERP_LINEAR
    fvalue1: 1
    fvalue2: 1
    fvalue3: 1
  }
  trackName: "Scale"
}
tracks {
  binding: IS_VISIBLE
  targetid: 447
  targetname: "Null 2"
  keytimes {
    datatype: AE_INT_DATA
    timeOffset: 0
    inttype: AE_INTERP_HOLD
    ivalue1: 1
  }
}
tracks {
  binding: SCALE
  targetid: 447
  targetname: "Null 2"
  keytimes {
    datatype: AE_FLOAT_VECTOR_DATA
    timeOffset: 0
    inttype: AE_INTERP_LINEAR
    fvalue1: 1
    fvalue2: 1
    fvalue3: 1
  }
  keytimes {
    datatype: AE_FLOAT_VECTOR_DATA
    timeOffset: 2.002002
    inttype: AE_INTERP_LINEAR
    fvalue1: 1
    fvalue2: 1
    fvalue3: 1
  }
  keytimes {
    datatype: AE_FLOAT_VECTOR_DATA
    timeOffset: 2.018662
    inttype: AE_INTERP_LINEAR
    fvalue1: 0.99546713
    fvalue2: 0.99546713
    fvalue3: 1
    isCookedKeytime: true
  }
  keytimes {
    datatype: AE_FLOAT_VECTOR_DATA
    timeOffset: 2.035322
    inttype: AE_INTERP_LINEAR
    fvalue1: 0.96824431
    fvalue2: 0.96824431
    fvalue3: 1
    isCookedKeytime: true
  }
  keytimes {
    datatype: AE_FLOAT_VECTOR_DATA
    timeOffset: 2.0519819
    inttype: AE_INTERP_LINEAR
    fvalue1: 0.93772268
    fvalue2: 0.93772268
    fvalue3: 1
    isCookedKeytime: true
  }
  keytimes {
    datatype: AE_FLOAT_VECTOR_DATA
    timeOffset: 2.0686419
    inttype: AE_INTERP_LINEAR
    fvalue1: 0.9223876
    fvalue2: 0.9223876
    fvalue3: 1
    isCookedKeytime: true
  }
  keytimes {
    datatype: AE_FLOAT_VECTOR_DATA
    timeOffset: 2.0853019
    inttype: AE_INTERP_LINEAR
    fvalue1: 0.91333026
    fvalue2: 0.91333026
    fvalue3: 1
    isCookedKeytime: true
  }
  keytimes {
    datatype: AE_FLOAT_VECTOR_DATA
    timeOffset: 2.1019619
    inttype: AE_INTERP_LINEAR
    fvalue1: 0.90756088
    fvalue2: 0.90756088
    fvalue3: 1
    isCookedKeytime: true
  }
  keytimes {
    datatype: AE_FLOAT_VECTOR_DATA
    timeOffset: 2.1186218
    inttype: AE_INTERP_LINEAR
    fvalue1: 0.90385324
    fvalue2: 0.90385324
    fvalue3: 1
    isCookedKeytime: true
  }
  keytimes {
    datatype: AE_FLOAT_VECTOR_DATA
    timeOffset: 2.1352818
    inttype: AE_INTERP_LINEAR
    fvalue1: 0.90158027
    fvalue2: 0.90158027
    fvalue3: 1
    isCookedKeytime: true
  }
  keytimes {
    datatype: AE_FLOAT_VECTOR_DATA
    timeOffset: 2.1519418
    inttype: AE_INTERP_LINEAR
    fvalue1: 0.90037447
    fvalue2: 0.90037447
    fvalue3: 1
    isCookedKeytime: true
  }
  keytimes {
    datatype: AE_FLOAT_VECTOR_DATA
    timeOffset: 2.1688354
    inttype: AE_INTERP_LINEAR
    fvalue1: 0.9
    fvalue2: 0.9
    fvalue3: 1
  }
  trackName: "Scale"
}
markers {
  starttime: 1.001001
  duration: 0.333667
  name: "FocusIn"
  tracksSelection {
    targetid: 445
    binding: OPACITY
  }
  tracksSelection {
    targetid: 445
    binding: SCALE
  }
  tracksSelection {
    targetid: 446
    binding: OPACITY
  }
  tracksSelection {
    targetid: 446
    binding: SCALE
  }
  alltracks: false
  id: 21
  looping: false
}
markers {
  starttime: 2.002002
  duration: 0.16683351
  name: "Press"
  tracksSelection {
    targetid: 447
    binding: SCALE
  }
  alltracks: false
  id: 18
  looping: false
}
