activecomp {
  name: "Auryn_Live-Video"
  width: 1920
  height: 1080
  defaultcameradistance: 2666.6667
  layer {
    name: "VideoSurface"
    id: 1546
    sourceid: 2006
    transform {
      anchorPoint {
        x: 960
        y: 540
        z: 0
      }
      scale {
        x: 1
        y: 1
        z: 1
      }
      position {
        x: 960
        y: 540
        z: 0
      }
      orientation {
        x: 0
        y: 0
        z: 0
      }
      rotationX: 0
      rotationY: 0
      rotationZ: 0
      opacity: 1
    }
    acceptsshadows: true
    acceptslights: true
    castsshadows: false
  }
  layer {
    name: "Live-Player-Controls"
    id: 1547
    sourceid: 1512
    transform {
      anchorPoint {
        x: 960
        y: 540
        z: 0
      }
      scale {
        x: 1
        y: 1
        z: 1
      }
      position {
        x: 960
        y: 540
        z: 0
      }
      orientation {
        x: 0
        y: 0
        z: 0
      }
      rotationX: 0
      rotationY: 0
      rotationZ: 0
      opacity: 1
    }
    acceptsshadows: true
    acceptslights: true
    castsshadows: false
  }
  layer {
    name: "ActivityIndicator"
    id: 1548
    sourceid: 250
    transform {
      anchorPoint {
        x: 960
        y: 540
        z: 0
      }
      scale {
        x: 1
        y: 1
        z: 1
      }
      position {
        x: 960
        y: 540
        z: 0
      }
      orientation {
        x: 0
        y: 0
        z: 0
      }
      rotationX: 0
      rotationY: 0
      rotationZ: 0
      opacity: 1
    }
    acceptsshadows: true
    acceptslights: true
    castsshadows: false
  }
  classname: "CYIPushButtonView"
  bgcolor {
    alpha: 1
    red: 0.086274509803921567
    green: 0.11372549019607843
    blue: 0.14509803921568629
  }
  properties {
    key: "componentSubtype"
    value: "push"
  }
  properties {
    key: "componentType"
    value: "button"
  }
  childtemplates: "Auryn_VideoSurface"
  childtemplates: "Auryn_Live-Player-Controls"
  childtemplates: "Auryn_ActivityIndicator"
}
sources {
  uid: 2006
  srctype: AE_COMP_SRC
  name: "Auryn_VideoSurface.layout"
  width: 1920
  height: 1080
  copy_source: true
}
sources {
  uid: 1512
  srctype: AE_COMP_SRC
  name: "Auryn_Live-Player-Controls.layout"
  width: 1920
  height: 1080
  copy_source: true
}
sources {
  uid: 250
  srctype: AE_COMP_SRC
  name: "Auryn_ActivityIndicator.layout"
  width: 1920
  height: 1080
  copy_source: true
}
