activecomp {
  name: "Auryn_Button-UpNext-Alternate"
  width: 398
  height: 228
  defaultcameradistance: 552.77777
  layer {
    name: "Focus"
    id: 994
    sourceid: -1
    transform {
      anchorPoint {
        x: 0
        y: 0
        z: 0
      }
      scale {
        x: 1
        y: 1
        z: 1
      }
      position {
        x: 0
        y: 0
        z: 0
      }
      orientation {
        x: 0
        y: 0
        z: 0
      }
      rotationX: 0
      rotationY: 0
      rotationZ: 0
      opacity: 0
    }
    acceptsshadows: true
    acceptslights: true
    castsshadows: false
    parentid: 995
    shapeLayer {
      name: "Root Group"
      child {
        type: AE_SHAPE_TYPE_GROUP
        shapeGroup {
          name: "Stroke"
          anchorPoint {
            x: 0
            y: 0
          }
          position {
            x: 0
            y: 0
          }
          scale {
            x: 100
            y: 100
          }
          skew {
            x: 0
            y: 0
          }
          rotation: 0
          opacity: 100
          child {
            type: AE_SHAPE_TYPE_RECT
            rect {
              name: "Rectangle Path 1"
              position {
                x: 0
                y: 0
              }
              size {
                x: 390
                y: 219
              }
              roundness: 0
              winding: AE_WINDING_ORDER_FORWARD
            }
            subid: 1
          }
          child {
            type: AE_SHAPE_TYPE_STROKE
            stroke {
              name: "Stroke 1"
              color {
                alpha: 1
                red: 0.92549020051956177
                green: 0.10980392247438431
                blue: 0.14117647707462311
              }
              opacity: 100
              strokeWidth: 8
              lineCap: AE_LINE_CAP_BUTT
              lineJoin: AE_LINE_JOIN_MITER
              compositeOrder: AE_COMPOSITE_ORDER_BELOW
              miterLimit: 4
            }
            subid: 2
          }
        }
        subid: 3
      }
    }
  }
  layer {
    name: "Scale-Ctrl"
    id: 995
    sourceid: 1491
    transform {
      anchorPoint {
        x: 0
        y: 0
        z: 0
      }
      scale {
        x: 1
        y: 1
        z: 1
      }
      position {
        x: 199
        y: 114
        z: 0
      }
      orientation {
        x: 0
        y: 0
        z: 0
      }
      rotationX: 0
      rotationY: 0
      rotationZ: 0
      opacity: 1
    }
    acceptsshadows: true
    acceptslights: true
    castsshadows: false
  }
  layer {
    name: "Img"
    id: 996
    sourceid: 1294
    transform {
      anchorPoint {
        x: 780
        y: 438
        z: 0
      }
      scale {
        x: 0.25
        y: 0.25
        z: 1
      }
      position {
        x: 0
        y: 0
        z: 0
      }
      orientation {
        x: 0
        y: 0
        z: 0
      }
      rotationX: 0
      rotationY: 0
      rotationZ: 0
      opacity: 1
    }
    acceptsshadows: true
    acceptslights: true
    castsshadows: false
    parentid: 995
  }
  layer {
    name: "Gradient"
    id: 997
    sourceid: -1
    transform {
      anchorPoint {
        x: 0
        y: 0
        z: 0
      }
      scale {
        x: 1
        y: 1
        z: 1
      }
      position {
        x: 0
        y: 14.5
        z: 0
      }
      orientation {
        x: 0
        y: 0
        z: 0
      }
      rotationX: 0
      rotationY: 0
      rotationZ: 0
      opacity: 1
    }
    acceptsshadows: true
    acceptslights: true
    castsshadows: false
    parentid: 995
    shapeLayer {
      name: "Root Group"
      child {
        type: AE_SHAPE_TYPE_GROUP
        shapeGroup {
          name: "Gradient"
          anchorPoint {
            x: 0
            y: 0
          }
          position {
            x: 0
            y: 0
          }
          scale {
            x: 100
            y: 100
          }
          skew {
            x: 0
            y: 0
          }
          rotation: 0
          opacity: 100
          child {
            type: AE_SHAPE_TYPE_RECT
            rect {
              name: "Rectangle Path 1"
              position {
                x: 0
                y: 0
              }
              size {
                x: 390
                y: 190
              }
              roundness: 0
              winding: AE_WINDING_ORDER_FORWARD
            }
            subid: 1
          }
          child {
            type: AE_SHAPE_TYPE_GRADIENT_FILL
            fill {
              name: "Gradient Fill 1"
              opacity: 100
              fillRule: AE_FILL_RULE_NON_ZERO_WINDING
              compositeOrder: AE_COMPOSITE_ORDER_BELOW
            }
            gradient {
              type: AE_GRADIENT_TYPE_LINEAR
              startPoint {
                x: 0
                y: -95
              }
              endPoint {
                x: 0
                y: 95
              }
              color {
                alphaStops {
                  location: 0
                  midpoint: 0.5
                  opacity: 0
                }
                alphaStops {
                  location: 1
                  midpoint: 0.5
                  opacity: 1
                }
                colorStops {
                  location: 0
                  midpoint: 0.5
                  color {
                    alpha: 1
                    red: 0
                    green: 0
                    blue: 0
                  }
                }
                colorStops {
                  location: 1
                  midpoint: 0.5
                  color {
                    alpha: 1
                    red: 0
                    green: 0
                    blue: 0
                  }
                }
              }
            }
            subid: 2
          }
        }
        subid: 3
      }
    }
  }
  layer {
    name: "Title"
    id: 998
    sourceid: -1
    transform {
      anchorPoint {
        x: 0
        y: 14.7998
        z: 0
      }
      scale {
        x: 1
        y: 1
        z: 1
      }
      position {
        x: 14
        y: 204.63342
        z: 0
      }
      orientation {
        x: 0
        y: 0
        z: 0
      }
      rotationX: 0
      rotationY: 0
      rotationZ: 0
      opacity: 1
    }
    acceptsshadows: true
    acceptslights: true
    castsshadows: false
    textinfo {
      justification: AE_TEXT_LEFT
      fontSize: 20
      fontColor {
        alpha: 1
        red: 0.94510000944137573
        green: 0.94510000944137573
        blue: 0.94510000944137573
      }
      fontName: "Montserrat-Bold"
      isPointText: false
      boundsWidth: 246
      boundsHeight: 31
      isLabel: true
      text: "I\'ll Deal with Him Later"
      multiline: true
      isAllCaps: false
    }
  }
  layer {
    name: "Duration"
    id: 999
    sourceid: -1
    transform {
      anchorPoint {
        x: 0
        y: 0
        z: 0
      }
      scale {
        x: 1
        y: 1
        z: 1
      }
      position {
        x: 338
        y: 35.545776
        z: 0
      }
      orientation {
        x: 0
        y: 0
        z: 0
      }
      rotationX: 0
      rotationY: 0
      rotationZ: 0
      opacity: 0.7
    }
    acceptsshadows: true
    acceptslights: true
    castsshadows: false
    textinfo {
      justification: AE_TEXT_LEFT
      fontSize: 20
      fontColor {
        alpha: 1
        red: 0.94510000944137573
        green: 0.94510000944137573
        blue: 0.94510000944137573
      }
      fontName: "Montserrat-Bold"
      isPointText: true
      isLabel: true
      text: "39m"
      multiline: false
      isAllCaps: false
    }
  }
  classname: "CYIPushButtonView"
  bgcolor {
    alpha: 1
    red: 1
    green: 1
    blue: 1
  }
  properties {
    key: "2D6A9425-7795-4E35-9E4F-B97217435703"
    value: ""
  }
  properties {
    key: "componentSubtype"
    value: "push"
  }
  properties {
    key: "componentType"
    value: "button"
  }
  childtemplates: "Auryn_Image-UpNext-Alternate"
}
sources {
  uid: 1491
  srctype: AE_NULL_SRC
  width: 100
  height: 100
  copy_source: false
}
sources {
  uid: 1294
  srctype: AE_COMP_SRC
  name: "Auryn_Image-UpNext-Alternate.layout"
  width: 1560
  height: 876
  copy_source: true
}
sources {
  uid: 3
  srctype: AE_FONT_SRC
  name: "Montserrat-Bold"
  copy_source: true
  file_name: "yi_Montserrat-Bold.otf"
  style_name: "Bold"
}
