activecomp {
  name: "Auryn_Player-Scrubber-Container"
  width: 1920
  height: 44
  defaultcameradistance: 2666.6667
  layer {
    name: "Duration"
    id: 690014625
    sourceid: -1
    transform {
      anchorPoint {
        x: 84
        y: 50
        z: 0
      }
      scale {
        x: 1
        y: 1
        z: 1
      }
      position {
        x: 1753
        y: 320.36017
        z: 0
      }
      orientation {
        x: 0
        y: 0
        z: 0
      }
      rotationX: 0
      rotationY: 0
      rotationZ: 0
      opacity: 0
    }
    acceptsshadows: true
    acceptslights: true
    castsshadows: false
    textinfo {
      justification: AE_TEXT_CENTER
      fontSize: 36
      fontColor {
        alpha: 1
        red: 1
        green: 1
        blue: 1
      }
      fontName: "Raleway-Bold"
      isPointText: false
      boundsWidth: 224
      boundsHeight: 52
      isLabel: true
      text: ""
      multiline: true
      ellipsis: true
      isAllCaps: true
    }
    properties {
      key: "text-overflow"
      value: "ellipsis"
    }
    properties {
      key: "text-placeholder"
      value: "true"
    }
  }
  layer {
    name: "Bar"
    id: 690014626
    sourceid: 1813
    transform {
      anchorPoint {
        x: 795
        y: 30
        z: 0
      }
      scale {
        x: 1
        y: 1
        z: 1
      }
      position {
        x: 885
        y: 286
        z: 0
      }
      orientation {
        x: 0
        y: 0
        z: 0
      }
      rotationX: 0
      rotationY: 0
      rotationZ: 0
      opacity: 0
    }
    acceptsshadows: true
    acceptslights: true
    castsshadows: false
  }
  bgcolor {
    alpha: 1
    red: 0.086274509803921567
    green: 0.11372549019607843
    blue: 0.14509803921568629
  }
  childtemplates: "Auryn_Player-Scrubber"
}
sources {
  uid: 1
  srctype: AE_FONT_SRC
  name: "Raleway-Bold"
  copy_source: true
  file_name: "yi_Raleway-Bold.otf"
  style_name: "Bold"
}
sources {
  uid: 1813
  srctype: AE_COMP_SRC
  name: "Auryn_Player-Scrubber.layout"
  width: 1590
  height: 60
  copy_source: true
}
