activecomp {
  name: "Auryn_Nav"
  width: 1080
  height: 1920
  defaultcameradistance: 1500
  layer {
    name: "Backdrop-Gradient-Large.png"
    id: 1673
    sourceid: 690015178
    transform {
      anchorPoint {
        x: 263.5
        y: 0.5
        z: 0
      }
      scale {
        x: 2.049336
        y: 187
        z: 1
      }
      position {
        x: 540
        y: 2026.5
        z: 0
      }
      orientation {
        x: 0
        y: 0
        z: 0
      }
      rotationX: 0
      rotationY: 0
      rotationZ: 0
      opacity: 1
    }
    acceptsshadows: true
    acceptslights: true
    castsshadows: false
    properties {
      key: "item-gravity"
      value: "bottom"
    }
  }
  layer {
    name: "Black Solid 15"
    id: 1674
    sourceid: 690017101
    transform {
      anchorPoint {
        x: 540
        y: 93.5
        z: 0
      }
      scale {
        x: 1
        y: 1
        z: 1
      }
      position {
        x: 540
        y: 2026.5
        z: 0
      }
      orientation {
        x: 0
        y: 0
        z: 0
      }
      rotationX: 0
      rotationY: 0
      rotationZ: 0
      opacity: 0.1
    }
    acceptsshadows: true
    acceptslights: true
    castsshadows: false
    properties {
      key: "item-gravity"
      value: "bottom"
    }
  }
  layer {
    name: "Btn-Nav-Profile"
    id: 1675
    sourceid: 672
    transform {
      anchorPoint {
        x: 30
        y: 30
        z: 0
      }
      scale {
        x: 1.5
        y: 1.5
        z: 1
      }
      position {
        x: 979.9682
        y: -0.21424198
        z: 0
      }
      orientation {
        x: 0
        y: 0
        z: 0
      }
      rotationX: 0
      rotationY: 0
      rotationZ: 0
      opacity: 0
    }
    acceptsshadows: true
    acceptslights: true
    castsshadows: false
    properties {
      key: "item-gravity"
      value: "top-right"
    }
    properties {
      key: "margin-right"
      value: "56"
    }
    properties {
      key: "margin-top"
      value: "20"
    }
  }
  layer {
    name: "Btn-Nav-Search"
    id: 1676
    sourceid: 724
    transform {
      anchorPoint {
        x: 30
        y: 30
        z: 0
      }
      scale {
        x: 1.5
        y: 1.5
        z: 1
      }
      position {
        x: 853.69519
        y: -2.7221932
        z: 0
      }
      orientation {
        x: 0
        y: 0
        z: 0
      }
      rotationX: 0
      rotationY: 0
      rotationZ: 0
      opacity: 0
    }
    acceptsshadows: true
    acceptslights: true
    castsshadows: false
    properties {
      key: "margin-right"
      value: "168"
    }
    properties {
      key: "item-gravity"
      value: "top-right"
    }
    properties {
      key: "margin-top"
      value: "20"
    }
  }
  layer {
    name: "Nav-List"
    id: 1677
    sourceid: 690014353
    transform {
      anchorPoint {
        x: 501
        y: 93.5
        z: 0
      }
      scale {
        x: 1
        y: 1
        z: 1
      }
      position {
        x: 540
        y: 1903.5
        z: 0
      }
      orientation {
        x: 0
        y: 0
        z: 0
      }
      rotationX: 0
      rotationY: 0
      rotationZ: 0
      opacity: 0
    }
    acceptsshadows: true
    acceptslights: true
    castsshadows: false
    properties {
      key: "item-gravity"
      value: "bottom"
    }
  }
  layer {
    name: "Nav-Logo"
    id: 1678
    sourceid: 1701
    transform {
      anchorPoint {
        x: 0
        y: 0
        z: 0
      }
      scale {
        x: 0.6
        y: 0.6
        z: 1
      }
      position {
        x: 78.785759
        y: -33.21423
        z: 0
      }
      orientation {
        x: 0
        y: 0
        z: 0
      }
      rotationX: 0
      rotationY: 0
      rotationZ: 0
      opacity: 0
    }
    acceptsshadows: true
    acceptslights: true
    castsshadows: false
    properties {
      key: "margin-top"
      value: "20"
    }
    properties {
      key: "margin-left"
      value: "82"
    }
  }
  bgcolor {
    alpha: 1
    red: 0.086274509803921567
    green: 0.11372549019607843
    blue: 0.14509803921568629
  }
  properties {
    key: "clip"
    value: "true"
  }
  properties {
    key: "scale-mode"
    value: "fit"
  }
  properties {
    key: "layout"
    value: "CYIStackLayout"
  }
  properties {
    key: "padding-top"
    value: "76"
  }
  childtemplates: "Auryn_Btn-Nav-Profile"
  childtemplates: "Auryn_Btn-Nav-Search"
  childtemplates: "Auryn_Nav-List"
  childtemplates: "Auryn_Nav-Logo"
}
sources {
  uid: 690015178
  srctype: AE_IMAGE_SRC
  name: "Backdrop-Gradient-Large.png"
  width: 527
  height: 1
  numberOfFrames: 1
  fps: 0
  loops: 1
  copy_source: true
}
sources {
  uid: 690017101
  srctype: AE_SOLID_SRC
  color {
    alpha: 1
    red: 0
    green: 0
    blue: 0
  }
  width: 1080
  height: 187
  copy_source: false
}
sources {
  uid: 672
  srctype: AE_COMP_SRC
  name: "Auryn_Btn-Nav-Profile.layout"
  width: 60
  height: 60
  copy_source: true
}
sources {
  uid: 724
  srctype: AE_COMP_SRC
  name: "Auryn_Btn-Nav-Search.layout"
  width: 60
  height: 60
  copy_source: true
}
sources {
  uid: 690014353
  srctype: AE_COMP_SRC
  name: "Auryn_Nav-List.layout"
  width: 1002
  height: 187
  copy_source: true
}
sources {
  uid: 1701
  srctype: AE_COMP_SRC
  name: "Auryn_Nav-Logo.layout"
  width: 178
  height: 160
  copy_source: true
}
