activecomp {
  name: "Auryn_Btn-Poster-Small"
  width: 980
  height: 600
  defaultcameradistance: 1361.1111
  layer {
    name: "Background"
    id: 869
    sourceid: 2420
    transform {
      anchorPoint {
        x: 200
        y: 300
        z: 0
      }
      scale {
        x: 1
        y: 1
        z: 1
      }
      position {
        x: 200
        y: 300
        z: 0
      }
      orientation {
        x: 0
        y: 0
        z: 0
      }
      rotationX: 0
      rotationY: 0
      rotationZ: 0
      opacity: 1
    }
    acceptsshadows: true
    acceptslights: true
    castsshadows: false
    properties {
      key: "layoutable"
      value: "false"
    }
    properties {
      key: "item-gravity"
      value: "bottom-left"
    }
  }
  layer {
    name: "Image-Dynamic"
    id: 870
    sourceid: 1222
    transform {
      anchorPoint {
        x: 200
        y: 600
        z: 0
      }
      scale {
        x: 1
        y: 1
        z: 1
      }
      position {
        x: 200
        y: 600
        z: 0
      }
      orientation {
        x: 0
        y: 0
        z: 0
      }
      rotationX: 0
      rotationY: 0
      rotationZ: 0
      opacity: 1
    }
    acceptsshadows: true
    acceptslights: true
    castsshadows: false
    properties {
      key: "layoutable"
      value: "false"
    }
    properties {
      key: "item-gravity"
      value: "bottom-left"
    }
  }
  layer {
    name: "Gradient-Bottom_2.png"
    id: 871
    sourceid: 91
    transform {
      anchorPoint {
        x: 0.5
        y: 250
        z: 0
      }
      scale {
        x: 400
        y: 1
        z: 1
      }
      position {
        x: 200
        y: 351
        z: 0
      }
      orientation {
        x: 0
        y: 0
        z: 0
      }
      rotationX: 0
      rotationY: 0
      rotationZ: 0
      opacity: 1
    }
    acceptsshadows: true
    acceptslights: true
    castsshadows: false
    properties {
      key: "layoutable"
      value: "false"
    }
    properties {
      key: "item-gravity"
      value: "bottom-left"
    }
  }
  layer {
    name: "Text-Details"
    id: 872
    sourceid: -1
    transform {
      anchorPoint {
        x: 248.5
        y: 4.5
        z: 0
      }
      scale {
        x: 1
        y: 1
        z: 1
      }
      position {
        x: 726.092
        y: 186.5
        z: 0
      }
      orientation {
        x: 0
        y: 0
        z: 0
      }
      rotationX: 0
      rotationY: 0
      rotationZ: 0
      opacity: 1
    }
    acceptsshadows: true
    acceptslights: true
    castsshadows: false
    textinfo {
      justification: AE_TEXT_LEFT
      fontSize: 30
      fontColor {
        alpha: 1
        red: 1
        green: 1
        blue: 1
      }
      fontName: "Raleway-Medium"
      isPointText: false
      boundsWidth: 452
      boundsHeight: 376
      isLabel: true
      text: ""
      multiline: true
      ellipsis: true
      isAllCaps: false
    }
    properties {
      key: "text-placeholder"
      value: "true"
    }
    properties {
      key: "text-overflow"
      value: "ellipsis"
    }
    properties {
      key: "margin-left"
      value: "450"
    }
  }
  layer {
    name: "Text-Title"
    id: 873
    sourceid: -1
    transform {
      anchorPoint {
        x: 248.5
        y: 72.5
        z: 0
      }
      scale {
        x: 1
        y: 1
        z: 1
      }
      position {
        x: 726.02
        y: 184.5
        z: 0
      }
      orientation {
        x: 0
        y: 0
        z: 0
      }
      rotationX: 0
      rotationY: 0
      rotationZ: 0
      opacity: 1
    }
    acceptsshadows: true
    acceptslights: true
    castsshadows: false
    textinfo {
      justification: AE_TEXT_LEFT
      fontSize: 45
      fontColor {
        alpha: 1
        red: 1
        green: 1
        blue: 1
      }
      fontName: "Raleway-Bold"
      isPointText: false
      boundsWidth: 452
      boundsHeight: 122
      isLabel: true
      text: ""
      multiline: true
      ellipsis: true
      isAllCaps: false
    }
    properties {
      key: "text-placeholder"
      value: "true"
    }
    properties {
      key: "text-overflow"
      value: "ellipsis"
    }
    properties {
      key: "margin-top"
      value: "20"
    }
    properties {
      key: "margin-left"
      value: "450"
    }
  }
  classname: "CYIPushButtonView"
  bgcolor {
    alpha: 1
    red: 0.086274509803921567
    green: 0.11372549019607843
    blue: 0.14509803921568629
  }
  properties {
    key: "componentSubtype"
    value: "push"
  }
  properties {
    key: "componentType"
    value: "button"
  }
  properties {
    key: "clip"
    value: "true"
  }
  properties {
    key: "padding-bottom"
    value: "30"
  }
  properties {
    key: "spacing"
    value: "20"
  }
  properties {
    key: "layout"
    value: "CYIColumnLayout"
  }
  properties {
    key: "padding-left"
    value: "50"
  }
  childtemplates: "Auryn_Image-Dynamic-2x3"
}
sources {
  uid: 2420
  srctype: AE_SOLID_SRC
  color {
    alpha: 1
    red: 0
    green: 0
    blue: 0
  }
  width: 400
  height: 600
  copy_source: false
}
sources {
  uid: 1222
  srctype: AE_COMP_SRC
  name: "Auryn_Image-Dynamic-2x3.layout"
  width: 400
  height: 600
  copy_source: true
}
sources {
  uid: 91
  srctype: AE_IMAGE_SRC
  name: "Gradient-Bottom_2.png"
  width: 1
  height: 500
  numberOfFrames: 1
  fps: 0
  loops: 1
  copy_source: true
}
sources {
  uid: 4
  srctype: AE_FONT_SRC
  name: "Raleway-Medium"
  copy_source: true
  file_name: "yi_Raleway-Medium.otf"
  style_name: "Medium"
}
sources {
  uid: 5
  srctype: AE_FONT_SRC
  name: "Raleway-Bold"
  copy_source: true
  file_name: "yi_Raleway-Bold.otf"
  style_name: "Bold"
}
