activecomp {
  name: "Auryn_Min-Track"
  width: 1590
  height: 12
  defaultcameradistance: 2208.3333
  layer {
    name: "Magenta-Red Solid 4"
    id: 1649
    sourceid: 2463
    transform {
      anchorPoint {
        x: 795
        y: 6
        z: 0
      }
      scale {
        x: 1
        y: 1
        z: 1
      }
      position {
        x: 795
        y: 6
        z: 0
      }
      orientation {
        x: 0
        y: 0
        z: 0
      }
      rotationX: 0
      rotationY: 0
      rotationZ: 0
      opacity: 1
    }
    acceptsshadows: true
    acceptslights: true
    castsshadows: false
  }
  bgcolor {
    alpha: 1
    red: 0.086274509803921567
    green: 0.11372549019607843
    blue: 0.14509803921568629
  }
}
sources {
  uid: 2463
  srctype: AE_SOLID_SRC
  color {
    alpha: 1
    red: 0.91286766529083252
    green: 0.032904054969549179
    blue: 0.33563414216041565
  }
  width: 1590
  height: 12
  copy_source: false
}
