activecomp {
  name: "Auryn_Btn-Search"
  width: 200
  height: 74
  defaultcameradistance: 277.77777
  layer {
    name: "Red Solid 20"
    id: 973
    sourceid: 2508
    transform {
      anchorPoint {
        x: 100
        y: 37
        z: 0
      }
      scale {
        x: 1
        y: 1
        z: 1
      }
      position {
        x: 100
        y: 37
        z: 0
      }
      orientation {
        x: 0
        y: 0
        z: 0
      }
      rotationX: 0
      rotationY: 0
      rotationZ: 0
      opacity: 0
    }
    acceptsshadows: true
    acceptslights: true
    castsshadows: false
  }
  layer {
    name: "Deep Royal Blue Solid 12"
    id: 974
    sourceid: 2448
    transform {
      anchorPoint {
        x: 97
        y: 33
        z: 0
      }
      scale {
        x: 0.98
        y: 0.94
        z: 1
      }
      position {
        x: 100
        y: 37
        z: 0
      }
      orientation {
        x: 0
        y: 0
        z: 0
      }
      rotationX: 0
      rotationY: 0
      rotationZ: 0
      opacity: 1
    }
    acceptsshadows: true
    acceptslights: true
    castsshadows: false
  }
  layer {
    name: "Dark Royal Blue Solid 4"
    id: 975
    sourceid: 2439
    transform {
      anchorPoint {
        x: 97
        y: 33
        z: 0
      }
      scale {
        x: 0.98
        y: 0.94
        z: 1
      }
      position {
        x: 100
        y: 37
        z: 0
      }
      orientation {
        x: 0
        y: 0
        z: 0
      }
      rotationX: 0
      rotationY: 0
      rotationZ: 0
      opacity: 0
    }
    acceptsshadows: true
    acceptslights: true
    castsshadows: false
  }
  layer {
    name: "SEARCH"
    id: 976
    sourceid: -1
    transform {
      anchorPoint {
        x: 100
        y: 21.5
        z: 0
      }
      scale {
        x: 1
        y: 1
        z: 1
      }
      position {
        x: 100.78397
        y: 47.972118
        z: 0
      }
      orientation {
        x: 0
        y: 0
        z: 0
      }
      rotationX: 0
      rotationY: 0
      rotationZ: 0
      opacity: 1
    }
    acceptsshadows: true
    acceptslights: true
    castsshadows: false
    textinfo {
      justification: AE_TEXT_CENTER
      fontSize: 28
      fontColor {
        alpha: 1
        red: 1
        green: 1
        blue: 1
      }
      fontName: "Montserrat-Medium"
      isPointText: false
      boundsWidth: 200
      boundsHeight: 33
      isLabel: true
      text: "SEARCH"
      multiline: true
      isAllCaps: false
    }
  }
  classname: "CYIPushButtonView"
  bgcolor {
    alpha: 1
    red: 0.086274509803921567
    green: 0.11372549019607843
    blue: 0.14509803921568629
  }
  properties {
    key: "componentSubtype"
    value: "push"
  }
  properties {
    key: "componentType"
    value: "button"
  }
}
sources {
  uid: 2508
  srctype: AE_SOLID_SRC
  color {
    alpha: 1
    red: 0.90588235855102539
    green: 0.20000000298023224
    blue: 0.23529411852359772
  }
  width: 200
  height: 74
  copy_source: false
}
sources {
  uid: 2448
  srctype: AE_SOLID_SRC
  color {
    alpha: 1
    red: 0.058823529630899429
    green: 0.20784313976764679
    blue: 0.43921568989753723
  }
  width: 194
  height: 66
  copy_source: false
}
sources {
  uid: 2439
  srctype: AE_SOLID_SRC
  color {
    alpha: 1
    red: 0.11764705926179886
    green: 0.18431372940540314
    blue: 0.21176470816135406
  }
  width: 194
  height: 66
  copy_source: false
}
sources {
  uid: 4
  srctype: AE_FONT_SRC
  name: "Montserrat-Medium"
  copy_source: true
  file_name: "yi_Montserrat-Medium.otf"
  style_name: "Medium"
}
