activecomp {
  name: "Auryn_Container-Btn-Nav-List"
  width: 234
  height: 140
  defaultcameradistance: 325
  layer {
    name: "Btn-Nav-List"
    id: 690014414
    sourceid: 690014383
    transform {
      anchorPoint {
        x: 112.5
        y: 70
        z: 0
      }
      scale {
        x: 1
        y: 1
        z: 1
      }
      position {
        x: 117
        y: 70
        z: 0
      }
      orientation {
        x: 0
        y: 0
        z: 0
      }
      rotationX: 0
      rotationY: 0
      rotationZ: 0
      opacity: 1
    }
    acceptsshadows: true
    acceptslights: true
    castsshadows: false
  }
  bgcolor {
    alpha: 1
    red: 0
    green: 0
    blue: 0
  }
  childtemplates: "Auryn_Btn-Nav-List"
}
sources {
  uid: 690014383
  srctype: AE_COMP_SRC
  name: "Auryn_Btn-Nav-List.layout"
  width: 225
  height: 140
  copy_source: true
}
