activecomp {
  name: "Auryn_Search"
  width: 1080
  height: 1920
  defaultcameradistance: 1500
  layer {
    name: "List-Movies"
    id: 1860
    sourceid: 1371
    transform {
      anchorPoint {
        x: 540
        y: 220.5
        z: 0
      }
      scale {
        x: 1.78
        y: 1.78
        z: 1
      }
      position {
        x: 961.08887
        y: 690.44446
        z: 0
      }
      orientation {
        x: 0
        y: 0
        z: 0
      }
      rotationX: 0
      rotationY: 0
      rotationZ: 0
      opacity: 0
    }
    acceptsshadows: true
    acceptslights: true
    castsshadows: false
    parentid: 1866
  }
  layer {
    name: "Popular Movies"
    id: 1861
    sourceid: -1
    transform {
      anchorPoint {
        x: 440
        y: 60
        z: 0
      }
      scale {
        x: 1
        y: 1
        z: 1
      }
      position {
        x: 524.81891
        y: 181.11133
        z: 0
      }
      orientation {
        x: 0
        y: 0
        z: 0
      }
      rotationX: 0
      rotationY: 0
      rotationZ: 0
      opacity: 0
    }
    acceptsshadows: true
    acceptslights: true
    castsshadows: false
    textinfo {
      justification: AE_TEXT_LEFT
      fontSize: 80
      fontColor {
        alpha: 1
        red: 1
        green: 1
        blue: 1
      }
      fontName: "Raleway-Bold"
      isPointText: false
      boundsWidth: 880
      boundsHeight: 68
      isLabel: true
      text: "Popular Movies"
      multiline: true
      isAllCaps: false
    }
    parentid: 1866
  }
  layer {
    name: "List-PDP"
    id: 1862
    sourceid: 1371
    transform {
      anchorPoint {
        x: 540
        y: 220.5
        z: 0
      }
      scale {
        x: 1.78
        y: 1.78
        z: 1
      }
      position {
        x: 961.08887
        y: -411.77777
        z: 0
      }
      orientation {
        x: 0
        y: 0
        z: 0
      }
      rotationX: 0
      rotationY: 0
      rotationZ: 0
      opacity: 0
    }
    acceptsshadows: true
    acceptslights: true
    castsshadows: false
    parentid: 1866
  }
  layer {
    name: "Popular Shows 2"
    id: 1863
    sourceid: -1
    transform {
      anchorPoint {
        x: 440
        y: 60
        z: 0
      }
      scale {
        x: 1
        y: 1
        z: 1
      }
      position {
        x: 524.21387
        y: -848.53009
        z: 0
      }
      orientation {
        x: 0
        y: 0
        z: 0
      }
      rotationX: 0
      rotationY: 0
      rotationZ: 0
      opacity: 0
    }
    acceptsshadows: true
    acceptslights: true
    castsshadows: false
    textinfo {
      justification: AE_TEXT_LEFT
      fontSize: 80
      fontColor {
        alpha: 1
        red: 1
        green: 1
        blue: 1
      }
      fontName: "Raleway-Bold"
      isPointText: false
      boundsWidth: 880
      boundsHeight: 68
      isLabel: true
      text: "Popular Shows"
      multiline: true
      isAllCaps: false
    }
    parentid: 1866
  }
  layer {
    name: "TextInput"
    id: 1864
    sourceid: 1920
    transform {
      anchorPoint {
        x: 430
        y: 70
        z: 0
      }
      scale {
        x: 1.78
        y: 1.78
        z: 1
      }
      position {
        x: 155.71111
        y: 337.93332
        z: 0
      }
      orientation {
        x: 0
        y: 0
        z: 0
      }
      rotationX: 0
      rotationY: 0
      rotationZ: 0
      opacity: 0
    }
    acceptsshadows: true
    acceptslights: true
    castsshadows: false
    parentid: 1867
    properties {
      key: "layoutable"
      value: "false"
    }
  }
  layer {
    name: "Btn-Back"
    id: 1865
    sourceid: 305
    transform {
      anchorPoint {
        x: 0
        y: 0
        z: 0
      }
      scale {
        x: 1
        y: 1
        z: 1
      }
      position {
        x: -136
        y: 19.975035
        z: 0
      }
      orientation {
        x: 0
        y: 0
        z: 0
      }
      rotationX: 0
      rotationY: 0
      rotationZ: 0
      opacity: 0
    }
    acceptsshadows: true
    acceptslights: true
    castsshadows: false
    parentid: 1864
    properties {
      key: "layoutable"
      value: "false"
    }
  }
  layer {
    name: "ScaleWidthPropLeftAnchor"
    id: 1866
    sourceid: 2419
    transform {
      anchorPoint {
        x: 0
        y: 50
        z: 0
      }
      scale {
        x: 0.5625
        y: 0.5625
        z: 1
      }
      position {
        x: 0
        y: 960
        z: 0
      }
      orientation {
        x: 0
        y: 0
        z: 0
      }
      rotationX: 0
      rotationY: 0
      rotationZ: 0
      opacity: 1
    }
    acceptsshadows: true
    acceptslights: true
    castsshadows: false
  }
  layer {
    name: "ScaleWidthPropTopAnchor"
    id: 1867
    sourceid: 2419
    transform {
      anchorPoint {
        x: 50
        y: 0
        z: 0
      }
      scale {
        x: 0.5625
        y: 0.5625
        z: 1
      }
      position {
        x: 540
        y: 0
        z: 0
      }
      orientation {
        x: 0
        y: 0
        z: 0
      }
      rotationX: 0
      rotationY: 0
      rotationZ: 0
      opacity: 1
    }
    acceptsshadows: true
    acceptslights: true
    castsshadows: false
  }
  bgcolor {
    alpha: 1
    red: 0.086274509803921567
    green: 0.11372549019607843
    blue: 0.14509803921568629
  }
  properties {
    key: "gravity"
    value: "left"
  }
  properties {
    key: "rows"
    value: "2"
  }
  childtemplates: "Auryn_List-PDP"
  childtemplates: "Auryn_TextInput"
  childtemplates: "Auryn_Btn-Back"
}
sources {
  uid: 1371
  srctype: AE_COMP_SRC
  name: "Auryn_List-PDP.layout"
  width: 1080
  height: 441
  copy_source: true
}
sources {
  uid: 2
  srctype: AE_FONT_SRC
  name: "Raleway-Bold"
  copy_source: true
  file_name: "yi_Raleway-Bold.otf"
  style_name: "Bold"
}
sources {
  uid: 1920
  srctype: AE_COMP_SRC
  name: "Auryn_TextInput.layout"
  width: 860
  height: 140
  copy_source: true
}
sources {
  uid: 305
  srctype: AE_COMP_SRC
  name: "Auryn_Btn-Back.layout"
  width: 100
  height: 100
  copy_source: true
}
sources {
  uid: 2419
  srctype: AE_NULL_SRC
  width: 100
  height: 100
  copy_source: false
}
