activecomp {
  name: "Auryn_Splash"
  width: 1080
  height: 1920
  defaultcameradistance: 1500
  layer {
    name: "Slash-Handset.png"
    id: 1898
    sourceid: 372
    transform {
      anchorPoint {
        x: 540
        y: 960
        z: 0
      }
      scale {
        x: 1
        y: 1
        z: 1
      }
      position {
        x: 540
        y: 960
        z: 0
      }
      orientation {
        x: 0
        y: 0
        z: 0
      }
      rotationX: 0
      rotationY: 0
      rotationZ: 0
      opacity: 1
    }
    acceptsshadows: true
    acceptslights: true
    castsshadows: false
  }
  layer {
    name: "Hex-Large.png"
    id: 1899
    sourceid: 359
    transform {
      anchorPoint {
        x: 1230
        y: 1140
        z: 0
      }
      scale {
        x: 0.245
        y: 0.245
        z: 1
      }
      position {
        x: 48
        y: 53
        z: 0
      }
      orientation {
        x: 0
        y: 0
        z: 0
      }
      rotationX: 0
      rotationY: 0
      rotationZ: 0
      opacity: 1
    }
    acceptsshadows: true
    acceptslights: true
    castsshadows: false
    parentid: 1903
  }
  layer {
    name: "Logo-Youi-Large.png"
    id: 1900
    sourceid: 371
    transform {
      anchorPoint {
        x: 551.5
        y: 255
        z: 0
      }
      scale {
        x: 0.314
        y: 0.314
        z: 1
      }
      position {
        x: 48.5
        y: 49.999969
        z: 0
      }
      orientation {
        x: 0
        y: 0
        z: 0
      }
      rotationX: 0
      rotationY: 0
      rotationZ: 0
      opacity: 1
    }
    acceptsshadows: true
    acceptslights: true
    castsshadows: false
    parentid: 1903
  }
  layer {
    name: "Loader"
    id: 1901
    sourceid: 1599
    transform {
      anchorPoint {
        x: 50
        y: 50
        z: 0
      }
      scale {
        x: 1
        y: 1
        z: 1
      }
      position {
        x: 50
        y: 184
        z: 0
      }
      orientation {
        x: 0
        y: 0
        z: 0
      }
      rotationX: 0
      rotationY: 0
      rotationZ: 0
      opacity: 0
    }
    acceptsshadows: true
    acceptslights: true
    castsshadows: false
    parentid: 1902
  }
  layer {
    name: "ScalePropBottomAnchor"
    id: 1902
    sourceid: 1480
    transform {
      anchorPoint {
        x: 50
        y: 100
        z: 0
      }
      scale {
        x: 1
        y: 1
        z: 1
      }
      position {
        x: 540
        y: 1920
        z: 0
      }
      orientation {
        x: 0
        y: 0
        z: 0
      }
      rotationX: 0
      rotationY: 0
      rotationZ: 0
      opacity: 1
    }
    acceptsshadows: true
    acceptslights: true
    castsshadows: false
  }
  layer {
    name: "ScalePropCenterAnchor"
    id: 1903
    sourceid: 1480
    transform {
      anchorPoint {
        x: 50
        y: 50
        z: 0
      }
      scale {
        x: 1
        y: 1
        z: 1
      }
      position {
        x: 540
        y: 960
        z: 0
      }
      orientation {
        x: 0
        y: 0
        z: 0
      }
      rotationX: 0
      rotationY: 0
      rotationZ: 0
      opacity: 1
    }
    acceptsshadows: true
    acceptslights: true
    castsshadows: false
  }
  bgcolor {
    alpha: 1
    red: 0.086274509803921567
    green: 0.11372549019607843
    blue: 0.14509803921568629
  }
  childtemplates: "Auryn_Loader"
}
sources {
  uid: 372
  srctype: AE_IMAGE_SRC
  name: "Slash-Handset.png"
  width: 1080
  height: 1920
  numberOfFrames: 1
  fps: 0
  loops: 1
  copy_source: true
}
sources {
  uid: 359
  srctype: AE_IMAGE_SRC
  name: "Hex-Large.png"
  width: 2460
  height: 2280
  numberOfFrames: 1
  fps: 0
  loops: 1
  copy_source: true
}
sources {
  uid: 371
  srctype: AE_IMAGE_SRC
  name: "Logo-Youi-Large.png"
  width: 1103
  height: 510
  numberOfFrames: 1
  fps: 0
  loops: 1
  copy_source: true
}
sources {
  uid: 1599
  srctype: AE_COMP_SRC
  name: "Auryn_Loader.layout"
  width: 100
  height: 100
  copy_source: true
}
sources {
  uid: 1480
  srctype: AE_NULL_SRC
  width: 100
  height: 100
  copy_source: false
}
