activecomp {
  name: "Auryn_List-PDP-Contianer"
  width: 1080
  height: 550
  defaultcameradistance: 1500
  layer {
    name: "List-PDP"
    id: 1382
    sourceid: 1371
    transform {
      anchorPoint {
        x: 540
        y: 220.5
        z: 0
      }
      scale {
        x: 1
        y: 1
        z: 1
      }
      position {
        x: 540
        y: 300
        z: 0
      }
      orientation {
        x: 0
        y: 0
        z: 0
      }
      rotationX: 0
      rotationY: 0
      rotationZ: 0
      opacity: 0
    }
    acceptsshadows: true
    acceptslights: true
    castsshadows: false
  }
  layer {
    name: "Text-ListTitle"
    id: 1383
    sourceid: -1
    transform {
      anchorPoint {
        x: 248.5
        y: 40.5
        z: 0
      }
      scale {
        x: 0.901235
        y: 0.901235
        z: 1
      }
      position {
        x: 300.79297
        y: 40.500183
        z: 0
      }
      orientation {
        x: 0
        y: 0
        z: 0
      }
      rotationX: 0
      rotationY: 0
      rotationZ: 0
      opacity: 0
    }
    acceptsshadows: true
    acceptslights: true
    castsshadows: false
    textinfo {
      justification: AE_TEXT_LEFT
      fontSize: 42
      fontColor {
        alpha: 1
        red: 1
        green: 1
        blue: 1
      }
      fontName: "Montserrat-Bold"
      isPointText: false
      boundsWidth: 1367
      boundsHeight: 60
      isLabel: true
      text: "More Like This"
      multiline: true
      isAllCaps: true
    }
  }
  bgcolor {
    alpha: 1
    red: 0.086274509803921567
    green: 0.11372549019607843
    blue: 0.14509803921568629
  }
  properties {
    key: "horizontal-scroll"
    value: "false"
  }
  properties {
    key: "vertical-scroll"
    value: "true"
  }
  childtemplates: "Auryn_List-PDP"
}
sources {
  uid: 1371
  srctype: AE_COMP_SRC
  name: "Auryn_List-PDP.layout"
  width: 1080
  height: 441
  copy_source: true
}
sources {
  uid: 2
  srctype: AE_FONT_SRC
  name: "Montserrat-Bold"
  copy_source: true
  file_name: "yi_Montserrat-Bold.otf"
  style_name: "Bold"
}
