activecomp {
  name: "Auryn_Btn-Backdrop-Wide"
  width: 1080
  height: 606
  defaultcameradistance: 1500
  layer {
    name: "Black Solid 6"
    id: 690016328
    sourceid: 376
    transform {
      anchorPoint {
        x: 267
        y: 150
        z: 0
      }
      scale {
        x: 2.02
        y: 2.02
        z: 1
      }
      position {
        x: 540
        y: 303
        z: 0
      }
      orientation {
        x: 0
        y: 0
        z: 0
      }
      rotationX: 0
      rotationY: 0
      rotationZ: 0
      opacity: 1
    }
    acceptsshadows: true
    acceptslights: true
    castsshadows: false
  }
  layer {
    name: "Image-Dynamic"
    id: 690016329
    sourceid: 1258
    transform {
      anchorPoint {
        x: 261
        y: 144
        z: 0
      }
      scale {
        x: 2.1041667
        y: 2.1041667
        z: 1
      }
      position {
        x: 540
        y: 303
        z: 0
      }
      orientation {
        x: 0
        y: 0
        z: 0
      }
      rotationX: 0
      rotationY: 0
      rotationZ: 0
      opacity: 1
    }
    acceptsshadows: true
    acceptslights: true
    castsshadows: false
  }
  layer {
    name: "Gradient-Player_2.png"
    id: 690016330
    sourceid: 96
    transform {
      anchorPoint {
        x: 0.5
        y: 548
        z: 0
      }
      scale {
        x: 1080
        y: 0.35
        z: 1
      }
      position {
        x: 540
        y: 610
        z: 0
      }
      orientation {
        x: 0
        y: 0
        z: 0
      }
      rotationX: 0
      rotationY: 0
      rotationZ: 0
      opacity: 0.7
    }
    acceptsshadows: true
    acceptslights: true
    castsshadows: false
  }
  layer {
    name: "Text-Metadata"
    id: 690016331
    sourceid: -1
    transform {
      anchorPoint {
        x: 219.09024
        y: 26.639847
        z: 0
      }
      scale {
        x: 1
        y: 1
        z: 1
      }
      position {
        x: 296
        y: 548.63983
        z: 0
      }
      orientation {
        x: 0
        y: 0
        z: 0
      }
      rotationX: 0
      rotationY: 0
      rotationZ: 0
      opacity: 0.5
    }
    acceptsshadows: true
    acceptslights: true
    castsshadows: false
    textinfo {
      justification: AE_TEXT_LEFT
      fontSize: 34
      fontColor {
        alpha: 1
        red: 0.94510000944137573
        green: 0.94510000944137573
        blue: 0.94510000944137573
      }
      fontName: "Montserrat-SemiBold"
      isPointText: false
      boundsWidth: 438
      boundsHeight: 54
      isLabel: true
      text: ""
      multiline: true
      ellipsis: true
      isAllCaps: false
    }
    properties {
      key: "text-placeholder"
      value: "true"
    }
    properties {
      key: "text-overflow"
      value: "ellipsis"
    }
  }
  layer {
    name: "Text-Title"
    id: 690016332
    sourceid: -1
    transform {
      anchorPoint {
        x: 219.09024
        y: 26.639847
        z: 0
      }
      scale {
        x: 1
        y: 1
        z: 1
      }
      position {
        x: 296
        y: 494.63983
        z: 0
      }
      orientation {
        x: 0
        y: 0
        z: 0
      }
      rotationX: 0
      rotationY: 0
      rotationZ: 0
      opacity: 1
    }
    acceptsshadows: true
    acceptslights: true
    castsshadows: false
    textinfo {
      justification: AE_TEXT_LEFT
      fontSize: 36
      fontColor {
        alpha: 1
        red: 0.92548996210098267
        green: 0.92548996210098267
        blue: 0.92548996210098267
      }
      fontName: "Montserrat-Bold"
      isPointText: false
      boundsWidth: 438
      boundsHeight: 54
      isLabel: true
      text: ""
      multiline: true
      ellipsis: true
      isAllCaps: true
    }
    properties {
      key: "text-placeholder"
      value: "true"
    }
    properties {
      key: "text-overflow"
      value: "ellipsis"
    }
  }
  classname: "CYIPushButtonView"
  bgcolor {
    alpha: 1
    red: 0.086274509803921567
    green: 0.11372549019607843
    blue: 0.14509803921568629
  }
  properties {
    key: "componentSubtype"
    value: "push"
  }
  properties {
    key: "componentType"
    value: "button"
  }
  properties {
    key: "clip"
    value: "true"
  }
  childtemplates: "Auryn_Image-Dynamic-Half"
}
sources {
  uid: 376
  srctype: AE_SOLID_SRC
  color {
    alpha: 1
    red: 0
    green: 0
    blue: 0
  }
  width: 534
  height: 300
  copy_source: false
}
sources {
  uid: 1258
  srctype: AE_COMP_SRC
  name: "Auryn_Image-Dynamic-Half.layout"
  width: 522
  height: 288
  copy_source: true
}
sources {
  uid: 96
  srctype: AE_IMAGE_SRC
  name: "Gradient-Player_2.png"
  width: 1
  height: 548
  numberOfFrames: 1
  fps: 0
  loops: 1
  copy_source: true
}
sources {
  uid: 4
  srctype: AE_FONT_SRC
  name: "Montserrat-SemiBold"
  copy_source: true
  file_name: "yi_Montserrat-Semi Bold.otf"
  style_name: "Semi Bold"
}
sources {
  uid: 5
  srctype: AE_FONT_SRC
  name: "Montserrat-Bold"
  copy_source: true
  file_name: "yi_Montserrat-Bold.otf"
  style_name: "Bold"
}
