activecomp {
  name: "Auryn_Lander-Layout"
  width: 1080
  height: 1920
  defaultcameradistance: 1500
  layer {
    name: "Lander-Content"
    id: 690015806
    sourceid: 690015115
    transform {
      anchorPoint {
        x: 540
        y: 960
        z: 0
      }
      scale {
        x: 1
        y: 1
        z: 1
      }
      position {
        x: 540
        y: 960
        z: 0
      }
      orientation {
        x: 0
        y: 0
        z: 0
      }
      rotationX: 0
      rotationY: 0
      rotationZ: 0
      opacity: 1
    }
    acceptsshadows: true
    acceptslights: true
    castsshadows: false
    properties {
      key: "height"
      value: "fill-parent"
    }
  }
  bgcolor {
    alpha: 1
    red: 0.086274509803921567
    green: 0.11372549019607843
    blue: 0.14509803921568629
  }
  properties {
    key: "layout"
    value: "CYIScalingLayout"
  }
  properties {
    key: "scale-mode"
    value: "fit"
  }
  childtemplates: "Auryn_Lander-Content"
}
sources {
  uid: 690015115
  srctype: AE_COMP_SRC
  name: "Auryn_Lander-Content.layout"
  width: 1080
  height: 1920
  copy_source: true
}
