activecomp {
  name: "Auryn_Thumb"
  width: 48
  height: 48
  defaultcameradistance: 66.666664
  layer {
    name: "Player-Thumb_2.png"
    id: 1938
    sourceid: 123
    transform {
      anchorPoint {
        x: 24
        y: 24
        z: 0
      }
      scale {
        x: 1
        y: 1
        z: 1
      }
      position {
        x: 24
        y: 24
        z: 0
      }
      orientation {
        x: 0
        y: 0
        z: 0
      }
      rotationX: 0
      rotationY: 0
      rotationZ: 0
      opacity: 1
    }
    acceptsshadows: true
    acceptslights: true
    castsshadows: false
  }
  bgcolor {
    alpha: 1
    red: 0.086274509803921567
    green: 0.11372549019607843
    blue: 0.14509803921568629
  }
}
sources {
  uid: 123
  srctype: AE_IMAGE_SRC
  name: "Player-Thumb_2.png"
  width: 48
  height: 48
  numberOfFrames: 1
  fps: 0
  loops: 1
  copy_source: true
}
