activecomp {
  name: "Auryn_PDP"
  width: 1080
  height: 1920
  defaultcameradistance: 1500
  layer {
    name: "PDP-Content"
    id: 1728
    sourceid: 690015823
    transform {
      anchorPoint {
        x: 540
        y: 960
        z: 0
      }
      scale {
        x: 1
        y: 1
        z: 1
      }
      position {
        x: 540
        y: 960
        z: 0
      }
      orientation {
        x: 0
        y: 0
        z: 0
      }
      rotationX: 0
      rotationY: 0
      rotationZ: 0
      opacity: 0
    }
    acceptsshadows: true
    acceptslights: true
    castsshadows: false
    parentid: 1730
  }
  layer {
    name: "PDP_Ctrl"
    id: 1729
    sourceid: 690017041
    transform {
      anchorPoint {
        x: 0
        y: 0
        z: 0
      }
      scale {
        x: 1
        y: 1
        z: 1
      }
      position {
        x: 540
        y: 960
        z: 0
      }
      orientation {
        x: 0
        y: 0
        z: 0
      }
      rotationX: 0
      rotationY: 0
      rotationZ: 0
      opacity: 1
    }
    acceptsshadows: true
    acceptslights: true
    castsshadows: false
  }
  layer {
    name: "SizingAnchor"
    id: 1730
    sourceid: 1480
    transform {
      anchorPoint {
        x: 0
        y: 0
        z: 0
      }
      scale {
        x: 1
        y: 1
        z: 1
      }
      position {
        x: 0
        y: 0
        z: 0
      }
      orientation {
        x: 0
        y: 0
        z: 0
      }
      rotationX: 0
      rotationY: 0
      rotationZ: 0
      opacity: 1
    }
    acceptsshadows: true
    acceptslights: true
    castsshadows: false
  }
  bgcolor {
    alpha: 1
    red: 0.086274509803921567
    green: 0.11372549019607843
    blue: 0.14509803921568629
  }
  properties {
    key: "horizontal-scroll"
    value: "false"
  }
  properties {
    key: "vertical-scroll"
    value: "true"
  }
  properties {
    key: "vertical-overpull"
    value: "100"
  }
  properties {
    key: "clip"
    value: "false"
  }
  properties {
    key: "scale-mode"
    value: "fit"
  }
  childtemplates: "Auryn_PDP-Content"
}
sources {
  uid: 690015823
  srctype: AE_COMP_SRC
  name: "Auryn_PDP-Content.layout"
  width: 1080
  height: 1920
  copy_source: true
}
sources {
  uid: 690017041
  srctype: AE_NULL_SRC
  width: 100
  height: 100
  copy_source: false
}
sources {
  uid: 1480
  srctype: AE_NULL_SRC
  width: 100
  height: 100
  copy_source: false
}
