tracks {
  binding: IS_VISIBLE
  targetid: 1012
  targetname: "Dark Gray Solid 1"
  keytimes {
    datatype: AE_INT_DATA
    timeOffset: 0
    inttype: AE_INTERP_HOLD
    ivalue1: 1
  }
}
tracks {
  binding: IS_VISIBLE
  targetid: 1013
  targetname: "Image-UpNext-Primary"
  keytimes {
    datatype: AE_INT_DATA
    timeOffset: 0
    inttype: AE_INTERP_HOLD
    ivalue1: 1
  }
}
tracks {
  binding: IS_VISIBLE
  targetid: 1014
  targetname: "Gradient-Left-Gray_2.png"
  keytimes {
    datatype: AE_INT_DATA
    timeOffset: 0
    inttype: AE_INTERP_HOLD
    ivalue1: 1
  }
}
tracks {
  binding: IS_VISIBLE
  targetid: 1015
  targetname: "Gradient-Left-Black_2.png"
  keytimes {
    datatype: AE_INT_DATA
    timeOffset: 0
    inttype: AE_INTERP_HOLD
    ivalue1: 1
  }
}
tracks {
  binding: IS_VISIBLE
  targetid: 1016
  targetname: "Duration"
  keytimes {
    datatype: AE_INT_DATA
    timeOffset: 0
    inttype: AE_INTERP_HOLD
    ivalue1: 1
  }
}
tracks {
  binding: POSITION
  targetid: 1016
  targetname: "Duration"
  keytimes {
    datatype: AE_FLOAT_VECTOR_DATA
    timeOffset: 0
    inttype: AE_INTERP_LINEAR
    fvalue1: 30
    fvalue2: 293
    fvalue3: 0
  }
  keytimes {
    datatype: AE_FLOAT_VECTOR_DATA
    timeOffset: 2
    inttype: AE_INTERP_LINEAR
    fvalue1: 30
    fvalue2: 293
    fvalue3: 0
  }
  keytimes {
    datatype: AE_FLOAT_VECTOR_DATA
    timeOffset: 2.01666
    inttype: AE_INTERP_LINEAR
    fvalue1: 30.27844
    fvalue2: 292.72156
    fvalue3: 0
    isCookedKeytime: true
  }
  keytimes {
    datatype: AE_FLOAT_VECTOR_DATA
    timeOffset: 2.03332
    inttype: AE_INTERP_LINEAR
    fvalue1: 31.044617
    fvalue2: 291.95538
    fvalue3: 0
    isCookedKeytime: true
  }
  keytimes {
    datatype: AE_FLOAT_VECTOR_DATA
    timeOffset: 2.04998
    inttype: AE_INTERP_LINEAR
    fvalue1: 32.15419
    fvalue2: 290.84579
    fvalue3: 0
    isCookedKeytime: true
  }
  keytimes {
    datatype: AE_FLOAT_VECTOR_DATA
    timeOffset: 2.06664
    inttype: AE_INTERP_LINEAR
    fvalue1: 33.51054
    fvalue2: 289.48947
    fvalue3: 0
    isCookedKeytime: true
  }
  keytimes {
    datatype: AE_FLOAT_VECTOR_DATA
    timeOffset: 2.0999599
    inttype: AE_INTERP_LINEAR
    fvalue1: 36.462315
    fvalue2: 286.53769
    fvalue3: 0
    isCookedKeytime: true
  }
  keytimes {
    datatype: AE_FLOAT_VECTOR_DATA
    timeOffset: 2.1166198
    inttype: AE_INTERP_LINEAR
    fvalue1: 37.822311
    fvalue2: 285.1777
    fvalue3: 0
    isCookedKeytime: true
  }
  keytimes {
    datatype: AE_FLOAT_VECTOR_DATA
    timeOffset: 2.1332798
    inttype: AE_INTERP_LINEAR
    fvalue1: 38.944946
    fvalue2: 284.05505
    fvalue3: 0
    isCookedKeytime: true
  }
  keytimes {
    datatype: AE_FLOAT_VECTOR_DATA
    timeOffset: 2.1499398
    inttype: AE_INTERP_LINEAR
    fvalue1: 39.712379
    fvalue2: 283.28763
    fvalue3: 0
    isCookedKeytime: true
  }
  keytimes {
    datatype: AE_FLOAT_VECTOR_DATA
    timeOffset: 2.1666667
    inttype: AE_INTERP_LINEAR
    fvalue1: 40
    fvalue2: 283
    fvalue3: 0
  }
  trackName: "Position"
}
tracks {
  binding: IS_VISIBLE
  targetid: 1017
  targetname: "Subhead"
  keytimes {
    datatype: AE_INT_DATA
    timeOffset: 0
    inttype: AE_INTERP_HOLD
    ivalue1: 1
  }
}
tracks {
  binding: POSITION
  targetid: 1017
  targetname: "Subhead"
  keytimes {
    datatype: AE_FLOAT_VECTOR_DATA
    timeOffset: 0
    inttype: AE_INTERP_LINEAR
    fvalue1: 31.5
    fvalue2: 124.02563
    fvalue3: 0
  }
  keytimes {
    datatype: AE_FLOAT_VECTOR_DATA
    timeOffset: 2
    inttype: AE_INTERP_LINEAR
    fvalue1: 31.5
    fvalue2: 124.02563
    fvalue3: 0
  }
  keytimes {
    datatype: AE_FLOAT_VECTOR_DATA
    timeOffset: 2.01666
    inttype: AE_INTERP_LINEAR
    fvalue1: 32.110863
    fvalue2: 123.93456
    fvalue3: 0
    isCookedKeytime: true
  }
  keytimes {
    datatype: AE_FLOAT_VECTOR_DATA
    timeOffset: 2.03332
    inttype: AE_INTERP_LINEAR
    fvalue1: 35.7927
    fvalue2: 123.38062
    fvalue3: 0
    isCookedKeytime: true
  }
  keytimes {
    datatype: AE_FLOAT_VECTOR_DATA
    timeOffset: 2.04998
    inttype: AE_INTERP_LINEAR
    fvalue1: 39.908966
    fvalue2: 122.76379
    fvalue3: 0
    isCookedKeytime: true
  }
  keytimes {
    datatype: AE_FLOAT_VECTOR_DATA
    timeOffset: 2.06664
    inttype: AE_INTERP_LINEAR
    fvalue1: 41.974739
    fvalue2: 122.45796
    fvalue3: 0
    isCookedKeytime: true
  }
  keytimes {
    datatype: AE_FLOAT_VECTOR_DATA
    timeOffset: 2.0832999
    inttype: AE_INTERP_LINEAR
    fvalue1: 43.188313
    fvalue2: 122.28082
    fvalue3: 0
    isCookedKeytime: true
  }
  keytimes {
    datatype: AE_FLOAT_VECTOR_DATA
    timeOffset: 2.0999599
    inttype: AE_INTERP_LINEAR
    fvalue1: 43.972137
    fvalue2: 122.16827
    fvalue3: 0
    isCookedKeytime: true
  }
  keytimes {
    datatype: AE_FLOAT_VECTOR_DATA
    timeOffset: 2.1166198
    inttype: AE_INTERP_LINEAR
    fvalue1: 44.47966
    fvalue2: 122.09678
    fvalue3: 0
    isCookedKeytime: true
  }
  keytimes {
    datatype: AE_FLOAT_VECTOR_DATA
    timeOffset: 2.1332798
    inttype: AE_INTERP_LINEAR
    fvalue1: 44.788967
    fvalue2: 122.05412
    fvalue3: 0
    isCookedKeytime: true
  }
  keytimes {
    datatype: AE_FLOAT_VECTOR_DATA
    timeOffset: 2.1499398
    inttype: AE_INTERP_LINEAR
    fvalue1: 44.950665
    fvalue2: 122.03223
    fvalue3: 0
    isCookedKeytime: true
  }
  keytimes {
    datatype: AE_FLOAT_VECTOR_DATA
    timeOffset: 2.1666667
    inttype: AE_INTERP_LINEAR
    fvalue1: 45
    fvalue2: 122.02563
    fvalue3: 0
  }
  trackName: "Position"
}
tracks {
  binding: IS_VISIBLE
  targetid: 1018
  targetname: "Title"
  keytimes {
    datatype: AE_INT_DATA
    timeOffset: 0
    inttype: AE_INTERP_HOLD
    ivalue1: 1
  }
}
tracks {
  binding: POSITION
  targetid: 1018
  targetname: "Title"
  keytimes {
    datatype: AE_FLOAT_VECTOR_DATA
    timeOffset: 0
    inttype: AE_INTERP_LINEAR
    fvalue1: 231.5
    fvalue2: 55.5
    fvalue3: 0
  }
  keytimes {
    datatype: AE_FLOAT_VECTOR_DATA
    timeOffset: 2
    inttype: AE_INTERP_LINEAR
    fvalue1: 231.5
    fvalue2: 55.5
    fvalue3: 0
  }
  keytimes {
    datatype: AE_FLOAT_VECTOR_DATA
    timeOffset: 2.01666
    inttype: AE_INTERP_LINEAR
    fvalue1: 232.17886
    fvalue2: 55.409485
    fvalue3: 0
    isCookedKeytime: true
  }
  keytimes {
    datatype: AE_FLOAT_VECTOR_DATA
    timeOffset: 2.03332
    inttype: AE_INTERP_LINEAR
    fvalue1: 236.27075
    fvalue2: 54.8639
    fvalue3: 0
    isCookedKeytime: true
  }
  keytimes {
    datatype: AE_FLOAT_VECTOR_DATA
    timeOffset: 2.04998
    inttype: AE_INTERP_LINEAR
    fvalue1: 240.84357
    fvalue2: 54.254192
    fvalue3: 0
    isCookedKeytime: true
  }
  keytimes {
    datatype: AE_FLOAT_VECTOR_DATA
    timeOffset: 2.06664
    inttype: AE_INTERP_LINEAR
    fvalue1: 243.14423
    fvalue2: 53.947437
    fvalue3: 0
    isCookedKeytime: true
  }
  keytimes {
    datatype: AE_FLOAT_VECTOR_DATA
    timeOffset: 2.0832999
    inttype: AE_INTERP_LINEAR
    fvalue1: 244.49071
    fvalue2: 53.767906
    fvalue3: 0
    isCookedKeytime: true
  }
  keytimes {
    datatype: AE_FLOAT_VECTOR_DATA
    timeOffset: 2.0999599
    inttype: AE_INTERP_LINEAR
    fvalue1: 245.35898
    fvalue2: 53.652138
    fvalue3: 0
    isCookedKeytime: true
  }
  keytimes {
    datatype: AE_FLOAT_VECTOR_DATA
    timeOffset: 2.1166198
    inttype: AE_INTERP_LINEAR
    fvalue1: 245.92241
    fvalue2: 53.577011
    fvalue3: 0
    isCookedKeytime: true
  }
  keytimes {
    datatype: AE_FLOAT_VECTOR_DATA
    timeOffset: 2.1332798
    inttype: AE_INTERP_LINEAR
    fvalue1: 246.26613
    fvalue2: 53.531181
    fvalue3: 0
    isCookedKeytime: true
  }
  keytimes {
    datatype: AE_FLOAT_VECTOR_DATA
    timeOffset: 2.1499398
    inttype: AE_INTERP_LINEAR
    fvalue1: 246.44545
    fvalue2: 53.507275
    fvalue3: 0
    isCookedKeytime: true
  }
  keytimes {
    datatype: AE_FLOAT_VECTOR_DATA
    timeOffset: 2.1666667
    inttype: AE_INTERP_LINEAR
    fvalue1: 246.5
    fvalue2: 53.5
    fvalue3: 0
  }
  trackName: "Position"
}
tracks {
  binding: IS_VISIBLE
  targetid: 1019
  targetname: "Scale_Ctrl"
  keytimes {
    datatype: AE_INT_DATA
    timeOffset: 0
    inttype: AE_INTERP_HOLD
    ivalue1: 1
  }
}
tracks {
  binding: SCALE
  targetid: 1019
  targetname: "Scale_Ctrl"
  keytimes {
    datatype: AE_FLOAT_VECTOR_DATA
    timeOffset: 0
    inttype: AE_INTERP_LINEAR
    fvalue1: 1
    fvalue2: 1
    fvalue3: 1
  }
  keytimes {
    datatype: AE_FLOAT_VECTOR_DATA
    timeOffset: 2
    inttype: AE_INTERP_LINEAR
    fvalue1: 1
    fvalue2: 1
    fvalue3: 1
  }
  keytimes {
    datatype: AE_FLOAT_VECTOR_DATA
    timeOffset: 2.01666
    inttype: AE_INTERP_LINEAR
    fvalue1: 0.99818438
    fvalue2: 0.99818438
    fvalue3: 1
    isCookedKeytime: true
  }
  keytimes {
    datatype: AE_FLOAT_VECTOR_DATA
    timeOffset: 2.03332
    inttype: AE_INTERP_LINEAR
    fvalue1: 0.98727983
    fvalue2: 0.98727983
    fvalue3: 1
    isCookedKeytime: true
  }
  keytimes {
    datatype: AE_FLOAT_VECTOR_DATA
    timeOffset: 2.04998
    inttype: AE_INTERP_LINEAR
    fvalue1: 0.97507554
    fvalue2: 0.97507554
    fvalue3: 1
    isCookedKeytime: true
  }
  keytimes {
    datatype: AE_FLOAT_VECTOR_DATA
    timeOffset: 2.06664
    inttype: AE_INTERP_LINEAR
    fvalue1: 0.968945
    fvalue2: 0.968945
    fvalue3: 1
    isCookedKeytime: true
  }
  keytimes {
    datatype: AE_FLOAT_VECTOR_DATA
    timeOffset: 2.0832999
    inttype: AE_INTERP_LINEAR
    fvalue1: 0.96532422
    fvalue2: 0.96532422
    fvalue3: 1
    isCookedKeytime: true
  }
  keytimes {
    datatype: AE_FLOAT_VECTOR_DATA
    timeOffset: 2.0999599
    inttype: AE_INTERP_LINEAR
    fvalue1: 0.96301836
    fvalue2: 0.96301836
    fvalue3: 1
    isCookedKeytime: true
  }
  keytimes {
    datatype: AE_FLOAT_VECTOR_DATA
    timeOffset: 2.1166198
    inttype: AE_INTERP_LINEAR
    fvalue1: 0.96153688
    fvalue2: 0.96153688
    fvalue3: 1
    isCookedKeytime: true
  }
  keytimes {
    datatype: AE_FLOAT_VECTOR_DATA
    timeOffset: 2.1332798
    inttype: AE_INTERP_LINEAR
    fvalue1: 0.96062911
    fvalue2: 0.96062911
    fvalue3: 1
    isCookedKeytime: true
  }
  keytimes {
    datatype: AE_FLOAT_VECTOR_DATA
    timeOffset: 2.1499398
    inttype: AE_INTERP_LINEAR
    fvalue1: 0.96014833
    fvalue2: 0.96014833
    fvalue3: 1
    isCookedKeytime: true
  }
  keytimes {
    datatype: AE_FLOAT_VECTOR_DATA
    timeOffset: 2.1666667
    inttype: AE_INTERP_LINEAR
    fvalue1: 0.96
    fvalue2: 0.96
    fvalue3: 1
  }
  trackName: "Scale"
}
markers {
  starttime: 2
  duration: 0.16666667
  name: "Press"
  tracksSelection {
    targetid: 1016
    binding: POSITION
  }
  tracksSelection {
    targetid: 1017
    binding: POSITION
  }
  tracksSelection {
    targetid: 1018
    binding: POSITION
  }
  tracksSelection {
    targetid: 1019
    binding: SCALE
  }
  alltracks: false
  id: 18
  looping: false
}
