activecomp {
  name: "Auryn_Btn-Poster-Large-Comp"
  width: 490
  height: 750
  defaultcameradistance: 680.55554
  layer {
    name: "Btn-Poster-Large"
    id: 857
    sourceid: 838
    transform {
      anchorPoint {
        x: 245
        y: 375
        z: 0
      }
      scale {
        x: 1
        y: 1
        z: 1
      }
      position {
        x: 245
        y: 375
        z: 0
      }
      orientation {
        x: 0
        y: 0
        z: 0
      }
      rotationX: 0
      rotationY: 0
      rotationZ: 0
      opacity: 1
    }
    acceptsshadows: true
    acceptslights: true
    castsshadows: false
  }
  bgcolor {
    alpha: 1
    red: 0.086274509803921567
    green: 0.11372549019607843
    blue: 0.14509803921568629
  }
  childtemplates: "Auryn_Btn-Poster-Large"
}
sources {
  uid: 838
  srctype: AE_COMP_SRC
  name: "Auryn_Btn-Poster-Large.layout"
  width: 490
  height: 750
  copy_source: true
}
