activecomp {
  name: "Auryn_Container-Lander-List"
  width: 1080
  height: 1350
  defaultcameradistance: 1500
  layer {
    name: "Lander-List"
    id: 690014474
    sourceid: 690014497
    transform {
      anchorPoint {
        x: 540
        y: 675
        z: 0
      }
      scale {
        x: 1
        y: 1
        z: 1
      }
      position {
        x: 540
        y: 675
        z: 0
      }
      orientation {
        x: 0
        y: 0
        z: 0
      }
      rotationX: 0
      rotationY: 0
      rotationZ: 0
      opacity: 1
    }
    acceptsshadows: true
    acceptslights: true
    castsshadows: false
    properties {
      key: "height"
      value: "fill-parent"
    }
  }
  bgcolor {
    alpha: 1
    red: 0.086274509803921567
    green: 0.11372549019607843
    blue: 0.14509803921568629
  }
  properties {
    key: "layout"
    value: "CYIColumnLayout"
  }
  properties {
    key: "height"
    value: "fill-parent"
  }
  childtemplates: "Auryn_Lander-List"
}
sources {
  uid: 690014497
  srctype: AE_COMP_SRC
  name: "Auryn_Lander-List.layout"
  width: 1080
  height: 1350
  copy_source: true
}
