activecomp {
  name: "Auryn_Image-Dynamic-Half"
  width: 522
  height: 288
  defaultcameradistance: 725
  layer {
    name: "ImageNode"
    id: 1258
    sourceid: 2529
    transform {
      anchorPoint {
        x: 267
        y: 150
        z: 0
      }
      scale {
        x: 1.4
        y: 1.4
        z: 1.4
      }
      position {
        x: 261
        y: 144
        z: 265
      }
      orientation {
        x: 0
        y: 0
        z: 0
      }
      rotationX: 0
      rotationY: 0
      rotationZ: 0
      opacity: 0
    }
    acceptsshadows: true
    acceptslights: true
    castsshadows: false
  }
  classname: "CYIImageView"
  bgcolor {
    alpha: 1
    red: 0.086274509803921567
    green: 0.11372549019607843
    blue: 0.14509803921568629
  }
  properties {
    key: "componentType"
    value: "image"
  }
}
sources {
  uid: 2529
  srctype: AE_SOLID_SRC
  color {
    alpha: 1
    red: 0.94509804248809814
    green: 0.94509804248809814
    blue: 0.94509804248809814
  }
  width: 534
  height: 300
  copy_source: false
}
