activecomp {
  name: "Auryn_VideoContainer"
  width: 1920
  height: 1080
  defaultcameradistance: 2666.6667
  layer {
    name: "Image-Background"
    id: 1990
    sourceid: 1210
    transform {
      anchorPoint {
        x: 960
        y: 540
        z: 0
      }
      scale {
        x: 1
        y: 1
        z: 1
      }
      position {
        x: 960
        y: 540
        z: 0
      }
      orientation {
        x: 0
        y: 0
        z: 0
      }
      rotationX: 0
      rotationY: 0
      rotationZ: 0
      opacity: 0
    }
    acceptsshadows: true
    acceptslights: true
    castsshadows: false
  }
  layer {
    name: "Gradient-Squeeze_2.png"
    id: 1991
    sourceid: 98
    transform {
      anchorPoint {
        x: 480
        y: 0.5
        z: 0
      }
      scale {
        x: 2
        y: 1080
        z: 1
      }
      position {
        x: -270
        y: 539.078
        z: 0
      }
      orientation {
        x: 0
        y: 0
        z: 0
      }
      rotationX: 0
      rotationY: 0
      rotationZ: 0
      opacity: 0
    }
    acceptsshadows: true
    acceptslights: true
    castsshadows: false
  }
  layer {
    name: "UpNext-Countdown"
    id: 1992
    sourceid: 1950
    transform {
      anchorPoint {
        x: 300
        y: 40
        z: 0
      }
      scale {
        x: 1
        y: 1
        z: 1
      }
      position {
        x: 279.4202
        y: 664.54395
        z: 0
      }
      orientation {
        x: 0
        y: 0
        z: 0
      }
      rotationX: 0
      rotationY: 0
      rotationZ: 0
      opacity: 0
    }
    acceptsshadows: true
    acceptslights: true
    castsshadows: false
  }
  layer {
    name: "Button-UpNext-Primary"
    id: 1993
    sourceid: 1012
    transform {
      anchorPoint {
        x: 393.5
        y: 162.5
        z: 0
      }
      scale {
        x: 1
        y: 1
        z: 1
      }
      position {
        x: 412
        y: 893
        z: 0
      }
      orientation {
        x: 0
        y: 0
        z: 0
      }
      rotationX: 0
      rotationY: 0
      rotationZ: 0
      opacity: 0
    }
    acceptsshadows: true
    acceptslights: true
    castsshadows: false
  }
  layer {
    name: "Video"
    id: 1994
    sourceid: 1963
    transform {
      anchorPoint {
        x: 0
        y: 0
        z: 0
      }
      scale {
        x: 1
        y: 1
        z: 1
      }
      position {
        x: 0
        y: 0
        z: 0
      }
      orientation {
        x: 0
        y: 0
        z: 0
      }
      rotationX: 0
      rotationY: 0
      rotationZ: 0
      opacity: 0
    }
    acceptsshadows: true
    acceptslights: true
    castsshadows: false
  }
  bgcolor {
    alpha: 1
    red: 0.086274509803921567
    green: 0.11372549019607843
    blue: 0.14509803921568629
  }
  childtemplates: "Auryn_Image-Background"
  childtemplates: "Auryn_UpNext-Countdown"
  childtemplates: "Auryn_Button-UpNext-Primary"
  childtemplates: "Auryn_Video"
}
sources {
  uid: 1210
  srctype: AE_COMP_SRC
  name: "Auryn_Image-Background.layout"
  width: 1920
  height: 1080
  copy_source: true
}
sources {
  uid: 98
  srctype: AE_IMAGE_SRC
  name: "Gradient-Squeeze_2.png"
  width: 960
  height: 1
  numberOfFrames: 1
  fps: 0
  loops: 1
  copy_source: true
}
sources {
  uid: 1950
  srctype: AE_COMP_SRC
  name: "Auryn_UpNext-Countdown.layout"
  width: 600
  height: 80
  copy_source: true
}
sources {
  uid: 1012
  srctype: AE_COMP_SRC
  name: "Auryn_Button-UpNext-Primary.layout"
  width: 787
  height: 325
  copy_source: true
}
sources {
  uid: 1963
  srctype: AE_COMP_SRC
  name: "Auryn_Video.layout"
  width: 1920
  height: 1080
  copy_source: true
}
